#
# There is insufficient memory for the Java Runtime Environment to continue.
# Native memory allocation (malloc) failed to allocate 1967056 bytes for Chunk::new
# Possible reasons:
#   The system is out of physical RAM or swap space
#   The process is running with CompressedOops enabled, and the Java Heap may be blocking the growth of the native heap
# Possible solutions:
#   Reduce memory load on the system
#   Increase physical memory or swap space
#   Check if swap backing store is full
#   Decrease Java heap size (-Xmx/-Xms)
#   Decrease number of Java threads
#   Decrease Java thread stack sizes (-Xss)
#   Set larger code cache with -XX:ReservedCodeCacheSize=
#   JVM is running with Unscaled Compressed Oops mode in which the Java heap is
#     placed in the first 4GB address space. The Java Heap base address is the
#     maximum limit for the native heap growth. Please use -XX:HeapBaseMinAddress
#     to set the Java Heap base and to place the Java Heap above 4GB virtual address.
# This output file may be truncated or incomplete.
#
#  Out of Memory Error (./src/hotspot/share/memory/arena.cpp:197), pid=2772, tid=11096
#
# JRE version: OpenJDK Runtime Environment (11.0.8+10) (build 11.0.8+10-b944.6842174)
# Java VM: OpenJDK 64-Bit Server VM (11.0.8+10-b944.6842174, mixed mode, tiered, compressed oops, g1 gc, windows-amd64)
# No core dump will be written. Minidumps are not enabled by default on client versions of Windows
#

---------------  S U M M A R Y ------------

Command Line: --add-opens=java.base/java.util=ALL-UNNAMED --add-opens=java.base/java.lang=ALL-UNNAMED --add-opens=java.base/java.lang.invoke=ALL-UNNAMED --add-opens=java.prefs/java.util.prefs=ALL-UNNAMED -Xmx2048m -Dfile.encoding=UTF-8 -Duser.country=ES -Duser.language=es -Duser.variant org.gradle.launcher.daemon.bootstrap.GradleDaemon 6.7.1

Host: 11th Gen Intel(R) Core(TM) i5-1155G7 @ 2.50GHz, 8 cores, 15G,  Windows 10 , 64 bit Build 26100 (10.0.26100.8521)
Time: Wed Jun  3 12:15:14 2026 Hora est嫕dar central (M憖ico) elapsed time: 50 seconds (0d 0h 0m 50s)

---------------  T H R E A D  ---------------

Current thread (0x000002a718b66000):  JavaThread "C2 CompilerThread1" daemon [_thread_in_native, id=11096, stack(0x000000c492b00000,0x000000c492c00000)]


Current CompileTask:
C2:  50282 11809       4       org.gradle.api.internal.artifacts.result.DefaultResolutionResult::eachElement (92 bytes)

Stack: [0x000000c492b00000,0x000000c492c00000]
Native frames: (J=compiled Java code, j=interpreted, Vv=VM code, C=native code)
V  [jvm.dll+0x5de50a]
V  [jvm.dll+0x7122f5]
V  [jvm.dll+0x71384d]
V  [jvm.dll+0x713f03]
V  [jvm.dll+0x23e728]
V  [jvm.dll+0xb899c]
V  [jvm.dll+0xb8e9c]
V  [jvm.dll+0x35024d]
V  [jvm.dll+0x193ebc]
V  [jvm.dll+0x1f780e]
V  [jvm.dll+0x1f68d4]
V  [jvm.dll+0x17f32c]
V  [jvm.dll+0x205047]
V  [jvm.dll+0x203891]
V  [jvm.dll+0x6dad3f]
V  [jvm.dll+0x6d3895]
V  [jvm.dll+0x5dd4a6]
C  [ucrtbase.dll+0x2cd30]
C  [KERNEL32.DLL+0x2e957]
C  [ntdll.dll+0x87c1c]


---------------  P R O C E S S  ---------------

Threads class SMR info:
_java_thread_list=0x000002a71c7bb0e0, length=157, elements={
0x000002a7783a3000, 0x000002a77f69e800, 0x000002a77f6a1000, 0x000002a77f6bd800,
0x000002a7130ea800, 0x000002a7130ed000, 0x000002a7130ee800, 0x000002a7130f3800,
0x000002a713263000, 0x000002a71326e800, 0x000002a715421800, 0x000002a713705000,
0x000002a71346c800, 0x000002a7151a3800, 0x000002a71400e800, 0x000002a716753000,
0x000002a716755000, 0x000002a716754800, 0x000002a716757800, 0x000002a716757000,
0x000002a716ad4800, 0x000002a716adc800, 0x000002a716ae0000, 0x000002a716add800,
0x000002a716ae0800, 0x000002a716ade000, 0x000002a716ae1800, 0x000002a716ae2800,
0x000002a716ae3000, 0x000002a7192cc000, 0x000002a7192ca800, 0x000002a7192c9800,
0x000002a7192ce000, 0x000002a7192cb800, 0x000002a7192cf800, 0x000002a7192ce800,
0x000002a7192cd000, 0x000002a7192d1000, 0x000002a7192d2000, 0x000002a7192d2800,
0x000002a7192d0000, 0x000002a7192d6000, 0x000002a7192d3800, 0x000002a7192d6800,
0x000002a7192d4800, 0x000002a7192d5000, 0x000002a7192d8800, 0x000002a7192d7800,
0x000002a719726000, 0x000002a719727000, 0x000002a719728000, 0x000002a719725800,
0x000002a71972a800, 0x000002a719729800, 0x000002a719728800, 0x000002a71972b000,
0x000002a71972e800, 0x000002a71972d800, 0x000002a71972c000, 0x000002a71972f000,
0x000002a71972c800, 0x000002a719731000, 0x000002a719730000, 0x000002a719732800,
0x000002a719733800, 0x000002a719734000, 0x000002a719731800, 0x000002a716e61000,
0x000002a716e5f000, 0x000002a716e61800, 0x000002a716e60000, 0x000002a716e64000,
0x000002a716e63000, 0x000002a716e65000, 0x000002a716e62800, 0x000002a716e66800,
0x000002a716e67800, 0x000002a716e68000, 0x000002a716e65800, 0x000002a716e6a800,
0x000002a716e69000, 0x000002a716e6c000, 0x000002a716e6b800, 0x000002a716e6a000,
0x000002a716e6e000, 0x000002a716e6d000, 0x000002a713480000, 0x000002a71347f000,
0x000002a713481000, 0x000002a713484000, 0x000002a713483800, 0x000002a713482800,
0x000002a713481800, 0x000002a713485800, 0x000002a713486800, 0x000002a713487800,
0x000002a713485000, 0x000002a71348a000, 0x000002a713488000, 0x000002a71348a800,
0x000002a71348b800, 0x000002a713489000, 0x000002a71348d000, 0x000002a71348c800,
0x000002a71348e000, 0x000002a7148d8000, 0x000002a7148d9800, 0x000002a7148da800,
0x000002a7148d9000, 0x000002a7148de000, 0x000002a7148db800, 0x000002a7148dc000,
0x000002a7148de800, 0x000002a7148df800, 0x000002a7148dd000, 0x000002a7148e2800,
0x000002a7148e0000, 0x000002a7148e1000, 0x000002a7148e4800, 0x000002a714256800,
0x000002a714259000, 0x000002a714259800, 0x000002a714257800, 0x000002a71425a800,
0x000002a714258000, 0x000002a71425b800, 0x000002a71424d800, 0x000002a71424c800,
0x000002a71424e800, 0x000002a71424f000, 0x000002a714252800, 0x000002a714250000,
0x000002a714250800, 0x000002a714255000, 0x000002a714255800, 0x000002a718b66000,
0x000002a714254000, 0x000002a716ad7000, 0x000002a716ad6000, 0x000002a716ad5000,
0x000002a716ad9800, 0x000002a716ada000, 0x000002a716adb000, 0x000002a716ad8800,
0x000002a716adb800, 0x000002a716adf000, 0x000002a7148e2000, 0x000002a7148e5000,
0x000002a7148e6000, 0x000002a7148e3800, 0x000002a7148e7000, 0x000002a716756000,
0x000002a716753800, 0x000002a716758800, 0x000002a716759800, 0x000002a719234000,
0x000002a71e66c000
}

Java Threads: ( => current thread )
  0x000002a7783a3000 JavaThread "main" [_thread_blocked, id=22796, stack(0x000000c48f900000,0x000000c48fa00000)]
  0x000002a77f69e800 JavaThread "Reference Handler" daemon [_thread_blocked, id=18668, stack(0x000000c490000000,0x000000c490100000)]
  0x000002a77f6a1000 JavaThread "Finalizer" daemon [_thread_blocked, id=512, stack(0x000000c490100000,0x000000c490200000)]
  0x000002a77f6bd800 JavaThread "Signal Dispatcher" daemon [_thread_blocked, id=22508, stack(0x000000c490200000,0x000000c490300000)]
  0x000002a7130ea800 JavaThread "Attach Listener" daemon [_thread_blocked, id=13164, stack(0x000000c490300000,0x000000c490400000)]
  0x000002a7130ed000 JavaThread "C2 CompilerThread0" daemon [_thread_blocked, id=2856, stack(0x000000c490400000,0x000000c490500000)]
  0x000002a7130ee800 JavaThread "C1 CompilerThread0" daemon [_thread_in_native, id=7652, stack(0x000000c490500000,0x000000c490600000)]
  0x000002a7130f3800 JavaThread "Sweeper thread" daemon [_thread_blocked, id=23236, stack(0x000000c490600000,0x000000c490700000)]
  0x000002a713263000 JavaThread "Common-Cleaner" daemon [_thread_blocked, id=22180, stack(0x000000c490700000,0x000000c490800000)]
  0x000002a71326e800 JavaThread "Service Thread" daemon [_thread_blocked, id=11664, stack(0x000000c490800000,0x000000c490900000)]
  0x000002a715421800 JavaThread "Daemon health stats" [_thread_blocked, id=6740, stack(0x000000c491100000,0x000000c491200000)]
  0x000002a713705000 JavaThread "Incoming local TCP Connector on port 52803" [_thread_in_native, id=22936, stack(0x000000c491200000,0x000000c491300000)]
  0x000002a71346c800 JavaThread "Daemon periodic checks" [_thread_blocked, id=5812, stack(0x000000c491300000,0x000000c491400000)]
  0x000002a7151a3800 JavaThread "Daemon" [_thread_blocked, id=20236, stack(0x000000c491400000,0x000000c491500000)]
  0x000002a71400e800 JavaThread "Daemon worker" [_thread_in_Java, id=16160, stack(0x000000c491700000,0x000000c491800000)]
  0x000002a716753000 JavaThread "Cache worker for file hash cache (C:\Users\mamal\.gradle\caches\6.7.1\fileHashes)" [_thread_blocked, id=8300, stack(0x000000c491b00000,0x000000c491c00000)]
  0x000002a716755000 JavaThread "File lock request listener" [_thread_in_native, id=21604, stack(0x000000c491c00000,0x000000c491d00000)]
  0x000002a716754800 JavaThread "Cache worker for journal cache (C:\Users\mamal\.gradle\caches\journal-1)" [_thread_blocked, id=8004, stack(0x000000c492000000,0x000000c492100000)]
  0x000002a716757800 JavaThread "Cache worker for execution history cache (C:\Users\mamal\.gradle\caches\6.7.1\executionHistory)" [_thread_blocked, id=5308, stack(0x000000c492700000,0x000000c492800000)]
  0x000002a716757000 JavaThread "jar transforms" [_thread_blocked, id=1184, stack(0x000000c492800000,0x000000c492900000)]
  0x000002a716ad4800 JavaThread "Cache worker for file content cache (C:\Users\mamal\.gradle\caches\6.7.1\fileContent)" [_thread_blocked, id=22948, stack(0x000000c492900000,0x000000c492a00000)]
  0x000002a716adc800 JavaThread "jar transforms Thread 2" [_thread_blocked, id=22656, stack(0x000000c493300000,0x000000c493400000)]
  0x000002a716ae0000 JavaThread "jar transforms Thread 3" [_thread_blocked, id=8152, stack(0x000000c492200000,0x000000c492300000)]
  0x000002a716add800 JavaThread "jar transforms Thread 4" [_thread_blocked, id=7524, stack(0x000000c493400000,0x000000c493500000)]
  0x000002a716ae0800 JavaThread "jar transforms Thread 5" [_thread_blocked, id=3164, stack(0x000000c493500000,0x000000c493600000)]
  0x000002a716ade000 JavaThread "jar transforms Thread 6" [_thread_blocked, id=14968, stack(0x000000c493600000,0x000000c493700000)]
  0x000002a716ae1800 JavaThread "jar transforms Thread 7" [_thread_blocked, id=1784, stack(0x000000c492100000,0x000000c492200000)]
  0x000002a716ae2800 JavaThread "jar transforms Thread 8" [_thread_blocked, id=15332, stack(0x000000c493700000,0x000000c493800000)]
  0x000002a716ae3000 JavaThread "jar transforms Thread 9" [_thread_blocked, id=22548, stack(0x000000c493800000,0x000000c493900000)]
  0x000002a7192cc000 JavaThread "jar transforms Thread 10" [_thread_blocked, id=2012, stack(0x000000c493900000,0x000000c493a00000)]
  0x000002a7192ca800 JavaThread "jar transforms Thread 11" [_thread_blocked, id=15488, stack(0x000000c493a00000,0x000000c493b00000)]
  0x000002a7192c9800 JavaThread "jar transforms Thread 12" [_thread_blocked, id=23500, stack(0x000000c493b00000,0x000000c493c00000)]
  0x000002a7192ce000 JavaThread "jar transforms Thread 13" [_thread_blocked, id=15204, stack(0x000000c493c00000,0x000000c493d00000)]
  0x000002a7192cb800 JavaThread "jar transforms Thread 14" [_thread_blocked, id=18548, stack(0x000000c493d00000,0x000000c493e00000)]
  0x000002a7192cf800 JavaThread "jar transforms Thread 15" [_thread_blocked, id=23008, stack(0x000000c493e00000,0x000000c493f00000)]
  0x000002a7192ce800 JavaThread "jar transforms Thread 16" [_thread_blocked, id=2612, stack(0x000000c493f00000,0x000000c494000000)]
  0x000002a7192cd000 JavaThread "jar transforms Thread 17" [_thread_blocked, id=2896, stack(0x000000c494000000,0x000000c494100000)]
  0x000002a7192d1000 JavaThread "jar transforms Thread 18" [_thread_blocked, id=1588, stack(0x000000c494100000,0x000000c494200000)]
  0x000002a7192d2000 JavaThread "jar transforms Thread 19" [_thread_blocked, id=19376, stack(0x000000c494200000,0x000000c494300000)]
  0x000002a7192d2800 JavaThread "jar transforms Thread 20" [_thread_blocked, id=22052, stack(0x000000c494300000,0x000000c494400000)]
  0x000002a7192d0000 JavaThread "jar transforms Thread 21" [_thread_blocked, id=7328, stack(0x000000c494400000,0x000000c494500000)]
  0x000002a7192d6000 JavaThread "jar transforms Thread 22" [_thread_blocked, id=5880, stack(0x000000c494500000,0x000000c494600000)]
  0x000002a7192d3800 JavaThread "jar transforms Thread 23" [_thread_blocked, id=1992, stack(0x000000c494600000,0x000000c494700000)]
  0x000002a7192d6800 JavaThread "jar transforms Thread 24" [_thread_blocked, id=6504, stack(0x000000c494700000,0x000000c494800000)]
  0x000002a7192d4800 JavaThread "jar transforms Thread 25" [_thread_blocked, id=2192, stack(0x000000c494800000,0x000000c494900000)]
  0x000002a7192d5000 JavaThread "jar transforms Thread 26" [_thread_blocked, id=7708, stack(0x000000c494900000,0x000000c494a00000)]
  0x000002a7192d8800 JavaThread "jar transforms Thread 27" [_thread_blocked, id=18680, stack(0x000000c494a00000,0x000000c494b00000)]
  0x000002a7192d7800 JavaThread "jar transforms Thread 28" [_thread_blocked, id=17108, stack(0x000000c494b00000,0x000000c494c00000)]
  0x000002a719726000 JavaThread "jar transforms Thread 29" [_thread_blocked, id=21212, stack(0x000000c494c00000,0x000000c494d00000)]
  0x000002a719727000 JavaThread "jar transforms Thread 30" [_thread_blocked, id=5232, stack(0x000000c494d00000,0x000000c494e00000)]
  0x000002a719728000 JavaThread "jar transforms Thread 31" [_thread_blocked, id=16692, stack(0x000000c494e00000,0x000000c494f00000)]
  0x000002a719725800 JavaThread "jar transforms Thread 32" [_thread_blocked, id=8932, stack(0x000000c494f00000,0x000000c495000000)]
  0x000002a71972a800 JavaThread "jar transforms Thread 33" [_thread_blocked, id=15108, stack(0x000000c495000000,0x000000c495100000)]
  0x000002a719729800 JavaThread "jar transforms Thread 34" [_thread_blocked, id=12532, stack(0x000000c495100000,0x000000c495200000)]
  0x000002a719728800 JavaThread "jar transforms Thread 35" [_thread_blocked, id=12296, stack(0x000000c495200000,0x000000c495300000)]
  0x000002a71972b000 JavaThread "jar transforms Thread 36" [_thread_blocked, id=9156, stack(0x000000c495300000,0x000000c495400000)]
  0x000002a71972e800 JavaThread "jar transforms Thread 37" [_thread_blocked, id=21948, stack(0x000000c495400000,0x000000c495500000)]
  0x000002a71972d800 JavaThread "jar transforms Thread 38" [_thread_blocked, id=5324, stack(0x000000c495500000,0x000000c495600000)]
  0x000002a71972c000 JavaThread "jar transforms Thread 39" [_thread_blocked, id=19052, stack(0x000000c495600000,0x000000c495700000)]
  0x000002a71972f000 JavaThread "jar transforms Thread 40" [_thread_blocked, id=11124, stack(0x000000c495700000,0x000000c495800000)]
  0x000002a71972c800 JavaThread "jar transforms Thread 41" [_thread_blocked, id=2804, stack(0x000000c495800000,0x000000c495900000)]
  0x000002a719731000 JavaThread "jar transforms Thread 42" [_thread_blocked, id=22908, stack(0x000000c495900000,0x000000c495a00000)]
  0x000002a719730000 JavaThread "jar transforms Thread 43" [_thread_blocked, id=15564, stack(0x000000c495a00000,0x000000c495b00000)]
  0x000002a719732800 JavaThread "jar transforms Thread 44" [_thread_blocked, id=17428, stack(0x000000c495b00000,0x000000c495c00000)]
  0x000002a719733800 JavaThread "jar transforms Thread 45" [_thread_blocked, id=3768, stack(0x000000c495c00000,0x000000c495d00000)]
  0x000002a719734000 JavaThread "jar transforms Thread 46" [_thread_blocked, id=5664, stack(0x000000c495d00000,0x000000c495e00000)]
  0x000002a719731800 JavaThread "jar transforms Thread 47" [_thread_blocked, id=7192, stack(0x000000c495e00000,0x000000c495f00000)]
  0x000002a716e61000 JavaThread "jar transforms Thread 48" [_thread_blocked, id=19292, stack(0x000000c495f00000,0x000000c496000000)]
  0x000002a716e5f000 JavaThread "jar transforms Thread 49" [_thread_blocked, id=16340, stack(0x000000c496000000,0x000000c496100000)]
  0x000002a716e61800 JavaThread "jar transforms Thread 50" [_thread_blocked, id=16104, stack(0x000000c496100000,0x000000c496200000)]
  0x000002a716e60000 JavaThread "jar transforms Thread 51" [_thread_blocked, id=16096, stack(0x000000c496200000,0x000000c496300000)]
  0x000002a716e64000 JavaThread "jar transforms Thread 52" [_thread_blocked, id=15848, stack(0x000000c496300000,0x000000c496400000)]
  0x000002a716e63000 JavaThread "jar transforms Thread 53" [_thread_blocked, id=22308, stack(0x000000c496400000,0x000000c496500000)]
  0x000002a716e65000 JavaThread "jar transforms Thread 54" [_thread_blocked, id=22048, stack(0x000000c496500000,0x000000c496600000)]
  0x000002a716e62800 JavaThread "jar transforms Thread 55" [_thread_blocked, id=21676, stack(0x000000c496600000,0x000000c496700000)]
  0x000002a716e66800 JavaThread "jar transforms Thread 56" [_thread_blocked, id=10464, stack(0x000000c496700000,0x000000c496800000)]
  0x000002a716e67800 JavaThread "jar transforms Thread 57" [_thread_blocked, id=13420, stack(0x000000c496800000,0x000000c496900000)]
  0x000002a716e68000 JavaThread "jar transforms Thread 58" [_thread_blocked, id=20984, stack(0x000000c496900000,0x000000c496a00000)]
  0x000002a716e65800 JavaThread "jar transforms Thread 59" [_thread_blocked, id=20336, stack(0x000000c496a00000,0x000000c496b00000)]
  0x000002a716e6a800 JavaThread "jar transforms Thread 60" [_thread_blocked, id=2712, stack(0x000000c496b00000,0x000000c496c00000)]
  0x000002a716e69000 JavaThread "jar transforms Thread 61" [_thread_blocked, id=7740, stack(0x000000c496c00000,0x000000c496d00000)]
  0x000002a716e6c000 JavaThread "jar transforms Thread 62" [_thread_blocked, id=12580, stack(0x000000c496d00000,0x000000c496e00000)]
  0x000002a716e6b800 JavaThread "jar transforms Thread 63" [_thread_blocked, id=9684, stack(0x000000c496e00000,0x000000c496f00000)]
  0x000002a716e6a000 JavaThread "jar transforms Thread 64" [_thread_blocked, id=16920, stack(0x000000c496f00000,0x000000c497000000)]
  0x000002a716e6e000 JavaThread "jar transforms Thread 65" [_thread_blocked, id=21556, stack(0x000000c497000000,0x000000c497100000)]
  0x000002a716e6d000 JavaThread "jar transforms Thread 66" [_thread_blocked, id=16284, stack(0x000000c497100000,0x000000c497200000)]
  0x000002a713480000 JavaThread "jar transforms Thread 67" [_thread_blocked, id=1496, stack(0x000000c497200000,0x000000c497300000)]
  0x000002a71347f000 JavaThread "jar transforms Thread 68" [_thread_blocked, id=21740, stack(0x000000c497300000,0x000000c497400000)]
  0x000002a713481000 JavaThread "jar transforms Thread 69" [_thread_blocked, id=20316, stack(0x000000c497400000,0x000000c497500000)]
  0x000002a713484000 JavaThread "jar transforms Thread 70" [_thread_blocked, id=3144, stack(0x000000c497500000,0x000000c497600000)]
  0x000002a713483800 JavaThread "jar transforms Thread 71" [_thread_blocked, id=21628, stack(0x000000c497600000,0x000000c497700000)]
  0x000002a713482800 JavaThread "jar transforms Thread 72" [_thread_blocked, id=23056, stack(0x000000c497700000,0x000000c497800000)]
  0x000002a713481800 JavaThread "jar transforms Thread 73" [_thread_blocked, id=17676, stack(0x000000c497800000,0x000000c497900000)]
  0x000002a713485800 JavaThread "jar transforms Thread 74" [_thread_blocked, id=23436, stack(0x000000c497900000,0x000000c497a00000)]
  0x000002a713486800 JavaThread "jar transforms Thread 75" [_thread_blocked, id=22332, stack(0x000000c497a00000,0x000000c497b00000)]
  0x000002a713487800 JavaThread "jar transforms Thread 76" [_thread_blocked, id=22964, stack(0x000000c497b00000,0x000000c497c00000)]
  0x000002a713485000 JavaThread "jar transforms Thread 77" [_thread_blocked, id=10056, stack(0x000000c497c00000,0x000000c497d00000)]
  0x000002a71348a000 JavaThread "jar transforms Thread 78" [_thread_blocked, id=3652, stack(0x000000c497d00000,0x000000c497e00000)]
  0x000002a713488000 JavaThread "jar transforms Thread 79" [_thread_blocked, id=8580, stack(0x000000c497e00000,0x000000c497f00000)]
  0x000002a71348a800 JavaThread "jar transforms Thread 80" [_thread_blocked, id=20204, stack(0x000000c497f00000,0x000000c498000000)]
  0x000002a71348b800 JavaThread "jar transforms Thread 81" [_thread_blocked, id=7808, stack(0x000000c498000000,0x000000c498100000)]
  0x000002a713489000 JavaThread "jar transforms Thread 82" [_thread_blocked, id=16728, stack(0x000000c498100000,0x000000c498200000)]
  0x000002a71348d000 JavaThread "jar transforms Thread 83" [_thread_blocked, id=19880, stack(0x000000c498200000,0x000000c498300000)]
  0x000002a71348c800 JavaThread "jar transforms Thread 84" [_thread_blocked, id=20340, stack(0x000000c498300000,0x000000c498400000)]
  0x000002a71348e000 JavaThread "jar transforms Thread 85" [_thread_blocked, id=23536, stack(0x000000c498400000,0x000000c498500000)]
  0x000002a7148d8000 JavaThread "jar transforms Thread 86" [_thread_blocked, id=19396, stack(0x000000c498500000,0x000000c498600000)]
  0x000002a7148d9800 JavaThread "jar transforms Thread 87" [_thread_blocked, id=23264, stack(0x000000c498600000,0x000000c498700000)]
  0x000002a7148da800 JavaThread "jar transforms Thread 88" [_thread_blocked, id=20728, stack(0x000000c498700000,0x000000c498800000)]
  0x000002a7148d9000 JavaThread "jar transforms Thread 89" [_thread_blocked, id=2228, stack(0x000000c498800000,0x000000c498900000)]
  0x000002a7148de000 JavaThread "jar transforms Thread 90" [_thread_blocked, id=20284, stack(0x000000c498900000,0x000000c498a00000)]
  0x000002a7148db800 JavaThread "jar transforms Thread 91" [_thread_blocked, id=16832, stack(0x000000c498a00000,0x000000c498b00000)]
  0x000002a7148dc000 JavaThread "jar transforms Thread 92" [_thread_blocked, id=18744, stack(0x000000c498b00000,0x000000c498c00000)]
  0x000002a7148de800 JavaThread "jar transforms Thread 93" [_thread_blocked, id=9004, stack(0x000000c498c00000,0x000000c498d00000)]
  0x000002a7148df800 JavaThread "jar transforms Thread 94" [_thread_blocked, id=7852, stack(0x000000c498d00000,0x000000c498e00000)]
  0x000002a7148dd000 JavaThread "jar transforms Thread 95" [_thread_blocked, id=9944, stack(0x000000c498e00000,0x000000c498f00000)]
  0x000002a7148e2800 JavaThread "jar transforms Thread 96" [_thread_blocked, id=8064, stack(0x000000c498f00000,0x000000c499000000)]
  0x000002a7148e0000 JavaThread "jar transforms Thread 97" [_thread_blocked, id=2792, stack(0x000000c499000000,0x000000c499100000)]
  0x000002a7148e1000 JavaThread "Memory manager" [_thread_blocked, id=14496, stack(0x000000c499300000,0x000000c499400000)]
  0x000002a7148e4800 JavaThread "pool-3-thread-1" [_thread_blocked, id=19692, stack(0x000000c499500000,0x000000c499600000)]
  0x000002a714256800 JavaThread "ForkJoinPool.commonPool-worker-3" daemon [_thread_blocked, id=12892, stack(0x000000c49a500000,0x000000c49a600000)]
  0x000002a714259000 JavaThread "ForkJoinPool.commonPool-worker-5" daemon [_thread_blocked, id=11728, stack(0x000000c49a600000,0x000000c49a700000)]
  0x000002a714259800 JavaThread "ForkJoinPool.commonPool-worker-7" daemon [_thread_blocked, id=22240, stack(0x000000c49a700000,0x000000c49a800000)]
  0x000002a714257800 JavaThread "ForkJoinPool.commonPool-worker-9" daemon [_thread_blocked, id=21992, stack(0x000000c49a800000,0x000000c49a900000)]
  0x000002a71425a800 JavaThread "ForkJoinPool.commonPool-worker-11" daemon [_thread_blocked, id=22684, stack(0x000000c49a900000,0x000000c49aa00000)]
  0x000002a714258000 JavaThread "ForkJoinPool.commonPool-worker-13" daemon [_thread_blocked, id=15000, stack(0x000000c49aa00000,0x000000c49ab00000)]
  0x000002a71425b800 JavaThread "ForkJoinPool.commonPool-worker-15" daemon [_thread_blocked, id=15820, stack(0x000000c49ab00000,0x000000c49ac00000)]
  0x000002a71424d800 JavaThread "Handler for socket connection from /127.0.0.1:52803 to /127.0.0.1:56381" [_thread_in_native, id=16192, stack(0x000000c491500000,0x000000c491600000)]
  0x000002a71424c800 JavaThread "Cancel handler" [_thread_blocked, id=7408, stack(0x000000c491600000,0x000000c491700000)]
  0x000002a71424e800 JavaThread "Asynchronous log dispatcher for DefaultDaemonConnection: socket connection from /127.0.0.1:52803 to /127.0.0.1:56381" [_thread_blocked, id=17172, stack(0x000000c491800000,0x000000c491900000)]
  0x000002a71424f000 JavaThread "Stdin handler" [_thread_blocked, id=3716, stack(0x000000c491900000,0x000000c491a00000)]
  0x000002a714252800 JavaThread "Thread-143" [_thread_blocked, id=15968, stack(0x000000c491a00000,0x000000c491b00000)]
  0x000002a714250000 JavaThread "Cache worker for file hash cache (C:\AndroidProjects\EasyCook\EasyCook\EasyCook\.gradle\6.7.1\fileHashes)" [_thread_blocked, id=3232, stack(0x000000c492400000,0x000000c492500000)]
  0x000002a714250800 JavaThread "Cache worker for checksums cache (C:\AndroidProjects\EasyCook\EasyCook\EasyCook\.gradle\checksums)" [_thread_blocked, id=5380, stack(0x000000c492500000,0x000000c492600000)]
  0x000002a714255000 JavaThread "Cache worker for cache directory md-supplier (C:\Users\mamal\.gradle\caches\6.7.1\md-supplier)" [_thread_blocked, id=15352, stack(0x000000c492600000,0x000000c492700000)]
  0x000002a714255800 JavaThread "Cache worker for cache directory md-rule (C:\Users\mamal\.gradle\caches\6.7.1\md-rule)" [_thread_blocked, id=2740, stack(0x000000c492a00000,0x000000c492b00000)]
=>0x000002a718b66000 JavaThread "C2 CompilerThread1" daemon [_thread_in_native, id=11096, stack(0x000000c492b00000,0x000000c492c00000)]
  0x000002a714254000 JavaThread "Cache worker for Build Output Cleanup Cache (C:\AndroidProjects\EasyCook\EasyCook\EasyCook\.gradle\buildOutputCleanup)" [_thread_blocked, id=13424, stack(0x000000c492c00000,0x000000c492d00000)]
  0x000002a716ad7000 JavaThread "Build operations" [_thread_blocked, id=22144, stack(0x000000c492e00000,0x000000c492f00000)]
  0x000002a716ad6000 JavaThread "Build operations Thread 2" [_thread_in_native, id=23332, stack(0x000000c492f00000,0x000000c493000000)]
  0x000002a716ad5000 JavaThread "Build operations Thread 3" [_thread_blocked, id=15964, stack(0x000000c493000000,0x000000c493100000)]
  0x000002a716ad9800 JavaThread "Build operations Thread 4" [_thread_blocked, id=15884, stack(0x000000c493100000,0x000000c493200000)]
  0x000002a716ada000 JavaThread "Build operations Thread 5" [_thread_blocked, id=8548, stack(0x000000c493200000,0x000000c493300000)]
  0x000002a716adb000 JavaThread "Build operations Thread 6" [_thread_blocked, id=16036, stack(0x000000c499100000,0x000000c499200000)]
  0x000002a716ad8800 JavaThread "Build operations Thread 7" [_thread_blocked, id=7940, stack(0x000000c499200000,0x000000c499300000)]
  0x000002a716adb800 JavaThread "Build operations Thread 8" [_thread_in_native, id=15672, stack(0x000000c499400000,0x000000c499500000)]
  0x000002a716adf000 JavaThread "build event listener" [_thread_blocked, id=15836, stack(0x000000c499600000,0x000000c499700000)]
  0x000002a7148e2000 JavaThread "pool-8-thread-1" [_thread_blocked, id=16176, stack(0x000000c499700000,0x000000c499800000)]
  0x000002a7148e5000 JavaThread "build event listener" [_thread_blocked, id=15976, stack(0x000000c499800000,0x000000c499900000)]
  0x000002a7148e6000 JavaThread "Execution worker for ':'" [_thread_blocked, id=15092, stack(0x000000c499900000,0x000000c499a00000)]
  0x000002a7148e3800 JavaThread "Execution worker for ':' Thread 2" [_thread_blocked, id=8308, stack(0x000000c499a00000,0x000000c499b00000)]
  0x000002a7148e7000 JavaThread "Execution worker for ':' Thread 3" [_thread_blocked, id=8832, stack(0x000000c499b00000,0x000000c499c00000)]
  0x000002a716756000 JavaThread "Execution worker for ':' Thread 4" [_thread_blocked, id=724, stack(0x000000c499c00000,0x000000c499d00000)]
  0x000002a716753800 JavaThread "Execution worker for ':' Thread 5" [_thread_blocked, id=7188, stack(0x000000c499d00000,0x000000c499e00000)]
  0x000002a716758800 JavaThread "Execution worker for ':' Thread 6" [_thread_blocked, id=8640, stack(0x000000c499e00000,0x000000c499f00000)]
  0x000002a716759800 JavaThread "Execution worker for ':' Thread 7" [_thread_blocked, id=22516, stack(0x000000c499f00000,0x000000c49a000000)]
  0x000002a719234000 JavaThread "Cache worker for execution history cache (C:\AndroidProjects\EasyCook\EasyCook\EasyCook\.gradle\6.7.1\executionHistory)" [_thread_blocked, id=16020, stack(0x000000c49a000000,0x000000c49a100000)]
  0x000002a71e66c000 JavaThread "C2 CompilerThread2" daemon [_thread_in_native, id=21940, stack(0x000000c492d00000,0x000000c492e00000)]

Other Threads:
  0x000002a77f69d000 VMThread "VM Thread" [stack: 0x000000c48ff00000,0x000000c490000000] [id=17336]
  0x000002a7132ad800 WatcherThread [stack: 0x000000c490900000,0x000000c490a00000] [id=18412]
  0x000002a7783ba800 GCTaskThread "GC Thread#0" [stack: 0x000000c48fa00000,0x000000c48fb00000] [id=19980]
  0x000002a713e07000 GCTaskThread "GC Thread#1" [stack: 0x000000c490c00000,0x000000c490d00000] [id=5108]
  0x000002a713dce000 GCTaskThread "GC Thread#2" [stack: 0x000000c490d00000,0x000000c490e00000] [id=6648]
  0x000002a713d69800 GCTaskThread "GC Thread#3" [stack: 0x000000c490e00000,0x000000c490f00000] [id=11676]
  0x000002a713d6a000 GCTaskThread "GC Thread#4" [stack: 0x000000c490f00000,0x000000c491000000] [id=9648]
  0x000002a713e95800 GCTaskThread "GC Thread#5" [stack: 0x000000c491000000,0x000000c491100000] [id=18284]
  0x000002a716769800 GCTaskThread "GC Thread#6" [stack: 0x000000c491d00000,0x000000c491e00000] [id=11900]
  0x000002a71491b800 GCTaskThread "GC Thread#7" [stack: 0x000000c491e00000,0x000000c491f00000] [id=8200]
  0x000002a7783ed000 ConcurrentGCThread "G1 Main Marker" [stack: 0x000000c48fb00000,0x000000c48fc00000] [id=21416]
  0x000002a7783f0800 ConcurrentGCThread "G1 Conc#0" [stack: 0x000000c48fc00000,0x000000c48fd00000] [id=17772]
  0x000002a714081000 ConcurrentGCThread "G1 Conc#1" [stack: 0x000000c491f00000,0x000000c492000000] [id=21668]
  0x000002a77f57e800 ConcurrentGCThread "G1 Refine#0" [stack: 0x000000c48fd00000,0x000000c48fe00000] [id=22704]
  0x000002a7162ce000 ConcurrentGCThread "G1 Refine#1" [stack: 0x000000c492300000,0x000000c492400000] [id=11916]
  0x000002a77f581800 ConcurrentGCThread "G1 Young RemSet Sampling" [stack: 0x000000c48fe00000,0x000000c48ff00000] [id=20900]

Threads with active compile tasks:
C2 CompilerThread0  50380 11955       4       org.gradle.api.internal.attributes.DefaultImmutableAttributes::equals (124 bytes)
C2 CompilerThread1  50380 11809       4       org.gradle.api.internal.artifacts.result.DefaultResolutionResult::eachElement (92 bytes)
C2 CompilerThread2  50380 11953       4       org.gradle.internal.component.model.DefaultIvyArtifactName::<init> (34 bytes)

VM state:not at safepoint (normal execution)

VM Mutex/Monitor currently owned by a thread: None

Heap address: 0x0000000080000000, size: 2048 MB, Compressed Oops mode: 32-bit
Narrow klass base: 0x0000000000000000, Narrow klass shift: 3
Compressed class space size: 1073741824 Address: 0x0000000100000000

Heap:
 garbage-first heap   total 258048K, used 125153K [0x0000000080000000, 0x0000000100000000)
  region size 1024K, 67 young (68608K), 10 survivors (10240K)
 Metaspace       used 89529K, capacity 91743K, committed 91980K, reserved 1128448K
  class space    used 11315K, capacity 12069K, committed 12160K, reserved 1048576K
Heap Regions: E=young(eden), S=young(survivor), O=old, HS=humongous(starts), HC=humongous(continues), CS=collection set, F=free, A=archive, TAMS=top-at-mark-start (previous, next)
|   0|0x0000000080000000, 0x0000000080100000, 0x0000000080100000|100%| O|  |TAMS 0x0000000080100000, 0x0000000080000000| Untracked 
|   1|0x0000000080100000, 0x0000000080200000, 0x0000000080200000|100%| O|  |TAMS 0x0000000080200000, 0x0000000080100000| Untracked 
|   2|0x0000000080200000, 0x0000000080300000, 0x0000000080300000|100%| O|  |TAMS 0x0000000080300000, 0x0000000080200000| Untracked 
|   3|0x0000000080300000, 0x0000000080400000, 0x0000000080400000|100%|HS|  |TAMS 0x0000000080400000, 0x0000000080300000| Complete 
|   4|0x0000000080400000, 0x0000000080500000, 0x0000000080500000|100%|HC|  |TAMS 0x0000000080500000, 0x0000000080400000| Complete 
|   5|0x0000000080500000, 0x0000000080600000, 0x0000000080600000|100%|HC|  |TAMS 0x0000000080600000, 0x0000000080500000| Complete 
|   6|0x0000000080600000, 0x0000000080700000, 0x0000000080700000|100%| O|  |TAMS 0x0000000080700000, 0x0000000080600000| Untracked 
|   7|0x0000000080700000, 0x0000000080800000, 0x0000000080800000|100%| O|  |TAMS 0x0000000080800000, 0x0000000080700000| Untracked 
|   8|0x0000000080800000, 0x0000000080900000, 0x0000000080900000|100%| O|  |TAMS 0x0000000080900000, 0x0000000080800000| Untracked 
|   9|0x0000000080900000, 0x0000000080a00000, 0x0000000080a00000|100%| O|  |TAMS 0x0000000080a00000, 0x0000000080900000| Untracked 
|  10|0x0000000080a00000, 0x0000000080b00000, 0x0000000080b00000|100%| O|  |TAMS 0x0000000080b00000, 0x0000000080a00000| Untracked 
|  11|0x0000000080b00000, 0x0000000080c00000, 0x0000000080c00000|100%| O|  |TAMS 0x0000000080c00000, 0x0000000080b00000| Untracked 
|  12|0x0000000080c00000, 0x0000000080d00000, 0x0000000080d00000|100%| O|  |TAMS 0x0000000080d00000, 0x0000000080c00000| Untracked 
|  13|0x0000000080d00000, 0x0000000080e00000, 0x0000000080e00000|100%| O|  |TAMS 0x0000000080e00000, 0x0000000080d00000| Untracked 
|  14|0x0000000080e00000, 0x0000000080f00000, 0x0000000080f00000|100%| O|  |TAMS 0x0000000080f00000, 0x0000000080e00000| Untracked 
|  15|0x0000000080f00000, 0x0000000081000000, 0x0000000081000000|100%| O|  |TAMS 0x0000000081000000, 0x0000000080f00000| Untracked 
|  16|0x0000000081000000, 0x0000000081100000, 0x0000000081100000|100%|HS|  |TAMS 0x0000000081100000, 0x0000000081000000| Complete 
|  17|0x0000000081100000, 0x0000000081200000, 0x0000000081200000|100%|HS|  |TAMS 0x0000000081200000, 0x0000000081100000| Complete 
|  18|0x0000000081200000, 0x0000000081300000, 0x0000000081300000|100%|HC|  |TAMS 0x0000000081300000, 0x0000000081200000| Complete 
|  19|0x0000000081300000, 0x0000000081400000, 0x0000000081400000|100%| O|  |TAMS 0x0000000081400000, 0x0000000081300000| Untracked 
|  20|0x0000000081400000, 0x0000000081500000, 0x0000000081500000|100%| O|  |TAMS 0x0000000081500000, 0x0000000081400000| Untracked 
|  21|0x0000000081500000, 0x0000000081600000, 0x0000000081600000|100%| O|  |TAMS 0x0000000081600000, 0x0000000081500000| Untracked 
|  22|0x0000000081600000, 0x0000000081700000, 0x0000000081700000|100%| O|  |TAMS 0x0000000081600000, 0x0000000081600000| Untracked 
|  23|0x0000000081700000, 0x0000000081800000, 0x0000000081800000|100%| O|  |TAMS 0x0000000081800000, 0x0000000081700000| Untracked 
|  24|0x0000000081800000, 0x0000000081900000, 0x0000000081900000|100%| O|  |TAMS 0x0000000081900000, 0x0000000081800000| Untracked 
|  25|0x0000000081900000, 0x0000000081a00000, 0x0000000081a00000|100%| O|  |TAMS 0x0000000081a00000, 0x0000000081900000| Untracked 
|  26|0x0000000081a00000, 0x0000000081b00000, 0x0000000081b00000|100%| O|  |TAMS 0x0000000081b00000, 0x0000000081a00000| Untracked 
|  27|0x0000000081b00000, 0x0000000081c00000, 0x0000000081c00000|100%| O|  |TAMS 0x0000000081c00000, 0x0000000081b00000| Untracked 
|  28|0x0000000081c00000, 0x0000000081d00000, 0x0000000081d00000|100%| O|  |TAMS 0x0000000081d00000, 0x0000000081c00000| Untracked 
|  29|0x0000000081d00000, 0x0000000081e00000, 0x0000000081e00000|100%| O|  |TAMS 0x0000000081e00000, 0x0000000081d00000| Untracked 
|  30|0x0000000081e00000, 0x0000000081f00000, 0x0000000081f00000|100%| O|  |TAMS 0x0000000081f00000, 0x0000000081e00000| Untracked 
|  31|0x0000000081f00000, 0x0000000082000000, 0x0000000082000000|100%| O|  |TAMS 0x0000000082000000, 0x0000000081f00000| Untracked 
|  32|0x0000000082000000, 0x0000000082100000, 0x0000000082100000|100%| O|  |TAMS 0x0000000082100000, 0x0000000082000000| Untracked 
|  33|0x0000000082100000, 0x0000000082200000, 0x0000000082200000|100%| O|  |TAMS 0x0000000082200000, 0x0000000082100000| Untracked 
|  34|0x0000000082200000, 0x0000000082300000, 0x0000000082300000|100%| O|  |TAMS 0x0000000082300000, 0x0000000082200000| Untracked 
|  35|0x0000000082300000, 0x0000000082400000, 0x0000000082400000|100%| O|  |TAMS 0x0000000082400000, 0x0000000082300000| Untracked 
|  36|0x0000000082400000, 0x0000000082500000, 0x0000000082500000|100%| O|  |TAMS 0x0000000082500000, 0x0000000082400000| Untracked 
|  37|0x0000000082500000, 0x0000000082600000, 0x0000000082600000|100%| O|  |TAMS 0x0000000082600000, 0x0000000082500000| Untracked 
|  38|0x0000000082600000, 0x0000000082700000, 0x0000000082700000|100%| O|  |TAMS 0x0000000082700000, 0x0000000082600000| Untracked 
|  39|0x0000000082700000, 0x0000000082800000, 0x0000000082800000|100%| O|  |TAMS 0x0000000082800000, 0x0000000082700000| Untracked 
|  40|0x0000000082800000, 0x0000000082900000, 0x0000000082900000|100%| O|  |TAMS 0x0000000082900000, 0x0000000082800000| Untracked 
|  41|0x0000000082900000, 0x0000000082a00000, 0x0000000082a00000|100%| O|  |TAMS 0x0000000082994000, 0x0000000082900000| Untracked 
|  42|0x0000000082a00000, 0x0000000082b00000, 0x0000000082b00000|100%| O|  |TAMS 0x0000000082a00000, 0x0000000082a00000| Untracked 
|  43|0x0000000082b00000, 0x0000000082c00000, 0x0000000082c00000|100%| O|  |TAMS 0x0000000082b00000, 0x0000000082b00000| Untracked 
|  44|0x0000000082c00000, 0x0000000082d00000, 0x0000000082d00000|100%| O|  |TAMS 0x0000000082c00000, 0x0000000082c00000| Untracked 
|  45|0x0000000082d00000, 0x0000000082e00000, 0x0000000082e00000|100%| O|  |TAMS 0x0000000082d00000, 0x0000000082d00000| Untracked 
|  46|0x0000000082e00000, 0x0000000082f00000, 0x0000000082f00000|100%| O|  |TAMS 0x0000000082e00000, 0x0000000082e00000| Untracked 
|  47|0x0000000082f00000, 0x0000000083000000, 0x0000000083000000|100%| O|  |TAMS 0x0000000082f00000, 0x0000000082f00000| Untracked 
|  48|0x0000000083000000, 0x0000000083100000, 0x0000000083100000|100%| O|  |TAMS 0x0000000083000000, 0x0000000083000000| Untracked 
|  49|0x0000000083100000, 0x0000000083200000, 0x0000000083200000|100%| O|  |TAMS 0x0000000083100000, 0x0000000083100000| Untracked 
|  50|0x0000000083200000, 0x0000000083300000, 0x0000000083300000|100%| O|  |TAMS 0x0000000083200000, 0x0000000083200000| Untracked 
|  51|0x0000000083300000, 0x0000000083400000, 0x0000000083400000|100%| O|  |TAMS 0x0000000083300000, 0x0000000083300000| Untracked 
|  52|0x0000000083400000, 0x0000000083500000, 0x0000000083500000|100%| O|  |TAMS 0x0000000083400000, 0x0000000083400000| Untracked 
|  53|0x0000000083500000, 0x0000000083600000, 0x0000000083600000|100%| O|  |TAMS 0x0000000083500000, 0x0000000083500000| Untracked 
|  54|0x0000000083600000, 0x0000000083600000, 0x0000000083700000|  0%| F|  |TAMS 0x0000000083600000, 0x0000000083600000| Untracked 
|  55|0x0000000083700000, 0x0000000083700000, 0x0000000083800000|  0%| F|  |TAMS 0x0000000083700000, 0x0000000083700000| Untracked 
|  56|0x0000000083800000, 0x0000000083800000, 0x0000000083900000|  0%| F|  |TAMS 0x0000000083800000, 0x0000000083800000| Untracked 
|  57|0x0000000083900000, 0x0000000083900000, 0x0000000083a00000|  0%| F|  |TAMS 0x0000000083900000, 0x0000000083900000| Untracked 
|  58|0x0000000083a00000, 0x0000000083a00000, 0x0000000083b00000|  0%| F|  |TAMS 0x0000000083a00000, 0x0000000083a00000| Untracked 
|  59|0x0000000083b00000, 0x0000000083b00000, 0x0000000083c00000|  0%| F|  |TAMS 0x0000000083b00000, 0x0000000083b00000| Untracked 
|  60|0x0000000083c00000, 0x0000000083c00000, 0x0000000083d00000|  0%| F|  |TAMS 0x0000000083c00000, 0x0000000083c00000| Untracked 
|  61|0x0000000083d00000, 0x0000000083d00000, 0x0000000083e00000|  0%| F|  |TAMS 0x0000000083d00000, 0x0000000083d00000| Untracked 
|  62|0x0000000083e00000, 0x0000000083e00000, 0x0000000083f00000|  0%| F|  |TAMS 0x0000000083e00000, 0x0000000083e00000| Untracked 
|  63|0x0000000083f00000, 0x0000000083f00000, 0x0000000084000000|  0%| F|  |TAMS 0x0000000083f00000, 0x0000000083f00000| Untracked 
|  64|0x0000000084000000, 0x0000000084000000, 0x0000000084100000|  0%| F|  |TAMS 0x0000000084000000, 0x0000000084000000| Untracked 
|  65|0x0000000084100000, 0x0000000084100000, 0x0000000084200000|  0%| F|  |TAMS 0x0000000084100000, 0x0000000084100000| Untracked 
|  66|0x0000000084200000, 0x0000000084200000, 0x0000000084300000|  0%| F|  |TAMS 0x0000000084200000, 0x0000000084200000| Untracked 
|  67|0x0000000084300000, 0x0000000084300000, 0x0000000084400000|  0%| F|  |TAMS 0x0000000084300000, 0x0000000084300000| Untracked 
|  68|0x0000000084400000, 0x0000000084400000, 0x0000000084500000|  0%| F|  |TAMS 0x0000000084400000, 0x0000000084400000| Untracked 
|  69|0x0000000084500000, 0x0000000084500000, 0x0000000084600000|  0%| F|  |TAMS 0x0000000084500000, 0x0000000084500000| Untracked 
|  70|0x0000000084600000, 0x0000000084600000, 0x0000000084700000|  0%| F|  |TAMS 0x0000000084600000, 0x0000000084600000| Untracked 
|  71|0x0000000084700000, 0x0000000084700000, 0x0000000084800000|  0%| F|  |TAMS 0x0000000084700000, 0x0000000084700000| Untracked 
|  72|0x0000000084800000, 0x0000000084800000, 0x0000000084900000|  0%| F|  |TAMS 0x0000000084800000, 0x0000000084800000| Untracked 
|  73|0x0000000084900000, 0x0000000084900000, 0x0000000084a00000|  0%| F|  |TAMS 0x0000000084900000, 0x0000000084900000| Untracked 
|  74|0x0000000084a00000, 0x0000000084a00000, 0x0000000084b00000|  0%| F|  |TAMS 0x0000000084a00000, 0x0000000084a00000| Untracked 
|  75|0x0000000084b00000, 0x0000000084b00000, 0x0000000084c00000|  0%| F|  |TAMS 0x0000000084b00000, 0x0000000084b00000| Untracked 
|  76|0x0000000084c00000, 0x0000000084c00000, 0x0000000084d00000|  0%| F|  |TAMS 0x0000000084c00000, 0x0000000084c00000| Untracked 
|  77|0x0000000084d00000, 0x0000000084d00000, 0x0000000084e00000|  0%| F|  |TAMS 0x0000000084d00000, 0x0000000084d00000| Untracked 
|  78|0x0000000084e00000, 0x0000000084e00000, 0x0000000084f00000|  0%| F|  |TAMS 0x0000000084e00000, 0x0000000084e00000| Untracked 
|  79|0x0000000084f00000, 0x0000000084f00000, 0x0000000085000000|  0%| F|  |TAMS 0x0000000084f00000, 0x0000000084f00000| Untracked 
|  80|0x0000000085000000, 0x0000000085000000, 0x0000000085100000|  0%| F|  |TAMS 0x0000000085000000, 0x0000000085000000| Untracked 
|  81|0x0000000085100000, 0x0000000085100000, 0x0000000085200000|  0%| F|  |TAMS 0x0000000085100000, 0x0000000085100000| Untracked 
|  82|0x0000000085200000, 0x0000000085200000, 0x0000000085300000|  0%| F|  |TAMS 0x0000000085200000, 0x0000000085200000| Untracked 
|  83|0x0000000085300000, 0x0000000085300000, 0x0000000085400000|  0%| F|  |TAMS 0x0000000085300000, 0x0000000085300000| Untracked 
|  84|0x0000000085400000, 0x0000000085400000, 0x0000000085500000|  0%| F|  |TAMS 0x0000000085400000, 0x0000000085400000| Untracked 
|  85|0x0000000085500000, 0x0000000085500000, 0x0000000085600000|  0%| F|  |TAMS 0x0000000085500000, 0x0000000085500000| Untracked 
|  86|0x0000000085600000, 0x0000000085600000, 0x0000000085700000|  0%| F|  |TAMS 0x0000000085600000, 0x0000000085600000| Untracked 
|  87|0x0000000085700000, 0x0000000085700000, 0x0000000085800000|  0%| F|  |TAMS 0x0000000085700000, 0x0000000085700000| Untracked 
|  88|0x0000000085800000, 0x0000000085800000, 0x0000000085900000|  0%| F|  |TAMS 0x0000000085800000, 0x0000000085800000| Untracked 
|  89|0x0000000085900000, 0x0000000085900000, 0x0000000085a00000|  0%| F|  |TAMS 0x0000000085900000, 0x0000000085900000| Untracked 
|  90|0x0000000085a00000, 0x0000000085a00000, 0x0000000085b00000|  0%| F|  |TAMS 0x0000000085a00000, 0x0000000085a00000| Untracked 
|  91|0x0000000085b00000, 0x0000000085b00000, 0x0000000085c00000|  0%| F|  |TAMS 0x0000000085b00000, 0x0000000085b00000| Untracked 
|  92|0x0000000085c00000, 0x0000000085c00000, 0x0000000085d00000|  0%| F|  |TAMS 0x0000000085c00000, 0x0000000085c00000| Untracked 
|  93|0x0000000085d00000, 0x0000000085d00000, 0x0000000085e00000|  0%| F|  |TAMS 0x0000000085d00000, 0x0000000085d00000| Untracked 
|  94|0x0000000085e00000, 0x0000000085e00000, 0x0000000085f00000|  0%| F|  |TAMS 0x0000000085e00000, 0x0000000085e00000| Untracked 
|  95|0x0000000085f00000, 0x0000000085f00000, 0x0000000086000000|  0%| F|  |TAMS 0x0000000085f00000, 0x0000000085f00000| Untracked 
|  96|0x0000000086000000, 0x0000000086100000, 0x0000000086100000|100%| O|  |TAMS 0x0000000086000000, 0x0000000086000000| Untracked 
|  97|0x0000000086100000, 0x0000000086200000, 0x0000000086200000|100%| O|  |TAMS 0x0000000086100000, 0x0000000086100000| Untracked 
|  98|0x0000000086200000, 0x0000000086300000, 0x0000000086300000|100%| O|  |TAMS 0x0000000086200000, 0x0000000086200000| Untracked 
|  99|0x0000000086300000, 0x00000000863f7e00, 0x0000000086400000| 96%| O|  |TAMS 0x0000000086300000, 0x0000000086300000| Untracked 
| 100|0x0000000086400000, 0x0000000086400000, 0x0000000086500000|  0%| F|  |TAMS 0x0000000086400000, 0x0000000086400000| Untracked 
| 101|0x0000000086500000, 0x0000000086500000, 0x0000000086600000|  0%| F|  |TAMS 0x0000000086500000, 0x0000000086500000| Untracked 
| 102|0x0000000086600000, 0x0000000086600000, 0x0000000086700000|  0%| F|  |TAMS 0x0000000086600000, 0x0000000086600000| Untracked 
| 103|0x0000000086700000, 0x0000000086700000, 0x0000000086800000|  0%| F|  |TAMS 0x0000000086700000, 0x0000000086700000| Untracked 
| 104|0x0000000086800000, 0x0000000086800000, 0x0000000086900000|  0%| F|  |TAMS 0x0000000086800000, 0x0000000086800000| Untracked 
| 105|0x0000000086900000, 0x0000000086900000, 0x0000000086a00000|  0%| F|  |TAMS 0x0000000086900000, 0x0000000086900000| Untracked 
| 106|0x0000000086a00000, 0x0000000086a00000, 0x0000000086b00000|  0%| F|  |TAMS 0x0000000086a00000, 0x0000000086a00000| Untracked 
| 107|0x0000000086b00000, 0x0000000086b00000, 0x0000000086c00000|  0%| F|  |TAMS 0x0000000086b00000, 0x0000000086b00000| Untracked 
| 108|0x0000000086c00000, 0x0000000086c00000, 0x0000000086d00000|  0%| F|  |TAMS 0x0000000086c00000, 0x0000000086c00000| Untracked 
| 109|0x0000000086d00000, 0x0000000086d00000, 0x0000000086e00000|  0%| F|  |TAMS 0x0000000086d00000, 0x0000000086d00000| Untracked 
| 110|0x0000000086e00000, 0x0000000086e00000, 0x0000000086f00000|  0%| F|  |TAMS 0x0000000086e00000, 0x0000000086e00000| Untracked 
| 111|0x0000000086f00000, 0x0000000086f00000, 0x0000000087000000|  0%| F|  |TAMS 0x0000000086f00000, 0x0000000086f00000| Untracked 
| 112|0x0000000087000000, 0x0000000087000000, 0x0000000087100000|  0%| F|  |TAMS 0x0000000087000000, 0x0000000087000000| Untracked 
| 113|0x0000000087100000, 0x0000000087100000, 0x0000000087200000|  0%| F|  |TAMS 0x0000000087100000, 0x0000000087100000| Untracked 
| 114|0x0000000087200000, 0x0000000087200000, 0x0000000087300000|  0%| F|  |TAMS 0x0000000087200000, 0x0000000087200000| Untracked 
| 115|0x0000000087300000, 0x0000000087300000, 0x0000000087400000|  0%| F|  |TAMS 0x0000000087300000, 0x0000000087300000| Untracked 
| 116|0x0000000087400000, 0x0000000087400000, 0x0000000087500000|  0%| F|  |TAMS 0x0000000087400000, 0x0000000087400000| Untracked 
| 117|0x0000000087500000, 0x0000000087500000, 0x0000000087600000|  0%| F|  |TAMS 0x0000000087500000, 0x0000000087500000| Untracked 
| 118|0x0000000087600000, 0x0000000087600000, 0x0000000087700000|  0%| F|  |TAMS 0x0000000087600000, 0x0000000087600000| Untracked 
| 119|0x0000000087700000, 0x0000000087700000, 0x0000000087800000|  0%| F|  |TAMS 0x0000000087700000, 0x0000000087700000| Untracked 
| 120|0x0000000087800000, 0x0000000087800000, 0x0000000087900000|  0%| F|  |TAMS 0x0000000087800000, 0x0000000087800000| Untracked 
| 121|0x0000000087900000, 0x0000000087900000, 0x0000000087a00000|  0%| F|  |TAMS 0x0000000087900000, 0x0000000087900000| Untracked 
| 122|0x0000000087a00000, 0x0000000087a00000, 0x0000000087b00000|  0%| F|  |TAMS 0x0000000087a00000, 0x0000000087a00000| Untracked 
| 123|0x0000000087b00000, 0x0000000087b00000, 0x0000000087c00000|  0%| F|  |TAMS 0x0000000087b00000, 0x0000000087b00000| Untracked 
| 124|0x0000000087c00000, 0x0000000087c00000, 0x0000000087d00000|  0%| F|  |TAMS 0x0000000087c00000, 0x0000000087c00000| Untracked 
| 125|0x0000000087d00000, 0x0000000087d40880, 0x0000000087e00000| 25%| S|CS|TAMS 0x0000000087d00000, 0x0000000087d00000| Complete 
| 126|0x0000000087e00000, 0x0000000087f00000, 0x0000000087f00000|100%| S|CS|TAMS 0x0000000087e00000, 0x0000000087e00000| Complete 
| 127|0x0000000087f00000, 0x0000000088000000, 0x0000000088000000|100%| S|CS|TAMS 0x0000000087f00000, 0x0000000087f00000| Complete 
| 128|0x0000000088000000, 0x0000000088100000, 0x0000000088100000|100%| S|CS|TAMS 0x0000000088000000, 0x0000000088000000| Complete 
| 129|0x0000000088100000, 0x0000000088200000, 0x0000000088200000|100%| S|CS|TAMS 0x0000000088100000, 0x0000000088100000| Complete 
| 130|0x0000000088200000, 0x0000000088300000, 0x0000000088300000|100%| S|CS|TAMS 0x0000000088200000, 0x0000000088200000| Complete 
| 131|0x0000000088300000, 0x0000000088400000, 0x0000000088400000|100%| S|CS|TAMS 0x0000000088300000, 0x0000000088300000| Complete 
| 132|0x0000000088400000, 0x0000000088500000, 0x0000000088500000|100%| S|CS|TAMS 0x0000000088400000, 0x0000000088400000| Complete 
| 133|0x0000000088500000, 0x0000000088600000, 0x0000000088600000|100%| S|CS|TAMS 0x0000000088500000, 0x0000000088500000| Complete 
| 134|0x0000000088600000, 0x0000000088700000, 0x0000000088700000|100%| S|CS|TAMS 0x0000000088600000, 0x0000000088600000| Complete 
| 135|0x0000000088700000, 0x0000000088700000, 0x0000000088800000|  0%| F|  |TAMS 0x0000000088700000, 0x0000000088700000| Untracked 
| 136|0x0000000088800000, 0x0000000088800000, 0x0000000088900000|  0%| F|  |TAMS 0x0000000088800000, 0x0000000088800000| Untracked 
| 137|0x0000000088900000, 0x0000000088900000, 0x0000000088a00000|  0%| F|  |TAMS 0x0000000088900000, 0x0000000088900000| Untracked 
| 138|0x0000000088a00000, 0x0000000088a00000, 0x0000000088b00000|  0%| F|  |TAMS 0x0000000088a00000, 0x0000000088a00000| Untracked 
| 139|0x0000000088b00000, 0x0000000088b00000, 0x0000000088c00000|  0%| F|  |TAMS 0x0000000088b00000, 0x0000000088b00000| Untracked 
| 140|0x0000000088c00000, 0x0000000088c00000, 0x0000000088d00000|  0%| F|  |TAMS 0x0000000088c00000, 0x0000000088c00000| Untracked 
| 141|0x0000000088d00000, 0x0000000088d00000, 0x0000000088e00000|  0%| F|  |TAMS 0x0000000088d00000, 0x0000000088d00000| Untracked 
| 142|0x0000000088e00000, 0x0000000088e00000, 0x0000000088f00000|  0%| F|  |TAMS 0x0000000088e00000, 0x0000000088e00000| Untracked 
| 143|0x0000000088f00000, 0x0000000088f00000, 0x0000000089000000|  0%| F|  |TAMS 0x0000000088f00000, 0x0000000088f00000| Untracked 
| 144|0x0000000089000000, 0x0000000089000000, 0x0000000089100000|  0%| F|  |TAMS 0x0000000089000000, 0x0000000089000000| Untracked 
| 145|0x0000000089100000, 0x0000000089100000, 0x0000000089200000|  0%| F|  |TAMS 0x0000000089100000, 0x0000000089100000| Untracked 
| 146|0x0000000089200000, 0x0000000089200000, 0x0000000089300000|  0%| F|  |TAMS 0x0000000089200000, 0x0000000089200000| Untracked 
| 147|0x0000000089300000, 0x0000000089300000, 0x0000000089400000|  0%| F|  |TAMS 0x0000000089300000, 0x0000000089300000| Untracked 
| 148|0x0000000089400000, 0x0000000089400000, 0x0000000089500000|  0%| F|  |TAMS 0x0000000089400000, 0x0000000089400000| Untracked 
| 149|0x0000000089500000, 0x0000000089500000, 0x0000000089600000|  0%| F|  |TAMS 0x0000000089500000, 0x0000000089500000| Untracked 
| 150|0x0000000089600000, 0x0000000089600000, 0x0000000089700000|  0%| F|  |TAMS 0x0000000089600000, 0x0000000089600000| Untracked 
| 151|0x0000000089700000, 0x0000000089700000, 0x0000000089800000|  0%| F|  |TAMS 0x0000000089700000, 0x0000000089700000| Untracked 
| 152|0x0000000089800000, 0x0000000089800000, 0x0000000089900000|  0%| F|  |TAMS 0x0000000089800000, 0x0000000089800000| Untracked 
| 153|0x0000000089900000, 0x0000000089900000, 0x0000000089a00000|  0%| F|  |TAMS 0x0000000089900000, 0x0000000089900000| Untracked 
| 154|0x0000000089a00000, 0x0000000089a00000, 0x0000000089b00000|  0%| F|  |TAMS 0x0000000089a00000, 0x0000000089a00000| Untracked 
| 155|0x0000000089b00000, 0x0000000089b00000, 0x0000000089c00000|  0%| F|  |TAMS 0x0000000089b00000, 0x0000000089b00000| Untracked 
| 156|0x0000000089c00000, 0x0000000089c00000, 0x0000000089d00000|  0%| F|  |TAMS 0x0000000089c00000, 0x0000000089c00000| Untracked 
| 157|0x0000000089d00000, 0x0000000089d00000, 0x0000000089e00000|  0%| F|  |TAMS 0x0000000089d00000, 0x0000000089d00000| Untracked 
| 158|0x0000000089e00000, 0x0000000089e00000, 0x0000000089f00000|  0%| F|  |TAMS 0x0000000089e00000, 0x0000000089e00000| Untracked 
| 159|0x0000000089f00000, 0x0000000089f00000, 0x000000008a000000|  0%| F|  |TAMS 0x0000000089f00000, 0x0000000089f00000| Untracked 
| 160|0x000000008a000000, 0x000000008a000000, 0x000000008a100000|  0%| F|  |TAMS 0x000000008a000000, 0x000000008a000000| Untracked 
| 161|0x000000008a100000, 0x000000008a100000, 0x000000008a200000|  0%| F|  |TAMS 0x000000008a100000, 0x000000008a100000| Untracked 
| 162|0x000000008a200000, 0x000000008a200000, 0x000000008a300000|  0%| F|  |TAMS 0x000000008a200000, 0x000000008a200000| Untracked 
| 163|0x000000008a300000, 0x000000008a300000, 0x000000008a400000|  0%| F|  |TAMS 0x000000008a300000, 0x000000008a300000| Untracked 
| 164|0x000000008a400000, 0x000000008a400000, 0x000000008a500000|  0%| F|  |TAMS 0x000000008a400000, 0x000000008a400000| Untracked 
| 165|0x000000008a500000, 0x000000008a500000, 0x000000008a600000|  0%| F|  |TAMS 0x000000008a500000, 0x000000008a500000| Untracked 
| 166|0x000000008a600000, 0x000000008a600000, 0x000000008a700000|  0%| F|  |TAMS 0x000000008a600000, 0x000000008a600000| Untracked 
| 167|0x000000008a700000, 0x000000008a700000, 0x000000008a800000|  0%| F|  |TAMS 0x000000008a700000, 0x000000008a700000| Untracked 
| 168|0x000000008a800000, 0x000000008a800000, 0x000000008a900000|  0%| F|  |TAMS 0x000000008a800000, 0x000000008a800000| Untracked 
| 169|0x000000008a900000, 0x000000008a900000, 0x000000008aa00000|  0%| F|  |TAMS 0x000000008a900000, 0x000000008a900000| Untracked 
| 170|0x000000008aa00000, 0x000000008aa00000, 0x000000008ab00000|  0%| F|  |TAMS 0x000000008aa00000, 0x000000008aa00000| Untracked 
| 171|0x000000008ab00000, 0x000000008ab00000, 0x000000008ac00000|  0%| F|  |TAMS 0x000000008ab00000, 0x000000008ab00000| Untracked 
| 172|0x000000008ac00000, 0x000000008ac00000, 0x000000008ad00000|  0%| F|  |TAMS 0x000000008ac00000, 0x000000008ac00000| Untracked 
| 173|0x000000008ad00000, 0x000000008ad00000, 0x000000008ae00000|  0%| F|  |TAMS 0x000000008ad00000, 0x000000008ad00000| Untracked 
| 174|0x000000008ae00000, 0x000000008ae00000, 0x000000008af00000|  0%| F|  |TAMS 0x000000008ae00000, 0x000000008ae00000| Untracked 
| 175|0x000000008af00000, 0x000000008af00000, 0x000000008b000000|  0%| F|  |TAMS 0x000000008af00000, 0x000000008af00000| Untracked 
| 176|0x000000008b000000, 0x000000008b000000, 0x000000008b100000|  0%| F|  |TAMS 0x000000008b000000, 0x000000008b000000| Untracked 
| 177|0x000000008b100000, 0x000000008b100000, 0x000000008b200000|  0%| F|  |TAMS 0x000000008b100000, 0x000000008b100000| Untracked 
| 178|0x000000008b200000, 0x000000008b200000, 0x000000008b300000|  0%| F|  |TAMS 0x000000008b200000, 0x000000008b200000| Untracked 
| 179|0x000000008b300000, 0x000000008b300000, 0x000000008b400000|  0%| F|  |TAMS 0x000000008b300000, 0x000000008b300000| Untracked 
| 180|0x000000008b400000, 0x000000008b400000, 0x000000008b500000|  0%| F|  |TAMS 0x000000008b400000, 0x000000008b400000| Untracked 
| 181|0x000000008b500000, 0x000000008b500000, 0x000000008b600000|  0%| F|  |TAMS 0x000000008b500000, 0x000000008b500000| Untracked 
| 182|0x000000008b600000, 0x000000008b600000, 0x000000008b700000|  0%| F|  |TAMS 0x000000008b600000, 0x000000008b600000| Untracked 
| 183|0x000000008b700000, 0x000000008b700000, 0x000000008b800000|  0%| F|  |TAMS 0x000000008b700000, 0x000000008b700000| Untracked 
| 184|0x000000008b800000, 0x000000008b800000, 0x000000008b900000|  0%| F|  |TAMS 0x000000008b800000, 0x000000008b800000| Untracked 
| 185|0x000000008b900000, 0x000000008b900000, 0x000000008ba00000|  0%| F|  |TAMS 0x000000008b900000, 0x000000008b900000| Untracked 
| 186|0x000000008ba00000, 0x000000008ba00000, 0x000000008bb00000|  0%| F|  |TAMS 0x000000008ba00000, 0x000000008ba00000| Untracked 
| 187|0x000000008bb00000, 0x000000008bb00000, 0x000000008bc00000|  0%| F|  |TAMS 0x000000008bb00000, 0x000000008bb00000| Untracked 
| 188|0x000000008bc00000, 0x000000008bc00000, 0x000000008bd00000|  0%| F|  |TAMS 0x000000008bc00000, 0x000000008bc00000| Untracked 
| 189|0x000000008bd00000, 0x000000008bd00000, 0x000000008be00000|  0%| F|  |TAMS 0x000000008bd00000, 0x000000008bd00000| Untracked 
| 190|0x000000008be00000, 0x000000008be00000, 0x000000008bf00000|  0%| F|  |TAMS 0x000000008be00000, 0x000000008be00000| Untracked 
| 191|0x000000008bf00000, 0x000000008bf00000, 0x000000008c000000|  0%| F|  |TAMS 0x000000008bf00000, 0x000000008bf00000| Untracked 
| 192|0x000000008c000000, 0x000000008c000000, 0x000000008c100000|  0%| F|  |TAMS 0x000000008c000000, 0x000000008c000000| Untracked 
| 193|0x000000008c100000, 0x000000008c100000, 0x000000008c200000|  0%| F|  |TAMS 0x000000008c100000, 0x000000008c100000| Untracked 
| 194|0x000000008c200000, 0x000000008c300000, 0x000000008c300000|100%| E|  |TAMS 0x000000008c200000, 0x000000008c200000| Complete 
| 195|0x000000008c300000, 0x000000008c400000, 0x000000008c400000|100%| E|CS|TAMS 0x000000008c300000, 0x000000008c300000| Complete 
| 196|0x000000008c400000, 0x000000008c500000, 0x000000008c500000|100%| E|CS|TAMS 0x000000008c400000, 0x000000008c400000| Complete 
| 197|0x000000008c500000, 0x000000008c600000, 0x000000008c600000|100%| E|CS|TAMS 0x000000008c500000, 0x000000008c500000| Complete 
| 198|0x000000008c600000, 0x000000008c700000, 0x000000008c700000|100%| E|CS|TAMS 0x000000008c600000, 0x000000008c600000| Complete 
| 199|0x000000008c700000, 0x000000008c800000, 0x000000008c800000|100%| E|CS|TAMS 0x000000008c700000, 0x000000008c700000| Complete 
| 200|0x000000008c800000, 0x000000008c900000, 0x000000008c900000|100%| E|CS|TAMS 0x000000008c800000, 0x000000008c800000| Complete 
| 201|0x000000008c900000, 0x000000008ca00000, 0x000000008ca00000|100%| E|CS|TAMS 0x000000008c900000, 0x000000008c900000| Complete 
| 202|0x000000008ca00000, 0x000000008cb00000, 0x000000008cb00000|100%| E|CS|TAMS 0x000000008ca00000, 0x000000008ca00000| Complete 
| 203|0x000000008cb00000, 0x000000008cc00000, 0x000000008cc00000|100%| E|  |TAMS 0x000000008cb00000, 0x000000008cb00000| Complete 
| 204|0x000000008cc00000, 0x000000008cd00000, 0x000000008cd00000|100%| E|CS|TAMS 0x000000008cc00000, 0x000000008cc00000| Complete 
| 205|0x000000008cd00000, 0x000000008ce00000, 0x000000008ce00000|100%| E|CS|TAMS 0x000000008cd00000, 0x000000008cd00000| Complete 
| 206|0x000000008ce00000, 0x000000008cf00000, 0x000000008cf00000|100%| E|CS|TAMS 0x000000008ce00000, 0x000000008ce00000| Complete 
| 207|0x000000008cf00000, 0x000000008d000000, 0x000000008d000000|100%| E|CS|TAMS 0x000000008cf00000, 0x000000008cf00000| Complete 
| 208|0x000000008d000000, 0x000000008d100000, 0x000000008d100000|100%| E|CS|TAMS 0x000000008d000000, 0x000000008d000000| Complete 
| 209|0x000000008d100000, 0x000000008d200000, 0x000000008d200000|100%| E|CS|TAMS 0x000000008d100000, 0x000000008d100000| Complete 
| 210|0x000000008d200000, 0x000000008d300000, 0x000000008d300000|100%| E|CS|TAMS 0x000000008d200000, 0x000000008d200000| Complete 
| 211|0x000000008d300000, 0x000000008d400000, 0x000000008d400000|100%| E|CS|TAMS 0x000000008d300000, 0x000000008d300000| Complete 
| 212|0x000000008d400000, 0x000000008d500000, 0x000000008d500000|100%| E|CS|TAMS 0x000000008d400000, 0x000000008d400000| Complete 
| 213|0x000000008d500000, 0x000000008d600000, 0x000000008d600000|100%| E|CS|TAMS 0x000000008d500000, 0x000000008d500000| Complete 
| 214|0x000000008d600000, 0x000000008d700000, 0x000000008d700000|100%| E|CS|TAMS 0x000000008d600000, 0x000000008d600000| Complete 
| 215|0x000000008d700000, 0x000000008d800000, 0x000000008d800000|100%| E|CS|TAMS 0x000000008d700000, 0x000000008d700000| Complete 
| 216|0x000000008d800000, 0x000000008d900000, 0x000000008d900000|100%| E|CS|TAMS 0x000000008d800000, 0x000000008d800000| Complete 
| 217|0x000000008d900000, 0x000000008da00000, 0x000000008da00000|100%| E|CS|TAMS 0x000000008d900000, 0x000000008d900000| Complete 
| 218|0x000000008da00000, 0x000000008db00000, 0x000000008db00000|100%| E|CS|TAMS 0x000000008da00000, 0x000000008da00000| Complete 
| 219|0x000000008db00000, 0x000000008dc00000, 0x000000008dc00000|100%| E|CS|TAMS 0x000000008db00000, 0x000000008db00000| Complete 
| 220|0x000000008dc00000, 0x000000008dd00000, 0x000000008dd00000|100%| E|CS|TAMS 0x000000008dc00000, 0x000000008dc00000| Complete 
| 221|0x000000008dd00000, 0x000000008de00000, 0x000000008de00000|100%| E|CS|TAMS 0x000000008dd00000, 0x000000008dd00000| Complete 
| 222|0x000000008de00000, 0x000000008df00000, 0x000000008df00000|100%| E|CS|TAMS 0x000000008de00000, 0x000000008de00000| Complete 
| 223|0x000000008df00000, 0x000000008e000000, 0x000000008e000000|100%| E|CS|TAMS 0x000000008df00000, 0x000000008df00000| Complete 
| 224|0x000000008e000000, 0x000000008e100000, 0x000000008e100000|100%| E|CS|TAMS 0x000000008e000000, 0x000000008e000000| Complete 
| 225|0x000000008e100000, 0x000000008e200000, 0x000000008e200000|100%| E|CS|TAMS 0x000000008e100000, 0x000000008e100000| Complete 
| 226|0x000000008e200000, 0x000000008e300000, 0x000000008e300000|100%| E|CS|TAMS 0x000000008e200000, 0x000000008e200000| Complete 
| 227|0x000000008e300000, 0x000000008e400000, 0x000000008e400000|100%| E|CS|TAMS 0x000000008e300000, 0x000000008e300000| Complete 
| 228|0x000000008e400000, 0x000000008e500000, 0x000000008e500000|100%| E|CS|TAMS 0x000000008e400000, 0x000000008e400000| Complete 
| 229|0x000000008e500000, 0x000000008e600000, 0x000000008e600000|100%| E|CS|TAMS 0x000000008e500000, 0x000000008e500000| Complete 
| 230|0x000000008e600000, 0x000000008e700000, 0x000000008e700000|100%| E|CS|TAMS 0x000000008e600000, 0x000000008e600000| Complete 
| 231|0x000000008e700000, 0x000000008e800000, 0x000000008e800000|100%| E|CS|TAMS 0x000000008e700000, 0x000000008e700000| Complete 
| 232|0x000000008e800000, 0x000000008e900000, 0x000000008e900000|100%| E|CS|TAMS 0x000000008e800000, 0x000000008e800000| Complete 
| 233|0x000000008e900000, 0x000000008ea00000, 0x000000008ea00000|100%| E|CS|TAMS 0x000000008e900000, 0x000000008e900000| Complete 
| 234|0x000000008ea00000, 0x000000008eb00000, 0x000000008eb00000|100%| E|CS|TAMS 0x000000008ea00000, 0x000000008ea00000| Complete 
| 235|0x000000008eb00000, 0x000000008ec00000, 0x000000008ec00000|100%| E|CS|TAMS 0x000000008eb00000, 0x000000008eb00000| Complete 
| 236|0x000000008ec00000, 0x000000008ed00000, 0x000000008ed00000|100%| E|CS|TAMS 0x000000008ec00000, 0x000000008ec00000| Complete 
| 237|0x000000008ed00000, 0x000000008ee00000, 0x000000008ee00000|100%| E|CS|TAMS 0x000000008ed00000, 0x000000008ed00000| Complete 
| 238|0x000000008ee00000, 0x000000008ef00000, 0x000000008ef00000|100%| E|CS|TAMS 0x000000008ee00000, 0x000000008ee00000| Complete 
| 239|0x000000008ef00000, 0x000000008f000000, 0x000000008f000000|100%| E|CS|TAMS 0x000000008ef00000, 0x000000008ef00000| Complete 
| 240|0x000000008f000000, 0x000000008f100000, 0x000000008f100000|100%| E|CS|TAMS 0x000000008f000000, 0x000000008f000000| Complete 
| 241|0x000000008f100000, 0x000000008f200000, 0x000000008f200000|100%| E|CS|TAMS 0x000000008f100000, 0x000000008f100000| Complete 
| 242|0x000000008f200000, 0x000000008f300000, 0x000000008f300000|100%| E|CS|TAMS 0x000000008f200000, 0x000000008f200000| Complete 
| 243|0x000000008f300000, 0x000000008f400000, 0x000000008f400000|100%| E|CS|TAMS 0x000000008f300000, 0x000000008f300000| Complete 
| 244|0x000000008f400000, 0x000000008f500000, 0x000000008f500000|100%| E|CS|TAMS 0x000000008f400000, 0x000000008f400000| Complete 
| 245|0x000000008f500000, 0x000000008f600000, 0x000000008f600000|100%| E|CS|TAMS 0x000000008f500000, 0x000000008f500000| Complete 
| 246|0x000000008f600000, 0x000000008f700000, 0x000000008f700000|100%| E|CS|TAMS 0x000000008f600000, 0x000000008f600000| Complete 
| 247|0x000000008f700000, 0x000000008f800000, 0x000000008f800000|100%| E|CS|TAMS 0x000000008f700000, 0x000000008f700000| Complete 
| 248|0x000000008f800000, 0x000000008f900000, 0x000000008f900000|100%| E|CS|TAMS 0x000000008f800000, 0x000000008f800000| Complete 
| 249|0x000000008f900000, 0x000000008fa00000, 0x000000008fa00000|100%| E|CS|TAMS 0x000000008f900000, 0x000000008f900000| Complete 
| 250|0x000000008fa00000, 0x000000008fb00000, 0x000000008fb00000|100%| E|CS|TAMS 0x000000008fa00000, 0x000000008fa00000| Complete 
| 251|0x000000008fb00000, 0x000000008fc00000, 0x000000008fc00000|100%| E|CS|TAMS 0x000000008fb00000, 0x000000008fb00000| Complete 

Card table byte_map: [0x000002a77c440000,0x000002a77c840000] _byte_map_base: 0x000002a77c040000

Marking Bits (Prev, Next): (CMBitMap*) 0x000002a7783e44b0, (CMBitMap*) 0x000002a7783e4478
 Prev Bits: [0x000002a70f000000, 0x000002a711000000)
 Next Bits: [0x000002a77cc40000, 0x000002a77ec40000)

Polling page: 0x000002a777b70000

Metaspace:

Usage:
  Non-class:     77.81 MB capacity,    76.39 MB ( 98%) used,     1.19 MB (  2%) free+waste,   241.31 KB ( <1%) overhead. 
      Class:     11.79 MB capacity,    11.05 MB ( 94%) used,   645.93 KB (  5%) free+waste,   107.50 KB ( <1%) overhead. 
       Both:     89.59 MB capacity,    87.44 MB ( 98%) used,     1.82 MB (  2%) free+waste,   348.81 KB ( <1%) overhead. 

Virtual space:
  Non-class space:       78.00 MB reserved,      77.95 MB (>99%) committed 
      Class space:        1.00 GB reserved,      11.88 MB (  1%) committed 
             Both:        1.08 GB reserved,      89.82 MB (  8%) committed 

Chunk freelists:
   Non-Class:  18.00 KB
       Class:  0 bytes
        Both:  18.00 KB

MaxMetaspaceSize: 17179869184.00 GB
CompressedClassSpaceSize: 1.00 GB

CodeHeap 'non-profiled nmethods': size=120000Kb used=7688Kb max_used=7688Kb free=112311Kb
 bounds [0x000002a707ad0000, 0x000002a708260000, 0x000002a70f000000]
CodeHeap 'profiled nmethods': size=120000Kb used=24985Kb max_used=24985Kb free=95014Kb
 bounds [0x000002a7005a0000, 0x000002a701e10000, 0x000002a707ad0000]
CodeHeap 'non-nmethods': size=5760Kb used=2293Kb max_used=2352Kb free=3466Kb
 bounds [0x000002a700000000, 0x000002a700270000, 0x000002a7005a0000]
 total_blobs=12570 nmethods=11688 adapters=792
 compilation: enabled
              stopped_count=0, restarted_count=0
 full_count=0

Compilation events (20 events):
Event: 49.256 Thread 0x000002a7130ee800 nmethod 11908 0x000002a701df4510 code [0x000002a701df4700, 0x000002a701df4b78]
Event: 49.256 Thread 0x000002a7130ee800 11909       3       org.gradle.internal.work.DefaultWorkerLeaseService$3::<init> (10 bytes)
Event: 49.256 Thread 0x000002a7130ee800 nmethod 11909 0x000002a701df4d10 code [0x000002a701df4ec0, 0x000002a701df5078]
Event: 49.258 Thread 0x000002a7130ee800 11911       3       org.gradle.internal.work.DefaultWorkerLeaseService$4::transform (51 bytes)
Event: 49.258 Thread 0x000002a7130ee800 nmethod 11911 0x000002a701df5190 code [0x000002a701df53a0, 0x000002a701df5a48]
Event: 49.258 Thread 0x000002a7130ee800 11910       3       org.gradle.internal.work.DefaultWorkerLeaseService$4::transform (9 bytes)
Event: 49.259 Thread 0x000002a7130ee800 nmethod 11910 0x000002a701df5c10 code [0x000002a701df5de0, 0x000002a701df6028]
Event: 49.259 Thread 0x000002a7130ee800 11912   !   3       org.gradle.internal.work.DefaultWorkerLeaseService::withLocks (51 bytes)
Event: 49.259 Thread 0x000002a7130ee800 nmethod 11912 0x000002a701df6110 code [0x000002a701df63e0, 0x000002a701df7068]
Event: 49.284 Thread 0x000002a7130ee800 11918       1       org.gradle.internal.build.event.types.AbstractResult::getStartTime (5 bytes)
Event: 49.285 Thread 0x000002a7130ee800 nmethod 11918 0x000002a70823e890 code [0x000002a70823ea40, 0x000002a70823eaf8]
Event: 49.285 Thread 0x000002a7130ee800 11919       1       org.gradle.internal.build.event.types.AbstractResult::getEndTime (5 bytes)
Event: 49.285 Thread 0x000002a7130ee800 nmethod 11919 0x000002a70823eb90 code [0x000002a70823ed40, 0x000002a70823edf8]
Event: 49.285 Thread 0x000002a7130ee800 11920       1       org.gradle.internal.build.event.types.AbstractResult::getOutcomeDescription (5 bytes)
Event: 49.285 Thread 0x000002a7130ee800 nmethod 11920 0x000002a70823ee90 code [0x000002a70823f040, 0x000002a70823f0f8]
Event: 49.286 Thread 0x000002a7130ee800 11921       1       org.gradle.api.internal.artifacts.configurations.DefaultConfiguration$ConfigurationArtifactCollection::getArtifactFiles (5 bytes)
Event: 49.286 Thread 0x000002a7130ee800 nmethod 11921 0x000002a70823f190 code [0x000002a70823f340, 0x000002a70823f3f8]
Event: 49.295 Thread 0x000002a7130ee800 11922       3       org.gradle.cache.internal.CrossProcessSynchronizingCache$1::create (17 bytes)
Event: 49.295 Thread 0x000002a7130ee800 nmethod 11922 0x000002a701df7590 code [0x000002a701df7760, 0x000002a701df7948]
Event: 49.314 Thread 0x000002a7130ee800 11923   !   3       com.google.common.cache.LocalCache$Segment::get (210 bytes)

GC Heap History (20 events):
Event: 10.696 GC heap before
{Heap before GC invocations=3 (full 0):
 garbage-first heap   total 258048K, used 81614K [0x0000000080000000, 0x0000000100000000)
  region size 1024K, 75 young (76800K), 11 survivors (11264K)
 Metaspace       used 27710K, capacity 28413K, committed 28544K, reserved 1073152K
  class space    used 3670K, capacity 3894K, committed 3968K, reserved 1048576K
}
Event: 10.702 GC heap after
{Heap after GC invocations=4 (full 0):
 garbage-first heap   total 258048K, used 19040K [0x0000000080000000, 0x0000000100000000)
  region size 1024K, 3 young (3072K), 3 survivors (3072K)
 Metaspace       used 27710K, capacity 28413K, committed 28544K, reserved 1073152K
  class space    used 3670K, capacity 3894K, committed 3968K, reserved 1048576K
}
Event: 11.178 GC heap before
{Heap before GC invocations=4 (full 0):
 garbage-first heap   total 258048K, used 50784K [0x0000000080000000, 0x0000000100000000)
  region size 1024K, 35 young (35840K), 3 survivors (3072K)
 Metaspace       used 35000K, capacity 35761K, committed 35840K, reserved 1081344K
  class space    used 4563K, capacity 4856K, committed 4864K, reserved 1048576K
}
Event: 11.186 GC heap after
{Heap after GC invocations=5 (full 0):
 garbage-first heap   total 258048K, used 21486K [0x0000000080000000, 0x0000000100000000)
  region size 1024K, 6 young (6144K), 6 survivors (6144K)
 Metaspace       used 35000K, capacity 35761K, committed 35840K, reserved 1081344K
  class space    used 4563K, capacity 4856K, committed 4864K, reserved 1048576K
}
Event: 12.433 GC heap before
{Heap before GC invocations=6 (full 0):
 garbage-first heap   total 258048K, used 124910K [0x0000000080000000, 0x0000000100000000)
  region size 1024K, 104 young (106496K), 6 survivors (6144K)
 Metaspace       used 44084K, capacity 45185K, committed 45516K, reserved 1089536K
  class space    used 5669K, capacity 6054K, committed 6144K, reserved 1048576K
}
Event: 12.440 GC heap after
{Heap after GC invocations=7 (full 0):
 garbage-first heap   total 258048K, used 26322K [0x0000000080000000, 0x0000000100000000)
  region size 1024K, 11 young (11264K), 11 survivors (11264K)
 Metaspace       used 44084K, capacity 45185K, committed 45516K, reserved 1089536K
  class space    used 5669K, capacity 6054K, committed 6144K, reserved 1048576K
}
Event: 22.973 GC heap before
{Heap before GC invocations=7 (full 0):
 garbage-first heap   total 258048K, used 171730K [0x0000000080000000, 0x0000000100000000)
  region size 1024K, 151 young (154624K), 11 survivors (11264K)
 Metaspace       used 57782K, capacity 59195K, committed 59340K, reserved 1101824K
  class space    used 7368K, capacity 7882K, committed 7936K, reserved 1048576K
}
Event: 22.992 GC heap after
{Heap after GC invocations=8 (full 0):
 garbage-first heap   total 258048K, used 41478K [0x0000000080000000, 0x0000000100000000)
  region size 1024K, 19 young (19456K), 19 survivors (19456K)
 Metaspace       used 57782K, capacity 59195K, committed 59340K, reserved 1101824K
  class space    used 7368K, capacity 7882K, committed 7936K, reserved 1048576K
}
Event: 23.220 GC heap before
{Heap before GC invocations=8 (full 0):
 garbage-first heap   total 258048K, used 50694K [0x0000000080000000, 0x0000000100000000)
  region size 1024K, 29 young (29696K), 19 survivors (19456K)
 Metaspace       used 58762K, capacity 60221K, committed 60288K, reserved 1101824K
  class space    used 7444K, capacity 7921K, committed 7936K, reserved 1048576K
}
Event: 23.251 GC heap after
{Heap after GC invocations=9 (full 0):
 garbage-first heap   total 258048K, used 45303K [0x0000000080000000, 0x0000000100000000)
  region size 1024K, 4 young (4096K), 4 survivors (4096K)
 Metaspace       used 58762K, capacity 60221K, committed 60288K, reserved 1101824K
  class space    used 7444K, capacity 7921K, committed 7936K, reserved 1048576K
}
Event: 25.447 GC heap before
{Heap before GC invocations=10 (full 0):
 garbage-first heap   total 258048K, used 136439K [0x0000000080000000, 0x0000000100000000)
  region size 1024K, 93 young (95232K), 4 survivors (4096K)
 Metaspace       used 67175K, capacity 68781K, committed 69068K, reserved 1110016K
  class space    used 8804K, capacity 9375K, committed 9472K, reserved 1048576K
}
Event: 25.457 GC heap after
{Heap after GC invocations=11 (full 0):
 garbage-first heap   total 258048K, used 48452K [0x0000000080000000, 0x0000000100000000)
  region size 1024K, 7 young (7168K), 7 survivors (7168K)
 Metaspace       used 67175K, capacity 68781K, committed 69068K, reserved 1110016K
  class space    used 8804K, capacity 9375K, committed 9472K, reserved 1048576K
}
Event: 28.807 GC heap before
{Heap before GC invocations=11 (full 0):
 garbage-first heap   total 258048K, used 146756K [0x0000000080000000, 0x0000000100000000)
  region size 1024K, 104 young (106496K), 7 survivors (7168K)
 Metaspace       used 75037K, capacity 76923K, committed 77004K, reserved 1116160K
  class space    used 9821K, capacity 10489K, committed 10496K, reserved 1048576K
}
Event: 28.819 GC heap after
{Heap after GC invocations=12 (full 0):
 garbage-first heap   total 258048K, used 54864K [0x0000000080000000, 0x0000000100000000)
  region size 1024K, 13 young (13312K), 13 survivors (13312K)
 Metaspace       used 75037K, capacity 76923K, committed 77004K, reserved 1116160K
  class space    used 9821K, capacity 10489K, committed 10496K, reserved 1048576K
}
Event: 33.788 GC heap before
{Heap before GC invocations=12 (full 0):
 garbage-first heap   total 258048K, used 158288K [0x0000000080000000, 0x0000000100000000)
  region size 1024K, 115 young (117760K), 13 survivors (13312K)
 Metaspace       used 80552K, capacity 82614K, committed 82892K, reserved 1120256K
  class space    used 10497K, capacity 11189K, committed 11264K, reserved 1048576K
}
Event: 33.804 GC heap after
{Heap after GC invocations=13 (full 0):
 garbage-first heap   total 258048K, used 60270K [0x0000000080000000, 0x0000000100000000)
  region size 1024K, 12 young (12288K), 12 survivors (12288K)
 Metaspace       used 80552K, capacity 82614K, committed 82892K, reserved 1120256K
  class space    used 10497K, capacity 11189K, committed 11264K, reserved 1048576K
}
Event: 38.373 GC heap before
{Heap before GC invocations=13 (full 0):
 garbage-first heap   total 258048K, used 166766K [0x0000000080000000, 0x0000000100000000)
  region size 1024K, 117 young (119808K), 12 survivors (12288K)
 Metaspace       used 82953K, capacity 85044K, committed 85196K, reserved 1122304K
  class space    used 10706K, capacity 11459K, committed 11520K, reserved 1048576K
}
Event: 38.391 GC heap after
{Heap after GC invocations=14 (full 0):
 garbage-first heap   total 258048K, used 65657K [0x0000000080000000, 0x0000000100000000)
  region size 1024K, 11 young (11264K), 11 survivors (11264K)
 Metaspace       used 82953K, capacity 85044K, committed 85196K, reserved 1122304K
  class space    used 10706K, capacity 11459K, committed 11520K, reserved 1048576K
}
Event: 47.161 GC heap before
{Heap before GC invocations=14 (full 0):
 garbage-first heap   total 258048K, used 217209K [0x0000000080000000, 0x0000000100000000)
  region size 1024K, 118 young (120832K), 11 survivors (11264K)
 Metaspace       used 89384K, capacity 91602K, committed 91724K, reserved 1128448K
  class space    used 11313K, capacity 12067K, committed 12160K, reserved 1048576K
}
Event: 47.181 GC heap after
{Heap after GC invocations=15 (full 0):
 garbage-first heap   total 258048K, used 68833K [0x0000000080000000, 0x0000000100000000)
  region size 1024K, 10 young (10240K), 10 survivors (10240K)
 Metaspace       used 89384K, capacity 91602K, committed 91724K, reserved 1128448K
  class space    used 11313K, capacity 12067K, committed 12160K, reserved 1048576K
}

Deoptimization events (20 events):
Event: 49.080 Thread 0x000002a716ada000 Uncommon trap: trap_request=0xffffffde fr.pc=0x000002a707f5551c relative=0x0000000000000a9c
Event: 49.080 Thread 0x000002a716ada000 Uncommon trap: reason=class_check action=maybe_recompile pc=0x000002a707f5551c method=com.google.common.cache.LocalCache$Segment.get(Ljava/lang/Object;I)Ljava/lang/Object; @ 49 c2
Event: 49.080 Thread 0x000002a716ada000 DEOPT PACKING pc=0x000002a707f5551c sp=0x000000c4932fe3d0
Event: 49.080 Thread 0x000002a716ada000 DEOPT UNPACKING pc=0x000002a70000822f sp=0x000000c4932fe2b8 mode 2
Event: 49.084 Thread 0x000002a716ad5000 Uncommon trap: trap_request=0xffffff4d fr.pc=0x000002a707eff4a8 relative=0x0000000000000568
Event: 49.084 Thread 0x000002a716ad5000 Uncommon trap: reason=unstable_if action=reinterpret pc=0x000002a707eff4a8 method=java.util.concurrent.ConcurrentLinkedQueue.updateHead(Ljava/util/concurrent/ConcurrentLinkedQueue$Node;Ljava/util/concurrent/ConcurrentLinkedQueue$Node;)V @ 14 c2
Event: 49.084 Thread 0x000002a716ad5000 DEOPT PACKING pc=0x000002a707eff4a8 sp=0x000000c4930fdc80
Event: 49.084 Thread 0x000002a716ad5000 DEOPT UNPACKING pc=0x000002a70000822f sp=0x000000c4930fdbc8 mode 2
Event: 49.086 Thread 0x000002a716adb800 Uncommon trap: trap_request=0xffffff4d fr.pc=0x000002a70813b544 relative=0x0000000000000224
Event: 49.086 Thread 0x000002a716adb800 Uncommon trap: reason=unstable_if action=reinterpret pc=0x000002a70813b544 method=java.util.concurrent.ConcurrentLinkedQueue.updateHead(Ljava/util/concurrent/ConcurrentLinkedQueue$Node;Ljava/util/concurrent/ConcurrentLinkedQueue$Node;)V @ 14 c2
Event: 49.086 Thread 0x000002a716adb800 DEOPT PACKING pc=0x000002a70813b544 sp=0x000000c4994fdd20
Event: 49.086 Thread 0x000002a716adb800 DEOPT UNPACKING pc=0x000002a70000822f sp=0x000000c4994fdce0 mode 2
Event: 49.294 Thread 0x000002a716ad8800 Uncommon trap: trap_request=0xffffff4d fr.pc=0x000002a7080ce808 relative=0x0000000000000fc8
Event: 49.294 Thread 0x000002a716ad8800 Uncommon trap: reason=unstable_if action=reinterpret pc=0x000002a7080ce808 method=java.util.concurrent.ConcurrentLinkedQueue.offer(Ljava/lang/Object;)Z @ 42 c2
Event: 49.294 Thread 0x000002a716ad8800 DEOPT PACKING pc=0x000002a7080ce808 sp=0x000000c4992fbdb0
Event: 49.300 Thread 0x000002a716adb000 Uncommon trap: trap_request=0xffffff4d fr.pc=0x000002a70819cb7c relative=0x0000000000000d3c
Event: 49.301 Thread 0x000002a716adb000 Uncommon trap: reason=unstable_if action=reinterpret pc=0x000002a70819cb7c method=java.util.concurrent.ConcurrentLinkedQueue.offer(Ljava/lang/Object;)Z @ 42 c2
Event: 49.301 Thread 0x000002a716adb000 DEOPT PACKING pc=0x000002a70819cb7c sp=0x000000c4991fc280
Event: 50.274 Thread 0x000002a716ad8800 DEOPT UNPACKING pc=0x000002a70000822f sp=0x000000c4992fba50 mode 2
Event: 50.275 Thread 0x000002a716adb000 DEOPT UNPACKING pc=0x000002a70000822f sp=0x000000c4991fc0d0 mode 2

Classes redefined (0 events):
No events

Internal exceptions (20 events):
Event: 39.085 Thread 0x000002a714252800 Exception <a 'sun/nio/fs/WindowsException'{0x000000008ddb9cd8}> (0x000000008ddb9cd8) thrown at [./src/hotspot/share/prims/jni.cpp, line 615]
Event: 39.085 Thread 0x000002a714252800 Exception <a 'sun/nio/fs/WindowsException'{0x000000008ddb9d58}> (0x000000008ddb9d58) thrown at [./src/hotspot/share/prims/jni.cpp, line 615]
Event: 39.660 Thread 0x000002a714252800 Exception <a 'java/lang/NoSuchMethodError'{0x000000008cffb2c0}: 'java.lang.Object java.lang.invoke.DirectMethodHandle$Holder.invokeVirtual(java.lang.Object, java.lang.Object, int)'> (0x000000008cffb2c0) thrown at [./src/hotspot/share/interpreter/linkResolver.cpp, line 773]
Event: 39.676 Thread 0x000002a714252800 Exception <a 'java/lang/NoSuchMethodError'{0x000000008ce43018}: 'void java.lang.invoke.DirectMethodHandle$Holder.invokeStatic(java.lang.Object, java.lang.Object, java.lang.Object, int)'> (0x000000008ce43018) thrown at [./src/hotspot/share/interpreter/linkResolver.cpp, line 773]
Event: 39.764 Thread 0x000002a71424d800 Exception <a 'sun/nio/fs/WindowsException'{0x000000008cd88710}> (0x000000008cd88710) thrown at [./src/hotspot/share/prims/jni.cpp, line 615]
Event: 39.803 Thread 0x000002a71400e800 Exception <a 'java/lang/NoSuchMethodError'{0x000000008ccc71a8}: 'java.lang.Object java.lang.invoke.DirectMethodHandle$Holder.invokeSpecial(java.lang.Object, java.lang.Object, java.lang.Object, int, int, java.lang.Object, java.lang.Object)'> (0x000000008ccc71a8) thrown at [./src/hotspot/share/interpreter/linkResolver.cpp, line 773]
Event: 39.804 Thread 0x000002a71400e800 Exception <a 'java/lang/NoSuchMethodError'{0x000000008ccd0310}: 'java.lang.Object java.lang.invoke.DirectMethodHandle$Holder.invokeStatic(java.lang.Object, java.lang.Object, java.lang.Object, int, int, java.lang.Object)'> (0x000000008ccd0310) thrown at [./src/hotspot/share/interpreter/linkResolver.cpp, line 773]
Event: 39.804 Thread 0x000002a71400e800 Exception <a 'java/lang/NoSuchMethodError'{0x000000008ccd4030}: 'java.lang.Object java.lang.invoke.DirectMethodHandle$Holder.invokeSpecial(java.lang.Object, java.lang.Object, java.lang.Object, java.lang.Object, int, int, java.lang.Object)'> (0x000000008ccd4030) thrown at [./src/hotspot/share/interpreter/linkResolver.cpp, line 773]
Event: 39.804 Thread 0x000002a71400e800 Exception <a 'java/lang/NoSuchMethodError'{0x000000008ccd7550}: 'java.lang.Object java.lang.invoke.Invokers$Holder.linkToTargetMethod(java.lang.Object, java.lang.Object, int, int, java.lang.Object, java.lang.Object)'> (0x000000008ccd7550) thrown at [./src/hotspot/share/interpreter/linkResolver.cpp, line 773]
Event: 39.829 Thread 0x000002a71400e800 Implicit null exception at 0x000002a707ff09bf to 0x000002a707ff1360
Event: 46.033 Thread 0x000002a71400e800 Exception <a 'sun/nio/fs/WindowsException'{0x000000008a46d2e0}> (0x000000008a46d2e0) thrown at [./src/hotspot/share/prims/jni.cpp, line 615]
Event: 46.157 Thread 0x000002a71400e800 Exception <a 'sun/nio/fs/WindowsException'{0x000000008a15c308}> (0x000000008a15c308) thrown at [./src/hotspot/share/prims/jni.cpp, line 615]
Event: 49.097 Thread 0x000002a71400e800 Exception <a 'sun/nio/fs/WindowsException'{0x000000008e4ec0b0}> (0x000000008e4ec0b0) thrown at [./src/hotspot/share/prims/jni.cpp, line 615]
Event: 49.098 Thread 0x000002a71400e800 Exception <a 'sun/nio/fs/WindowsException'{0x000000008e4ed790}> (0x000000008e4ed790) thrown at [./src/hotspot/share/prims/jni.cpp, line 615]
Event: 49.098 Thread 0x000002a71400e800 Exception <a 'sun/nio/fs/WindowsException'{0x000000008e4f1d18}> (0x000000008e4f1d18) thrown at [./src/hotspot/share/prims/jni.cpp, line 615]
Event: 49.098 Thread 0x000002a71400e800 Exception <a 'sun/nio/fs/WindowsException'{0x000000008e4f3440}> (0x000000008e4f3440) thrown at [./src/hotspot/share/prims/jni.cpp, line 615]
Event: 49.098 Thread 0x000002a71400e800 Exception <a 'sun/nio/fs/WindowsException'{0x000000008e4f5f30}> (0x000000008e4f5f30) thrown at [./src/hotspot/share/prims/jni.cpp, line 615]
Event: 49.098 Thread 0x000002a71400e800 Exception <a 'sun/nio/fs/WindowsException'{0x000000008e4f7668}> (0x000000008e4f7668) thrown at [./src/hotspot/share/prims/jni.cpp, line 615]
Event: 49.284 Thread 0x000002a71400e800 Exception <a 'sun/nio/fs/WindowsException'{0x000000008d8f4000}> (0x000000008d8f4000) thrown at [./src/hotspot/share/prims/jni.cpp, line 615]
Event: 49.284 Thread 0x000002a71400e800 Exception <a 'sun/nio/fs/WindowsException'{0x000000008d8f5468}> (0x000000008d8f5468) thrown at [./src/hotspot/share/prims/jni.cpp, line 615]

Events (20 events):
Event: 47.189 Loaded shared library C:\Program Files\Android\Android Studio\jre\bin\zip.dll
Event: 47.189 Executing VM operation: RevokeBias
Event: 47.189 Executing VM operation: RevokeBias done
Event: 47.189 Executing VM operation: RevokeBias
Event: 47.190 Executing VM operation: RevokeBias done
Event: 47.190 Executing VM operation: RevokeBias
Event: 47.190 Executing VM operation: RevokeBias done
Event: 47.190 Executing VM operation: RevokeBias
Event: 47.190 Executing VM operation: RevokeBias done
Event: 47.256 Executing VM operation: RevokeBias
Event: 47.257 Executing VM operation: RevokeBias done
Event: 47.258 Executing VM operation: RevokeBias
Event: 47.258 Executing VM operation: RevokeBias done
Event: 47.258 Executing VM operation: RevokeBias
Event: 47.258 Executing VM operation: RevokeBias done
Event: 47.896 Thread 0x000002a71e66c000 Thread added: 0x000002a71e66c000
Event: 48.063 Executing VM operation: ICBufferFull
Event: 48.063 Executing VM operation: ICBufferFull done
Event: 49.076 loading class com/google/common/base/Equivalence$1
Event: 49.076 loading class com/google/common/base/Equivalence$1 done


Dynamic libraries:
0x00007ff6794c0000 - 0x00007ff6794ca000 	C:\Program Files\Android\Android Studio\jre\bin\java.exe
0x00007ffc11b60000 - 0x00007ffc11dc6000 	C:\WINDOWS\SYSTEM32\ntdll.dll
0x00007ffbe42c0000 - 0x00007ffbe42e1000 	C:\Program Files\Avast Software\Suite\aswhook.dll
0x00007ffc0f9c0000 - 0x00007ffc0fa89000 	C:\WINDOWS\System32\KERNEL32.DLL
0x00007ffc0f4d0000 - 0x00007ffc0f8ca000 	C:\WINDOWS\System32\KERNELBASE.dll
0x00007ffc0f070000 - 0x00007ffc0f1bc000 	C:\WINDOWS\System32\ucrtbase.dll
0x00007ffbf8430000 - 0x00007ffbf8449000 	C:\Program Files\Android\Android Studio\jre\bin\jli.dll
0x00007ffc10690000 - 0x00007ffc10857000 	C:\WINDOWS\System32\USER32.dll
0x00007ffc0f1c0000 - 0x00007ffc0f1e7000 	C:\WINDOWS\System32\win32u.dll
0x00007ffc0fba0000 - 0x00007ffc0fbcb000 	C:\WINDOWS\System32\GDI32.dll
0x00007ffc0ef40000 - 0x00007ffc0f06b000 	C:\WINDOWS\System32\gdi32full.dll
0x00007ffc0f370000 - 0x00007ffc0f413000 	C:\WINDOWS\System32\msvcp_win.dll
0x00007ffbe7170000 - 0x00007ffbe7402000 	C:\WINDOWS\WinSxS\amd64_microsoft.windows.common-controls_6595b64144ccf1df_6.0.26100.8521_none_3e08b75ce33403b3\COMCTL32.dll
0x00007ffc0f910000 - 0x00007ffc0f9b9000 	C:\WINDOWS\System32\msvcrt.dll
0x00007ffbe0dc0000 - 0x00007ffbe0dd7000 	C:\Program Files\Android\Android Studio\jre\bin\VCRUNTIME140.dll
0x00007ffc0f8d0000 - 0x00007ffc0f902000 	C:\WINDOWS\System32\IMM32.DLL
0x00007ffb49e90000 - 0x00007ffb49f2d000 	C:\Program Files\Android\Android Studio\jre\bin\msvcp140.dll
0x00007ffb1fa40000 - 0x00007ffb204fc000 	C:\Program Files\Android\Android Studio\jre\bin\server\jvm.dll
0x00007ffc10b80000 - 0x00007ffc10c36000 	C:\WINDOWS\System32\ADVAPI32.dll
0x00007ffc10ad0000 - 0x00007ffc10b7a000 	C:\WINDOWS\System32\sechost.dll
0x00007ffc102e0000 - 0x00007ffc103f8000 	C:\WINDOWS\System32\RPCRT4.dll
0x00007ffc10680000 - 0x00007ffc10688000 	C:\WINDOWS\System32\PSAPI.DLL
0x00007ffbffe80000 - 0x00007ffbffe8b000 	C:\WINDOWS\SYSTEM32\VERSION.dll
0x00007ffc06b50000 - 0x00007ffc06b86000 	C:\WINDOWS\SYSTEM32\WINMM.dll
0x00007ffbfd1c0000 - 0x00007ffbfd1ca000 	C:\WINDOWS\SYSTEM32\WSOCK32.dll
0x00007ffc10860000 - 0x00007ffc108e0000 	C:\WINDOWS\System32\WS2_32.dll
0x00007ffc0db80000 - 0x00007ffc0db9b000 	C:\WINDOWS\SYSTEM32\kernel.appcore.dll
0x00007ffbdfb00000 - 0x00007ffbdfb11000 	C:\Program Files\Android\Android Studio\jre\bin\verify.dll
0x00007ffc0c3d0000 - 0x00007ffc0c612000 	C:\WINDOWS\SYSTEM32\DBGHELP.DLL
0x00007ffc11000000 - 0x00007ffc11383000 	C:\WINDOWS\System32\combase.dll
0x00007ffc10470000 - 0x00007ffc10549000 	C:\WINDOWS\System32\OLEAUT32.dll
0x00007ffbfd4d0000 - 0x00007ffbfd50b000 	C:\WINDOWS\SYSTEM32\dbgcore.DLL
0x00007ffc0f420000 - 0x00007ffc0f4c8000 	C:\WINDOWS\System32\bcryptPrimitives.dll
0x00007ffbdf500000 - 0x00007ffbdf529000 	C:\Program Files\Android\Android Studio\jre\bin\java.dll
0x00007ffc09810000 - 0x00007ffc0981b000 	C:\Program Files\Android\Android Studio\jre\bin\jimage.dll
0x00007ffbdf340000 - 0x00007ffbdf358000 	C:\Program Files\Android\Android Studio\jre\bin\zip.dll
0x00007ffc11390000 - 0x00007ffc11b14000 	C:\WINDOWS\System32\SHELL32.dll
0x00007ffc0c990000 - 0x00007ffc0d210000 	C:\WINDOWS\SYSTEM32\windows.storage.dll
0x00007ffc10070000 - 0x00007ffc10166000 	C:\WINDOWS\System32\SHCORE.dll
0x00007ffc10400000 - 0x00007ffc10467000 	C:\WINDOWS\System32\shlwapi.dll
0x00007ffc0ed10000 - 0x00007ffc0ed39000 	C:\WINDOWS\SYSTEM32\profapi.dll
0x00007ffbdf2b0000 - 0x00007ffbdf2ca000 	C:\Program Files\Android\Android Studio\jre\bin\net.dll
0x00007ffc00810000 - 0x00007ffc00939000 	C:\WINDOWS\SYSTEM32\WINHTTP.dll
0x00007ffc0e0f0000 - 0x00007ffc0e15c000 	C:\WINDOWS\system32\mswsock.dll
0x00007ffbd51e0000 - 0x00007ffbd51f4000 	C:\Program Files\Android\Android Studio\jre\bin\nio.dll
0x00007ffbe0e50000 - 0x00007ffbe0e77000 	C:\Users\mamal\.gradle\native\fdc75f09e3144964f2cf3f50f0aa648679c211496f362492102eb8c894070792\windows-amd64\native-platform.dll
0x00007ffb40af0000 - 0x00007ffb40c86000 	C:\Users\mamal\.gradle\native\12488b8bf47d2d4c9fbf2f6322a914ad602e24e48041cd04a747c6da556b65c4\windows-amd64\native-platform-file-events.dll
0x00007ffbf7660000 - 0x00007ffbf766a000 	C:\Program Files\Android\Android Studio\jre\bin\management.dll
0x00007ffbf7340000 - 0x00007ffbf734c000 	C:\Program Files\Android\Android Studio\jre\bin\management_ext.dll
0x00007ffc0e3d0000 - 0x00007ffc0e3eb000 	C:\WINDOWS\SYSTEM32\CRYPTSP.dll
0x00007ffc0dae0000 - 0x00007ffc0db19000 	C:\WINDOWS\system32\rsaenh.dll
0x00007ffc0e1a0000 - 0x00007ffc0e1d3000 	C:\WINDOWS\SYSTEM32\USERENV.dll
0x00007ffc0ece0000 - 0x00007ffc0ed0a000 	C:\WINDOWS\SYSTEM32\bcrypt.dll
0x00007ffc0e3f0000 - 0x00007ffc0e3fc000 	C:\WINDOWS\SYSTEM32\CRYPTBASE.dll
0x00007ffc0d600000 - 0x00007ffc0d633000 	C:\WINDOWS\SYSTEM32\IPHLPAPI.DLL
0x00007ffc0fa90000 - 0x00007ffc0fa9a000 	C:\WINDOWS\System32\NSI.dll
0x00007ffc090c0000 - 0x00007ffc090dd000 	C:\WINDOWS\SYSTEM32\dhcpcsvc6.DLL
0x00007ffc09090000 - 0x00007ffc090b5000 	C:\WINDOWS\SYSTEM32\dhcpcsvc.DLL
0x00007ffc0d640000 - 0x00007ffc0d78a000 	C:\WINDOWS\SYSTEM32\DNSAPI.dll
0x00007ffc0def0000 - 0x00007ffc0defd000 	C:\WINDOWS\SYSTEM32\DSPARSE.dll
0x00007ffc0bb10000 - 0x00007ffc0bb1e000 	C:\WINDOWS\SYSTEM32\WINNSI.DLL
0x00007ffbd1af0000 - 0x00007ffbd1b17000 	C:\Program Files\Android\Android Studio\jre\bin\sunec.dll

dbghelp: loaded successfully - version: 4.0.5 - missing functions: none
symbol engine: initialized successfully - sym options: 0x614 - pdb path: .;C:\Program Files\Android\Android Studio\jre\bin;C:\WINDOWS\SYSTEM32;C:\Program Files\Avast Software\Suite;C:\WINDOWS\WinSxS\amd64_microsoft.windows.common-controls_6595b64144ccf1df_6.0.26100.8521_none_3e08b75ce33403b3;C:\Program Files\Android\Android Studio\jre\bin\server;C:\Users\mamal\.gradle\native\fdc75f09e3144964f2cf3f50f0aa648679c211496f362492102eb8c894070792\windows-amd64;C:\Users\mamal\.gradle\native\12488b8bf47d2d4c9fbf2f6322a914ad602e24e48041cd04a747c6da556b65c4\windows-amd64

VM Arguments:
jvm_args: --add-opens=java.base/java.util=ALL-UNNAMED --add-opens=java.base/java.lang=ALL-UNNAMED --add-opens=java.base/java.lang.invoke=ALL-UNNAMED --add-opens=java.prefs/java.util.prefs=ALL-UNNAMED -Xmx2048m -Dfile.encoding=UTF-8 -Duser.country=ES -Duser.language=es -Duser.variant 
java_command: org.gradle.launcher.daemon.bootstrap.GradleDaemon 6.7.1
java_class_path (initial): C:\Users\mamal\.gradle\wrapper\dists\gradle-6.7.1-bin\bwlcbys1h7rz3272sye1xwiv6\gradle-6.7.1\lib\gradle-launcher-6.7.1.jar
Launcher Type: SUN_STANDARD

[Global flags]
     intx CICompilerCount                          = 4                                         {product} {ergonomic}
     uint ConcGCThreads                            = 2                                         {product} {ergonomic}
     uint G1ConcRefinementThreads                  = 8                                         {product} {ergonomic}
   size_t G1HeapRegionSize                         = 1048576                                   {product} {ergonomic}
    uintx GCDrainStackTargetSize                   = 64                                        {product} {ergonomic}
   size_t InitialHeapSize                          = 264241152                                 {product} {ergonomic}
   size_t MarkStackSize                            = 4194304                                   {product} {ergonomic}
   size_t MaxHeapSize                              = 2147483648                                {product} {command line}
   size_t MaxNewSize                               = 1287651328                                {product} {ergonomic}
   size_t MinHeapDeltaBytes                        = 1048576                                   {product} {ergonomic}
    uintx NonNMethodCodeHeapSize                   = 5836300                                {pd product} {ergonomic}
    uintx NonProfiledCodeHeapSize                  = 122910970                              {pd product} {ergonomic}
    uintx ProfiledCodeHeapSize                     = 122910970                              {pd product} {ergonomic}
    uintx ReservedCodeCacheSize                    = 251658240                              {pd product} {ergonomic}
     bool SegmentedCodeCache                       = true                                      {product} {ergonomic}
     bool UseCompressedClassPointers               = true                                 {lp64_product} {ergonomic}
     bool UseCompressedOops                        = true                                 {lp64_product} {ergonomic}
     bool UseG1GC                                  = true                                      {product} {ergonomic}
     bool UseLargePagesIndividualAllocation        = false                                  {pd product} {ergonomic}

Logging:
Log output configuration:
 #0: stdout all=warning uptime,level,tags
 #1: stderr all=off uptime,level,tags

Environment Variables:
JAVA_HOME=C:\Program Files\java\jdk-11.0.2
PATH=C:\Program Files\java\jdk-11.0.2\bin;C:\WINDOWS\system32;C:\WINDOWS;C:\WINDOWS\System32\Wbem;C:\WINDOWS\System32\WindowsPowerShell\v1.0\;C:\WINDOWS\System32\OpenSSH\;C:\Program Files\dotnet\;C:\PROGRA~2\PICC;C:\Program Files\Git\cmd;C:\Program Files\nodejs\;C:\Users\mamal\AppData\Local\Microsoft\WindowsApps;C:\Users\mamal\AppData\Local\Programs\Microsoft VS Code\bin;C:\Users\mamal\AppData\Local\GitHubDesktop\bin;C:\Users\mamal\AppData\Roaming\npm
USERNAME=mamal
OS=Windows_NT
PROCESSOR_IDENTIFIER=Intel64 Family 6 Model 140 Stepping 2, GenuineIntel



---------------  S Y S T E M  ---------------

OS: Windows 10 , 64 bit Build 26100 (10.0.26100.8521)
OS uptime: 0 days 1:36 hours
HyperV virtualization detected

CPU:total 8 (initial active 8) (4 cores per cpu, 2 threads per core) family 6 model 140 stepping 2, cmov, cx8, fxsr, mmx, sse, sse2, sse3, ssse3, sse4.1, sse4.2, popcnt, avx, avx2, aes, clmul, erms, 3dnowpref, lzcnt, ht, tsc, tscinvbit, bmi1, bmi2, adx, evex, sha, fma

Memory: 4k page, system-wide physical 16122M (2848M free)
TotalPageFile size 16122M (AvailPageFile size 5M)
current process WorkingSet (physical memory assigned to process): 519M, peak: 534M
current process commit charge ("private bytes"): 566M, peak: 580M

vm_info: OpenJDK 64-Bit Server VM (11.0.8+10-b944.6842174) for windows-amd64 JRE (11.0.8+10-b944.6842174), built on Sep 19 2020 01:11:42 by "builder" with MS VC++ 14.0 (VS2015)

END.
