#
# There is insufficient memory for the Java Runtime Environment to continue.
# Native memory allocation (malloc) failed to allocate 1287696 bytes for Chunk::new
# Possible reasons:
#   The system is out of physical RAM or swap space
#   The process is running with CompressedOops enabled, and the Java Heap may be blocking the growth of the native heap
# Possible solutions:
#   Reduce memory load on the system
#   Increase physical memory or swap space
#   Check if swap backing store is full
#   Decrease Java heap size (-Xmx/-Xms)
#   Decrease number of Java threads
#   Decrease Java thread stack sizes (-Xss)
#   Set larger code cache with -XX:ReservedCodeCacheSize=
#   JVM is running with Unscaled Compressed Oops mode in which the Java heap is
#     placed in the first 4GB address space. The Java Heap base address is the
#     maximum limit for the native heap growth. Please use -XX:HeapBaseMinAddress
#     to set the Java Heap base and to place the Java Heap above 4GB virtual address.
# This output file may be truncated or incomplete.
#
#  Out of Memory Error (./src/hotspot/share/memory/arena.cpp:197), pid=11968, tid=24504
#
# JRE version: OpenJDK Runtime Environment (11.0.8+10) (build 11.0.8+10-b944.6842174)
# Java VM: OpenJDK 64-Bit Server VM (11.0.8+10-b944.6842174, mixed mode, tiered, compressed oops, g1 gc, windows-amd64)
# No core dump will be written. Minidumps are not enabled by default on client versions of Windows
#

---------------  S U M M A R Y ------------

Command Line: --add-opens=java.base/java.util=ALL-UNNAMED --add-opens=java.base/java.lang=ALL-UNNAMED --add-opens=java.base/java.lang.invoke=ALL-UNNAMED --add-opens=java.prefs/java.util.prefs=ALL-UNNAMED -Xmx2048m -Dfile.encoding=UTF-8 -Duser.country=ES -Duser.language=es -Duser.variant org.gradle.launcher.daemon.bootstrap.GradleDaemon 6.7.1

Host: 11th Gen Intel(R) Core(TM) i5-1155G7 @ 2.50GHz, 8 cores, 15G,  Windows 10 , 64 bit Build 26100 (10.0.26100.8521)
Time: Wed Jun  3 12:25:29 2026 Hora est嫕dar central (M憖ico) elapsed time: 11 seconds (0d 0h 0m 11s)

---------------  T H R E A D  ---------------

Current thread (0x000001a3c4b7c000):  JavaThread "C2 CompilerThread1" daemon [_thread_in_native, id=24504, stack(0x00000090e6700000,0x00000090e6800000)]


Current CompileTask:
C2:  11135 7755       4       org.gradle.internal.snapshot.SnapshotUtil::getSnapshotFromChild (41 bytes)

Stack: [0x00000090e6700000,0x00000090e6800000]
Native frames: (J=compiled Java code, j=interpreted, Vv=VM code, C=native code)
V  [jvm.dll+0x5de50a]
V  [jvm.dll+0x7122f5]
V  [jvm.dll+0x71384d]
V  [jvm.dll+0x713f03]
V  [jvm.dll+0x23e728]
V  [jvm.dll+0xb899c]
V  [jvm.dll+0xb8e9c]
V  [jvm.dll+0x35020b]
V  [jvm.dll+0x31dea3]
V  [jvm.dll+0x31d39a]
V  [jvm.dll+0x1f7702]
V  [jvm.dll+0x1f68d4]
V  [jvm.dll+0x17f32c]
V  [jvm.dll+0x205047]
V  [jvm.dll+0x203891]
V  [jvm.dll+0x6dad3f]
V  [jvm.dll+0x6d3895]
V  [jvm.dll+0x5dd4a6]
C  [ucrtbase.dll+0x2cd30]
C  [KERNEL32.DLL+0x2e957]
C  [ntdll.dll+0x87c1c]


---------------  P R O C E S S  ---------------

Threads class SMR info:
_java_thread_list=0x000001a3caffb400, length=149, elements={
0x000001a3a9c94800, 0x000001a3c47fe800, 0x000001a3c4809000, 0x000001a3c4865800,
0x000001a3c4866800, 0x000001a3c4869800, 0x000001a3c486c000, 0x000001a3c4874800,
0x000001a3c49f7000, 0x000001a3c4a1b000, 0x000001a3c5e9e000, 0x000001a3c602e000,
0x000001a3c68bb800, 0x000001a3c684c800, 0x000001a3c68bc000, 0x000001a3c63c0000,
0x000001a3c670e000, 0x000001a3c67cc000, 0x000001a3c670d000, 0x000001a3c6457800,
0x000001a3c67bd000, 0x000001a3c67bd800, 0x000001a3c67bc000, 0x000001a3c67bb000,
0x000001a3c67c0000, 0x000001a3c67bf000, 0x000001a3c67be800, 0x000001a3c67c1800,
0x000001a3c67c1000, 0x000001a3c7205800, 0x000001a3c7204000, 0x000001a3c7208000,
0x000001a3c7208800, 0x000001a3c7207000, 0x000001a3c7206000, 0x000001a3c720b000,
0x000001a3c720c000, 0x000001a3c7209800, 0x000001a3c720d000, 0x000001a3c720a800,
0x000001a3c720e800, 0x000001a3c7210000, 0x000001a3c720d800, 0x000001a3c7211000,
0x000001a3c720f000, 0x000001a3c7211800, 0x000001a3c7212800, 0x000001a3c939a000,
0x000001a3c939b000, 0x000001a3c939b800, 0x000001a3c9399800, 0x000001a3c939c800,
0x000001a3c939e000, 0x000001a3c93a0000, 0x000001a3c939f000, 0x000001a3c939d800,
0x000001a3c93a3000, 0x000001a3c93a0800, 0x000001a3c93a1800, 0x000001a3c93a4000,
0x000001a3c93a2800, 0x000001a3c93a4800, 0x000001a3c93a5800, 0x000001a3c93a6800,
0x000001a3c93a7000, 0x000001a3c93a8000, 0x000001a3c8b54800, 0x000001a3c8b55000,
0x000001a3c8b56000, 0x000001a3c8b53800, 0x000001a3c8b58800, 0x000001a3c8b57000,
0x000001a3c8b59000, 0x000001a3c8b5a000, 0x000001a3c8b57800, 0x000001a3c8b5c800,
0x000001a3c8b5b000, 0x000001a3c8b5d800, 0x000001a3c8b5b800, 0x000001a3c8b5f000,
0x000001a3c8b60000, 0x000001a3c8b60800, 0x000001a3c8b5e000, 0x000001a3c8b61800,
0x000001a3c8b62000, 0x000001a3c8c21800, 0x000001a3c8c22800, 0x000001a3c8c21000,
0x000001a3c8c25000, 0x000001a3c8c25800, 0x000001a3c8c23000, 0x000001a3c8c26800,
0x000001a3c8c24000, 0x000001a3c8c28000, 0x000001a3c8c2a000, 0x000001a3c8c27800,
0x000001a3c8c29000, 0x000001a3c8c2b800, 0x000001a3c8c2a800, 0x000001a3c8c2d000,
0x000001a3c8c2e000, 0x000001a3c8c2e800, 0x000001a3c8c2c000, 0x000001a3c8c2f800,
0x000001a3cb4a0800, 0x000001a3cb49f000, 0x000001a3cb4a2800, 0x000001a3cb4a1800,
0x000001a3cb4a0000, 0x000001a3cb4a4000, 0x000001a3cb4a4800, 0x000001a3cb4a5800,
0x000001a3cb4a3000, 0x000001a3cb4a7000, 0x000001a3cb4a9000, 0x000001a3cb4a8000,
0x000001a3cb4a6800, 0x000001a3cb4ac000, 0x000001a3cb4aa800, 0x000001a3cb4a9800,
0x000001a3cb4ad800, 0x000001a3cb4ad000, 0x000001a3cb4ab800, 0x000001a3cb56f000,
0x000001a3cb570000, 0x000001a3cb571000, 0x000001a3cb56e800, 0x000001a3cb573800,
0x000001a3cb574000, 0x000001a3cb571800, 0x000001a3cb575000, 0x000001a3cb572800,
0x000001a3cb576800, 0x000001a3cb578000, 0x000001a3cb576000, 0x000001a3c4b7c000,
0x000001a3cb298000, 0x000001a3cb579000, 0x000001a3cb577800, 0x000001a3cb57a800,
0x000001a3cb57c800, 0x000001a3cb57b800, 0x000001a3cb57a000, 0x000001a3cb57d000,
0x000001a3c7465000, 0x000001a3c7464000, 0x000001a3c7462800, 0x000001a3c7466000,
0x000001a3c7463800
}

Java Threads: ( => current thread )
  0x000001a3a9c94800 JavaThread "main" [_thread_blocked, id=16340, stack(0x00000090e3f00000,0x00000090e4000000)]
  0x000001a3c47fe800 JavaThread "Reference Handler" daemon [_thread_blocked, id=12600, stack(0x00000090e4600000,0x00000090e4700000)]
  0x000001a3c4809000 JavaThread "Finalizer" daemon [_thread_blocked, id=16748, stack(0x00000090e4700000,0x00000090e4800000)]
  0x000001a3c4865800 JavaThread "Signal Dispatcher" daemon [_thread_blocked, id=24264, stack(0x00000090e4800000,0x00000090e4900000)]
  0x000001a3c4866800 JavaThread "Attach Listener" daemon [_thread_blocked, id=24268, stack(0x00000090e4900000,0x00000090e4a00000)]
  0x000001a3c4869800 JavaThread "C2 CompilerThread0" daemon [_thread_in_native, id=24248, stack(0x00000090e4a00000,0x00000090e4b00000)]
  0x000001a3c486c000 JavaThread "C1 CompilerThread0" daemon [_thread_in_vm, id=24252, stack(0x00000090e4b00000,0x00000090e4c00000)]
  0x000001a3c4874800 JavaThread "Sweeper thread" daemon [_thread_blocked, id=24152, stack(0x00000090e4c00000,0x00000090e4d00000)]
  0x000001a3c49f7000 JavaThread "Common-Cleaner" daemon [_thread_blocked, id=24160, stack(0x00000090e4d00000,0x00000090e4e00000)]
  0x000001a3c4a1b000 JavaThread "Service Thread" daemon [_thread_blocked, id=3564, stack(0x00000090e4e00000,0x00000090e4f00000)]
  0x000001a3c5e9e000 JavaThread "Daemon health stats" [_thread_blocked, id=15908, stack(0x00000090e5600000,0x00000090e5700000)]
  0x000001a3c602e000 JavaThread "Incoming local TCP Connector on port 60142" [_thread_in_native, id=23680, stack(0x00000090e5800000,0x00000090e5900000)]
  0x000001a3c68bb800 JavaThread "Daemon periodic checks" [_thread_blocked, id=6296, stack(0x00000090e5900000,0x00000090e5a00000)]
  0x000001a3c684c800 JavaThread "Daemon" [_thread_blocked, id=15188, stack(0x00000090e5a00000,0x00000090e5b00000)]
  0x000001a3c68bc000 JavaThread "Handler for socket connection from /127.0.0.1:60142 to /127.0.0.1:60143" [_thread_in_native, id=16232, stack(0x00000090e5b00000,0x00000090e5c00000)]
  0x000001a3c63c0000 JavaThread "Cancel handler" [_thread_blocked, id=9944, stack(0x00000090e5c00000,0x00000090e5d00000)]
  0x000001a3c670e000 JavaThread "Daemon worker" [_thread_blocked, id=12604, stack(0x00000090e5d00000,0x00000090e5e00000)]
  0x000001a3c67cc000 JavaThread "Asynchronous log dispatcher for DefaultDaemonConnection: socket connection from /127.0.0.1:60142 to /127.0.0.1:60143" [_thread_blocked, id=11400, stack(0x00000090e5e00000,0x00000090e5f00000)]
  0x000001a3c670d000 JavaThread "Stdin handler" [_thread_blocked, id=19028, stack(0x00000090e5f00000,0x00000090e6000000)]
  0x000001a3c6457800 JavaThread "Thread-8" [_thread_blocked, id=10916, stack(0x00000090e6000000,0x00000090e6100000)]
  0x000001a3c67bd000 JavaThread "Cache worker for file hash cache (C:\Users\mamal\.gradle\caches\6.7.1\fileHashes)" [_thread_blocked, id=18840, stack(0x00000090e6100000,0x00000090e6200000)]
  0x000001a3c67bd800 JavaThread "File lock request listener" [_thread_in_native, id=22196, stack(0x00000090e6200000,0x00000090e6300000)]
  0x000001a3c67bc000 JavaThread "Cache worker for journal cache (C:\Users\mamal\.gradle\caches\journal-1)" [_thread_blocked, id=11296, stack(0x00000090e6600000,0x00000090e6700000)]
  0x000001a3c67bb000 JavaThread "Cache worker for file hash cache (C:\AndroidProjects\EasyCook\EasyCook\EasyCook\.gradle\6.7.1\fileHashes)" [_thread_blocked, id=19120, stack(0x00000090e6900000,0x00000090e6a00000)]
  0x000001a3c67c0000 JavaThread "Cache worker for checksums cache (C:\AndroidProjects\EasyCook\EasyCook\EasyCook\.gradle\checksums)" [_thread_blocked, id=6516, stack(0x00000090e6a00000,0x00000090e6b00000)]
  0x000001a3c67bf000 JavaThread "Cache worker for cache directory md-supplier (C:\Users\mamal\.gradle\caches\6.7.1\md-supplier)" [_thread_blocked, id=22160, stack(0x00000090e6b00000,0x00000090e6c00000)]
  0x000001a3c67be800 JavaThread "Cache worker for cache directory md-rule (C:\Users\mamal\.gradle\caches\6.7.1\md-rule)" [_thread_blocked, id=5544, stack(0x00000090e6c00000,0x00000090e6d00000)]
  0x000001a3c67c1800 JavaThread "Cache worker for execution history cache (C:\Users\mamal\.gradle\caches\6.7.1\executionHistory)" [_thread_blocked, id=5852, stack(0x00000090e6d00000,0x00000090e6e00000)]
  0x000001a3c67c1000 JavaThread "jar transforms" [_thread_blocked, id=24216, stack(0x00000090e6e00000,0x00000090e6f00000)]
  0x000001a3c7205800 JavaThread "Cache worker for file content cache (C:\Users\mamal\.gradle\caches\6.7.1\fileContent)" [_thread_blocked, id=23924, stack(0x00000090e6f00000,0x00000090e7000000)]
  0x000001a3c7204000 JavaThread "Cache worker for Build Output Cleanup Cache (C:\AndroidProjects\EasyCook\EasyCook\EasyCook\.gradle\buildOutputCleanup)" [_thread_blocked, id=23916, stack(0x00000090e7000000,0x00000090e7100000)]
  0x000001a3c7208000 JavaThread "Build operations" [_thread_blocked, id=23936, stack(0x00000090e7100000,0x00000090e7200000)]
  0x000001a3c7208800 JavaThread "Build operations Thread 2" [_thread_in_Java, id=23960, stack(0x00000090e7200000,0x00000090e7300000)]
  0x000001a3c7207000 JavaThread "Build operations Thread 3" [_thread_blocked, id=23964, stack(0x00000090e7300000,0x00000090e7400000)]
  0x000001a3c7206000 JavaThread "Build operations Thread 4" [_thread_blocked, id=23996, stack(0x00000090e7400000,0x00000090e7500000)]
  0x000001a3c720b000 JavaThread "Build operations Thread 5" [_thread_in_native, id=23952, stack(0x00000090e7500000,0x00000090e7600000)]
  0x000001a3c720c000 JavaThread "Build operations Thread 6" [_thread_blocked, id=23812, stack(0x00000090e7600000,0x00000090e7700000)]
  0x000001a3c7209800 JavaThread "Build operations Thread 7" [_thread_blocked, id=23816, stack(0x00000090e7700000,0x00000090e7800000)]
  0x000001a3c720d000 JavaThread "Build operations Thread 8" [_thread_in_Java, id=23636, stack(0x00000090e7800000,0x00000090e7900000)]
  0x000001a3c720a800 JavaThread "jar transforms Thread 2" [_thread_blocked, id=24020, stack(0x00000090e7900000,0x00000090e7a00000)]
  0x000001a3c720e800 JavaThread "jar transforms Thread 3" [_thread_blocked, id=24016, stack(0x00000090e7a00000,0x00000090e7b00000)]
  0x000001a3c7210000 JavaThread "jar transforms Thread 4" [_thread_blocked, id=23716, stack(0x00000090e7b00000,0x00000090e7c00000)]
  0x000001a3c720d800 JavaThread "jar transforms Thread 5" [_thread_blocked, id=18080, stack(0x00000090e7c00000,0x00000090e7d00000)]
  0x000001a3c7211000 JavaThread "jar transforms Thread 6" [_thread_blocked, id=24084, stack(0x00000090e7d00000,0x00000090e7e00000)]
  0x000001a3c720f000 JavaThread "jar transforms Thread 7" [_thread_blocked, id=13528, stack(0x00000090e7e00000,0x00000090e7f00000)]
  0x000001a3c7211800 JavaThread "jar transforms Thread 8" [_thread_blocked, id=17860, stack(0x00000090e7f00000,0x00000090e8000000)]
  0x000001a3c7212800 JavaThread "jar transforms Thread 9" [_thread_blocked, id=23940, stack(0x00000090e8000000,0x00000090e8100000)]
  0x000001a3c939a000 JavaThread "jar transforms Thread 10" [_thread_blocked, id=23808, stack(0x00000090e8100000,0x00000090e8200000)]
  0x000001a3c939b000 JavaThread "jar transforms Thread 11" [_thread_blocked, id=23804, stack(0x00000090e8200000,0x00000090e8300000)]
  0x000001a3c939b800 JavaThread "jar transforms Thread 12" [_thread_blocked, id=24120, stack(0x00000090e8300000,0x00000090e8400000)]
  0x000001a3c9399800 JavaThread "jar transforms Thread 13" [_thread_blocked, id=24008, stack(0x00000090e8400000,0x00000090e8500000)]
  0x000001a3c939c800 JavaThread "jar transforms Thread 14" [_thread_blocked, id=24012, stack(0x00000090e8500000,0x00000090e8600000)]
  0x000001a3c939e000 JavaThread "jar transforms Thread 15" [_thread_blocked, id=24092, stack(0x00000090e8600000,0x00000090e8700000)]
  0x000001a3c93a0000 JavaThread "jar transforms Thread 16" [_thread_blocked, id=23944, stack(0x00000090e8700000,0x00000090e8800000)]
  0x000001a3c939f000 JavaThread "jar transforms Thread 17" [_thread_blocked, id=24028, stack(0x00000090e8800000,0x00000090e8900000)]
  0x000001a3c939d800 JavaThread "jar transforms Thread 18" [_thread_blocked, id=23920, stack(0x00000090e8900000,0x00000090e8a00000)]
  0x000001a3c93a3000 JavaThread "jar transforms Thread 19" [_thread_blocked, id=24096, stack(0x00000090e8a00000,0x00000090e8b00000)]
  0x000001a3c93a0800 JavaThread "jar transforms Thread 20" [_thread_blocked, id=23832, stack(0x00000090e8b00000,0x00000090e8c00000)]
  0x000001a3c93a1800 JavaThread "jar transforms Thread 21" [_thread_blocked, id=23828, stack(0x00000090e8c00000,0x00000090e8d00000)]
  0x000001a3c93a4000 JavaThread "jar transforms Thread 22" [_thread_blocked, id=23824, stack(0x00000090e8d00000,0x00000090e8e00000)]
  0x000001a3c93a2800 JavaThread "jar transforms Thread 23" [_thread_blocked, id=24128, stack(0x00000090e8e00000,0x00000090e8f00000)]
  0x000001a3c93a4800 JavaThread "jar transforms Thread 24" [_thread_blocked, id=8420, stack(0x00000090e8f00000,0x00000090e9000000)]
  0x000001a3c93a5800 JavaThread "jar transforms Thread 25" [_thread_blocked, id=8388, stack(0x00000090e9000000,0x00000090e9100000)]
  0x000001a3c93a6800 JavaThread "jar transforms Thread 26" [_thread_blocked, id=23180, stack(0x00000090e9100000,0x00000090e9200000)]
  0x000001a3c93a7000 JavaThread "jar transforms Thread 27" [_thread_blocked, id=24192, stack(0x00000090e9200000,0x00000090e9300000)]
  0x000001a3c93a8000 JavaThread "jar transforms Thread 28" [_thread_blocked, id=24196, stack(0x00000090e9300000,0x00000090e9400000)]
  0x000001a3c8b54800 JavaThread "jar transforms Thread 29" [_thread_blocked, id=24200, stack(0x00000090e9400000,0x00000090e9500000)]
  0x000001a3c8b55000 JavaThread "jar transforms Thread 30" [_thread_blocked, id=24208, stack(0x00000090e9500000,0x00000090e9600000)]
  0x000001a3c8b56000 JavaThread "jar transforms Thread 31" [_thread_blocked, id=15720, stack(0x00000090e9600000,0x00000090e9700000)]
  0x000001a3c8b53800 JavaThread "jar transforms Thread 32" [_thread_blocked, id=5520, stack(0x00000090e9700000,0x00000090e9800000)]
  0x000001a3c8b58800 JavaThread "jar transforms Thread 33" [_thread_blocked, id=24140, stack(0x00000090e9800000,0x00000090e9900000)]
  0x000001a3c8b57000 JavaThread "jar transforms Thread 34" [_thread_blocked, id=11096, stack(0x00000090e9900000,0x00000090e9a00000)]
  0x000001a3c8b59000 JavaThread "jar transforms Thread 35" [_thread_blocked, id=23768, stack(0x00000090e9a00000,0x00000090e9b00000)]
  0x000001a3c8b5a000 JavaThread "jar transforms Thread 36" [_thread_blocked, id=14828, stack(0x00000090e9b00000,0x00000090e9c00000)]
  0x000001a3c8b57800 JavaThread "jar transforms Thread 37" [_thread_blocked, id=20792, stack(0x00000090e9c00000,0x00000090e9d00000)]
  0x000001a3c8b5c800 JavaThread "jar transforms Thread 38" [_thread_blocked, id=23008, stack(0x00000090e9d00000,0x00000090e9e00000)]
  0x000001a3c8b5b000 JavaThread "jar transforms Thread 39" [_thread_blocked, id=24144, stack(0x00000090e9e00000,0x00000090e9f00000)]
  0x000001a3c8b5d800 JavaThread "jar transforms Thread 40" [_thread_blocked, id=24180, stack(0x00000090e9f00000,0x00000090ea000000)]
  0x000001a3c8b5b800 JavaThread "jar transforms Thread 41" [_thread_blocked, id=1040, stack(0x00000090ea000000,0x00000090ea100000)]
  0x000001a3c8b5f000 JavaThread "jar transforms Thread 42" [_thread_blocked, id=24256, stack(0x00000090ea100000,0x00000090ea200000)]
  0x000001a3c8b60000 JavaThread "jar transforms Thread 43" [_thread_blocked, id=24136, stack(0x00000090ea200000,0x00000090ea300000)]
  0x000001a3c8b60800 JavaThread "jar transforms Thread 44" [_thread_blocked, id=24272, stack(0x00000090ea300000,0x00000090ea400000)]
  0x000001a3c8b5e000 JavaThread "jar transforms Thread 45" [_thread_blocked, id=24236, stack(0x00000090ea400000,0x00000090ea500000)]
  0x000001a3c8b61800 JavaThread "jar transforms Thread 46" [_thread_blocked, id=24232, stack(0x00000090ea500000,0x00000090ea600000)]
  0x000001a3c8b62000 JavaThread "jar transforms Thread 47" [_thread_blocked, id=24224, stack(0x00000090ea600000,0x00000090ea700000)]
  0x000001a3c8c21800 JavaThread "jar transforms Thread 48" [_thread_blocked, id=24260, stack(0x00000090ea700000,0x00000090ea800000)]
  0x000001a3c8c22800 JavaThread "jar transforms Thread 49" [_thread_blocked, id=24276, stack(0x00000090ea800000,0x00000090ea900000)]
  0x000001a3c8c21000 JavaThread "jar transforms Thread 50" [_thread_blocked, id=24228, stack(0x00000090ea900000,0x00000090eaa00000)]
  0x000001a3c8c25000 JavaThread "jar transforms Thread 51" [_thread_blocked, id=24172, stack(0x00000090eaa00000,0x00000090eab00000)]
  0x000001a3c8c25800 JavaThread "jar transforms Thread 52" [_thread_blocked, id=24168, stack(0x00000090eab00000,0x00000090eac00000)]
  0x000001a3c8c23000 JavaThread "jar transforms Thread 53" [_thread_blocked, id=24164, stack(0x00000090eac00000,0x00000090ead00000)]
  0x000001a3c8c26800 JavaThread "jar transforms Thread 54" [_thread_blocked, id=24292, stack(0x00000090ead00000,0x00000090eae00000)]
  0x000001a3c8c24000 JavaThread "jar transforms Thread 55" [_thread_blocked, id=24132, stack(0x00000090eae00000,0x00000090eaf00000)]
  0x000001a3c8c28000 JavaThread "jar transforms Thread 56" [_thread_blocked, id=7860, stack(0x00000090eaf00000,0x00000090eb000000)]
  0x000001a3c8c2a000 JavaThread "jar transforms Thread 57" [_thread_blocked, id=24184, stack(0x00000090eb000000,0x00000090eb100000)]
  0x000001a3c8c27800 JavaThread "jar transforms Thread 58" [_thread_blocked, id=23900, stack(0x00000090eb100000,0x00000090eb200000)]
  0x000001a3c8c29000 JavaThread "jar transforms Thread 59" [_thread_blocked, id=23772, stack(0x00000090eb200000,0x00000090eb300000)]
  0x000001a3c8c2b800 JavaThread "jar transforms Thread 60" [_thread_blocked, id=24308, stack(0x00000090eb300000,0x00000090eb400000)]
  0x000001a3c8c2a800 JavaThread "jar transforms Thread 61" [_thread_blocked, id=23864, stack(0x00000090eb400000,0x00000090eb500000)]
  0x000001a3c8c2d000 JavaThread "jar transforms Thread 62" [_thread_blocked, id=23948, stack(0x00000090eb500000,0x00000090eb600000)]
  0x000001a3c8c2e000 JavaThread "jar transforms Thread 63" [_thread_blocked, id=15072, stack(0x00000090eb600000,0x00000090eb700000)]
  0x000001a3c8c2e800 JavaThread "jar transforms Thread 64" [_thread_blocked, id=20076, stack(0x00000090eb700000,0x00000090eb800000)]
  0x000001a3c8c2c000 JavaThread "jar transforms Thread 65" [_thread_blocked, id=18744, stack(0x00000090eb800000,0x00000090eb900000)]
  0x000001a3c8c2f800 JavaThread "jar transforms Thread 66" [_thread_blocked, id=24080, stack(0x00000090eb900000,0x00000090eba00000)]
  0x000001a3cb4a0800 JavaThread "jar transforms Thread 67" [_thread_blocked, id=20432, stack(0x00000090eba00000,0x00000090ebb00000)]
  0x000001a3cb49f000 JavaThread "jar transforms Thread 68" [_thread_blocked, id=22688, stack(0x00000090ebb00000,0x00000090ebc00000)]
  0x000001a3cb4a2800 JavaThread "jar transforms Thread 69" [_thread_blocked, id=17624, stack(0x00000090ebc00000,0x00000090ebd00000)]
  0x000001a3cb4a1800 JavaThread "jar transforms Thread 70" [_thread_blocked, id=23992, stack(0x00000090ebd00000,0x00000090ebe00000)]
  0x000001a3cb4a0000 JavaThread "jar transforms Thread 71" [_thread_blocked, id=23980, stack(0x00000090ebe00000,0x00000090ebf00000)]
  0x000001a3cb4a4000 JavaThread "jar transforms Thread 72" [_thread_blocked, id=23972, stack(0x00000090ebf00000,0x00000090ec000000)]
  0x000001a3cb4a4800 JavaThread "jar transforms Thread 73" [_thread_blocked, id=23968, stack(0x00000090ec000000,0x00000090ec100000)]
  0x000001a3cb4a5800 JavaThread "jar transforms Thread 74" [_thread_blocked, id=23884, stack(0x00000090ec100000,0x00000090ec200000)]
  0x000001a3cb4a3000 JavaThread "jar transforms Thread 75" [_thread_blocked, id=23984, stack(0x00000090ec200000,0x00000090ec300000)]
  0x000001a3cb4a7000 JavaThread "jar transforms Thread 76" [_thread_blocked, id=24000, stack(0x00000090ec300000,0x00000090ec400000)]
  0x000001a3cb4a9000 JavaThread "jar transforms Thread 77" [_thread_blocked, id=23988, stack(0x00000090ec400000,0x00000090ec500000)]
  0x000001a3cb4a8000 JavaThread "jar transforms Thread 78" [_thread_blocked, id=23880, stack(0x00000090ec500000,0x00000090ec600000)]
  0x000001a3cb4a6800 JavaThread "jar transforms Thread 79" [_thread_blocked, id=24104, stack(0x00000090ec600000,0x00000090ec700000)]
  0x000001a3cb4ac000 JavaThread "jar transforms Thread 80" [_thread_blocked, id=24332, stack(0x00000090ec700000,0x00000090ec800000)]
  0x000001a3cb4aa800 JavaThread "jar transforms Thread 81" [_thread_blocked, id=17072, stack(0x00000090ec800000,0x00000090ec900000)]
  0x000001a3cb4a9800 JavaThread "jar transforms Thread 82" [_thread_blocked, id=22928, stack(0x00000090ec900000,0x00000090eca00000)]
  0x000001a3cb4ad800 JavaThread "jar transforms Thread 83" [_thread_blocked, id=24352, stack(0x00000090eca00000,0x00000090ecb00000)]
  0x000001a3cb4ad000 JavaThread "jar transforms Thread 84" [_thread_blocked, id=24356, stack(0x00000090ecb00000,0x00000090ecc00000)]
  0x000001a3cb4ab800 JavaThread "jar transforms Thread 85" [_thread_blocked, id=24404, stack(0x00000090ecc00000,0x00000090ecd00000)]
  0x000001a3cb56f000 JavaThread "jar transforms Thread 86" [_thread_blocked, id=24408, stack(0x00000090ecd00000,0x00000090ece00000)]
  0x000001a3cb570000 JavaThread "jar transforms Thread 87" [_thread_blocked, id=24412, stack(0x00000090ece00000,0x00000090ecf00000)]
  0x000001a3cb571000 JavaThread "jar transforms Thread 88" [_thread_blocked, id=24420, stack(0x00000090ecf00000,0x00000090ed000000)]
  0x000001a3cb56e800 JavaThread "jar transforms Thread 89" [_thread_blocked, id=24428, stack(0x00000090ed000000,0x00000090ed100000)]
  0x000001a3cb573800 JavaThread "jar transforms Thread 90" [_thread_blocked, id=24424, stack(0x00000090ed100000,0x00000090ed200000)]
  0x000001a3cb574000 JavaThread "jar transforms Thread 91" [_thread_blocked, id=24376, stack(0x00000090ed200000,0x00000090ed300000)]
  0x000001a3cb571800 JavaThread "jar transforms Thread 92" [_thread_blocked, id=24368, stack(0x00000090ed300000,0x00000090ed400000)]
  0x000001a3cb575000 JavaThread "jar transforms Thread 93" [_thread_blocked, id=24372, stack(0x00000090ed400000,0x00000090ed500000)]
  0x000001a3cb572800 JavaThread "jar transforms Thread 94" [_thread_blocked, id=21928, stack(0x00000090ed500000,0x00000090ed600000)]
  0x000001a3cb576800 JavaThread "jar transforms Thread 95" [_thread_blocked, id=24472, stack(0x00000090ed600000,0x00000090ed700000)]
  0x000001a3cb578000 JavaThread "jar transforms Thread 96" [_thread_blocked, id=24468, stack(0x00000090ed700000,0x00000090ed800000)]
  0x000001a3cb576000 JavaThread "jar transforms Thread 97" [_thread_blocked, id=24488, stack(0x00000090ed800000,0x00000090ed900000)]
=>0x000001a3c4b7c000 JavaThread "C2 CompilerThread1" daemon [_thread_in_native, id=24504, stack(0x00000090e6700000,0x00000090e6800000)]
  0x000001a3cb298000 JavaThread "C2 CompilerThread2" daemon [_thread_blocked, id=24364, stack(0x00000090e6800000,0x00000090e6900000)]
  0x000001a3cb579000 JavaThread "Memory manager" [_thread_blocked, id=24360, stack(0x00000090ed900000,0x00000090eda00000)]
  0x000001a3cb577800 JavaThread "build event listener" [_thread_blocked, id=5092, stack(0x00000090edc00000,0x00000090edd00000)]
  0x000001a3cb57a800 JavaThread "pool-3-thread-1" [_thread_blocked, id=24348, stack(0x00000090edd00000,0x00000090ede00000)]
  0x000001a3cb57c800 JavaThread "build event listener" [_thread_blocked, id=24108, stack(0x00000090ede00000,0x00000090edf00000)]
  0x000001a3cb57b800 JavaThread "Execution worker for ':'" [_thread_blocked, id=24532, stack(0x00000090edf00000,0x00000090ee000000)]
  0x000001a3cb57a000 JavaThread "Execution worker for ':' Thread 2" [_thread_blocked, id=16124, stack(0x00000090ee000000,0x00000090ee100000)]
  0x000001a3cb57d000 JavaThread "Execution worker for ':' Thread 3" [_thread_blocked, id=8372, stack(0x00000090ee100000,0x00000090ee200000)]
  0x000001a3c7465000 JavaThread "Execution worker for ':' Thread 4" [_thread_blocked, id=18588, stack(0x00000090ee200000,0x00000090ee300000)]
  0x000001a3c7464000 JavaThread "Execution worker for ':' Thread 5" [_thread_blocked, id=11524, stack(0x00000090ee300000,0x00000090ee400000)]
  0x000001a3c7462800 JavaThread "Execution worker for ':' Thread 6" [_thread_blocked, id=3568, stack(0x00000090ee400000,0x00000090ee500000)]
  0x000001a3c7466000 JavaThread "Execution worker for ':' Thread 7" [_thread_blocked, id=22272, stack(0x00000090ee500000,0x00000090ee600000)]
  0x000001a3c7463800 JavaThread "Cache worker for execution history cache (C:\AndroidProjects\EasyCook\EasyCook\EasyCook\.gradle\6.7.1\executionHistory)" [_thread_blocked, id=17444, stack(0x00000090ee600000,0x00000090ee700000)]

Other Threads:
  0x000001a3c47fc800 VMThread "VM Thread" [stack: 0x00000090e4500000,0x00000090e4600000] [id=12884]
  0x000001a3c4a1c000 WatcherThread [stack: 0x00000090e4f00000,0x00000090e5000000] [id=13996]
  0x000001a3a9cac000 GCTaskThread "GC Thread#0" [stack: 0x00000090e4000000,0x00000090e4100000] [id=3820]
  0x000001a3c4e07800 GCTaskThread "GC Thread#1" [stack: 0x00000090e5100000,0x00000090e5200000] [id=14504]
  0x000001a3c52c7800 GCTaskThread "GC Thread#2" [stack: 0x00000090e5200000,0x00000090e5300000] [id=24056]
  0x000001a3c52c8800 GCTaskThread "GC Thread#3" [stack: 0x00000090e5300000,0x00000090e5400000] [id=24280]
  0x000001a3c52c9000 GCTaskThread "GC Thread#4" [stack: 0x00000090e5400000,0x00000090e5500000] [id=23888]
  0x000001a3c52c9800 GCTaskThread "GC Thread#5" [stack: 0x00000090e5500000,0x00000090e5600000] [id=24032]
  0x000001a3c675b800 GCTaskThread "GC Thread#6" [stack: 0x00000090e6300000,0x00000090e6400000] [id=7220]
  0x000001a3c6c32800 GCTaskThread "GC Thread#7" [stack: 0x00000090e6400000,0x00000090e6500000] [id=2820]
  0x000001a3a9cdf800 ConcurrentGCThread "G1 Main Marker" [stack: 0x00000090e4100000,0x00000090e4200000] [id=6500]
  0x000001a3a9ce9000 ConcurrentGCThread "G1 Conc#0" [stack: 0x00000090e4200000,0x00000090e4300000] [id=16920]
  0x000001a3c57b1000 ConcurrentGCThread "G1 Conc#1" [stack: 0x00000090e6500000,0x00000090e6600000] [id=24072]
  0x000001a3c3e4f000 ConcurrentGCThread "G1 Refine#0" [stack: 0x00000090e4300000,0x00000090e4400000] [id=6232]
  0x000001a3cbaf2800 ConcurrentGCThread "G1 Refine#1" [stack: 0x00000090eda00000,0x00000090edb00000] [id=24392]
  0x000001a3ca56f800 ConcurrentGCThread "G1 Refine#2" [stack: 0x00000090edb00000,0x00000090edc00000] [id=24432]
  0x000001a3c3e52000 ConcurrentGCThread "G1 Young RemSet Sampling" [stack: 0x00000090e4400000,0x00000090e4500000] [id=22508]

Threads with active compile tasks:
C2 CompilerThread0  11178 7903       4       org.gradle.internal.snapshot.SearchUtil::binarySearch (160 bytes)
C1 CompilerThread0  11178 7916       3       com.esotericsoftware.kryo.io.Output::<init> (26 bytes)
C2 CompilerThread1  11178 7755       4       org.gradle.internal.snapshot.SnapshotUtil::getSnapshotFromChild (41 bytes)
C2 CompilerThread2  11178 7820       4       org.gradle.internal.snapshot.SnapshotUtil::getMetadataFromChildren (317 bytes)

VM state:not at safepoint (normal execution)

VM Mutex/Monitor currently owned by a thread: None

Heap address: 0x0000000080000000, size: 2048 MB, Compressed Oops mode: 32-bit
Narrow klass base: 0x0000000000000000, Narrow klass shift: 3
Compressed class space size: 1073741824 Address: 0x0000000100000000

Heap:
 garbage-first heap   total 258048K, used 128927K [0x0000000080000000, 0x0000000100000000)
  region size 1024K, 88 young (90112K), 10 survivors (10240K)
 Metaspace       used 75425K, capacity 77401K, committed 77644K, reserved 1116160K
  class space    used 9852K, capacity 10550K, committed 10572K, reserved 1048576K
Heap Regions: E=young(eden), S=young(survivor), O=old, HS=humongous(starts), HC=humongous(continues), CS=collection set, F=free, A=archive, TAMS=top-at-mark-start (previous, next)
|   0|0x0000000080000000, 0x0000000080100000, 0x0000000080100000|100%| O|  |TAMS 0x0000000080100000, 0x0000000080000000| Untracked 
|   1|0x0000000080100000, 0x0000000080200000, 0x0000000080200000|100%| O|  |TAMS 0x0000000080200000, 0x0000000080100000| Untracked 
|   2|0x0000000080200000, 0x0000000080300000, 0x0000000080300000|100%| O|  |TAMS 0x0000000080300000, 0x0000000080200000| Untracked 
|   3|0x0000000080300000, 0x0000000080400000, 0x0000000080400000|100%|HS|  |TAMS 0x0000000080400000, 0x0000000080300000| Complete 
|   4|0x0000000080400000, 0x0000000080500000, 0x0000000080500000|100%|HC|  |TAMS 0x0000000080500000, 0x0000000080400000| Complete 
|   5|0x0000000080500000, 0x0000000080600000, 0x0000000080600000|100%|HC|  |TAMS 0x0000000080600000, 0x0000000080500000| Complete 
|   6|0x0000000080600000, 0x0000000080700000, 0x0000000080700000|100%| O|  |TAMS 0x0000000080700000, 0x0000000080600000| Untracked 
|   7|0x0000000080700000, 0x0000000080800000, 0x0000000080800000|100%| O|  |TAMS 0x0000000080800000, 0x0000000080700000| Untracked 
|   8|0x0000000080800000, 0x0000000080900000, 0x0000000080900000|100%| O|  |TAMS 0x0000000080900000, 0x0000000080800000| Untracked 
|   9|0x0000000080900000, 0x0000000080a00000, 0x0000000080a00000|100%| O|  |TAMS 0x0000000080a00000, 0x0000000080900000| Untracked 
|  10|0x0000000080a00000, 0x0000000080b00000, 0x0000000080b00000|100%| O|  |TAMS 0x0000000080b00000, 0x0000000080a00000| Untracked 
|  11|0x0000000080b00000, 0x0000000080c00000, 0x0000000080c00000|100%| O|  |TAMS 0x0000000080c00000, 0x0000000080b00000| Untracked 
|  12|0x0000000080c00000, 0x0000000080d00000, 0x0000000080d00000|100%| O|  |TAMS 0x0000000080d00000, 0x0000000080c00000| Untracked 
|  13|0x0000000080d00000, 0x0000000080e00000, 0x0000000080e00000|100%| O|  |TAMS 0x0000000080e00000, 0x0000000080d00000| Untracked 
|  14|0x0000000080e00000, 0x0000000080f00000, 0x0000000080f00000|100%| O|  |TAMS 0x0000000080f00000, 0x0000000080e00000| Untracked 
|  15|0x0000000080f00000, 0x0000000081000000, 0x0000000081000000|100%| O|  |TAMS 0x0000000081000000, 0x0000000080f00000| Untracked 
|  16|0x0000000081000000, 0x0000000081100000, 0x0000000081100000|100%|HS|  |TAMS 0x0000000081100000, 0x0000000081000000| Complete 
|  17|0x0000000081100000, 0x0000000081200000, 0x0000000081200000|100%|HS|  |TAMS 0x0000000081200000, 0x0000000081100000| Complete 
|  18|0x0000000081200000, 0x0000000081300000, 0x0000000081300000|100%|HC|  |TAMS 0x0000000081300000, 0x0000000081200000| Complete 
|  19|0x0000000081300000, 0x0000000081400000, 0x0000000081400000|100%| O|  |TAMS 0x0000000081300000, 0x0000000081300000| Untracked 
|  20|0x0000000081400000, 0x0000000081500000, 0x0000000081500000|100%| O|  |TAMS 0x0000000081500000, 0x0000000081400000| Untracked 
|  21|0x0000000081500000, 0x0000000081600000, 0x0000000081600000|100%| O|  |TAMS 0x0000000081600000, 0x0000000081500000| Untracked 
|  22|0x0000000081600000, 0x0000000081700000, 0x0000000081700000|100%| O|  |TAMS 0x0000000081700000, 0x0000000081600000| Untracked 
|  23|0x0000000081700000, 0x0000000081800000, 0x0000000081800000|100%| O|  |TAMS 0x0000000081773a00, 0x0000000081700000| Untracked 
|  24|0x0000000081800000, 0x0000000081900000, 0x0000000081900000|100%| O|  |TAMS 0x0000000081800000, 0x0000000081800000| Untracked 
|  25|0x0000000081900000, 0x0000000081a00000, 0x0000000081a00000|100%| O|  |TAMS 0x0000000081900000, 0x0000000081900000| Untracked 
|  26|0x0000000081a00000, 0x0000000081b00000, 0x0000000081b00000|100%| O|  |TAMS 0x0000000081a00000, 0x0000000081a00000| Untracked 
|  27|0x0000000081b00000, 0x0000000081c00000, 0x0000000081c00000|100%| O|  |TAMS 0x0000000081b00000, 0x0000000081b00000| Untracked 
|  28|0x0000000081c00000, 0x0000000081d00000, 0x0000000081d00000|100%| O|  |TAMS 0x0000000081c00000, 0x0000000081c00000| Untracked 
|  29|0x0000000081d00000, 0x0000000081e00000, 0x0000000081e00000|100%| O|  |TAMS 0x0000000081d00000, 0x0000000081d00000| Untracked 
|  30|0x0000000081e00000, 0x0000000081f00000, 0x0000000081f00000|100%| O|  |TAMS 0x0000000081e00000, 0x0000000081e00000| Untracked 
|  31|0x0000000081f00000, 0x0000000082000000, 0x0000000082000000|100%| O|  |TAMS 0x0000000081f00000, 0x0000000081f00000| Untracked 
|  32|0x0000000082000000, 0x0000000082100000, 0x0000000082100000|100%| O|  |TAMS 0x0000000082000000, 0x0000000082000000| Untracked 
|  33|0x0000000082100000, 0x0000000082200000, 0x0000000082200000|100%| O|  |TAMS 0x0000000082100000, 0x0000000082100000| Untracked 
|  34|0x0000000082200000, 0x0000000082300000, 0x0000000082300000|100%| O|  |TAMS 0x0000000082200000, 0x0000000082200000| Untracked 
|  35|0x0000000082300000, 0x0000000082400000, 0x0000000082400000|100%| O|  |TAMS 0x0000000082300000, 0x0000000082300000| Untracked 
|  36|0x0000000082400000, 0x0000000082500000, 0x0000000082500000|100%| O|  |TAMS 0x0000000082400000, 0x0000000082400000| Untracked 
|  37|0x0000000082500000, 0x0000000082600000, 0x0000000082600000|100%| O|  |TAMS 0x0000000082500000, 0x0000000082500000| Untracked 
|  38|0x0000000082600000, 0x0000000082700000, 0x0000000082700000|100%| O|  |TAMS 0x0000000082600000, 0x0000000082600000| Untracked 
|  39|0x0000000082700000, 0x0000000082800000, 0x0000000082800000|100%| O|  |TAMS 0x0000000082700000, 0x0000000082700000| Untracked 
|  40|0x0000000082800000, 0x0000000082837800, 0x0000000082900000| 21%| O|  |TAMS 0x0000000082800000, 0x0000000082800000| Untracked 
|  41|0x0000000082900000, 0x0000000082900000, 0x0000000082a00000|  0%| F|  |TAMS 0x0000000082900000, 0x0000000082900000| Untracked 
|  42|0x0000000082a00000, 0x0000000082a00000, 0x0000000082b00000|  0%| F|  |TAMS 0x0000000082a00000, 0x0000000082a00000| Untracked 
|  43|0x0000000082b00000, 0x0000000082b00000, 0x0000000082c00000|  0%| F|  |TAMS 0x0000000082b00000, 0x0000000082b00000| Untracked 
|  44|0x0000000082c00000, 0x0000000082c00000, 0x0000000082d00000|  0%| F|  |TAMS 0x0000000082c00000, 0x0000000082c00000| Untracked 
|  45|0x0000000082d00000, 0x0000000082d00000, 0x0000000082e00000|  0%| F|  |TAMS 0x0000000082d00000, 0x0000000082d00000| Untracked 
|  46|0x0000000082e00000, 0x0000000082e00000, 0x0000000082f00000|  0%| F|  |TAMS 0x0000000082e00000, 0x0000000082e00000| Untracked 
|  47|0x0000000082f00000, 0x0000000082f00000, 0x0000000083000000|  0%| F|  |TAMS 0x0000000082f00000, 0x0000000082f00000| Untracked 
|  48|0x0000000083000000, 0x0000000083000000, 0x0000000083100000|  0%| F|  |TAMS 0x0000000083000000, 0x0000000083000000| Untracked 
|  49|0x0000000083100000, 0x0000000083100000, 0x0000000083200000|  0%| F|  |TAMS 0x0000000083100000, 0x0000000083100000| Untracked 
|  50|0x0000000083200000, 0x0000000083200000, 0x0000000083300000|  0%| F|  |TAMS 0x0000000083200000, 0x0000000083200000| Untracked 
|  51|0x0000000083300000, 0x0000000083300000, 0x0000000083400000|  0%| F|  |TAMS 0x0000000083300000, 0x0000000083300000| Untracked 
|  52|0x0000000083400000, 0x0000000083400000, 0x0000000083500000|  0%| F|  |TAMS 0x0000000083400000, 0x0000000083400000| Untracked 
|  53|0x0000000083500000, 0x0000000083500000, 0x0000000083600000|  0%| F|  |TAMS 0x0000000083500000, 0x0000000083500000| Untracked 
|  54|0x0000000083600000, 0x0000000083600000, 0x0000000083700000|  0%| F|  |TAMS 0x0000000083600000, 0x0000000083600000| Untracked 
|  55|0x0000000083700000, 0x0000000083700000, 0x0000000083800000|  0%| F|  |TAMS 0x0000000083700000, 0x0000000083700000| Untracked 
|  56|0x0000000083800000, 0x0000000083800000, 0x0000000083900000|  0%| F|  |TAMS 0x0000000083800000, 0x0000000083800000| Untracked 
|  57|0x0000000083900000, 0x0000000083900000, 0x0000000083a00000|  0%| F|  |TAMS 0x0000000083900000, 0x0000000083900000| Untracked 
|  58|0x0000000083a00000, 0x0000000083a00000, 0x0000000083b00000|  0%| F|  |TAMS 0x0000000083a00000, 0x0000000083a00000| Untracked 
|  59|0x0000000083b00000, 0x0000000083b00000, 0x0000000083c00000|  0%| F|  |TAMS 0x0000000083b00000, 0x0000000083b00000| Untracked 
|  60|0x0000000083c00000, 0x0000000083c00000, 0x0000000083d00000|  0%| F|  |TAMS 0x0000000083c00000, 0x0000000083c00000| Untracked 
|  61|0x0000000083d00000, 0x0000000083d00000, 0x0000000083e00000|  0%| F|  |TAMS 0x0000000083d00000, 0x0000000083d00000| Untracked 
|  62|0x0000000083e00000, 0x0000000083e00000, 0x0000000083f00000|  0%| F|  |TAMS 0x0000000083e00000, 0x0000000083e00000| Untracked 
|  63|0x0000000083f00000, 0x0000000083f00000, 0x0000000084000000|  0%| F|  |TAMS 0x0000000083f00000, 0x0000000083f00000| Untracked 
|  64|0x0000000084000000, 0x0000000084000000, 0x0000000084100000|  0%| F|  |TAMS 0x0000000084000000, 0x0000000084000000| Untracked 
|  65|0x0000000084100000, 0x0000000084100000, 0x0000000084200000|  0%| F|  |TAMS 0x0000000084100000, 0x0000000084100000| Untracked 
|  66|0x0000000084200000, 0x0000000084200000, 0x0000000084300000|  0%| F|  |TAMS 0x0000000084200000, 0x0000000084200000| Untracked 
|  67|0x0000000084300000, 0x0000000084300000, 0x0000000084400000|  0%| F|  |TAMS 0x0000000084300000, 0x0000000084300000| Untracked 
|  68|0x0000000084400000, 0x0000000084400000, 0x0000000084500000|  0%| F|  |TAMS 0x0000000084400000, 0x0000000084400000| Untracked 
|  69|0x0000000084500000, 0x0000000084500000, 0x0000000084600000|  0%| F|  |TAMS 0x0000000084500000, 0x0000000084500000| Untracked 
|  70|0x0000000084600000, 0x0000000084600000, 0x0000000084700000|  0%| F|  |TAMS 0x0000000084600000, 0x0000000084600000| Untracked 
|  71|0x0000000084700000, 0x0000000084700000, 0x0000000084800000|  0%| F|  |TAMS 0x0000000084700000, 0x0000000084700000| Untracked 
|  72|0x0000000084800000, 0x0000000084800000, 0x0000000084900000|  0%| F|  |TAMS 0x0000000084800000, 0x0000000084800000| Untracked 
|  73|0x0000000084900000, 0x0000000084900000, 0x0000000084a00000|  0%| F|  |TAMS 0x0000000084900000, 0x0000000084900000| Untracked 
|  74|0x0000000084a00000, 0x0000000084a00000, 0x0000000084b00000|  0%| F|  |TAMS 0x0000000084a00000, 0x0000000084a00000| Untracked 
|  75|0x0000000084b00000, 0x0000000084b00000, 0x0000000084c00000|  0%| F|  |TAMS 0x0000000084b00000, 0x0000000084b00000| Untracked 
|  76|0x0000000084c00000, 0x0000000084c00000, 0x0000000084d00000|  0%| F|  |TAMS 0x0000000084c00000, 0x0000000084c00000| Untracked 
|  77|0x0000000084d00000, 0x0000000084d00000, 0x0000000084e00000|  0%| F|  |TAMS 0x0000000084d00000, 0x0000000084d00000| Untracked 
|  78|0x0000000084e00000, 0x0000000084e00000, 0x0000000084f00000|  0%| F|  |TAMS 0x0000000084e00000, 0x0000000084e00000| Untracked 
|  79|0x0000000084f00000, 0x0000000084f00000, 0x0000000085000000|  0%| F|  |TAMS 0x0000000084f00000, 0x0000000084f00000| Untracked 
|  80|0x0000000085000000, 0x0000000085000000, 0x0000000085100000|  0%| F|  |TAMS 0x0000000085000000, 0x0000000085000000| Untracked 
|  81|0x0000000085100000, 0x0000000085100000, 0x0000000085200000|  0%| F|  |TAMS 0x0000000085100000, 0x0000000085100000| Untracked 
|  82|0x0000000085200000, 0x0000000085200000, 0x0000000085300000|  0%| F|  |TAMS 0x0000000085200000, 0x0000000085200000| Untracked 
|  83|0x0000000085300000, 0x0000000085300000, 0x0000000085400000|  0%| F|  |TAMS 0x0000000085300000, 0x0000000085300000| Untracked 
|  84|0x0000000085400000, 0x0000000085400000, 0x0000000085500000|  0%| F|  |TAMS 0x0000000085400000, 0x0000000085400000| Untracked 
|  85|0x0000000085500000, 0x0000000085500000, 0x0000000085600000|  0%| F|  |TAMS 0x0000000085500000, 0x0000000085500000| Untracked 
|  86|0x0000000085600000, 0x0000000085600000, 0x0000000085700000|  0%| F|  |TAMS 0x0000000085600000, 0x0000000085600000| Untracked 
|  87|0x0000000085700000, 0x0000000085700000, 0x0000000085800000|  0%| F|  |TAMS 0x0000000085700000, 0x0000000085700000| Untracked 
|  88|0x0000000085800000, 0x0000000085800000, 0x0000000085900000|  0%| F|  |TAMS 0x0000000085800000, 0x0000000085800000| Untracked 
|  89|0x0000000085900000, 0x0000000085900000, 0x0000000085a00000|  0%| F|  |TAMS 0x0000000085900000, 0x0000000085900000| Untracked 
|  90|0x0000000085a00000, 0x0000000085a00000, 0x0000000085b00000|  0%| F|  |TAMS 0x0000000085a00000, 0x0000000085a00000| Untracked 
|  91|0x0000000085b00000, 0x0000000085b00000, 0x0000000085c00000|  0%| F|  |TAMS 0x0000000085b00000, 0x0000000085b00000| Untracked 
|  92|0x0000000085c00000, 0x0000000085c00000, 0x0000000085d00000|  0%| F|  |TAMS 0x0000000085c00000, 0x0000000085c00000| Untracked 
|  93|0x0000000085d00000, 0x0000000085d00000, 0x0000000085e00000|  0%| F|  |TAMS 0x0000000085d00000, 0x0000000085d00000| Untracked 
|  94|0x0000000085e00000, 0x0000000085e00000, 0x0000000085f00000|  0%| F|  |TAMS 0x0000000085e00000, 0x0000000085e00000| Untracked 
|  95|0x0000000085f00000, 0x0000000085f00000, 0x0000000086000000|  0%| F|  |TAMS 0x0000000085f00000, 0x0000000085f00000| Untracked 
|  96|0x0000000086000000, 0x0000000086000000, 0x0000000086100000|  0%| F|  |TAMS 0x0000000086000000, 0x0000000086000000| Untracked 
|  97|0x0000000086100000, 0x0000000086100000, 0x0000000086200000|  0%| F|  |TAMS 0x0000000086100000, 0x0000000086100000| Untracked 
|  98|0x0000000086200000, 0x0000000086200000, 0x0000000086300000|  0%| F|  |TAMS 0x0000000086200000, 0x0000000086200000| Untracked 
|  99|0x0000000086300000, 0x0000000086300000, 0x0000000086400000|  0%| F|  |TAMS 0x0000000086300000, 0x0000000086300000| Untracked 
| 100|0x0000000086400000, 0x0000000086400000, 0x0000000086500000|  0%| F|  |TAMS 0x0000000086400000, 0x0000000086400000| Untracked 
| 101|0x0000000086500000, 0x0000000086500000, 0x0000000086600000|  0%| F|  |TAMS 0x0000000086500000, 0x0000000086500000| Untracked 
| 102|0x0000000086600000, 0x0000000086600000, 0x0000000086700000|  0%| F|  |TAMS 0x0000000086600000, 0x0000000086600000| Untracked 
| 103|0x0000000086700000, 0x0000000086700000, 0x0000000086800000|  0%| F|  |TAMS 0x0000000086700000, 0x0000000086700000| Untracked 
| 104|0x0000000086800000, 0x0000000086800000, 0x0000000086900000|  0%| F|  |TAMS 0x0000000086800000, 0x0000000086800000| Untracked 
| 105|0x0000000086900000, 0x0000000086900000, 0x0000000086a00000|  0%| F|  |TAMS 0x0000000086900000, 0x0000000086900000| Untracked 
| 106|0x0000000086a00000, 0x0000000086a00000, 0x0000000086b00000|  0%| F|  |TAMS 0x0000000086a00000, 0x0000000086a00000| Untracked 
| 107|0x0000000086b00000, 0x0000000086b00000, 0x0000000086c00000|  0%| F|  |TAMS 0x0000000086b00000, 0x0000000086b00000| Untracked 
| 108|0x0000000086c00000, 0x0000000086c00000, 0x0000000086d00000|  0%| F|  |TAMS 0x0000000086c00000, 0x0000000086c00000| Untracked 
| 109|0x0000000086d00000, 0x0000000086d00000, 0x0000000086e00000|  0%| F|  |TAMS 0x0000000086d00000, 0x0000000086d00000| Untracked 
| 110|0x0000000086e00000, 0x0000000086eb0470, 0x0000000086f00000| 68%| S|CS|TAMS 0x0000000086e00000, 0x0000000086e00000| Complete 
| 111|0x0000000086f00000, 0x0000000087000000, 0x0000000087000000|100%| S|CS|TAMS 0x0000000086f00000, 0x0000000086f00000| Complete 
| 112|0x0000000087000000, 0x0000000087100000, 0x0000000087100000|100%| S|CS|TAMS 0x0000000087000000, 0x0000000087000000| Complete 
| 113|0x0000000087100000, 0x0000000087200000, 0x0000000087200000|100%| S|CS|TAMS 0x0000000087100000, 0x0000000087100000| Complete 
| 114|0x0000000087200000, 0x0000000087300000, 0x0000000087300000|100%| S|CS|TAMS 0x0000000087200000, 0x0000000087200000| Complete 
| 115|0x0000000087300000, 0x0000000087400000, 0x0000000087400000|100%| S|CS|TAMS 0x0000000087300000, 0x0000000087300000| Complete 
| 116|0x0000000087400000, 0x0000000087500000, 0x0000000087500000|100%| S|CS|TAMS 0x0000000087400000, 0x0000000087400000| Complete 
| 117|0x0000000087500000, 0x0000000087600000, 0x0000000087600000|100%| S|CS|TAMS 0x0000000087500000, 0x0000000087500000| Complete 
| 118|0x0000000087600000, 0x0000000087700000, 0x0000000087700000|100%| S|CS|TAMS 0x0000000087600000, 0x0000000087600000| Complete 
| 119|0x0000000087700000, 0x0000000087800000, 0x0000000087800000|100%| S|CS|TAMS 0x0000000087700000, 0x0000000087700000| Complete 
| 120|0x0000000087800000, 0x0000000087800000, 0x0000000087900000|  0%| F|  |TAMS 0x0000000087800000, 0x0000000087800000| Untracked 
| 121|0x0000000087900000, 0x0000000087900000, 0x0000000087a00000|  0%| F|  |TAMS 0x0000000087900000, 0x0000000087900000| Untracked 
| 122|0x0000000087a00000, 0x0000000087a00000, 0x0000000087b00000|  0%| F|  |TAMS 0x0000000087a00000, 0x0000000087a00000| Untracked 
| 123|0x0000000087b00000, 0x0000000087b00000, 0x0000000087c00000|  0%| F|  |TAMS 0x0000000087b00000, 0x0000000087b00000| Untracked 
| 124|0x0000000087c00000, 0x0000000087c00000, 0x0000000087d00000|  0%| F|  |TAMS 0x0000000087c00000, 0x0000000087c00000| Untracked 
| 125|0x0000000087d00000, 0x0000000087d00000, 0x0000000087e00000|  0%| F|  |TAMS 0x0000000087d00000, 0x0000000087d00000| Untracked 
| 126|0x0000000087e00000, 0x0000000087e00000, 0x0000000087f00000|  0%| F|  |TAMS 0x0000000087e00000, 0x0000000087e00000| Untracked 
| 127|0x0000000087f00000, 0x0000000087f00000, 0x0000000088000000|  0%| F|  |TAMS 0x0000000087f00000, 0x0000000087f00000| Untracked 
| 128|0x0000000088000000, 0x0000000088000000, 0x0000000088100000|  0%| F|  |TAMS 0x0000000088000000, 0x0000000088000000| Untracked 
| 129|0x0000000088100000, 0x0000000088100000, 0x0000000088200000|  0%| F|  |TAMS 0x0000000088100000, 0x0000000088100000| Untracked 
| 130|0x0000000088200000, 0x0000000088200000, 0x0000000088300000|  0%| F|  |TAMS 0x0000000088200000, 0x0000000088200000| Untracked 
| 131|0x0000000088300000, 0x0000000088300000, 0x0000000088400000|  0%| F|  |TAMS 0x0000000088300000, 0x0000000088300000| Untracked 
| 132|0x0000000088400000, 0x0000000088400000, 0x0000000088500000|  0%| F|  |TAMS 0x0000000088400000, 0x0000000088400000| Untracked 
| 133|0x0000000088500000, 0x0000000088500000, 0x0000000088600000|  0%| F|  |TAMS 0x0000000088500000, 0x0000000088500000| Untracked 
| 134|0x0000000088600000, 0x0000000088600000, 0x0000000088700000|  0%| F|  |TAMS 0x0000000088600000, 0x0000000088600000| Untracked 
| 135|0x0000000088700000, 0x0000000088700000, 0x0000000088800000|  0%| F|  |TAMS 0x0000000088700000, 0x0000000088700000| Untracked 
| 136|0x0000000088800000, 0x0000000088800000, 0x0000000088900000|  0%| F|  |TAMS 0x0000000088800000, 0x0000000088800000| Untracked 
| 137|0x0000000088900000, 0x0000000088900000, 0x0000000088a00000|  0%| F|  |TAMS 0x0000000088900000, 0x0000000088900000| Untracked 
| 138|0x0000000088a00000, 0x0000000088a00000, 0x0000000088b00000|  0%| F|  |TAMS 0x0000000088a00000, 0x0000000088a00000| Untracked 
| 139|0x0000000088b00000, 0x0000000088b00000, 0x0000000088c00000|  0%| F|  |TAMS 0x0000000088b00000, 0x0000000088b00000| Untracked 
| 140|0x0000000088c00000, 0x0000000088c00000, 0x0000000088d00000|  0%| F|  |TAMS 0x0000000088c00000, 0x0000000088c00000| Untracked 
| 141|0x0000000088d00000, 0x0000000088d00000, 0x0000000088e00000|  0%| F|  |TAMS 0x0000000088d00000, 0x0000000088d00000| Untracked 
| 142|0x0000000088e00000, 0x0000000088e00000, 0x0000000088f00000|  0%| F|  |TAMS 0x0000000088e00000, 0x0000000088e00000| Untracked 
| 143|0x0000000088f00000, 0x0000000088f00000, 0x0000000089000000|  0%| F|  |TAMS 0x0000000088f00000, 0x0000000088f00000| Untracked 
| 144|0x0000000089000000, 0x0000000089000000, 0x0000000089100000|  0%| F|  |TAMS 0x0000000089000000, 0x0000000089000000| Untracked 
| 145|0x0000000089100000, 0x0000000089100000, 0x0000000089200000|  0%| F|  |TAMS 0x0000000089100000, 0x0000000089100000| Untracked 
| 146|0x0000000089200000, 0x0000000089200000, 0x0000000089300000|  0%| F|  |TAMS 0x0000000089200000, 0x0000000089200000| Untracked 
| 147|0x0000000089300000, 0x0000000089300000, 0x0000000089400000|  0%| F|  |TAMS 0x0000000089300000, 0x0000000089300000| Untracked 
| 148|0x0000000089400000, 0x0000000089400000, 0x0000000089500000|  0%| F|  |TAMS 0x0000000089400000, 0x0000000089400000| Untracked 
| 149|0x0000000089500000, 0x0000000089500000, 0x0000000089600000|  0%| F|  |TAMS 0x0000000089500000, 0x0000000089500000| Untracked 
| 150|0x0000000089600000, 0x0000000089600000, 0x0000000089700000|  0%| F|  |TAMS 0x0000000089600000, 0x0000000089600000| Untracked 
| 151|0x0000000089700000, 0x0000000089700000, 0x0000000089800000|  0%| F|  |TAMS 0x0000000089700000, 0x0000000089700000| Untracked 
| 152|0x0000000089800000, 0x0000000089800000, 0x0000000089900000|  0%| F|  |TAMS 0x0000000089800000, 0x0000000089800000| Untracked 
| 153|0x0000000089900000, 0x0000000089900000, 0x0000000089a00000|  0%| F|  |TAMS 0x0000000089900000, 0x0000000089900000| Untracked 
| 154|0x0000000089a00000, 0x0000000089a00000, 0x0000000089b00000|  0%| F|  |TAMS 0x0000000089a00000, 0x0000000089a00000| Untracked 
| 155|0x0000000089b00000, 0x0000000089b00000, 0x0000000089c00000|  0%| F|  |TAMS 0x0000000089b00000, 0x0000000089b00000| Untracked 
| 156|0x0000000089c00000, 0x0000000089c00000, 0x0000000089d00000|  0%| F|  |TAMS 0x0000000089c00000, 0x0000000089c00000| Untracked 
| 157|0x0000000089d00000, 0x0000000089d00000, 0x0000000089e00000|  0%| F|  |TAMS 0x0000000089d00000, 0x0000000089d00000| Untracked 
| 158|0x0000000089e00000, 0x0000000089e00000, 0x0000000089f00000|  0%| F|  |TAMS 0x0000000089e00000, 0x0000000089e00000| Untracked 
| 159|0x0000000089f00000, 0x0000000089f00000, 0x000000008a000000|  0%| F|  |TAMS 0x0000000089f00000, 0x0000000089f00000| Untracked 
| 160|0x000000008a000000, 0x000000008a000000, 0x000000008a100000|  0%| F|  |TAMS 0x000000008a000000, 0x000000008a000000| Untracked 
| 161|0x000000008a100000, 0x000000008a100000, 0x000000008a200000|  0%| F|  |TAMS 0x000000008a100000, 0x000000008a100000| Untracked 
| 162|0x000000008a200000, 0x000000008a200000, 0x000000008a300000|  0%| F|  |TAMS 0x000000008a200000, 0x000000008a200000| Untracked 
| 163|0x000000008a300000, 0x000000008a300000, 0x000000008a400000|  0%| F|  |TAMS 0x000000008a300000, 0x000000008a300000| Untracked 
| 164|0x000000008a400000, 0x000000008a400000, 0x000000008a500000|  0%| F|  |TAMS 0x000000008a400000, 0x000000008a400000| Untracked 
| 165|0x000000008a500000, 0x000000008a500000, 0x000000008a600000|  0%| F|  |TAMS 0x000000008a500000, 0x000000008a500000| Untracked 
| 166|0x000000008a600000, 0x000000008a600000, 0x000000008a700000|  0%| F|  |TAMS 0x000000008a600000, 0x000000008a600000| Untracked 
| 167|0x000000008a700000, 0x000000008a700000, 0x000000008a800000|  0%| F|  |TAMS 0x000000008a700000, 0x000000008a700000| Untracked 
| 168|0x000000008a800000, 0x000000008a800000, 0x000000008a900000|  0%| F|  |TAMS 0x000000008a800000, 0x000000008a800000| Untracked 
| 169|0x000000008a900000, 0x000000008a900000, 0x000000008aa00000|  0%| F|  |TAMS 0x000000008a900000, 0x000000008a900000| Untracked 
| 170|0x000000008aa00000, 0x000000008aa00000, 0x000000008ab00000|  0%| F|  |TAMS 0x000000008aa00000, 0x000000008aa00000| Untracked 
| 171|0x000000008ab00000, 0x000000008ab00000, 0x000000008ac00000|  0%| F|  |TAMS 0x000000008ab00000, 0x000000008ab00000| Untracked 
| 172|0x000000008ac00000, 0x000000008ac00000, 0x000000008ad00000|  0%| F|  |TAMS 0x000000008ac00000, 0x000000008ac00000| Untracked 
| 173|0x000000008ad00000, 0x000000008adbe260, 0x000000008ae00000| 74%| E|  |TAMS 0x000000008ad00000, 0x000000008ad00000| Complete 
| 174|0x000000008ae00000, 0x000000008af00000, 0x000000008af00000|100%| E|CS|TAMS 0x000000008ae00000, 0x000000008ae00000| Complete 
| 175|0x000000008af00000, 0x000000008b000000, 0x000000008b000000|100%| E|CS|TAMS 0x000000008af00000, 0x000000008af00000| Complete 
| 176|0x000000008b000000, 0x000000008b100000, 0x000000008b100000|100%| E|CS|TAMS 0x000000008b000000, 0x000000008b000000| Complete 
| 177|0x000000008b100000, 0x000000008b200000, 0x000000008b200000|100%| E|CS|TAMS 0x000000008b100000, 0x000000008b100000| Complete 
| 178|0x000000008b200000, 0x000000008b300000, 0x000000008b300000|100%| E|CS|TAMS 0x000000008b200000, 0x000000008b200000| Complete 
| 179|0x000000008b300000, 0x000000008b400000, 0x000000008b400000|100%| E|CS|TAMS 0x000000008b300000, 0x000000008b300000| Complete 
| 180|0x000000008b400000, 0x000000008b500000, 0x000000008b500000|100%| E|CS|TAMS 0x000000008b400000, 0x000000008b400000| Complete 
| 181|0x000000008b500000, 0x000000008b600000, 0x000000008b600000|100%| E|CS|TAMS 0x000000008b500000, 0x000000008b500000| Complete 
| 182|0x000000008b600000, 0x000000008b700000, 0x000000008b700000|100%| E|CS|TAMS 0x000000008b600000, 0x000000008b600000| Complete 
| 183|0x000000008b700000, 0x000000008b800000, 0x000000008b800000|100%| E|CS|TAMS 0x000000008b700000, 0x000000008b700000| Complete 
| 184|0x000000008b800000, 0x000000008b900000, 0x000000008b900000|100%| E|CS|TAMS 0x000000008b800000, 0x000000008b800000| Complete 
| 185|0x000000008b900000, 0x000000008ba00000, 0x000000008ba00000|100%| E|CS|TAMS 0x000000008b900000, 0x000000008b900000| Complete 
| 186|0x000000008ba00000, 0x000000008bb00000, 0x000000008bb00000|100%| E|CS|TAMS 0x000000008ba00000, 0x000000008ba00000| Complete 
| 187|0x000000008bb00000, 0x000000008bc00000, 0x000000008bc00000|100%| E|CS|TAMS 0x000000008bb00000, 0x000000008bb00000| Complete 
| 188|0x000000008bc00000, 0x000000008bd00000, 0x000000008bd00000|100%| E|CS|TAMS 0x000000008bc00000, 0x000000008bc00000| Complete 
| 189|0x000000008bd00000, 0x000000008be00000, 0x000000008be00000|100%| E|  |TAMS 0x000000008bd00000, 0x000000008bd00000| Complete 
| 190|0x000000008be00000, 0x000000008bf00000, 0x000000008bf00000|100%| E|CS|TAMS 0x000000008be00000, 0x000000008be00000| Complete 
| 191|0x000000008bf00000, 0x000000008c000000, 0x000000008c000000|100%| E|CS|TAMS 0x000000008bf00000, 0x000000008bf00000| Complete 
| 192|0x000000008c000000, 0x000000008c100000, 0x000000008c100000|100%| E|CS|TAMS 0x000000008c000000, 0x000000008c000000| Complete 
| 193|0x000000008c100000, 0x000000008c200000, 0x000000008c200000|100%| E|CS|TAMS 0x000000008c100000, 0x000000008c100000| Complete 
| 194|0x000000008c200000, 0x000000008c300000, 0x000000008c300000|100%| E|CS|TAMS 0x000000008c200000, 0x000000008c200000| Complete 
| 195|0x000000008c300000, 0x000000008c400000, 0x000000008c400000|100%| E|CS|TAMS 0x000000008c300000, 0x000000008c300000| Complete 
| 196|0x000000008c400000, 0x000000008c500000, 0x000000008c500000|100%| E|CS|TAMS 0x000000008c400000, 0x000000008c400000| Complete 
| 197|0x000000008c500000, 0x000000008c600000, 0x000000008c600000|100%| E|CS|TAMS 0x000000008c500000, 0x000000008c500000| Complete 
| 198|0x000000008c600000, 0x000000008c700000, 0x000000008c700000|100%| E|CS|TAMS 0x000000008c600000, 0x000000008c600000| Complete 
| 199|0x000000008c700000, 0x000000008c800000, 0x000000008c800000|100%| E|CS|TAMS 0x000000008c700000, 0x000000008c700000| Complete 
| 200|0x000000008c800000, 0x000000008c900000, 0x000000008c900000|100%| E|CS|TAMS 0x000000008c800000, 0x000000008c800000| Complete 
| 201|0x000000008c900000, 0x000000008ca00000, 0x000000008ca00000|100%| E|CS|TAMS 0x000000008c900000, 0x000000008c900000| Complete 
| 202|0x000000008ca00000, 0x000000008cb00000, 0x000000008cb00000|100%| E|CS|TAMS 0x000000008ca00000, 0x000000008ca00000| Complete 
| 203|0x000000008cb00000, 0x000000008cc00000, 0x000000008cc00000|100%| E|CS|TAMS 0x000000008cb00000, 0x000000008cb00000| Complete 
| 204|0x000000008cc00000, 0x000000008cd00000, 0x000000008cd00000|100%| E|CS|TAMS 0x000000008cc00000, 0x000000008cc00000| Complete 
| 205|0x000000008cd00000, 0x000000008ce00000, 0x000000008ce00000|100%| E|CS|TAMS 0x000000008cd00000, 0x000000008cd00000| Complete 
| 206|0x000000008ce00000, 0x000000008cf00000, 0x000000008cf00000|100%| E|CS|TAMS 0x000000008ce00000, 0x000000008ce00000| Complete 
| 207|0x000000008cf00000, 0x000000008d000000, 0x000000008d000000|100%| E|CS|TAMS 0x000000008cf00000, 0x000000008cf00000| Complete 
| 208|0x000000008d000000, 0x000000008d100000, 0x000000008d100000|100%| E|CS|TAMS 0x000000008d000000, 0x000000008d000000| Complete 
| 209|0x000000008d100000, 0x000000008d200000, 0x000000008d200000|100%| E|CS|TAMS 0x000000008d100000, 0x000000008d100000| Complete 
| 210|0x000000008d200000, 0x000000008d300000, 0x000000008d300000|100%| E|CS|TAMS 0x000000008d200000, 0x000000008d200000| Complete 
| 211|0x000000008d300000, 0x000000008d400000, 0x000000008d400000|100%| E|CS|TAMS 0x000000008d300000, 0x000000008d300000| Complete 
| 212|0x000000008d400000, 0x000000008d500000, 0x000000008d500000|100%| E|CS|TAMS 0x000000008d400000, 0x000000008d400000| Complete 
| 213|0x000000008d500000, 0x000000008d600000, 0x000000008d600000|100%| E|CS|TAMS 0x000000008d500000, 0x000000008d500000| Complete 
| 214|0x000000008d600000, 0x000000008d700000, 0x000000008d700000|100%| E|CS|TAMS 0x000000008d600000, 0x000000008d600000| Complete 
| 215|0x000000008d700000, 0x000000008d800000, 0x000000008d800000|100%| E|CS|TAMS 0x000000008d700000, 0x000000008d700000| Complete 
| 216|0x000000008d800000, 0x000000008d900000, 0x000000008d900000|100%| E|CS|TAMS 0x000000008d800000, 0x000000008d800000| Complete 
| 217|0x000000008d900000, 0x000000008da00000, 0x000000008da00000|100%| E|CS|TAMS 0x000000008d900000, 0x000000008d900000| Complete 
| 218|0x000000008da00000, 0x000000008db00000, 0x000000008db00000|100%| E|CS|TAMS 0x000000008da00000, 0x000000008da00000| Complete 
| 219|0x000000008db00000, 0x000000008dc00000, 0x000000008dc00000|100%| E|CS|TAMS 0x000000008db00000, 0x000000008db00000| Complete 
| 220|0x000000008dc00000, 0x000000008dd00000, 0x000000008dd00000|100%| E|CS|TAMS 0x000000008dc00000, 0x000000008dc00000| Complete 
| 221|0x000000008dd00000, 0x000000008de00000, 0x000000008de00000|100%| E|CS|TAMS 0x000000008dd00000, 0x000000008dd00000| Complete 
| 222|0x000000008de00000, 0x000000008df00000, 0x000000008df00000|100%| E|CS|TAMS 0x000000008de00000, 0x000000008de00000| Complete 
| 223|0x000000008df00000, 0x000000008e000000, 0x000000008e000000|100%| E|CS|TAMS 0x000000008df00000, 0x000000008df00000| Complete 
| 224|0x000000008e000000, 0x000000008e100000, 0x000000008e100000|100%| E|CS|TAMS 0x000000008e000000, 0x000000008e000000| Complete 
| 225|0x000000008e100000, 0x000000008e200000, 0x000000008e200000|100%| E|CS|TAMS 0x000000008e100000, 0x000000008e100000| Complete 
| 226|0x000000008e200000, 0x000000008e300000, 0x000000008e300000|100%| E|CS|TAMS 0x000000008e200000, 0x000000008e200000| Complete 
| 227|0x000000008e300000, 0x000000008e400000, 0x000000008e400000|100%| E|CS|TAMS 0x000000008e300000, 0x000000008e300000| Complete 
| 228|0x000000008e400000, 0x000000008e500000, 0x000000008e500000|100%| E|CS|TAMS 0x000000008e400000, 0x000000008e400000| Complete 
| 229|0x000000008e500000, 0x000000008e600000, 0x000000008e600000|100%| E|CS|TAMS 0x000000008e500000, 0x000000008e500000| Complete 
| 230|0x000000008e600000, 0x000000008e700000, 0x000000008e700000|100%| E|CS|TAMS 0x000000008e600000, 0x000000008e600000| Complete 
| 231|0x000000008e700000, 0x000000008e800000, 0x000000008e800000|100%| E|CS|TAMS 0x000000008e700000, 0x000000008e700000| Complete 
| 232|0x000000008e800000, 0x000000008e900000, 0x000000008e900000|100%| E|CS|TAMS 0x000000008e800000, 0x000000008e800000| Complete 
| 233|0x000000008e900000, 0x000000008ea00000, 0x000000008ea00000|100%| E|CS|TAMS 0x000000008e900000, 0x000000008e900000| Complete 
| 234|0x000000008ea00000, 0x000000008eb00000, 0x000000008eb00000|100%| E|CS|TAMS 0x000000008ea00000, 0x000000008ea00000| Complete 
| 235|0x000000008eb00000, 0x000000008ec00000, 0x000000008ec00000|100%| E|CS|TAMS 0x000000008eb00000, 0x000000008eb00000| Complete 
| 236|0x000000008ec00000, 0x000000008ed00000, 0x000000008ed00000|100%| E|CS|TAMS 0x000000008ec00000, 0x000000008ec00000| Complete 
| 237|0x000000008ed00000, 0x000000008ee00000, 0x000000008ee00000|100%| E|CS|TAMS 0x000000008ed00000, 0x000000008ed00000| Complete 
| 238|0x000000008ee00000, 0x000000008ef00000, 0x000000008ef00000|100%| E|CS|TAMS 0x000000008ee00000, 0x000000008ee00000| Complete 
| 239|0x000000008ef00000, 0x000000008f000000, 0x000000008f000000|100%| E|CS|TAMS 0x000000008ef00000, 0x000000008ef00000| Complete 
| 240|0x000000008f000000, 0x000000008f100000, 0x000000008f100000|100%| E|CS|TAMS 0x000000008f000000, 0x000000008f000000| Complete 
| 241|0x000000008f100000, 0x000000008f200000, 0x000000008f200000|100%| E|CS|TAMS 0x000000008f100000, 0x000000008f100000| Complete 
| 242|0x000000008f200000, 0x000000008f300000, 0x000000008f300000|100%| E|CS|TAMS 0x000000008f200000, 0x000000008f200000| Complete 
| 243|0x000000008f300000, 0x000000008f400000, 0x000000008f400000|100%| E|CS|TAMS 0x000000008f300000, 0x000000008f300000| Complete 
| 244|0x000000008f400000, 0x000000008f500000, 0x000000008f500000|100%| E|CS|TAMS 0x000000008f400000, 0x000000008f400000| Complete 
| 245|0x000000008f500000, 0x000000008f600000, 0x000000008f600000|100%| E|CS|TAMS 0x000000008f500000, 0x000000008f500000| Complete 
| 246|0x000000008f600000, 0x000000008f700000, 0x000000008f700000|100%| E|CS|TAMS 0x000000008f600000, 0x000000008f600000| Complete 
| 247|0x000000008f700000, 0x000000008f800000, 0x000000008f800000|100%| E|CS|TAMS 0x000000008f700000, 0x000000008f700000| Complete 
| 248|0x000000008f800000, 0x000000008f900000, 0x000000008f900000|100%| E|CS|TAMS 0x000000008f800000, 0x000000008f800000| Complete 
| 249|0x000000008f900000, 0x000000008fa00000, 0x000000008fa00000|100%| E|CS|TAMS 0x000000008f900000, 0x000000008f900000| Complete 
| 250|0x000000008fa00000, 0x000000008fb00000, 0x000000008fb00000|100%| E|CS|TAMS 0x000000008fa00000, 0x000000008fa00000| Complete 
| 251|0x000000008fb00000, 0x000000008fc00000, 0x000000008fc00000|100%| E|CS|TAMS 0x000000008fb00000, 0x000000008fb00000| Complete 

Card table byte_map: [0x000001a3bcd30000,0x000001a3bd130000] _byte_map_base: 0x000001a3bc930000

Marking Bits (Prev, Next): (CMBitMap*) 0x000001a3a9cd5e70, (CMBitMap*) 0x000001a3a9cd5e38
 Prev Bits: [0x000001a3bf530000, 0x000001a3c1530000)
 Next Bits: [0x000001a3bd530000, 0x000001a3bf530000)

Polling page: 0x000001a3a7ca0000

Metaspace:

Usage:
  Non-class:     65.29 MB capacity,    64.05 MB ( 98%) used,     1.05 MB (  2%) free+waste,   194.69 KB ( <1%) overhead. 
      Class:     10.30 MB capacity,     9.62 MB ( 93%) used,   607.65 KB (  6%) free+waste,    90.06 KB ( <1%) overhead. 
       Both:     75.59 MB capacity,    73.67 MB ( 97%) used,     1.64 MB (  2%) free+waste,   284.75 KB ( <1%) overhead. 

Virtual space:
  Non-class space:       66.00 MB reserved,      65.50 MB (>99%) committed 
      Class space:        1.00 GB reserved,      10.32 MB (  1%) committed 
             Both:        1.06 GB reserved,      75.82 MB (  7%) committed 

Chunk freelists:
   Non-Class:  27.00 KB
       Class:  0 bytes
        Both:  27.00 KB

MaxMetaspaceSize: 17179869184.00 GB
CompressedClassSpaceSize: 1.00 GB

CodeHeap 'non-profiled nmethods': size=120000Kb used=4633Kb max_used=4633Kb free=115366Kb
 bounds [0x000001a3b50d0000, 0x000001a3b5560000, 0x000001a3bc600000]
CodeHeap 'profiled nmethods': size=120000Kb used=16186Kb max_used=16186Kb free=103813Kb
 bounds [0x000001a3adba0000, 0x000001a3aeb80000, 0x000001a3b50d0000]
CodeHeap 'non-nmethods': size=5760Kb used=2260Kb max_used=2317Kb free=3499Kb
 bounds [0x000001a3ad600000, 0x000001a3ad870000, 0x000001a3adba0000]
 total_blobs=8542 nmethods=7707 adapters=746
 compilation: enabled
              stopped_count=0, restarted_count=0
 full_count=0

Compilation events (20 events):
Event: 10.112 Thread 0x000001a3c486c000 nmethod 7842 0x000001a3aeb36510 code [0x000001a3aeb36700, 0x000001a3aeb36bb8]
Event: 10.112 Thread 0x000001a3c486c000 7843       3       java.util.concurrent.LinkedBlockingQueue$Node::<init> (10 bytes)
Event: 10.112 Thread 0x000001a3c486c000 nmethod 7843 0x000001a3aeb36d10 code [0x000001a3aeb36ec0, 0x000001a3aeb37078]
Event: 10.112 Thread 0x000001a3c486c000 7844       3       java.util.stream.ReferencePipeline$3$1::accept (23 bytes)
Event: 10.113 Thread 0x000001a3c486c000 nmethod 7844 0x000001a3aeb37110 code [0x000001a3aeb372e0, 0x000001a3aeb37578]
Event: 10.113 Thread 0x000001a3c486c000 7845       3       org.gradle.internal.operations.DefaultBuildOperationListenerManager$ProgressShieldingBuildOperationListener::progress (25 bytes)
Event: 10.113 Thread 0x000001a3c486c000 nmethod 7845 0x000001a3aeb37690 code [0x000001a3aeb37860, 0x000001a3aeb37b38]
Event: 10.113 Thread 0x000001a3c486c000 7846       3       org.gradle.api.internal.tasks.properties.AbstractPropertySpec::<init> (10 bytes)
Event: 10.114 Thread 0x000001a3c486c000 nmethod 7846 0x000001a3aeb37c90 code [0x000001a3aeb37e40, 0x000001a3aeb37ff8]
Event: 10.114 Thread 0x000001a3c486c000 7847       3       org.gradle.api.internal.file.CompositeFileCollection::visitContents (11 bytes)
Event: 10.115 Thread 0x000001a3c486c000 nmethod 7847 0x000001a3aeb38090 code [0x000001a3aeb382a0, 0x000001a3aeb38908]
Event: 10.115 Thread 0x000001a3c486c000 7848       3       org.gradle.api.internal.file.CompositeFileCollection$$Lambda$557/0x0000000100979c40::get$Lambda (9 bytes)
Event: 10.115 Thread 0x000001a3c486c000 nmethod 7848 0x000001a3aeb38b10 code [0x000001a3aeb38ce0, 0x000001a3aeb38f38]
Event: 10.119 Thread 0x000001a3c486c000 7849       3       org.gradle.internal.fingerprint.impl.IgnoredPathFileSystemLocationFingerprint::create (64 bytes)
Event: 10.120 Thread 0x000001a3c486c000 nmethod 7849 0x000001a3aeb39010 code [0x000001a3aeb39200, 0x000001a3aeb39688]
Event: 10.120 Thread 0x000001a3c4869800 7850       4       com.google.common.collect.CompactHashMap::getHash (6 bytes)
Event: 10.121 Thread 0x000001a3c4869800 nmethod 7850 0x000001a3b5551390 code [0x000001a3b5551520, 0x000001a3b5551578]
Event: 10.124 Thread 0x000001a3c486c000 7851   !   3       java.util.Collections$SynchronizedMap::get (25 bytes)
Event: 10.124 Thread 0x000001a3c486c000 nmethod 7851 0x000001a3aeb39890 code [0x000001a3aeb39a60, 0x000001a3aeb39da8]
Event: 10.377 Thread 0x000001a3c486c000 7853       3       java.io.FileInputStream::read (9 bytes)

GC Heap History (14 events):
Event: 0.699 GC heap before
{Heap before GC invocations=0 (full 0):
 garbage-first heap   total 258048K, used 29696K [0x0000000080000000, 0x0000000100000000)
  region size 1024K, 24 young (24576K), 0 survivors (0K)
 Metaspace       used 10690K, capacity 10948K, committed 11264K, reserved 1058816K
  class space    used 1129K, capacity 1200K, committed 1280K, reserved 1048576K
}
Event: 0.702 GC heap after
{Heap after GC invocations=1 (full 0):
 garbage-first heap   total 258048K, used 8683K [0x0000000080000000, 0x0000000100000000)
  region size 1024K, 3 young (3072K), 3 survivors (3072K)
 Metaspace       used 10690K, capacity 10948K, committed 11264K, reserved 1058816K
  class space    used 1129K, capacity 1200K, committed 1280K, reserved 1048576K
}
Event: 2.247 GC heap before
{Heap before GC invocations=1 (full 0):
 garbage-first heap   total 258048K, used 91627K [0x0000000080000000, 0x0000000100000000)
  region size 1024K, 86 young (88064K), 3 survivors (3072K)
 Metaspace       used 20548K, capacity 21111K, committed 21248K, reserved 1067008K
  class space    used 2523K, capacity 2712K, committed 2816K, reserved 1048576K
}
Event: 2.253 GC heap after
{Heap after GC invocations=2 (full 0):
 garbage-first heap   total 258048K, used 16124K [0x0000000080000000, 0x0000000100000000)
  region size 1024K, 11 young (11264K), 11 survivors (11264K)
 Metaspace       used 20548K, capacity 21111K, committed 21248K, reserved 1067008K
  class space    used 2523K, capacity 2712K, committed 2816K, reserved 1048576K
}
Event: 2.701 GC heap before
{Heap before GC invocations=3 (full 0):
 garbage-first heap   total 258048K, used 58108K [0x0000000080000000, 0x0000000100000000)
  region size 1024K, 52 young (53248K), 11 survivors (11264K)
 Metaspace       used 25463K, capacity 26133K, committed 26368K, reserved 1073152K
  class space    used 3316K, capacity 3538K, committed 3584K, reserved 1048576K
}
Event: 2.707 GC heap after
{Heap after GC invocations=4 (full 0):
 garbage-first heap   total 258048K, used 18255K [0x0000000080000000, 0x0000000100000000)
  region size 1024K, 3 young (3072K), 3 survivors (3072K)
 Metaspace       used 25463K, capacity 26133K, committed 26368K, reserved 1073152K
  class space    used 3316K, capacity 3538K, committed 3584K, reserved 1048576K
}
Event: 3.423 GC heap before
{Heap before GC invocations=4 (full 0):
 garbage-first heap   total 258048K, used 73551K [0x0000000080000000, 0x0000000100000000)
  region size 1024K, 58 young (59392K), 3 survivors (3072K)
 Metaspace       used 35027K, capacity 35819K, committed 35840K, reserved 1081344K
  class space    used 4562K, capacity 4854K, committed 4864K, reserved 1048576K
}
Event: 3.429 GC heap after
{Heap after GC invocations=5 (full 0):
 garbage-first heap   total 258048K, used 21144K [0x0000000080000000, 0x0000000100000000)
  region size 1024K, 6 young (6144K), 6 survivors (6144K)
 Metaspace       used 35027K, capacity 35819K, committed 35840K, reserved 1081344K
  class space    used 4562K, capacity 4854K, committed 4864K, reserved 1048576K
}
Event: 4.852 GC heap before
{Heap before GC invocations=6 (full 0):
 garbage-first heap   total 258048K, used 135832K [0x0000000080000000, 0x0000000100000000)
  region size 1024K, 115 young (117760K), 6 survivors (6144K)
 Metaspace       used 44097K, capacity 45163K, committed 45260K, reserved 1089536K
  class space    used 5672K, capacity 6025K, committed 6092K, reserved 1048576K
}
Event: 4.862 GC heap after
{Heap after GC invocations=7 (full 0):
 garbage-first heap   total 258048K, used 26669K [0x0000000080000000, 0x0000000100000000)
  region size 1024K, 11 young (11264K), 11 survivors (11264K)
 Metaspace       used 44097K, capacity 45163K, committed 45260K, reserved 1089536K
  class space    used 5672K, capacity 6025K, committed 6092K, reserved 1048576K
}
Event: 6.784 GC heap before
{Heap before GC invocations=7 (full 0):
 garbage-first heap   total 258048K, used 167981K [0x0000000080000000, 0x0000000100000000)
  region size 1024K, 147 young (150528K), 11 survivors (11264K)
 Metaspace       used 58676K, capacity 60125K, committed 60236K, reserved 1101824K
  class space    used 7444K, capacity 7954K, committed 8012K, reserved 1048576K
}
Event: 6.815 GC heap after
{Heap after GC invocations=8 (full 0):
 garbage-first heap   total 258048K, used 42446K [0x0000000080000000, 0x0000000100000000)
  region size 1024K, 19 young (19456K), 19 survivors (19456K)
 Metaspace       used 58676K, capacity 60125K, committed 60236K, reserved 1101824K
  class space    used 7444K, capacity 7954K, committed 8012K, reserved 1048576K
}
Event: 8.760 GC heap before
{Heap before GC invocations=9 (full 0):
 garbage-first heap   total 258048K, used 177614K [0x0000000080000000, 0x0000000100000000)
  region size 1024K, 151 young (154624K), 19 survivors (19456K)
 Metaspace       used 71547K, capacity 73244K, committed 73548K, reserved 1112064K
  class space    used 9398K, capacity 9990K, committed 10060K, reserved 1048576K
}
Event: 8.785 GC heap after
{Heap after GC invocations=10 (full 0):
 garbage-first heap   total 258048K, used 51103K [0x0000000080000000, 0x0000000100000000)
  region size 1024K, 10 young (10240K), 10 survivors (10240K)
 Metaspace       used 71547K, capacity 73244K, committed 73548K, reserved 1112064K
  class space    used 9398K, capacity 9990K, committed 10060K, reserved 1048576K
}

Deoptimization events (20 events):
Event: 9.571 Thread 0x000001a3c67c1800 DEOPT PACKING pc=0x000001a3b54b35a4 sp=0x00000090e6dfe4a0
Event: 9.571 Thread 0x000001a3c67c1800 DEOPT UNPACKING pc=0x000001a3ad60822f sp=0x00000090e6dfe380 mode 2
Event: 9.580 Thread 0x000001a3c67c1800 Uncommon trap: trap_request=0xffffff4d fr.pc=0x000001a3b5429f98 relative=0x00000000000001d8
Event: 9.580 Thread 0x000001a3c67c1800 Uncommon trap: reason=unstable_if action=reinterpret pc=0x000001a3b5429f98 method=com.esotericsoftware.kryo.io.Input.readVarInt(Z)I @ 42 c2
Event: 9.580 Thread 0x000001a3c67c1800 DEOPT PACKING pc=0x000001a3b5429f98 sp=0x00000090e6dfe430
Event: 9.580 Thread 0x000001a3c67c1800 DEOPT UNPACKING pc=0x000001a3ad60822f sp=0x00000090e6dfe380 mode 2
Event: 9.800 Thread 0x000001a3cb57a000 Uncommon trap: trap_request=0xffffff4d fr.pc=0x000001a3b54fa804 relative=0x0000000000000204
Event: 9.800 Thread 0x000001a3cb57a000 Uncommon trap: reason=unstable_if action=reinterpret pc=0x000001a3b54fa804 method=org.gradle.internal.file.DefaultFileHierarchySet$Node.isChildOfOrThis(Ljava/lang/String;I)Z @ 72 c2
Event: 9.800 Thread 0x000001a3cb57a000 DEOPT PACKING pc=0x000001a3b54fa804 sp=0x00000090ee0fd470
Event: 9.800 Thread 0x000001a3cb57a000 DEOPT UNPACKING pc=0x000001a3ad60822f sp=0x00000090ee0fd3f8 mode 2
Event: 9.828 Thread 0x000001a3c7463800 Uncommon trap: trap_request=0xffffff4d fr.pc=0x000001a3b5527d98 relative=0x0000000000000078
Event: 9.828 Thread 0x000001a3c7463800 Uncommon trap: reason=unstable_if action=reinterpret pc=0x000001a3b5527d98 method=org.gradle.internal.fingerprint.impl.DefaultFileSystemLocationFingerprint.hashForType(Lorg/gradle/internal/file/FileType;Lorg/gradle/internal/hash/HashCode;)Lorg/gradle/inte
Event: 9.828 Thread 0x000001a3c7463800 DEOPT PACKING pc=0x000001a3b5527d98 sp=0x00000090ee6fdad0
Event: 9.828 Thread 0x000001a3c7463800 DEOPT UNPACKING pc=0x000001a3ad60822f sp=0x00000090ee6fda60 mode 2
Event: 9.829 Thread 0x000001a3c7466000 DEOPT PACKING pc=0x000001a3ae81813a sp=0x00000090ee5fd610
Event: 9.829 Thread 0x000001a3c7466000 DEOPT UNPACKING pc=0x000001a3ad628ade sp=0x00000090ee5fcb58 mode 0
Event: 9.957 Thread 0x000001a3c7466000 Uncommon trap: trap_request=0xffffff7e fr.pc=0x000001a3b5536e2c relative=0x000000000000066c
Event: 9.957 Thread 0x000001a3c7466000 Uncommon trap: reason=predicate action=maybe_recompile pc=0x000001a3b5536e2c method=java.util.TimSort.binarySort([Ljava/lang/Object;IIILjava/util/Comparator;)V @ 34 c2
Event: 9.957 Thread 0x000001a3c7466000 DEOPT PACKING pc=0x000001a3b5536e2c sp=0x00000090ee5faba0
Event: 9.957 Thread 0x000001a3c7466000 DEOPT UNPACKING pc=0x000001a3ad60822f sp=0x00000090ee5fab60 mode 2

Classes redefined (0 events):
No events

Internal exceptions (20 events):
Event: 8.861 Thread 0x000001a3c670e000 Exception <a 'java/lang/NoSuchMethodError'{0x000000008f82f7b8}: <clinit>> (0x000000008f82f7b8) thrown at [./src/hotspot/share/prims/jni.cpp, line 1362]
Event: 8.926 Thread 0x000001a3c670e000 Exception <a 'sun/nio/fs/WindowsException'{0x000000008f54be18}> (0x000000008f54be18) thrown at [./src/hotspot/share/prims/jni.cpp, line 615]
Event: 8.978 Thread 0x000001a3c6457800 Exception <a 'java/lang/NoSuchMethodError'{0x000000008fb07a48}: <clinit>> (0x000000008fb07a48) thrown at [./src/hotspot/share/prims/jni.cpp, line 1362]
Event: 8.979 Thread 0x000001a3c6457800 Exception <a 'java/lang/NoSuchMethodError'{0x000000008f22e198}: <clinit>> (0x000000008f22e198) thrown at [./src/hotspot/share/prims/jni.cpp, line 1362]
Event: 8.982 Thread 0x000001a3c6457800 Exception <a 'java/lang/NoSuchMethodError'{0x000000008f24a688}: <clinit>> (0x000000008f24a688) thrown at [./src/hotspot/share/prims/jni.cpp, line 1362]
Event: 8.984 Thread 0x000001a3c6457800 Exception <a 'java/lang/NoSuchMethodError'{0x000000008f26c8c8}: <clinit>> (0x000000008f26c8c8) thrown at [./src/hotspot/share/prims/jni.cpp, line 1362]
Event: 8.984 Thread 0x000001a3c6457800 Exception <a 'java/lang/NoSuchMethodError'{0x000000008f26df40}: <clinit>> (0x000000008f26df40) thrown at [./src/hotspot/share/prims/jni.cpp, line 1362]
Event: 8.987 Thread 0x000001a3cb57a000 Exception <a 'java/lang/NoSuchMethodError'{0x000000008f27ef00}: 'java.lang.Object java.lang.invoke.Invokers$Holder.linkToTargetMethod(java.lang.Object, java.lang.Object, java.lang.Object, java.lang.Object, java.lang.Object, java.lang.Object, java.lang.Object, java.lang.Object)'> (0x000000008f27ef00) thrown at [./src/hotspot/share/interpreter/linkResolver.cpp, line 773]
Event: 9.013 Thread 0x000001a3cb577800 Exception <a 'java/lang/NoSuchMethodError'{0x000000008f0641a0}: <clinit>> (0x000000008f0641a0) thrown at [./src/hotspot/share/prims/jni.cpp, line 1362]
Event: 9.016 Thread 0x000001a3cb577800 Exception <a 'java/lang/NoSuchMethodError'{0x000000008f07d6e0}: <clinit>> (0x000000008f07d6e0) thrown at [./src/hotspot/share/prims/jni.cpp, line 1362]
Event: 9.053 Thread 0x000001a3c6457800 Exception <a 'java/lang/NoSuchMethodError'{0x000000008ee98910}: <clinit>> (0x000000008ee98910) thrown at [./src/hotspot/share/prims/jni.cpp, line 1362]
Event: 9.306 Thread 0x000001a3cb57a000 Exception <a 'java/lang/NoSuchMethodError'{0x000000008e77d590}: 'java.lang.Object java.lang.invoke.Invokers$Holder.linkToTargetMethod(java.lang.Object, java.lang.Object, java.lang.Object, java.lang.Object, java.lang.Object, java.lang.Object, java.lang.Object)'> (0x000000008e77d590) thrown at [./src/hotspot/share/interpreter/linkResolver.cpp, line 773]
Event: 9.338 Thread 0x000001a3c720b000 Exception <a 'java/lang/NoSuchMethodError'{0x000000008e545f40}: 'java.lang.Object java.lang.invoke.DirectMethodHandle$Holder.invokeSpecialIFC(java.lang.Object, java.lang.Object, java.lang.Object)'> (0x000000008e545f40) thrown at [./src/hotspot/share/interpreter/linkResolver.cpp, line 773]
Event: 9.338 Thread 0x000001a3c7208800 Exception <a 'java/lang/NoSuchMethodError'{0x000000008e59b6b0}: 'java.lang.Object java.lang.invoke.DirectMethodHandle$Holder.invokeSpecialIFC(java.lang.Object, java.lang.Object, java.lang.Object)'> (0x000000008e59b6b0) thrown at [./src/hotspot/share/interpreter/linkResolver.cpp, line 773]
Event: 9.338 Thread 0x000001a3c7209800 Exception <a 'java/lang/NoSuchMethodError'{0x000000008e498360}: 'java.lang.Object java.lang.invoke.DirectMethodHandle$Holder.invokeSpecialIFC(java.lang.Object, java.lang.Object, java.lang.Object)'> (0x000000008e498360) thrown at [./src/hotspot/share/interpreter/linkResolver.cpp, line 773]
Event: 9.338 Thread 0x000001a3c7208000 Exception <a 'java/lang/NoSuchMethodError'{0x000000008e513e50}: 'java.lang.Object java.lang.invoke.DirectMethodHandle$Holder.invokeSpecialIFC(java.lang.Object, java.lang.Object, java.lang.Object)'> (0x000000008e513e50) thrown at [./src/hotspot/share/interpreter/linkResolver.cpp, line 773]
Event: 9.338 Thread 0x000001a3c7206000 Exception <a 'java/lang/NoSuchMethodError'{0x000000008e5ed8c8}: 'java.lang.Object java.lang.invoke.DirectMethodHandle$Holder.invokeSpecialIFC(java.lang.Object, java.lang.Object, java.lang.Object)'> (0x000000008e5ed8c8) thrown at [./src/hotspot/share/interpreter/linkResolver.cpp, line 773]
Event: 9.338 Thread 0x000001a3c720d000 Exception <a 'java/lang/NoSuchMethodError'{0x000000008e4c0500}: 'java.lang.Object java.lang.invoke.DirectMethodHandle$Holder.invokeSpecialIFC(java.lang.Object, java.lang.Object, java.lang.Object)'> (0x000000008e4c0500) thrown at [./src/hotspot/share/interpreter/linkResolver.cpp, line 773]
Event: 9.338 Thread 0x000001a3c720c000 Exception <a 'java/lang/NoSuchMethodError'{0x000000008e470ce0}: 'java.lang.Object java.lang.invoke.DirectMethodHandle$Holder.invokeSpecialIFC(java.lang.Object, java.lang.Object, java.lang.Object)'> (0x000000008e470ce0) thrown at [./src/hotspot/share/interpreter/linkResolver.cpp, line 773]
Event: 9.956 Thread 0x000001a3c7466000 Exception <a 'java/lang/NoSuchMethodError'{0x000000008b990780}: <clinit>> (0x000000008b990780) thrown at [./src/hotspot/share/prims/jni.cpp, line 1362]

Events (20 events):
Event: 9.987 Executing VM operation: RevokeBias
Event: 9.987 Executing VM operation: RevokeBias done
Event: 9.998 Executing VM operation: RevokeBias
Event: 9.998 Executing VM operation: RevokeBias done
Event: 10.005 Executing VM operation: RevokeBias
Event: 10.005 Executing VM operation: RevokeBias done
Event: 10.010 Executing VM operation: RevokeBias
Event: 10.010 Executing VM operation: RevokeBias done
Event: 10.014 Executing VM operation: RevokeBias
Event: 10.015 Executing VM operation: RevokeBias done
Event: 10.015 Executing VM operation: RevokeBias
Event: 10.016 Executing VM operation: RevokeBias done
Event: 10.021 Executing VM operation: RevokeBias
Event: 10.022 Executing VM operation: RevokeBias done
Event: 10.038 Executing VM operation: RevokeBias
Event: 10.039 Executing VM operation: RevokeBias done
Event: 10.040 Executing VM operation: RevokeBias
Event: 10.041 Executing VM operation: RevokeBias done
Event: 10.387 loading class org/gradle/internal/fingerprint/overlap/OverlappingOutputs
Event: 10.387 loading class org/gradle/internal/fingerprint/overlap/OverlappingOutputs done


Dynamic libraries:
0x00007ff6b2cb0000 - 0x00007ff6b2cba000 	C:\Program Files\Android\Android Studio\jre\bin\java.exe
0x00007ffc11b60000 - 0x00007ffc11dc6000 	C:\WINDOWS\SYSTEM32\ntdll.dll
0x00007ffbe42c0000 - 0x00007ffbe42e1000 	C:\Program Files\Avast Software\Suite\aswhook.dll
0x00007ffc0f9c0000 - 0x00007ffc0fa89000 	C:\WINDOWS\System32\KERNEL32.DLL
0x00007ffc0f4d0000 - 0x00007ffc0f8ca000 	C:\WINDOWS\System32\KERNELBASE.dll
0x00007ffc0f070000 - 0x00007ffc0f1bc000 	C:\WINDOWS\System32\ucrtbase.dll
0x00007ffbf82d0000 - 0x00007ffbf82e9000 	C:\Program Files\Android\Android Studio\jre\bin\jli.dll
0x00007ffc10690000 - 0x00007ffc10857000 	C:\WINDOWS\System32\USER32.dll
0x00007ffc0f1c0000 - 0x00007ffc0f1e7000 	C:\WINDOWS\System32\win32u.dll
0x00007ffc0fba0000 - 0x00007ffc0fbcb000 	C:\WINDOWS\System32\GDI32.dll
0x00007ffc0ef40000 - 0x00007ffc0f06b000 	C:\WINDOWS\System32\gdi32full.dll
0x00007ffbf6940000 - 0x00007ffbf6957000 	C:\Program Files\Android\Android Studio\jre\bin\VCRUNTIME140.dll
0x00007ffc0f370000 - 0x00007ffc0f413000 	C:\WINDOWS\System32\msvcp_win.dll
0x00007ffbe7170000 - 0x00007ffbe7402000 	C:\WINDOWS\WinSxS\amd64_microsoft.windows.common-controls_6595b64144ccf1df_6.0.26100.8521_none_3e08b75ce33403b3\COMCTL32.dll
0x00007ffc0f910000 - 0x00007ffc0f9b9000 	C:\WINDOWS\System32\msvcrt.dll
0x00007ffc0f8d0000 - 0x00007ffc0f902000 	C:\WINDOWS\System32\IMM32.DLL
0x00007ffb49e90000 - 0x00007ffb49f2d000 	C:\Program Files\Android\Android Studio\jre\bin\msvcp140.dll
0x00007ffb1fa40000 - 0x00007ffb204fc000 	C:\Program Files\Android\Android Studio\jre\bin\server\jvm.dll
0x00007ffc10b80000 - 0x00007ffc10c36000 	C:\WINDOWS\System32\ADVAPI32.dll
0x00007ffc10ad0000 - 0x00007ffc10b7a000 	C:\WINDOWS\System32\sechost.dll
0x00007ffc102e0000 - 0x00007ffc103f8000 	C:\WINDOWS\System32\RPCRT4.dll
0x00007ffc10680000 - 0x00007ffc10688000 	C:\WINDOWS\System32\PSAPI.DLL
0x00007ffc06b50000 - 0x00007ffc06b86000 	C:\WINDOWS\SYSTEM32\WINMM.dll
0x00007ffbffe80000 - 0x00007ffbffe8b000 	C:\WINDOWS\SYSTEM32\VERSION.dll
0x00007ffbfd1c0000 - 0x00007ffbfd1ca000 	C:\WINDOWS\SYSTEM32\WSOCK32.dll
0x00007ffc10860000 - 0x00007ffc108e0000 	C:\WINDOWS\System32\WS2_32.dll
0x00007ffc0db80000 - 0x00007ffc0db9b000 	C:\WINDOWS\SYSTEM32\kernel.appcore.dll
0x00007ffbdfb00000 - 0x00007ffbdfb11000 	C:\Program Files\Android\Android Studio\jre\bin\verify.dll
0x00007ffc0c3d0000 - 0x00007ffc0c612000 	C:\WINDOWS\SYSTEM32\DBGHELP.DLL
0x00007ffc11000000 - 0x00007ffc11383000 	C:\WINDOWS\System32\combase.dll
0x00007ffc10470000 - 0x00007ffc10549000 	C:\WINDOWS\System32\OLEAUT32.dll
0x00007ffbfd4d0000 - 0x00007ffbfd50b000 	C:\WINDOWS\SYSTEM32\dbgcore.DLL
0x00007ffc0f420000 - 0x00007ffc0f4c8000 	C:\WINDOWS\System32\bcryptPrimitives.dll
0x00007ffbdf500000 - 0x00007ffbdf529000 	C:\Program Files\Android\Android Studio\jre\bin\java.dll
0x00007ffc09810000 - 0x00007ffc0981b000 	C:\Program Files\Android\Android Studio\jre\bin\jimage.dll
0x00007ffbdf340000 - 0x00007ffbdf358000 	C:\Program Files\Android\Android Studio\jre\bin\zip.dll
0x00007ffc11390000 - 0x00007ffc11b14000 	C:\WINDOWS\System32\SHELL32.dll
0x00007ffc0c990000 - 0x00007ffc0d210000 	C:\WINDOWS\SYSTEM32\windows.storage.dll
0x00007ffc10070000 - 0x00007ffc10166000 	C:\WINDOWS\System32\SHCORE.dll
0x00007ffc10400000 - 0x00007ffc10467000 	C:\WINDOWS\System32\shlwapi.dll
0x00007ffc0ed10000 - 0x00007ffc0ed39000 	C:\WINDOWS\SYSTEM32\profapi.dll
0x00007ffbdf2b0000 - 0x00007ffbdf2ca000 	C:\Program Files\Android\Android Studio\jre\bin\net.dll
0x00007ffc00810000 - 0x00007ffc00939000 	C:\WINDOWS\SYSTEM32\WINHTTP.dll
0x00007ffc0e0f0000 - 0x00007ffc0e15c000 	C:\WINDOWS\system32\mswsock.dll
0x00007ffbd51e0000 - 0x00007ffbd51f4000 	C:\Program Files\Android\Android Studio\jre\bin\nio.dll
0x00007ffbe0e50000 - 0x00007ffbe0e77000 	C:\Users\mamal\.gradle\native\fdc75f09e3144964f2cf3f50f0aa648679c211496f362492102eb8c894070792\windows-amd64\native-platform.dll
0x00007ffb40af0000 - 0x00007ffb40c86000 	C:\Users\mamal\.gradle\native\12488b8bf47d2d4c9fbf2f6322a914ad602e24e48041cd04a747c6da556b65c4\windows-amd64\native-platform-file-events.dll
0x00007ffbf7660000 - 0x00007ffbf766a000 	C:\Program Files\Android\Android Studio\jre\bin\management.dll
0x00007ffbf7340000 - 0x00007ffbf734c000 	C:\Program Files\Android\Android Studio\jre\bin\management_ext.dll
0x00007ffc0e3d0000 - 0x00007ffc0e3eb000 	C:\WINDOWS\SYSTEM32\CRYPTSP.dll
0x00007ffc0dae0000 - 0x00007ffc0db19000 	C:\WINDOWS\system32\rsaenh.dll
0x00007ffc0e1a0000 - 0x00007ffc0e1d3000 	C:\WINDOWS\SYSTEM32\USERENV.dll
0x00007ffc0ece0000 - 0x00007ffc0ed0a000 	C:\WINDOWS\SYSTEM32\bcrypt.dll
0x00007ffc0e3f0000 - 0x00007ffc0e3fc000 	C:\WINDOWS\SYSTEM32\CRYPTBASE.dll
0x00007ffc0d600000 - 0x00007ffc0d633000 	C:\WINDOWS\SYSTEM32\IPHLPAPI.DLL
0x00007ffc0fa90000 - 0x00007ffc0fa9a000 	C:\WINDOWS\System32\NSI.dll
0x00007ffc090c0000 - 0x00007ffc090dd000 	C:\WINDOWS\SYSTEM32\dhcpcsvc6.DLL
0x00007ffc09090000 - 0x00007ffc090b5000 	C:\WINDOWS\SYSTEM32\dhcpcsvc.DLL
0x00007ffc0d640000 - 0x00007ffc0d78a000 	C:\WINDOWS\SYSTEM32\DNSAPI.dll
0x00007ffc0def0000 - 0x00007ffc0defd000 	C:\WINDOWS\SYSTEM32\DSPARSE.dll
0x00007ffc0bb10000 - 0x00007ffc0bb1e000 	C:\WINDOWS\SYSTEM32\WINNSI.DLL

dbghelp: loaded successfully - version: 4.0.5 - missing functions: none
symbol engine: initialized successfully - sym options: 0x614 - pdb path: .;C:\Program Files\Android\Android Studio\jre\bin;C:\WINDOWS\SYSTEM32;C:\Program Files\Avast Software\Suite;C:\WINDOWS\WinSxS\amd64_microsoft.windows.common-controls_6595b64144ccf1df_6.0.26100.8521_none_3e08b75ce33403b3;C:\Program Files\Android\Android Studio\jre\bin\server;C:\Users\mamal\.gradle\native\fdc75f09e3144964f2cf3f50f0aa648679c211496f362492102eb8c894070792\windows-amd64;C:\Users\mamal\.gradle\native\12488b8bf47d2d4c9fbf2f6322a914ad602e24e48041cd04a747c6da556b65c4\windows-amd64

VM Arguments:
jvm_args: --add-opens=java.base/java.util=ALL-UNNAMED --add-opens=java.base/java.lang=ALL-UNNAMED --add-opens=java.base/java.lang.invoke=ALL-UNNAMED --add-opens=java.prefs/java.util.prefs=ALL-UNNAMED -Xmx2048m -Dfile.encoding=UTF-8 -Duser.country=ES -Duser.language=es -Duser.variant 
java_command: org.gradle.launcher.daemon.bootstrap.GradleDaemon 6.7.1
java_class_path (initial): C:\Users\mamal\.gradle\wrapper\dists\gradle-6.7.1-bin\bwlcbys1h7rz3272sye1xwiv6\gradle-6.7.1\lib\gradle-launcher-6.7.1.jar
Launcher Type: SUN_STANDARD

[Global flags]
     intx CICompilerCount                          = 4                                         {product} {ergonomic}
     uint ConcGCThreads                            = 2                                         {product} {ergonomic}
     uint G1ConcRefinementThreads                  = 8                                         {product} {ergonomic}
   size_t G1HeapRegionSize                         = 1048576                                   {product} {ergonomic}
    uintx GCDrainStackTargetSize                   = 64                                        {product} {ergonomic}
   size_t InitialHeapSize                          = 264241152                                 {product} {ergonomic}
   size_t MarkStackSize                            = 4194304                                   {product} {ergonomic}
   size_t MaxHeapSize                              = 2147483648                                {product} {command line}
   size_t MaxNewSize                               = 1287651328                                {product} {ergonomic}
   size_t MinHeapDeltaBytes                        = 1048576                                   {product} {ergonomic}
    uintx NonNMethodCodeHeapSize                   = 5836300                                {pd product} {ergonomic}
    uintx NonProfiledCodeHeapSize                  = 122910970                              {pd product} {ergonomic}
    uintx ProfiledCodeHeapSize                     = 122910970                              {pd product} {ergonomic}
    uintx ReservedCodeCacheSize                    = 251658240                              {pd product} {ergonomic}
     bool SegmentedCodeCache                       = true                                      {product} {ergonomic}
     bool UseCompressedClassPointers               = true                                 {lp64_product} {ergonomic}
     bool UseCompressedOops                        = true                                 {lp64_product} {ergonomic}
     bool UseG1GC                                  = true                                      {product} {ergonomic}
     bool UseLargePagesIndividualAllocation        = false                                  {pd product} {ergonomic}

Logging:
Log output configuration:
 #0: stdout all=warning uptime,level,tags
 #1: stderr all=off uptime,level,tags

Environment Variables:
JAVA_HOME=C:\Program Files\java\jdk-11.0.2
PATH=C:\Program Files\java\jdk-11.0.2\bin;C:\WINDOWS\system32;C:\WINDOWS;C:\WINDOWS\System32\Wbem;C:\WINDOWS\System32\WindowsPowerShell\v1.0\;C:\WINDOWS\System32\OpenSSH\;C:\Program Files\dotnet\;C:\PROGRA~2\PICC;C:\Program Files\Git\cmd;C:\Program Files\nodejs\;C:\Users\mamal\AppData\Local\Microsoft\WindowsApps;C:\Users\mamal\AppData\Local\Programs\Microsoft VS Code\bin;C:\Users\mamal\AppData\Local\GitHubDesktop\bin;C:\Users\mamal\AppData\Roaming\npm
USERNAME=mamal
OS=Windows_NT
PROCESSOR_IDENTIFIER=Intel64 Family 6 Model 140 Stepping 2, GenuineIntel



---------------  S Y S T E M  ---------------

OS: Windows 10 , 64 bit Build 26100 (10.0.26100.8521)
OS uptime: 0 days 1:46 hours
HyperV virtualization detected

CPU:total 8 (initial active 8) (4 cores per cpu, 2 threads per core) family 6 model 140 stepping 2, cmov, cx8, fxsr, mmx, sse, sse2, sse3, ssse3, sse4.1, sse4.2, popcnt, avx, avx2, aes, clmul, erms, 3dnowpref, lzcnt, ht, tsc, tscinvbit, bmi1, bmi2, adx, evex, sha, fma

Memory: 4k page, system-wide physical 16122M (2515M free)
TotalPageFile size 16122M (AvailPageFile size 8M)
current process WorkingSet (physical memory assigned to process): 438M, peak: 449M
current process commit charge ("private bytes"): 521M, peak: 529M

vm_info: OpenJDK 64-Bit Server VM (11.0.8+10-b944.6842174) for windows-amd64 JRE (11.0.8+10-b944.6842174), built on Sep 19 2020 01:11:42 by "builder" with MS VC++ 14.0 (VS2015)

END.
