#
# There is insufficient memory for the Java Runtime Environment to continue.
# Native memory allocation (malloc) failed to allocate 694416 bytes for Chunk::new
# Possible reasons:
#   The system is out of physical RAM or swap space
#   The process is running with CompressedOops enabled, and the Java Heap may be blocking the growth of the native heap
# Possible solutions:
#   Reduce memory load on the system
#   Increase physical memory or swap space
#   Check if swap backing store is full
#   Decrease Java heap size (-Xmx/-Xms)
#   Decrease number of Java threads
#   Decrease Java thread stack sizes (-Xss)
#   Set larger code cache with -XX:ReservedCodeCacheSize=
#   JVM is running with Unscaled Compressed Oops mode in which the Java heap is
#     placed in the first 4GB address space. The Java Heap base address is the
#     maximum limit for the native heap growth. Please use -XX:HeapBaseMinAddress
#     to set the Java Heap base and to place the Java Heap above 4GB virtual address.
# This output file may be truncated or incomplete.
#
#  Out of Memory Error (./src/hotspot/share/memory/arena.cpp:197), pid=3436, tid=21396
#
# JRE version: OpenJDK Runtime Environment (11.0.8+10) (build 11.0.8+10-b944.6842174)
# Java VM: OpenJDK 64-Bit Server VM (11.0.8+10-b944.6842174, mixed mode, tiered, compressed oops, g1 gc, windows-amd64)
# No core dump will be written. Minidumps are not enabled by default on client versions of Windows
#

---------------  S U M M A R Y ------------

Command Line: --add-opens=java.base/java.util=ALL-UNNAMED --add-opens=java.base/java.lang=ALL-UNNAMED --add-opens=java.base/java.lang.invoke=ALL-UNNAMED --add-opens=java.prefs/java.util.prefs=ALL-UNNAMED -Xmx2048m -Dfile.encoding=UTF-8 -Duser.country=ES -Duser.language=es -Duser.variant org.gradle.launcher.daemon.bootstrap.GradleDaemon 6.7.1

Host: 11th Gen Intel(R) Core(TM) i5-1155G7 @ 2.50GHz, 8 cores, 15G,  Windows 10 , 64 bit Build 26100 (10.0.26100.8328)
Time: Mon May 25 08:48:04 2026 Hora estándar central (México) elapsed time: 13 seconds (0d 0h 0m 13s)

---------------  T H R E A D  ---------------

Current thread (0x000001f36a3c2800):  JavaThread "C2 CompilerThread0" daemon [_thread_in_native, id=21396, stack(0x0000006b56d00000,0x0000006b56e00000)]


Current CompileTask:
C2:  13634 2146       4       java.net.URLClassLoader$1::run (5 bytes)

Stack: [0x0000006b56d00000,0x0000006b56e00000]
Native frames: (J=compiled Java code, j=interpreted, Vv=VM code, C=native code)
V  [jvm.dll+0x5de50a]
V  [jvm.dll+0x7122f5]
V  [jvm.dll+0x71384d]
V  [jvm.dll+0x713f03]
V  [jvm.dll+0x23e728]
V  [jvm.dll+0xb899c]
V  [jvm.dll+0xb8e9c]
V  [jvm.dll+0x2b20e4]
V  [jvm.dll+0x502098]
V  [jvm.dll+0x1f8a85]
V  [jvm.dll+0x1f685f]
V  [jvm.dll+0x17f32c]
V  [jvm.dll+0x205047]
V  [jvm.dll+0x203891]
V  [jvm.dll+0x6dad3f]
V  [jvm.dll+0x6d3895]
V  [jvm.dll+0x5dd4a6]
C  [ucrtbase.dll+0x37b0]
C  [KERNEL32.DLL+0x2e957]
C  [ntdll.dll+0x427c]


---------------  P R O C E S S  ---------------

Threads class SMR info:
_java_thread_list=0x000001f36ba98540, length=25, elements={
0x000001f34d5fa000, 0x000001f36a357000, 0x000001f36a362000, 0x000001f36a3bb800,
0x000001f36a3be800, 0x000001f36a3c2800, 0x000001f36a3c4000, 0x000001f36a3cc000,
0x000001f36a546000, 0x000001f36a561000, 0x000001f36ce68000, 0x000001f36b044800,
0x000001f36c417800, 0x000001f36c3a4800, 0x000001f36c7de000, 0x000001f36bb89000,
0x000001f36bb8a000, 0x000001f36c3b7000, 0x000001f36c7fc800, 0x000001f36bd25000,
0x000001f36ba7a800, 0x000001f36ba7b800, 0x000001f36ba7c800, 0x000001f36ba7d000,
0x000001f36c85e000
}

Java Threads: ( => current thread )
  0x000001f34d5fa000 JavaThread "main" [_thread_blocked, id=15252, stack(0x0000006b56200000,0x0000006b56300000)]
  0x000001f36a357000 JavaThread "Reference Handler" daemon [_thread_blocked, id=16668, stack(0x0000006b56900000,0x0000006b56a00000)]
  0x000001f36a362000 JavaThread "Finalizer" daemon [_thread_blocked, id=20680, stack(0x0000006b56a00000,0x0000006b56b00000)]
  0x000001f36a3bb800 JavaThread "Signal Dispatcher" daemon [_thread_blocked, id=13160, stack(0x0000006b56b00000,0x0000006b56c00000)]
  0x000001f36a3be800 JavaThread "Attach Listener" daemon [_thread_blocked, id=21416, stack(0x0000006b56c00000,0x0000006b56d00000)]
=>0x000001f36a3c2800 JavaThread "C2 CompilerThread0" daemon [_thread_in_native, id=21396, stack(0x0000006b56d00000,0x0000006b56e00000)]
  0x000001f36a3c4000 JavaThread "C1 CompilerThread0" daemon [_thread_blocked, id=21392, stack(0x0000006b56e00000,0x0000006b56f00000)]
  0x000001f36a3cc000 JavaThread "Sweeper thread" daemon [_thread_blocked, id=22320, stack(0x0000006b56f00000,0x0000006b57000000)]
  0x000001f36a546000 JavaThread "Common-Cleaner" daemon [_thread_blocked, id=2788, stack(0x0000006b57000000,0x0000006b57100000)]
  0x000001f36a561000 JavaThread "Service Thread" daemon [_thread_blocked, id=19768, stack(0x0000006b57100000,0x0000006b57200000)]
  0x000001f36ce68000 JavaThread "Daemon health stats" [_thread_blocked, id=21944, stack(0x0000006b57900000,0x0000006b57a00000)]
  0x000001f36b044800 JavaThread "Incoming local TCP Connector on port 64340" [_thread_in_native, id=18660, stack(0x0000006b57b00000,0x0000006b57c00000)]
  0x000001f36c417800 JavaThread "Daemon periodic checks" [_thread_blocked, id=21880, stack(0x0000006b57c00000,0x0000006b57d00000)]
  0x000001f36c3a4800 JavaThread "Daemon" [_thread_blocked, id=19268, stack(0x0000006b57d00000,0x0000006b57e00000)]
  0x000001f36c7de000 JavaThread "Handler for socket connection from /127.0.0.1:64340 to /127.0.0.1:64341" [_thread_in_native, id=6064, stack(0x0000006b57e00000,0x0000006b57f00000)]
  0x000001f36bb89000 JavaThread "Cancel handler" [_thread_blocked, id=7880, stack(0x0000006b57f00000,0x0000006b58000000)]
  0x000001f36bb8a000 JavaThread "Daemon worker" [_thread_in_native, id=9928, stack(0x0000006b58000000,0x0000006b58100000)]
  0x000001f36c3b7000 JavaThread "Asynchronous log dispatcher for DefaultDaemonConnection: socket connection from /127.0.0.1:64340 to /127.0.0.1:64341" [_thread_blocked, id=10180, stack(0x0000006b58100000,0x0000006b58200000)]
  0x000001f36c7fc800 JavaThread "Stdin handler" [_thread_blocked, id=9300, stack(0x0000006b58200000,0x0000006b58300000)]
  0x000001f36bd25000 JavaThread "Thread-8" [_thread_blocked, id=17512, stack(0x0000006b58300000,0x0000006b58400000)]
  0x000001f36ba7a800 JavaThread "Cache worker for file hash cache (C:\Users\mamal\.gradle\caches\6.7.1\fileHashes)" [_thread_blocked, id=20380, stack(0x0000006b58400000,0x0000006b58500000)]
  0x000001f36ba7b800 JavaThread "File lock request listener" [_thread_in_native, id=18608, stack(0x0000006b58500000,0x0000006b58600000)]
  0x000001f36ba7c800 JavaThread "Cache worker for journal cache (C:\Users\mamal\.gradle\caches\journal-1)" [_thread_blocked, id=17196, stack(0x0000006b58900000,0x0000006b58a00000)]
  0x000001f36ba7d000 JavaThread "Cache worker for file hash cache (C:\AndroidProjects\EasyCook\.gradle\6.7.1\fileHashes)" [_thread_blocked, id=17980, stack(0x0000006b58a00000,0x0000006b58b00000)]
  0x000001f36c85e000 JavaThread "C2 CompilerThread1" daemon [_thread_in_vm, id=4828, stack(0x0000006b58b00000,0x0000006b58c00000)]

Other Threads:
  0x000001f36a354800 VMThread "VM Thread" [stack: 0x0000006b56800000,0x0000006b56900000] [id=5100]
  0x000001f36a572000 WatcherThread [stack: 0x0000006b57200000,0x0000006b57300000] [id=13116]
  0x000001f34d7e6800 GCTaskThread "GC Thread#0" [stack: 0x0000006b56300000,0x0000006b56400000] [id=13200]
  0x000001f36b129000 GCTaskThread "GC Thread#1" [stack: 0x0000006b57400000,0x0000006b57500000] [id=11644]
  0x000001f36b0aa000 GCTaskThread "GC Thread#2" [stack: 0x0000006b57500000,0x0000006b57600000] [id=18800]
  0x000001f36b158800 GCTaskThread "GC Thread#3" [stack: 0x0000006b57600000,0x0000006b57700000] [id=18440]
  0x000001f36b159000 GCTaskThread "GC Thread#4" [stack: 0x0000006b57700000,0x0000006b57800000] [id=2904]
  0x000001f36b25c800 GCTaskThread "GC Thread#5" [stack: 0x0000006b57800000,0x0000006b57900000] [id=16508]
  0x000001f36c5a3000 GCTaskThread "GC Thread#6" [stack: 0x0000006b58600000,0x0000006b58700000] [id=20644]
  0x000001f36b97c000 GCTaskThread "GC Thread#7" [stack: 0x0000006b58700000,0x0000006b58800000] [id=20612]
  0x000001f34d818000 ConcurrentGCThread "G1 Main Marker" [stack: 0x0000006b56400000,0x0000006b56500000] [id=14548]
  0x000001f34d81a000 ConcurrentGCThread "G1 Conc#0" [stack: 0x0000006b56500000,0x0000006b56600000] [id=22024]
  0x000001f36ce7c800 ConcurrentGCThread "G1 Conc#1" [stack: 0x0000006b58800000,0x0000006b58900000] [id=496]
  0x000001f36999e800 ConcurrentGCThread "G1 Refine#0" [stack: 0x0000006b56600000,0x0000006b56700000] [id=20580]
  0x000001f3699a1000 ConcurrentGCThread "G1 Young RemSet Sampling" [stack: 0x0000006b56700000,0x0000006b56800000] [id=13664]

Threads with active compile tasks:
C2 CompilerThread0  13684 2146       4       java.net.URLClassLoader$1::run (5 bytes)
C2 CompilerThread1  13685 2147   !   4       java.net.URLClassLoader$1::run (63 bytes)

VM state:not at safepoint (normal execution)

VM Mutex/Monitor currently owned by a thread: None

Heap address: 0x0000000080000000, size: 2048 MB, Compressed Oops mode: 32-bit
Narrow klass base: 0x0000000000000000, Narrow klass shift: 3
Compressed class space size: 1073741824 Address: 0x0000000100000000

Heap:
 garbage-first heap   total 258048K, used 27761K [0x0000000080000000, 0x0000000100000000)
  region size 1024K, 13 young (13312K), 2 survivors (2048K)
 Metaspace       used 25595K, capacity 26293K, committed 26368K, reserved 1073152K
  class space    used 3329K, capacity 3570K, committed 3584K, reserved 1048576K
Heap Regions: E=young(eden), S=young(survivor), O=old, HS=humongous(starts), HC=humongous(continues), CS=collection set, F=free, A=archive, TAMS=top-at-mark-start (previous, next)
|   0|0x0000000080000000, 0x0000000080100000, 0x0000000080100000|100%| O|  |TAMS 0x0000000080000000, 0x0000000080000000| Untracked 
|   1|0x0000000080100000, 0x0000000080200000, 0x0000000080200000|100%| O|  |TAMS 0x0000000080100000, 0x0000000080100000| Untracked 
|   2|0x0000000080200000, 0x0000000080300000, 0x0000000080300000|100%| O|  |TAMS 0x0000000080200000, 0x0000000080200000| Untracked 
|   3|0x0000000080300000, 0x0000000080400000, 0x0000000080400000|100%|HS|  |TAMS 0x0000000080400000, 0x0000000080300000| Complete 
|   4|0x0000000080400000, 0x0000000080500000, 0x0000000080500000|100%|HC|  |TAMS 0x0000000080500000, 0x0000000080400000| Complete 
|   5|0x0000000080500000, 0x0000000080600000, 0x0000000080600000|100%|HC|  |TAMS 0x0000000080600000, 0x0000000080500000| Complete 
|   6|0x0000000080600000, 0x0000000080700000, 0x0000000080700000|100%| O|  |TAMS 0x0000000080700000, 0x0000000080600000| Untracked 
|   7|0x0000000080700000, 0x0000000080800000, 0x0000000080800000|100%| O|  |TAMS 0x0000000080800000, 0x0000000080700000| Untracked 
|   8|0x0000000080800000, 0x0000000080900000, 0x0000000080900000|100%| O|  |TAMS 0x000000008088a200, 0x0000000080800000| Untracked 
|   9|0x0000000080900000, 0x0000000080a00000, 0x0000000080a00000|100%| O|  |TAMS 0x0000000080900000, 0x0000000080900000| Untracked 
|  10|0x0000000080a00000, 0x0000000080b00000, 0x0000000080b00000|100%| O|  |TAMS 0x0000000080a00000, 0x0000000080a00000| Untracked 
|  11|0x0000000080b00000, 0x0000000080c00000, 0x0000000080c00000|100%| O|  |TAMS 0x0000000080b00000, 0x0000000080b00000| Untracked 
|  12|0x0000000080c00000, 0x0000000080d00000, 0x0000000080d00000|100%| O|  |TAMS 0x0000000080c00000, 0x0000000080c00000| Untracked 
|  13|0x0000000080d00000, 0x0000000080e00000, 0x0000000080e00000|100%| O|  |TAMS 0x0000000080d00000, 0x0000000080d00000| Untracked 
|  14|0x0000000080e00000, 0x0000000080f00000, 0x0000000080f00000|100%| O|  |TAMS 0x0000000080e00000, 0x0000000080e00000| Untracked 
|  15|0x0000000080f00000, 0x0000000080f5f800, 0x0000000081000000| 37%| O|  |TAMS 0x0000000080f00000, 0x0000000080f00000| Untracked 
|  16|0x0000000081000000, 0x0000000081000000, 0x0000000081100000|  0%| F|  |TAMS 0x0000000081000000, 0x0000000081000000| Untracked 
|  17|0x0000000081100000, 0x0000000081100000, 0x0000000081200000|  0%| F|  |TAMS 0x0000000081100000, 0x0000000081100000| Untracked 
|  18|0x0000000081200000, 0x0000000081200000, 0x0000000081300000|  0%| F|  |TAMS 0x0000000081200000, 0x0000000081200000| Untracked 
|  19|0x0000000081300000, 0x0000000081300000, 0x0000000081400000|  0%| F|  |TAMS 0x0000000081300000, 0x0000000081300000| Untracked 
|  20|0x0000000081400000, 0x0000000081400000, 0x0000000081500000|  0%| F|  |TAMS 0x0000000081400000, 0x0000000081400000| Untracked 
|  21|0x0000000081500000, 0x0000000081500000, 0x0000000081600000|  0%| F|  |TAMS 0x0000000081500000, 0x0000000081500000| Untracked 
|  22|0x0000000081600000, 0x0000000081600000, 0x0000000081700000|  0%| F|  |TAMS 0x0000000081600000, 0x0000000081600000| Untracked 
|  23|0x0000000081700000, 0x0000000081700000, 0x0000000081800000|  0%| F|  |TAMS 0x0000000081700000, 0x0000000081700000| Untracked 
|  24|0x0000000081800000, 0x0000000081800000, 0x0000000081900000|  0%| F|  |TAMS 0x0000000081800000, 0x0000000081800000| Untracked 
|  25|0x0000000081900000, 0x0000000081900000, 0x0000000081a00000|  0%| F|  |TAMS 0x0000000081900000, 0x0000000081900000| Untracked 
|  26|0x0000000081a00000, 0x0000000081a00000, 0x0000000081b00000|  0%| F|  |TAMS 0x0000000081a00000, 0x0000000081a00000| Untracked 
|  27|0x0000000081b00000, 0x0000000081b00000, 0x0000000081c00000|  0%| F|  |TAMS 0x0000000081b00000, 0x0000000081b00000| Untracked 
|  28|0x0000000081c00000, 0x0000000081c00000, 0x0000000081d00000|  0%| F|  |TAMS 0x0000000081c00000, 0x0000000081c00000| Untracked 
|  29|0x0000000081d00000, 0x0000000081d00000, 0x0000000081e00000|  0%| F|  |TAMS 0x0000000081d00000, 0x0000000081d00000| Untracked 
|  30|0x0000000081e00000, 0x0000000081e00000, 0x0000000081f00000|  0%| F|  |TAMS 0x0000000081e00000, 0x0000000081e00000| Untracked 
|  31|0x0000000081f00000, 0x0000000081f00000, 0x0000000082000000|  0%| F|  |TAMS 0x0000000081f00000, 0x0000000081f00000| Untracked 
|  32|0x0000000082000000, 0x0000000082000000, 0x0000000082100000|  0%| F|  |TAMS 0x0000000082000000, 0x0000000082000000| Untracked 
|  33|0x0000000082100000, 0x0000000082100000, 0x0000000082200000|  0%| F|  |TAMS 0x0000000082100000, 0x0000000082100000| Untracked 
|  34|0x0000000082200000, 0x0000000082200000, 0x0000000082300000|  0%| F|  |TAMS 0x0000000082200000, 0x0000000082200000| Untracked 
|  35|0x0000000082300000, 0x0000000082300000, 0x0000000082400000|  0%| F|  |TAMS 0x0000000082300000, 0x0000000082300000| Untracked 
|  36|0x0000000082400000, 0x0000000082400000, 0x0000000082500000|  0%| F|  |TAMS 0x0000000082400000, 0x0000000082400000| Untracked 
|  37|0x0000000082500000, 0x0000000082500000, 0x0000000082600000|  0%| F|  |TAMS 0x0000000082500000, 0x0000000082500000| Untracked 
|  38|0x0000000082600000, 0x0000000082600000, 0x0000000082700000|  0%| F|  |TAMS 0x0000000082600000, 0x0000000082600000| Untracked 
|  39|0x0000000082700000, 0x0000000082700000, 0x0000000082800000|  0%| F|  |TAMS 0x0000000082700000, 0x0000000082700000| Untracked 
|  40|0x0000000082800000, 0x0000000082800000, 0x0000000082900000|  0%| F|  |TAMS 0x0000000082800000, 0x0000000082800000| Untracked 
|  41|0x0000000082900000, 0x0000000082900000, 0x0000000082a00000|  0%| F|  |TAMS 0x0000000082900000, 0x0000000082900000| Untracked 
|  42|0x0000000082a00000, 0x0000000082a00000, 0x0000000082b00000|  0%| F|  |TAMS 0x0000000082a00000, 0x0000000082a00000| Untracked 
|  43|0x0000000082b00000, 0x0000000082b00000, 0x0000000082c00000|  0%| F|  |TAMS 0x0000000082b00000, 0x0000000082b00000| Untracked 
|  44|0x0000000082c00000, 0x0000000082c00000, 0x0000000082d00000|  0%| F|  |TAMS 0x0000000082c00000, 0x0000000082c00000| Untracked 
|  45|0x0000000082d00000, 0x0000000082d00000, 0x0000000082e00000|  0%| F|  |TAMS 0x0000000082d00000, 0x0000000082d00000| Untracked 
|  46|0x0000000082e00000, 0x0000000082e00000, 0x0000000082f00000|  0%| F|  |TAMS 0x0000000082e00000, 0x0000000082e00000| Untracked 
|  47|0x0000000082f00000, 0x0000000082f00000, 0x0000000083000000|  0%| F|  |TAMS 0x0000000082f00000, 0x0000000082f00000| Untracked 
|  48|0x0000000083000000, 0x0000000083000000, 0x0000000083100000|  0%| F|  |TAMS 0x0000000083000000, 0x0000000083000000| Untracked 
|  49|0x0000000083100000, 0x0000000083100000, 0x0000000083200000|  0%| F|  |TAMS 0x0000000083100000, 0x0000000083100000| Untracked 
|  50|0x0000000083200000, 0x0000000083200000, 0x0000000083300000|  0%| F|  |TAMS 0x0000000083200000, 0x0000000083200000| Untracked 
|  51|0x0000000083300000, 0x0000000083300000, 0x0000000083400000|  0%| F|  |TAMS 0x0000000083300000, 0x0000000083300000| Untracked 
|  52|0x0000000083400000, 0x0000000083400000, 0x0000000083500000|  0%| F|  |TAMS 0x0000000083400000, 0x0000000083400000| Untracked 
|  53|0x0000000083500000, 0x0000000083500000, 0x0000000083600000|  0%| F|  |TAMS 0x0000000083500000, 0x0000000083500000| Untracked 
|  54|0x0000000083600000, 0x0000000083600000, 0x0000000083700000|  0%| F|  |TAMS 0x0000000083600000, 0x0000000083600000| Untracked 
|  55|0x0000000083700000, 0x0000000083700000, 0x0000000083800000|  0%| F|  |TAMS 0x0000000083700000, 0x0000000083700000| Untracked 
|  56|0x0000000083800000, 0x0000000083800000, 0x0000000083900000|  0%| F|  |TAMS 0x0000000083800000, 0x0000000083800000| Untracked 
|  57|0x0000000083900000, 0x0000000083900000, 0x0000000083a00000|  0%| F|  |TAMS 0x0000000083900000, 0x0000000083900000| Untracked 
|  58|0x0000000083a00000, 0x0000000083a00000, 0x0000000083b00000|  0%| F|  |TAMS 0x0000000083a00000, 0x0000000083a00000| Untracked 
|  59|0x0000000083b00000, 0x0000000083b00000, 0x0000000083c00000|  0%| F|  |TAMS 0x0000000083b00000, 0x0000000083b00000| Untracked 
|  60|0x0000000083c00000, 0x0000000083c00000, 0x0000000083d00000|  0%| F|  |TAMS 0x0000000083c00000, 0x0000000083c00000| Untracked 
|  61|0x0000000083d00000, 0x0000000083d00000, 0x0000000083e00000|  0%| F|  |TAMS 0x0000000083d00000, 0x0000000083d00000| Untracked 
|  62|0x0000000083e00000, 0x0000000083e00000, 0x0000000083f00000|  0%| F|  |TAMS 0x0000000083e00000, 0x0000000083e00000| Untracked 
|  63|0x0000000083f00000, 0x0000000083f00000, 0x0000000084000000|  0%| F|  |TAMS 0x0000000083f00000, 0x0000000083f00000| Untracked 
|  64|0x0000000084000000, 0x0000000084000000, 0x0000000084100000|  0%| F|  |TAMS 0x0000000084000000, 0x0000000084000000| Untracked 
|  65|0x0000000084100000, 0x0000000084100000, 0x0000000084200000|  0%| F|  |TAMS 0x0000000084100000, 0x0000000084100000| Untracked 
|  66|0x0000000084200000, 0x0000000084200000, 0x0000000084300000|  0%| F|  |TAMS 0x0000000084200000, 0x0000000084200000| Untracked 
|  67|0x0000000084300000, 0x0000000084300000, 0x0000000084400000|  0%| F|  |TAMS 0x0000000084300000, 0x0000000084300000| Untracked 
|  68|0x0000000084400000, 0x0000000084400000, 0x0000000084500000|  0%| F|  |TAMS 0x0000000084400000, 0x0000000084400000| Untracked 
|  69|0x0000000084500000, 0x0000000084500000, 0x0000000084600000|  0%| F|  |TAMS 0x0000000084500000, 0x0000000084500000| Untracked 
|  70|0x0000000084600000, 0x0000000084600000, 0x0000000084700000|  0%| F|  |TAMS 0x0000000084600000, 0x0000000084600000| Untracked 
|  71|0x0000000084700000, 0x0000000084700000, 0x0000000084800000|  0%| F|  |TAMS 0x0000000084700000, 0x0000000084700000| Untracked 
|  72|0x0000000084800000, 0x0000000084800000, 0x0000000084900000|  0%| F|  |TAMS 0x0000000084800000, 0x0000000084800000| Untracked 
|  73|0x0000000084900000, 0x0000000084900000, 0x0000000084a00000|  0%| F|  |TAMS 0x0000000084900000, 0x0000000084900000| Untracked 
|  74|0x0000000084a00000, 0x0000000084a00000, 0x0000000084b00000|  0%| F|  |TAMS 0x0000000084a00000, 0x0000000084a00000| Untracked 
|  75|0x0000000084b00000, 0x0000000084b00000, 0x0000000084c00000|  0%| F|  |TAMS 0x0000000084b00000, 0x0000000084b00000| Untracked 
|  76|0x0000000084c00000, 0x0000000084c00000, 0x0000000084d00000|  0%| F|  |TAMS 0x0000000084c00000, 0x0000000084c00000| Untracked 
|  77|0x0000000084d00000, 0x0000000084d00000, 0x0000000084e00000|  0%| F|  |TAMS 0x0000000084d00000, 0x0000000084d00000| Untracked 
|  78|0x0000000084e00000, 0x0000000084e00000, 0x0000000084f00000|  0%| F|  |TAMS 0x0000000084e00000, 0x0000000084e00000| Untracked 
|  79|0x0000000084f00000, 0x0000000084f00000, 0x0000000085000000|  0%| F|  |TAMS 0x0000000084f00000, 0x0000000084f00000| Untracked 
|  80|0x0000000085000000, 0x0000000085000000, 0x0000000085100000|  0%| F|  |TAMS 0x0000000085000000, 0x0000000085000000| Untracked 
|  81|0x0000000085100000, 0x0000000085100000, 0x0000000085200000|  0%| F|  |TAMS 0x0000000085100000, 0x0000000085100000| Untracked 
|  82|0x0000000085200000, 0x0000000085200000, 0x0000000085300000|  0%| F|  |TAMS 0x0000000085200000, 0x0000000085200000| Untracked 
|  83|0x0000000085300000, 0x0000000085300000, 0x0000000085400000|  0%| F|  |TAMS 0x0000000085300000, 0x0000000085300000| Untracked 
|  84|0x0000000085400000, 0x0000000085400000, 0x0000000085500000|  0%| F|  |TAMS 0x0000000085400000, 0x0000000085400000| Untracked 
|  85|0x0000000085500000, 0x0000000085500000, 0x0000000085600000|  0%| F|  |TAMS 0x0000000085500000, 0x0000000085500000| Untracked 
|  86|0x0000000085600000, 0x0000000085600000, 0x0000000085700000|  0%| F|  |TAMS 0x0000000085600000, 0x0000000085600000| Untracked 
|  87|0x0000000085700000, 0x0000000085700000, 0x0000000085800000|  0%| F|  |TAMS 0x0000000085700000, 0x0000000085700000| Untracked 
|  88|0x0000000085800000, 0x0000000085800000, 0x0000000085900000|  0%| F|  |TAMS 0x0000000085800000, 0x0000000085800000| Untracked 
|  89|0x0000000085900000, 0x0000000085900000, 0x0000000085a00000|  0%| F|  |TAMS 0x0000000085900000, 0x0000000085900000| Untracked 
|  90|0x0000000085a00000, 0x0000000085a00000, 0x0000000085b00000|  0%| F|  |TAMS 0x0000000085a00000, 0x0000000085a00000| Untracked 
|  91|0x0000000085b00000, 0x0000000085b00000, 0x0000000085c00000|  0%| F|  |TAMS 0x0000000085b00000, 0x0000000085b00000| Untracked 
|  92|0x0000000085c00000, 0x0000000085c00000, 0x0000000085d00000|  0%| F|  |TAMS 0x0000000085c00000, 0x0000000085c00000| Untracked 
|  93|0x0000000085d00000, 0x0000000085d00000, 0x0000000085e00000|  0%| F|  |TAMS 0x0000000085d00000, 0x0000000085d00000| Untracked 
|  94|0x0000000085e00000, 0x0000000085e00000, 0x0000000085f00000|  0%| F|  |TAMS 0x0000000085e00000, 0x0000000085e00000| Untracked 
|  95|0x0000000085f00000, 0x0000000085f00000, 0x0000000086000000|  0%| F|  |TAMS 0x0000000085f00000, 0x0000000085f00000| Untracked 
|  96|0x0000000086000000, 0x0000000086000000, 0x0000000086100000|  0%| F|  |TAMS 0x0000000086000000, 0x0000000086000000| Untracked 
|  97|0x0000000086100000, 0x0000000086100000, 0x0000000086200000|  0%| F|  |TAMS 0x0000000086100000, 0x0000000086100000| Untracked 
|  98|0x0000000086200000, 0x0000000086200000, 0x0000000086300000|  0%| F|  |TAMS 0x0000000086200000, 0x0000000086200000| Untracked 
|  99|0x0000000086300000, 0x0000000086300000, 0x0000000086400000|  0%| F|  |TAMS 0x0000000086300000, 0x0000000086300000| Untracked 
| 100|0x0000000086400000, 0x0000000086400000, 0x0000000086500000|  0%| F|  |TAMS 0x0000000086400000, 0x0000000086400000| Untracked 
| 101|0x0000000086500000, 0x0000000086500000, 0x0000000086600000|  0%| F|  |TAMS 0x0000000086500000, 0x0000000086500000| Untracked 
| 102|0x0000000086600000, 0x0000000086600000, 0x0000000086700000|  0%| F|  |TAMS 0x0000000086600000, 0x0000000086600000| Untracked 
| 103|0x0000000086700000, 0x0000000086700000, 0x0000000086800000|  0%| F|  |TAMS 0x0000000086700000, 0x0000000086700000| Untracked 
| 104|0x0000000086800000, 0x0000000086800000, 0x0000000086900000|  0%| F|  |TAMS 0x0000000086800000, 0x0000000086800000| Untracked 
| 105|0x0000000086900000, 0x0000000086900000, 0x0000000086a00000|  0%| F|  |TAMS 0x0000000086900000, 0x0000000086900000| Untracked 
| 106|0x0000000086a00000, 0x0000000086a00000, 0x0000000086b00000|  0%| F|  |TAMS 0x0000000086a00000, 0x0000000086a00000| Untracked 
| 107|0x0000000086b00000, 0x0000000086b00000, 0x0000000086c00000|  0%| F|  |TAMS 0x0000000086b00000, 0x0000000086b00000| Untracked 
| 108|0x0000000086c00000, 0x0000000086c00000, 0x0000000086d00000|  0%| F|  |TAMS 0x0000000086c00000, 0x0000000086c00000| Untracked 
| 109|0x0000000086d00000, 0x0000000086d00000, 0x0000000086e00000|  0%| F|  |TAMS 0x0000000086d00000, 0x0000000086d00000| Untracked 
| 110|0x0000000086e00000, 0x0000000086e00000, 0x0000000086f00000|  0%| F|  |TAMS 0x0000000086e00000, 0x0000000086e00000| Untracked 
| 111|0x0000000086f00000, 0x0000000086f00000, 0x0000000087000000|  0%| F|  |TAMS 0x0000000086f00000, 0x0000000086f00000| Untracked 
| 112|0x0000000087000000, 0x0000000087000000, 0x0000000087100000|  0%| F|  |TAMS 0x0000000087000000, 0x0000000087000000| Untracked 
| 113|0x0000000087100000, 0x0000000087100000, 0x0000000087200000|  0%| F|  |TAMS 0x0000000087100000, 0x0000000087100000| Untracked 
| 114|0x0000000087200000, 0x0000000087200000, 0x0000000087300000|  0%| F|  |TAMS 0x0000000087200000, 0x0000000087200000| Untracked 
| 115|0x0000000087300000, 0x0000000087300000, 0x0000000087400000|  0%| F|  |TAMS 0x0000000087300000, 0x0000000087300000| Untracked 
| 116|0x0000000087400000, 0x0000000087400000, 0x0000000087500000|  0%| F|  |TAMS 0x0000000087400000, 0x0000000087400000| Untracked 
| 117|0x0000000087500000, 0x0000000087500000, 0x0000000087600000|  0%| F|  |TAMS 0x0000000087500000, 0x0000000087500000| Untracked 
| 118|0x0000000087600000, 0x0000000087600000, 0x0000000087700000|  0%| F|  |TAMS 0x0000000087600000, 0x0000000087600000| Untracked 
| 119|0x0000000087700000, 0x0000000087700000, 0x0000000087800000|  0%| F|  |TAMS 0x0000000087700000, 0x0000000087700000| Untracked 
| 120|0x0000000087800000, 0x0000000087800000, 0x0000000087900000|  0%| F|  |TAMS 0x0000000087800000, 0x0000000087800000| Untracked 
| 121|0x0000000087900000, 0x0000000087900000, 0x0000000087a00000|  0%| F|  |TAMS 0x0000000087900000, 0x0000000087900000| Untracked 
| 122|0x0000000087a00000, 0x0000000087a00000, 0x0000000087b00000|  0%| F|  |TAMS 0x0000000087a00000, 0x0000000087a00000| Untracked 
| 123|0x0000000087b00000, 0x0000000087b00000, 0x0000000087c00000|  0%| F|  |TAMS 0x0000000087b00000, 0x0000000087b00000| Untracked 
| 124|0x0000000087c00000, 0x0000000087c00000, 0x0000000087d00000|  0%| F|  |TAMS 0x0000000087c00000, 0x0000000087c00000| Untracked 
| 125|0x0000000087d00000, 0x0000000087d00000, 0x0000000087e00000|  0%| F|  |TAMS 0x0000000087d00000, 0x0000000087d00000| Untracked 
| 126|0x0000000087e00000, 0x0000000087e00000, 0x0000000087f00000|  0%| F|  |TAMS 0x0000000087e00000, 0x0000000087e00000| Untracked 
| 127|0x0000000087f00000, 0x0000000087f00000, 0x0000000088000000|  0%| F|  |TAMS 0x0000000087f00000, 0x0000000087f00000| Untracked 
| 128|0x0000000088000000, 0x0000000088000000, 0x0000000088100000|  0%| F|  |TAMS 0x0000000088000000, 0x0000000088000000| Untracked 
| 129|0x0000000088100000, 0x0000000088100000, 0x0000000088200000|  0%| F|  |TAMS 0x0000000088100000, 0x0000000088100000| Untracked 
| 130|0x0000000088200000, 0x0000000088200000, 0x0000000088300000|  0%| F|  |TAMS 0x0000000088200000, 0x0000000088200000| Untracked 
| 131|0x0000000088300000, 0x0000000088300000, 0x0000000088400000|  0%| F|  |TAMS 0x0000000088300000, 0x0000000088300000| Untracked 
| 132|0x0000000088400000, 0x0000000088400000, 0x0000000088500000|  0%| F|  |TAMS 0x0000000088400000, 0x0000000088400000| Untracked 
| 133|0x0000000088500000, 0x0000000088500000, 0x0000000088600000|  0%| F|  |TAMS 0x0000000088500000, 0x0000000088500000| Untracked 
| 134|0x0000000088600000, 0x0000000088600000, 0x0000000088700000|  0%| F|  |TAMS 0x0000000088600000, 0x0000000088600000| Untracked 
| 135|0x0000000088700000, 0x0000000088700000, 0x0000000088800000|  0%| F|  |TAMS 0x0000000088700000, 0x0000000088700000| Untracked 
| 136|0x0000000088800000, 0x0000000088800000, 0x0000000088900000|  0%| F|  |TAMS 0x0000000088800000, 0x0000000088800000| Untracked 
| 137|0x0000000088900000, 0x0000000088900000, 0x0000000088a00000|  0%| F|  |TAMS 0x0000000088900000, 0x0000000088900000| Untracked 
| 138|0x0000000088a00000, 0x0000000088a00000, 0x0000000088b00000|  0%| F|  |TAMS 0x0000000088a00000, 0x0000000088a00000| Untracked 
| 139|0x0000000088b00000, 0x0000000088b00000, 0x0000000088c00000|  0%| F|  |TAMS 0x0000000088b00000, 0x0000000088b00000| Untracked 
| 140|0x0000000088c00000, 0x0000000088c00000, 0x0000000088d00000|  0%| F|  |TAMS 0x0000000088c00000, 0x0000000088c00000| Untracked 
| 141|0x0000000088d00000, 0x0000000088d00000, 0x0000000088e00000|  0%| F|  |TAMS 0x0000000088d00000, 0x0000000088d00000| Untracked 
| 142|0x0000000088e00000, 0x0000000088e00000, 0x0000000088f00000|  0%| F|  |TAMS 0x0000000088e00000, 0x0000000088e00000| Untracked 
| 143|0x0000000088f00000, 0x0000000088f00000, 0x0000000089000000|  0%| F|  |TAMS 0x0000000088f00000, 0x0000000088f00000| Untracked 
| 144|0x0000000089000000, 0x0000000089000000, 0x0000000089100000|  0%| F|  |TAMS 0x0000000089000000, 0x0000000089000000| Untracked 
| 145|0x0000000089100000, 0x0000000089100000, 0x0000000089200000|  0%| F|  |TAMS 0x0000000089100000, 0x0000000089100000| Untracked 
| 146|0x0000000089200000, 0x0000000089200000, 0x0000000089300000|  0%| F|  |TAMS 0x0000000089200000, 0x0000000089200000| Untracked 
| 147|0x0000000089300000, 0x0000000089300000, 0x0000000089400000|  0%| F|  |TAMS 0x0000000089300000, 0x0000000089300000| Untracked 
| 148|0x0000000089400000, 0x0000000089400000, 0x0000000089500000|  0%| F|  |TAMS 0x0000000089400000, 0x0000000089400000| Untracked 
| 149|0x0000000089500000, 0x0000000089500000, 0x0000000089600000|  0%| F|  |TAMS 0x0000000089500000, 0x0000000089500000| Untracked 
| 150|0x0000000089600000, 0x0000000089600000, 0x0000000089700000|  0%| F|  |TAMS 0x0000000089600000, 0x0000000089600000| Untracked 
| 151|0x0000000089700000, 0x0000000089700000, 0x0000000089800000|  0%| F|  |TAMS 0x0000000089700000, 0x0000000089700000| Untracked 
| 152|0x0000000089800000, 0x0000000089800000, 0x0000000089900000|  0%| F|  |TAMS 0x0000000089800000, 0x0000000089800000| Untracked 
| 153|0x0000000089900000, 0x0000000089900000, 0x0000000089a00000|  0%| F|  |TAMS 0x0000000089900000, 0x0000000089900000| Untracked 
| 154|0x0000000089a00000, 0x0000000089a00000, 0x0000000089b00000|  0%| F|  |TAMS 0x0000000089a00000, 0x0000000089a00000| Untracked 
| 155|0x0000000089b00000, 0x0000000089b00000, 0x0000000089c00000|  0%| F|  |TAMS 0x0000000089b00000, 0x0000000089b00000| Untracked 
| 156|0x0000000089c00000, 0x0000000089c00000, 0x0000000089d00000|  0%| F|  |TAMS 0x0000000089c00000, 0x0000000089c00000| Untracked 
| 157|0x0000000089d00000, 0x0000000089d00000, 0x0000000089e00000|  0%| F|  |TAMS 0x0000000089d00000, 0x0000000089d00000| Untracked 
| 158|0x0000000089e00000, 0x0000000089e00000, 0x0000000089f00000|  0%| F|  |TAMS 0x0000000089e00000, 0x0000000089e00000| Untracked 
| 159|0x0000000089f00000, 0x0000000089f00000, 0x000000008a000000|  0%| F|  |TAMS 0x0000000089f00000, 0x0000000089f00000| Untracked 
| 160|0x000000008a000000, 0x000000008a000000, 0x000000008a100000|  0%| F|  |TAMS 0x000000008a000000, 0x000000008a000000| Untracked 
| 161|0x000000008a100000, 0x000000008a100000, 0x000000008a200000|  0%| F|  |TAMS 0x000000008a100000, 0x000000008a100000| Untracked 
| 162|0x000000008a200000, 0x000000008a200000, 0x000000008a300000|  0%| F|  |TAMS 0x000000008a200000, 0x000000008a200000| Untracked 
| 163|0x000000008a300000, 0x000000008a300000, 0x000000008a400000|  0%| F|  |TAMS 0x000000008a300000, 0x000000008a300000| Untracked 
| 164|0x000000008a400000, 0x000000008a400000, 0x000000008a500000|  0%| F|  |TAMS 0x000000008a400000, 0x000000008a400000| Untracked 
| 165|0x000000008a500000, 0x000000008a500000, 0x000000008a600000|  0%| F|  |TAMS 0x000000008a500000, 0x000000008a500000| Untracked 
| 166|0x000000008a600000, 0x000000008a600000, 0x000000008a700000|  0%| F|  |TAMS 0x000000008a600000, 0x000000008a600000| Untracked 
| 167|0x000000008a700000, 0x000000008a700000, 0x000000008a800000|  0%| F|  |TAMS 0x000000008a700000, 0x000000008a700000| Untracked 
| 168|0x000000008a800000, 0x000000008a800000, 0x000000008a900000|  0%| F|  |TAMS 0x000000008a800000, 0x000000008a800000| Untracked 
| 169|0x000000008a900000, 0x000000008a900000, 0x000000008aa00000|  0%| F|  |TAMS 0x000000008a900000, 0x000000008a900000| Untracked 
| 170|0x000000008aa00000, 0x000000008aa00000, 0x000000008ab00000|  0%| F|  |TAMS 0x000000008aa00000, 0x000000008aa00000| Untracked 
| 171|0x000000008ab00000, 0x000000008ab00000, 0x000000008ac00000|  0%| F|  |TAMS 0x000000008ab00000, 0x000000008ab00000| Untracked 
| 172|0x000000008ac00000, 0x000000008ac00000, 0x000000008ad00000|  0%| F|  |TAMS 0x000000008ac00000, 0x000000008ac00000| Untracked 
| 173|0x000000008ad00000, 0x000000008ad00000, 0x000000008ae00000|  0%| F|  |TAMS 0x000000008ad00000, 0x000000008ad00000| Untracked 
| 174|0x000000008ae00000, 0x000000008ae00000, 0x000000008af00000|  0%| F|  |TAMS 0x000000008ae00000, 0x000000008ae00000| Untracked 
| 175|0x000000008af00000, 0x000000008af00000, 0x000000008b000000|  0%| F|  |TAMS 0x000000008af00000, 0x000000008af00000| Untracked 
| 176|0x000000008b000000, 0x000000008b000000, 0x000000008b100000|  0%| F|  |TAMS 0x000000008b000000, 0x000000008b000000| Untracked 
| 177|0x000000008b100000, 0x000000008b100000, 0x000000008b200000|  0%| F|  |TAMS 0x000000008b100000, 0x000000008b100000| Untracked 
| 178|0x000000008b200000, 0x000000008b200000, 0x000000008b300000|  0%| F|  |TAMS 0x000000008b200000, 0x000000008b200000| Untracked 
| 179|0x000000008b300000, 0x000000008b300000, 0x000000008b400000|  0%| F|  |TAMS 0x000000008b300000, 0x000000008b300000| Untracked 
| 180|0x000000008b400000, 0x000000008b400000, 0x000000008b500000|  0%| F|  |TAMS 0x000000008b400000, 0x000000008b400000| Untracked 
| 181|0x000000008b500000, 0x000000008b500000, 0x000000008b600000|  0%| F|  |TAMS 0x000000008b500000, 0x000000008b500000| Untracked 
| 182|0x000000008b600000, 0x000000008b600000, 0x000000008b700000|  0%| F|  |TAMS 0x000000008b600000, 0x000000008b600000| Untracked 
| 183|0x000000008b700000, 0x000000008b700000, 0x000000008b800000|  0%| F|  |TAMS 0x000000008b700000, 0x000000008b700000| Untracked 
| 184|0x000000008b800000, 0x000000008b800000, 0x000000008b900000|  0%| F|  |TAMS 0x000000008b800000, 0x000000008b800000| Untracked 
| 185|0x000000008b900000, 0x000000008b900000, 0x000000008ba00000|  0%| F|  |TAMS 0x000000008b900000, 0x000000008b900000| Untracked 
| 186|0x000000008ba00000, 0x000000008ba00000, 0x000000008bb00000|  0%| F|  |TAMS 0x000000008ba00000, 0x000000008ba00000| Untracked 
| 187|0x000000008bb00000, 0x000000008bb00000, 0x000000008bc00000|  0%| F|  |TAMS 0x000000008bb00000, 0x000000008bb00000| Untracked 
| 188|0x000000008bc00000, 0x000000008bc00000, 0x000000008bd00000|  0%| F|  |TAMS 0x000000008bc00000, 0x000000008bc00000| Untracked 
| 189|0x000000008bd00000, 0x000000008bd00000, 0x000000008be00000|  0%| F|  |TAMS 0x000000008bd00000, 0x000000008bd00000| Untracked 
| 190|0x000000008be00000, 0x000000008be00000, 0x000000008bf00000|  0%| F|  |TAMS 0x000000008be00000, 0x000000008be00000| Untracked 
| 191|0x000000008bf00000, 0x000000008bf00000, 0x000000008c000000|  0%| F|  |TAMS 0x000000008bf00000, 0x000000008bf00000| Untracked 
| 192|0x000000008c000000, 0x000000008c000000, 0x000000008c100000|  0%| F|  |TAMS 0x000000008c000000, 0x000000008c000000| Untracked 
| 193|0x000000008c100000, 0x000000008c100000, 0x000000008c200000|  0%| F|  |TAMS 0x000000008c100000, 0x000000008c100000| Untracked 
| 194|0x000000008c200000, 0x000000008c200000, 0x000000008c300000|  0%| F|  |TAMS 0x000000008c200000, 0x000000008c200000| Untracked 
| 195|0x000000008c300000, 0x000000008c300000, 0x000000008c400000|  0%| F|  |TAMS 0x000000008c300000, 0x000000008c300000| Untracked 
| 196|0x000000008c400000, 0x000000008c400000, 0x000000008c500000|  0%| F|  |TAMS 0x000000008c400000, 0x000000008c400000| Untracked 
| 197|0x000000008c500000, 0x000000008c500000, 0x000000008c600000|  0%| F|  |TAMS 0x000000008c500000, 0x000000008c500000| Untracked 
| 198|0x000000008c600000, 0x000000008c600000, 0x000000008c700000|  0%| F|  |TAMS 0x000000008c600000, 0x000000008c600000| Untracked 
| 199|0x000000008c700000, 0x000000008c700000, 0x000000008c800000|  0%| F|  |TAMS 0x000000008c700000, 0x000000008c700000| Untracked 
| 200|0x000000008c800000, 0x000000008c800000, 0x000000008c900000|  0%| F|  |TAMS 0x000000008c800000, 0x000000008c800000| Untracked 
| 201|0x000000008c900000, 0x000000008c900000, 0x000000008ca00000|  0%| F|  |TAMS 0x000000008c900000, 0x000000008c900000| Untracked 
| 202|0x000000008ca00000, 0x000000008ca00000, 0x000000008cb00000|  0%| F|  |TAMS 0x000000008ca00000, 0x000000008ca00000| Untracked 
| 203|0x000000008cb00000, 0x000000008cb00000, 0x000000008cc00000|  0%| F|  |TAMS 0x000000008cb00000, 0x000000008cb00000| Untracked 
| 204|0x000000008cc00000, 0x000000008cc00000, 0x000000008cd00000|  0%| F|  |TAMS 0x000000008cc00000, 0x000000008cc00000| Untracked 
| 205|0x000000008cd00000, 0x000000008cd00000, 0x000000008ce00000|  0%| F|  |TAMS 0x000000008cd00000, 0x000000008cd00000| Untracked 
| 206|0x000000008ce00000, 0x000000008ce00000, 0x000000008cf00000|  0%| F|  |TAMS 0x000000008ce00000, 0x000000008ce00000| Untracked 
| 207|0x000000008cf00000, 0x000000008cf00000, 0x000000008d000000|  0%| F|  |TAMS 0x000000008cf00000, 0x000000008cf00000| Untracked 
| 208|0x000000008d000000, 0x000000008d000000, 0x000000008d100000|  0%| F|  |TAMS 0x000000008d000000, 0x000000008d000000| Untracked 
| 209|0x000000008d100000, 0x000000008d100000, 0x000000008d200000|  0%| F|  |TAMS 0x000000008d100000, 0x000000008d100000| Untracked 
| 210|0x000000008d200000, 0x000000008d200000, 0x000000008d300000|  0%| F|  |TAMS 0x000000008d200000, 0x000000008d200000| Untracked 
| 211|0x000000008d300000, 0x000000008d300000, 0x000000008d400000|  0%| F|  |TAMS 0x000000008d300000, 0x000000008d300000| Untracked 
| 212|0x000000008d400000, 0x000000008d400000, 0x000000008d500000|  0%| F|  |TAMS 0x000000008d400000, 0x000000008d400000| Untracked 
| 213|0x000000008d500000, 0x000000008d500000, 0x000000008d600000|  0%| F|  |TAMS 0x000000008d500000, 0x000000008d500000| Untracked 
| 214|0x000000008d600000, 0x000000008d600000, 0x000000008d700000|  0%| F|  |TAMS 0x000000008d600000, 0x000000008d600000| Untracked 
| 215|0x000000008d700000, 0x000000008d700000, 0x000000008d800000|  0%| F|  |TAMS 0x000000008d700000, 0x000000008d700000| Untracked 
| 216|0x000000008d800000, 0x000000008d800000, 0x000000008d900000|  0%| F|  |TAMS 0x000000008d800000, 0x000000008d800000| Untracked 
| 217|0x000000008d900000, 0x000000008d900000, 0x000000008da00000|  0%| F|  |TAMS 0x000000008d900000, 0x000000008d900000| Untracked 
| 218|0x000000008da00000, 0x000000008dabcf80, 0x000000008db00000| 73%| S|CS|TAMS 0x000000008da00000, 0x000000008da00000| Complete 
| 219|0x000000008db00000, 0x000000008dc00000, 0x000000008dc00000|100%| S|CS|TAMS 0x000000008db00000, 0x000000008db00000| Complete 
| 220|0x000000008dc00000, 0x000000008dc00000, 0x000000008dd00000|  0%| F|  |TAMS 0x000000008dc00000, 0x000000008dc00000| Untracked 
| 221|0x000000008dd00000, 0x000000008dd00000, 0x000000008de00000|  0%| F|  |TAMS 0x000000008dd00000, 0x000000008dd00000| Untracked 
| 222|0x000000008de00000, 0x000000008de00000, 0x000000008df00000|  0%| F|  |TAMS 0x000000008de00000, 0x000000008de00000| Untracked 
| 223|0x000000008df00000, 0x000000008df00000, 0x000000008e000000|  0%| F|  |TAMS 0x000000008df00000, 0x000000008df00000| Untracked 
| 224|0x000000008e000000, 0x000000008e000000, 0x000000008e100000|  0%| F|  |TAMS 0x000000008e000000, 0x000000008e000000| Untracked 
| 225|0x000000008e100000, 0x000000008e100000, 0x000000008e200000|  0%| F|  |TAMS 0x000000008e100000, 0x000000008e100000| Untracked 
| 226|0x000000008e200000, 0x000000008e200000, 0x000000008e300000|  0%| F|  |TAMS 0x000000008e200000, 0x000000008e200000| Untracked 
| 227|0x000000008e300000, 0x000000008e300000, 0x000000008e400000|  0%| F|  |TAMS 0x000000008e300000, 0x000000008e300000| Untracked 
| 228|0x000000008e400000, 0x000000008e400000, 0x000000008e500000|  0%| F|  |TAMS 0x000000008e400000, 0x000000008e400000| Untracked 
| 229|0x000000008e500000, 0x000000008e500000, 0x000000008e600000|  0%| F|  |TAMS 0x000000008e500000, 0x000000008e500000| Untracked 
| 230|0x000000008e600000, 0x000000008e600000, 0x000000008e700000|  0%| F|  |TAMS 0x000000008e600000, 0x000000008e600000| Untracked 
| 231|0x000000008e700000, 0x000000008e700000, 0x000000008e800000|  0%| F|  |TAMS 0x000000008e700000, 0x000000008e700000| Untracked 
| 232|0x000000008e800000, 0x000000008e800000, 0x000000008e900000|  0%| F|  |TAMS 0x000000008e800000, 0x000000008e800000| Untracked 
| 233|0x000000008e900000, 0x000000008e900000, 0x000000008ea00000|  0%| F|  |TAMS 0x000000008e900000, 0x000000008e900000| Untracked 
| 234|0x000000008ea00000, 0x000000008ea00000, 0x000000008eb00000|  0%| F|  |TAMS 0x000000008ea00000, 0x000000008ea00000| Untracked 
| 235|0x000000008eb00000, 0x000000008eb00000, 0x000000008ec00000|  0%| F|  |TAMS 0x000000008eb00000, 0x000000008eb00000| Untracked 
| 236|0x000000008ec00000, 0x000000008ec00000, 0x000000008ed00000|  0%| F|  |TAMS 0x000000008ec00000, 0x000000008ec00000| Untracked 
| 237|0x000000008ed00000, 0x000000008ed00000, 0x000000008ee00000|  0%| F|  |TAMS 0x000000008ed00000, 0x000000008ed00000| Untracked 
| 238|0x000000008ee00000, 0x000000008ee00000, 0x000000008ef00000|  0%| F|  |TAMS 0x000000008ee00000, 0x000000008ee00000| Untracked 
| 239|0x000000008ef00000, 0x000000008ef00000, 0x000000008f000000|  0%| F|  |TAMS 0x000000008ef00000, 0x000000008ef00000| Untracked 
| 240|0x000000008f000000, 0x000000008f080800, 0x000000008f100000| 50%| E|  |TAMS 0x000000008f000000, 0x000000008f000000| Complete 
| 241|0x000000008f100000, 0x000000008f200000, 0x000000008f200000|100%| E|CS|TAMS 0x000000008f100000, 0x000000008f100000| Complete 
| 242|0x000000008f200000, 0x000000008f300000, 0x000000008f300000|100%| E|CS|TAMS 0x000000008f200000, 0x000000008f200000| Complete 
| 243|0x000000008f300000, 0x000000008f400000, 0x000000008f400000|100%| E|CS|TAMS 0x000000008f300000, 0x000000008f300000| Complete 
| 244|0x000000008f400000, 0x000000008f500000, 0x000000008f500000|100%| E|CS|TAMS 0x000000008f400000, 0x000000008f400000| Complete 
| 245|0x000000008f500000, 0x000000008f600000, 0x000000008f600000|100%| E|CS|TAMS 0x000000008f500000, 0x000000008f500000| Complete 
| 246|0x000000008f600000, 0x000000008f700000, 0x000000008f700000|100%| E|CS|TAMS 0x000000008f600000, 0x000000008f600000| Complete 
| 247|0x000000008f700000, 0x000000008f800000, 0x000000008f800000|100%| E|CS|TAMS 0x000000008f700000, 0x000000008f700000| Complete 
| 248|0x000000008f800000, 0x000000008f900000, 0x000000008f900000|100%| E|CS|TAMS 0x000000008f800000, 0x000000008f800000| Complete 
| 249|0x000000008f900000, 0x000000008fa00000, 0x000000008fa00000|100%| E|CS|TAMS 0x000000008f900000, 0x000000008f900000| Complete 
| 250|0x000000008fa00000, 0x000000008fb00000, 0x000000008fb00000|100%| E|CS|TAMS 0x000000008fa00000, 0x000000008fa00000| Complete 
| 251|0x000000008fb00000, 0x000000008fc00000, 0x000000008fc00000|100%| E|CS|TAMS 0x000000008fb00000, 0x000000008fb00000| Complete 

Card table byte_map: [0x000001f3627e0000,0x000001f362be0000] _byte_map_base: 0x000001f3623e0000

Marking Bits (Prev, Next): (CMBitMap*) 0x000001f34d80f410, (CMBitMap*) 0x000001f34d80f3d8
 Prev Bits: [0x000001f364fe0000, 0x000001f366fe0000)
 Next Bits: [0x000001f362fe0000, 0x000001f364fe0000)

Polling page: 0x000001f34d8a0000

Metaspace:

Usage:
  Non-class:     22.25 MB capacity,    21.82 MB ( 98%) used,   395.41 KB (  2%) free+waste,    47.00 KB ( <1%) overhead. 
      Class:      3.49 MB capacity,     3.26 MB ( 94%) used,   207.14 KB (  6%) free+waste,    23.44 KB ( <1%) overhead. 
       Both:     25.74 MB capacity,    25.08 MB ( 97%) used,   602.55 KB (  2%) free+waste,    70.44 KB ( <1%) overhead. 

Virtual space:
  Non-class space:       24.00 MB reserved,      22.50 MB ( 94%) committed 
      Class space:        1.00 GB reserved,       3.50 MB ( <1%) committed 
             Both:        1.02 GB reserved,      26.00 MB (  2%) committed 

Chunk freelists:
   Non-Class:  61.00 KB
       Class:  14.00 KB
        Both:  75.00 KB

MaxMetaspaceSize: 17179869184.00 GB
CompressedClassSpaceSize: 1.00 GB

CodeHeap 'non-profiled nmethods': size=120000Kb used=969Kb max_used=969Kb free=119030Kb
 bounds [0x000001f35a540000, 0x000001f35a7b0000, 0x000001f361a70000]
CodeHeap 'profiled nmethods': size=120000Kb used=4087Kb max_used=4087Kb free=115912Kb
 bounds [0x000001f353010000, 0x000001f353420000, 0x000001f35a540000]
CodeHeap 'non-nmethods': size=5760Kb used=1158Kb max_used=1190Kb free=4601Kb
 bounds [0x000001f352a70000, 0x000001f352ce0000, 0x000001f353010000]
 total_blobs=2455 nmethods=1970 adapters=396
 compilation: enabled
              stopped_count=0, restarted_count=0
 full_count=0

Compilation events (20 events):
Event: 8.600 Thread 0x000001f36a3c4000 nmethod 2186 0x000001f3533ffa10 code [0x000001f3533ffce0, 0x000001f3534008a8]
Event: 8.718 Thread 0x000001f36a3c4000 2187       3       java.util.concurrent.locks.ReentrantLock$Sync::isHeldExclusively (16 bytes)
Event: 8.719 Thread 0x000001f36a3c4000 nmethod 2187 0x000001f353400d10 code [0x000001f353400ec0, 0x000001f353401058]
Event: 8.797 Thread 0x000001f36a3c4000 2188       3       java.util.stream.AbstractPipeline::isParallel (8 bytes)
Event: 8.797 Thread 0x000001f36a3c4000 nmethod 2188 0x000001f353401110 code [0x000001f3534012c0, 0x000001f3534013d8]
Event: 9.200 Thread 0x000001f36a3c4000 2189       3       java.util.concurrent.locks.ReentrantLock::unlock (10 bytes)
Event: 9.201 Thread 0x000001f36a3c4000 nmethod 2189 0x000001f353401490 code [0x000001f353401660, 0x000001f353401998]
Event: 9.615 Thread 0x000001f36a3c4000 2190       3       java.util.concurrent.TimeUnit::toNanos (45 bytes)
Event: 9.615 Thread 0x000001f36a3c4000 nmethod 2190 0x000001f353401b10 code [0x000001f353401cc0, 0x000001f353401ed8]
Event: 9.798 Thread 0x000001f36a3c4000 2191       1       javax.management.ObjectName$Property::setKeyIndex (6 bytes)
Event: 9.798 Thread 0x000001f36a3c4000 nmethod 2191 0x000001f35a631610 code [0x000001f35a6317c0, 0x000001f35a631878]
Event: 9.798 Thread 0x000001f36a3c4000 2192       1       java.util.Spliterators$EmptySpliterator::characteristics (4 bytes)
Event: 9.798 Thread 0x000001f36a3c4000 nmethod 2192 0x000001f35a631910 code [0x000001f35a631ac0, 0x000001f35a631b78]
Event: 9.798 Thread 0x000001f36a3c4000 2193       1       sun.management.MemoryPoolImpl::getName (5 bytes)
Event: 9.799 Thread 0x000001f36a3c4000 nmethod 2193 0x000001f35a631c10 code [0x000001f35a631dc0, 0x000001f35a631e78]
Event: 10.014 Thread 0x000001f36a3c4000 2194       3       java.util.concurrent.locks.AbstractQueuedSynchronizer$ConditionObject::unlinkCancelledWaiters (67 bytes)
Event: 10.015 Thread 0x000001f36a3c4000 nmethod 2194 0x000001f353401f90 code [0x000001f353402160, 0x000001f353402558]
Event: 10.075 Thread 0x000001f36a3c4000 2195       3       java.util.concurrent.locks.AbstractQueuedSynchronizer::enq (37 bytes)
Event: 10.079 Thread 0x000001f36a3c4000 nmethod 2195 0x000001f353402690 code [0x000001f353402ac0, 0x000001f3534047c8]
Event: 10.079 Thread 0x000001f36a3c4000 2196   !   3       java.util.concurrent.locks.AbstractQueuedSynchronizer::acquireQueued (74 bytes)

GC Heap History (6 events):
Event: 1.395 GC heap before
{Heap before GC invocations=0 (full 0):
 garbage-first heap   total 258048K, used 29696K [0x0000000080000000, 0x0000000100000000)
  region size 1024K, 24 young (24576K), 0 survivors (0K)
 Metaspace       used 10670K, capacity 10948K, committed 11264K, reserved 1058816K
  class space    used 1128K, capacity 1200K, committed 1280K, reserved 1048576K
}
Event: 1.411 GC heap after
{Heap after GC invocations=1 (full 0):
 garbage-first heap   total 258048K, used 8744K [0x0000000080000000, 0x0000000100000000)
  region size 1024K, 3 young (3072K), 3 survivors (3072K)
 Metaspace       used 10670K, capacity 10948K, committed 11264K, reserved 1058816K
  class space    used 1128K, capacity 1200K, committed 1280K, reserved 1048576K
}
Event: 5.249 GC heap before
{Heap before GC invocations=1 (full 0):
 garbage-first heap   total 258048K, used 91688K [0x0000000080000000, 0x0000000100000000)
  region size 1024K, 86 young (88064K), 3 survivors (3072K)
 Metaspace       used 20568K, capacity 21111K, committed 21248K, reserved 1067008K
  class space    used 2526K, capacity 2712K, committed 2816K, reserved 1048576K
}
Event: 5.266 GC heap after
{Heap after GC invocations=2 (full 0):
 garbage-first heap   total 258048K, used 16035K [0x0000000080000000, 0x0000000100000000)
  region size 1024K, 11 young (11264K), 11 survivors (11264K)
 Metaspace       used 20568K, capacity 21111K, committed 21248K, reserved 1067008K
  class space    used 2526K, capacity 2712K, committed 2816K, reserved 1048576K
}
Event: 8.305 GC heap before
{Heap before GC invocations=3 (full 0):
 garbage-first heap   total 258048K, used 48803K [0x0000000080000000, 0x0000000100000000)
  region size 1024K, 43 young (44032K), 11 survivors (11264K)
 Metaspace       used 24280K, capacity 24938K, committed 25216K, reserved 1071104K
  class space    used 3113K, capacity 3331K, committed 3456K, reserved 1048576K
}
Event: 8.315 GC heap after
{Heap after GC invocations=4 (full 0):
 garbage-first heap   total 258048K, used 17521K [0x0000000080000000, 0x0000000100000000)
  region size 1024K, 2 young (2048K), 2 survivors (2048K)
 Metaspace       used 24280K, capacity 24938K, committed 25216K, reserved 1071104K
  class space    used 3113K, capacity 3331K, committed 3456K, reserved 1048576K
}

Deoptimization events (20 events):
Event: 8.031 Thread 0x000001f36bb8a000 DEOPT PACKING pc=0x000001f35a60ef7c sp=0x0000006b580f8f40
Event: 8.032 Thread 0x000001f36bb8a000 DEOPT UNPACKING pc=0x000001f352a7822f sp=0x0000006b580f8ea8 mode 2
Event: 8.196 Thread 0x000001f36bb8a000 Uncommon trap: trap_request=0xffffff4d fr.pc=0x000001f35a5abda8 relative=0x0000000000000168
Event: 8.196 Thread 0x000001f36bb8a000 Uncommon trap: reason=unstable_if action=reinterpret pc=0x000001f35a5abda8 method=java.util.HashMap.getNode(ILjava/lang/Object;)Ljava/util/HashMap$Node; @ 129 c2
Event: 8.196 Thread 0x000001f36bb8a000 DEOPT PACKING pc=0x000001f35a5abda8 sp=0x0000006b580fd260
Event: 8.196 Thread 0x000001f36bb8a000 DEOPT UNPACKING pc=0x000001f352a7822f sp=0x0000006b580fd170 mode 2
Event: 8.504 Thread 0x000001f36bb8a000 DEOPT PACKING pc=0x000001f35305014c sp=0x0000006b580fc4e0
Event: 8.504 Thread 0x000001f36bb8a000 DEOPT UNPACKING pc=0x000001f352a98ade sp=0x0000006b580fba80 mode 0
Event: 8.536 Thread 0x000001f36bb8a000 Uncommon trap: trap_request=0xffffff7e fr.pc=0x000001f35a5dbc30 relative=0x0000000000000150
Event: 8.536 Thread 0x000001f36bb8a000 Uncommon trap: reason=predicate action=maybe_recompile pc=0x000001f35a5dbc30 method=com.google.common.base.CharMatcher.indexIn(Ljava/lang/CharSequence;I)I @ 19 c2
Event: 8.536 Thread 0x000001f36bb8a000 DEOPT PACKING pc=0x000001f35a5dbc30 sp=0x0000006b580fbf90
Event: 8.536 Thread 0x000001f36bb8a000 DEOPT UNPACKING pc=0x000001f352a7822f sp=0x0000006b580fbf20 mode 2
Event: 8.586 Thread 0x000001f36bb8a000 Uncommon trap: trap_request=0xffffffde fr.pc=0x000001f35a59cbe0 relative=0x0000000000000320
Event: 8.586 Thread 0x000001f36bb8a000 Uncommon trap: reason=class_check action=maybe_recompile pc=0x000001f35a59cbe0 method=java.util.Collections$SetFromMap.remove(Ljava/lang/Object;)Z @ 5 c2
Event: 8.586 Thread 0x000001f36bb8a000 DEOPT PACKING pc=0x000001f35a59cbe0 sp=0x0000006b580fc9d0
Event: 8.586 Thread 0x000001f36bb8a000 DEOPT UNPACKING pc=0x000001f352a7822f sp=0x0000006b580fc9b8 mode 2
Event: 8.586 Thread 0x000001f36bb8a000 Uncommon trap: trap_request=0xffffffde fr.pc=0x000001f35a59cbe0 relative=0x0000000000000320
Event: 8.586 Thread 0x000001f36bb8a000 Uncommon trap: reason=class_check action=maybe_recompile pc=0x000001f35a59cbe0 method=java.util.Collections$SetFromMap.remove(Ljava/lang/Object;)Z @ 5 c2
Event: 8.586 Thread 0x000001f36bb8a000 DEOPT PACKING pc=0x000001f35a59cbe0 sp=0x0000006b580fc950
Event: 8.586 Thread 0x000001f36bb8a000 DEOPT UNPACKING pc=0x000001f352a7822f sp=0x0000006b580fc938 mode 2

Classes redefined (0 events):
No events

Internal exceptions (20 events):
Event: 4.119 Thread 0x000001f36c7de000 Exception <a 'java/lang/NoSuchMethodError'{0x000000008c3c5300}: <clinit>> (0x000000008c3c5300) thrown at [./src/hotspot/share/prims/jni.cpp, line 1362]
Event: 4.146 Thread 0x000001f36c7de000 Exception <a 'java/lang/NoSuchMethodError'{0x000000008c3f7d48}: <clinit>> (0x000000008c3f7d48) thrown at [./src/hotspot/share/prims/jni.cpp, line 1362]
Event: 4.341 Thread 0x000001f36bb8a000 Exception <a 'java/lang/NoSuchMethodError'{0x000000008bf9b0d0}: 'void java.lang.invoke.DelegatingMethodHandle$Holder.reinvoke_L(java.lang.Object, java.lang.Object, java.lang.Object, java.lang.Object)'> (0x000000008bf9b0d0) thrown at [./src/hotspot/share/interpreter/linkResolver.cpp, line 773]
Event: 4.357 Thread 0x000001f36bb8a000 Exception <a 'java/lang/NoSuchMethodError'{0x000000008bfd1e30}: 'long java.lang.invoke.DirectMethodHandle$Holder.invokeInterface(java.lang.Object, java.lang.Object)'> (0x000000008bfd1e30) thrown at [./src/hotspot/share/interpreter/linkResolver.cpp, line 773]
Event: 4.364 Thread 0x000001f36bb8a000 Exception <a 'java/lang/NoSuchMethodError'{0x000000008bff36d8}: 'void java.lang.invoke.DelegatingMethodHandle$Holder.reinvoke_L(java.lang.Object, java.lang.Object, java.lang.Object, java.lang.Object, java.lang.Object, java.lang.Object, java.lang.Object)'> (0x000000008bff36d8) thrown at [./src/hotspot/share/interpreter/linkResolver.cpp, line 773]
Event: 4.864 Thread 0x000001f36bb8a000 Exception <a 'java/lang/NoSuchMethodError'{0x000000008b039fb0}: 'java.lang.Object java.lang.invoke.DirectMethodHandle$Holder.invokeVirtual(java.lang.Object, java.lang.Object, java.lang.Object)'> (0x000000008b039fb0) thrown at [./src/hotspot/share/interpreter/linkResolver.cpp, line 773]
Event: 4.964 Thread 0x000001f36bb8a000 Exception <a 'java/lang/NoSuchMethodError'{0x000000008ad93908}: 'void java.lang.invoke.DirectMethodHandle$Holder.invokeStaticInit(java.lang.Object)'> (0x000000008ad93908) thrown at [./src/hotspot/share/interpreter/linkResolver.cpp, line 773]
Event: 5.220 Thread 0x000001f36bb8a000 Exception <a 'java/lang/NoSuchMethodError'{0x000000008a612f50}: 'int java.lang.invoke.DirectMethodHandle$Holder.invokeSpecialIFC(java.lang.Object, java.lang.Object, java.lang.Object, java.lang.Object)'> (0x000000008a612f50) thrown at [./src/hotspot/share/interpreter/linkResolver.cpp, line 773]
Event: 5.224 Thread 0x000001f36bb8a000 Exception <a 'java/lang/NoSuchMethodError'{0x000000008a620c70}: 'java.lang.Object java.lang.invoke.DirectMethodHandle$Holder.invokeInterface(java.lang.Object, java.lang.Object, java.lang.Object)'> (0x000000008a620c70) thrown at [./src/hotspot/share/interpreter/linkResolver.cpp, line 773]
Event: 5.225 Thread 0x000001f36bb8a000 Exception <a 'java/lang/IncompatibleClassChangeError'{0x000000008a624148}: Found class java.lang.Object, but interface was expected> (0x000000008a624148) thrown at [./src/hotspot/share/interpreter/linkResolver.cpp, line 839]
Event: 5.421 Thread 0x000001f36bb8a000 Exception <a 'java/lang/NoSuchMethodError'{0x000000008f70de08}: 'void java.lang.invoke.DirectMethodHandle$Holder.invokeSpecial(java.lang.Object, java.lang.Object)'> (0x000000008f70de08) thrown at [./src/hotspot/share/interpreter/linkResolver.cpp, line 773]
Event: 5.653 Thread 0x000001f36bb8a000 Exception <a 'java/lang/NoSuchMethodError'{0x000000008eeb6c58}: 'java.lang.Object java.lang.invoke.DirectMethodHandle$Holder.invokeVirtual(java.lang.Object, java.lang.Object, java.lang.Object, java.lang.Object)'> (0x000000008eeb6c58) thrown at [./src/hotspot/share/interpreter/linkResolver.cpp, line 773]
Event: 8.107 Thread 0x000001f36bb8a000 Exception <a 'java/lang/NoSuchMethodError'{0x000000008e1666c8}: 'void java.lang.invoke.DirectMethodHandle$Holder.invokeSpecial(java.lang.Object, java.lang.Object, java.lang.Object, java.lang.Object, java.lang.Object, java.lang.Object)'> (0x000000008e1666c8) thrown at [./src/hotspot/share/interpreter/linkResolver.cpp, line 773]
Event: 8.174 Thread 0x000001f36bb8a000 Exception <a 'java/lang/NoSuchMethodError'{0x000000008df0f980}: 'java.lang.Object java.lang.invoke.Invokers$Holder.invoker(java.lang.Object, java.lang.Object, java.lang.Object)'> (0x000000008df0f980) thrown at [./src/hotspot/share/interpreter/linkResolver.cpp, line 773]
Event: 8.229 Thread 0x000001f36bb8a000 Exception <a 'java/lang/NoSuchMethodError'{0x000000008de0ece8}: 'void java.lang.invoke.DirectMethodHandle$Holder.invokeSpecial(java.lang.Object, java.lang.Object, java.lang.Object, java.lang.Object, java.lang.Object, java.lang.Object, java.lang.Object)'> (0x000000008de0ece8) thrown at [./src/hotspot/share/interpreter/linkResolver.cpp, line 773]
Event: 8.231 Thread 0x000001f36bb8a000 Exception <a 'java/lang/NoSuchMethodError'{0x000000008de16f30}: 'java.lang.Object java.lang.invoke.Invokers$Holder.linkToTargetMethod(java.lang.Object, java.lang.Object, java.lang.Object, java.lang.Object, java.lang.Object, java.lang.Object)'> (0x000000008de16f30) thrown at [./src/hotspot/share/interpreter/linkResolver.cpp, line 773]
Event: 8.272 Thread 0x000001f36bb8a000 Exception <a 'java/lang/NoSuchMethodError'{0x000000008dd3abf8}: 'java.lang.Object java.lang.invoke.DirectMethodHandle$Holder.invokeVirtual(java.lang.Object, java.lang.Object, java.lang.Object, java.lang.Object, java.lang.Object, java.lang.Object, java.lang.Object, java.lang.Object, java.lang.Object, java.lang.Object, java.lang.Object, java.lang.Object, java.lang.Object, java.lang.Object, java.lang.Object, java.lang.Object, java.lang.Object)'> (0x000000008dd3abf8) thrown at [./src/hotspot/share/interpreter/
Event: 8.279 Thread 0x000001f36bb8a000 Exception <a 'java/lang/NoSuchMethodError'{0x000000008dd699d0}: 'java.lang.Object java.lang.invoke.DirectMethodHandle$Holder.invokeSpecial(java.lang.Object, java.lang.Object, java.lang.Object, java.lang.Object, java.lang.Object, java.lang.Object, java.lang.Object, java.lang.Object, java.lang.Object)'> (0x000000008dd699d0) thrown at [./src/hotspot/share/interpreter/linkResolver.cpp, line 773]
Event: 8.577 Thread 0x000001f36bb8a000 Exception <a 'java/lang/NoSuchMethodError'{0x000000008f4fc018}: 'java.lang.Object java.lang.invoke.DirectMethodHandle$Holder.invokeStatic(java.lang.Object, java.lang.Object, java.lang.Object, int, java.lang.Object, java.lang.Object)'> (0x000000008f4fc018) thrown at [./src/hotspot/share/interpreter/linkResolver.cpp, line 773]
Event: 8.579 Thread 0x000001f36bb8a000 Exception <a 'java/lang/NoSuchMethodError'{0x000000008f303830}: 'java.lang.Object java.lang.invoke.Invokers$Holder.linkToTargetMethod(java.lang.Object, java.lang.Object, int, java.lang.Object, java.lang.Object, java.lang.Object)'> (0x000000008f303830) thrown at [./src/hotspot/share/interpreter/linkResolver.cpp, line 773]

Events (20 events):
Event: 8.605 loading class org/gradle/internal/work/DefaultWorkerLeaseService$DefaultWorkerLease done
Event: 8.606 loading class org/gradle/internal/work/WorkerLeaseRegistry$WorkerLeaseCompletion
Event: 8.606 loading class org/gradle/internal/work/WorkerLeaseRegistry$WorkerLeaseCompletion done
Event: 8.606 loading class org/gradle/internal/resources/AbstractTrackedResourceLock
Event: 8.606 loading class org/gradle/internal/resources/AbstractTrackedResourceLock done
Event: 8.607 loading class org/gradle/internal/invocation/GradleBuildController$1
Event: 8.607 loading class org/gradle/internal/invocation/GradleBuildController$1 done
Event: 8.607 loading class com/google/common/collect/Iterables
Event: 8.607 loading class com/google/common/collect/Iterables done
Event: 8.609 loading class org/gradle/internal/work/DefaultWorkerLeaseService$4
Event: 8.609 loading class org/gradle/internal/work/DefaultWorkerLeaseService$4 done
Event: 8.610 loading class org/gradle/internal/resources/DefaultResourceLockCoordinationService$DefaultResourceLockState
Event: 8.610 loading class org/gradle/internal/resources/DefaultResourceLockCoordinationService$DefaultResourceLockState done
Event: 8.610 loading class org/gradle/internal/resources/ResourceLockState
Event: 8.610 loading class org/gradle/internal/resources/ResourceLockState done
Event: 8.611 loading class org/gradle/internal/resources/ResourceLockState$Disposition
Event: 8.611 loading class org/gradle/internal/resources/ResourceLockState$Disposition done
Event: 8.612 loading class org/gradle/internal/resources/DefaultResourceLockCoordinationService$2
Event: 8.612 loading class org/gradle/internal/resources/DefaultResourceLockCoordinationService$2 done
Event: 10.200 Loaded shared library C:\Program Files\Android\Android Studio\jre\bin\java.dll


Dynamic libraries:
0x00007ff649950000 - 0x00007ff64995a000 	C:\Program Files\Android\Android Studio\jre\bin\java.exe
0x00007ff9c1300000 - 0x00007ff9c1567000 	C:\WINDOWS\SYSTEM32\ntdll.dll
0x00007ff9c02d0000 - 0x00007ff9c0399000 	C:\WINDOWS\System32\KERNEL32.DLL
0x00007ff9bddf0000 - 0x00007ff9be1e7000 	C:\WINDOWS\System32\KERNELBASE.dll
0x00007ff9be1f0000 - 0x00007ff9be33b000 	C:\WINDOWS\System32\ucrtbase.dll
0x00007ff96c250000 - 0x00007ff96c269000 	C:\Program Files\Android\Android Studio\jre\bin\jli.dll
0x00007ff96ba90000 - 0x00007ff96baa7000 	C:\Program Files\Android\Android Studio\jre\bin\VCRUNTIME140.dll
0x00007ff9c10c0000 - 0x00007ff9c1286000 	C:\WINDOWS\System32\USER32.dll
0x00007ff9bddc0000 - 0x00007ff9bdde7000 	C:\WINDOWS\System32\win32u.dll
0x00007ff9a2700000 - 0x00007ff9a2992000 	C:\WINDOWS\WinSxS\amd64_microsoft.windows.common-controls_6595b64144ccf1df_6.0.26100.8457_none_3e0b2faee331e92d\COMCTL32.dll
0x00007ff9c1290000 - 0x00007ff9c12bb000 	C:\WINDOWS\System32\GDI32.dll
0x00007ff9bf190000 - 0x00007ff9bf239000 	C:\WINDOWS\System32\msvcrt.dll
0x00007ff9be3f0000 - 0x00007ff9be51c000 	C:\WINDOWS\System32\gdi32full.dll
0x00007ff9bed90000 - 0x00007ff9bee33000 	C:\WINDOWS\System32\msvcp_win.dll
0x00007ff9c0170000 - 0x00007ff9c01a2000 	C:\WINDOWS\System32\IMM32.DLL
0x00007ff922b10000 - 0x00007ff922bad000 	C:\Program Files\Android\Android Studio\jre\bin\msvcp140.dll
0x00007ff8fbc30000 - 0x00007ff8fc6ec000 	C:\Program Files\Android\Android Studio\jre\bin\server\jvm.dll
0x00007ff9c0430000 - 0x00007ff9c04e6000 	C:\WINDOWS\System32\ADVAPI32.dll
0x00007ff9c04f0000 - 0x00007ff9c0597000 	C:\WINDOWS\System32\sechost.dll
0x00007ff9c0600000 - 0x00007ff9c0718000 	C:\WINDOWS\System32\RPCRT4.dll
0x00007ff9c0b40000 - 0x00007ff9c0b48000 	C:\WINDOWS\System32\PSAPI.DLL
0x00007ff9824b0000 - 0x00007ff9824ba000 	C:\WINDOWS\SYSTEM32\WSOCK32.dll
0x00007ff9b5390000 - 0x00007ff9b53c6000 	C:\WINDOWS\SYSTEM32\WINMM.dll
0x00007ff9ac520000 - 0x00007ff9ac52b000 	C:\WINDOWS\SYSTEM32\VERSION.dll
0x00007ff9c03a0000 - 0x00007ff9c0420000 	C:\WINDOWS\System32\WS2_32.dll
0x00007ff9bcac0000 - 0x00007ff9bcadb000 	C:\WINDOWS\SYSTEM32\kernel.appcore.dll
0x00007ff980660000 - 0x00007ff980671000 	C:\Program Files\Android\Android Studio\jre\bin\verify.dll
0x00007ff9bba40000 - 0x00007ff9bbc82000 	C:\WINDOWS\SYSTEM32\DBGHELP.DLL
0x00007ff9c0bd0000 - 0x00007ff9c0f53000 	C:\WINDOWS\System32\combase.dll
0x00007ff9c01f0000 - 0x00007ff9c02c9000 	C:\WINDOWS\System32\OLEAUT32.dll
0x00007ff9a0aa0000 - 0x00007ff9a0adb000 	C:\WINDOWS\SYSTEM32\dbgcore.DLL
0x00007ff9be340000 - 0x00007ff9be3e8000 	C:\WINDOWS\System32\bcryptPrimitives.dll
0x00007ff979640000 - 0x00007ff979669000 	C:\Program Files\Android\Android Studio\jre\bin\java.dll
0x00007ff9821d0000 - 0x00007ff9821db000 	C:\Program Files\Android\Android Studio\jre\bin\jimage.dll
0x00007ff979620000 - 0x00007ff979638000 	C:\Program Files\Android\Android Studio\jre\bin\zip.dll
0x00007ff9bf9f0000 - 0x00007ff9c015e000 	C:\WINDOWS\System32\SHELL32.dll
0x00007ff9be520000 - 0x00007ff9bed8c000 	C:\WINDOWS\System32\windows.storage.dll
0x00007ff9bf090000 - 0x00007ff9bf186000 	C:\WINDOWS\System32\SHCORE.dll
0x00007ff9bf2c0000 - 0x00007ff9bf326000 	C:\WINDOWS\System32\shlwapi.dll
0x00007ff9bdc50000 - 0x00007ff9bdc79000 	C:\WINDOWS\SYSTEM32\profapi.dll
0x00007ff970c00000 - 0x00007ff970c1a000 	C:\Program Files\Android\Android Studio\jre\bin\net.dll
0x00007ff9aedb0000 - 0x00007ff9aeed9000 	C:\WINDOWS\SYSTEM32\WINHTTP.dll
0x00007ff9bd030000 - 0x00007ff9bd09c000 	C:\WINDOWS\system32\mswsock.dll
0x00007ff96e1c0000 - 0x00007ff96e1d4000 	C:\Program Files\Android\Android Studio\jre\bin\nio.dll
0x00007ff91c8c0000 - 0x00007ff91c8e7000 	C:\Users\mamal\.gradle\native\fdc75f09e3144964f2cf3f50f0aa648679c211496f362492102eb8c894070792\windows-amd64\native-platform.dll
0x00007ff8fb630000 - 0x00007ff8fb7c6000 	C:\Users\mamal\.gradle\native\12488b8bf47d2d4c9fbf2f6322a914ad602e24e48041cd04a747c6da556b65c4\windows-amd64\native-platform-file-events.dll
0x00007ff979610000 - 0x00007ff97961a000 	C:\Program Files\Android\Android Studio\jre\bin\management.dll
0x00007ff96e1b0000 - 0x00007ff96e1bc000 	C:\Program Files\Android\Android Studio\jre\bin\management_ext.dll
0x00007ff9bd310000 - 0x00007ff9bd32b000 	C:\WINDOWS\SYSTEM32\CRYPTSP.dll
0x00007ff9bca20000 - 0x00007ff9bca59000 	C:\WINDOWS\system32\rsaenh.dll
0x00007ff9bd0e0000 - 0x00007ff9bd113000 	C:\WINDOWS\SYSTEM32\USERENV.dll
0x00007ff9bdc20000 - 0x00007ff9bdc4a000 	C:\WINDOWS\SYSTEM32\bcrypt.dll
0x00007ff9bd330000 - 0x00007ff9bd33c000 	C:\WINDOWS\SYSTEM32\CRYPTBASE.dll
0x00007ff9bc500000 - 0x00007ff9bc532000 	C:\WINDOWS\SYSTEM32\IPHLPAPI.DLL
0x00007ff9c01b0000 - 0x00007ff9c01ba000 	C:\WINDOWS\System32\NSI.dll
0x00007ff9af3a0000 - 0x00007ff9af3bd000 	C:\WINDOWS\SYSTEM32\dhcpcsvc6.DLL
0x00007ff9af300000 - 0x00007ff9af325000 	C:\WINDOWS\SYSTEM32\dhcpcsvc.DLL
0x00007ff9bc5a0000 - 0x00007ff9bc6d2000 	C:\WINDOWS\SYSTEM32\DNSAPI.dll
0x00007ff9bb3f0000 - 0x00007ff9bb3fe000 	C:\WINDOWS\SYSTEM32\WINNSI.DLL

dbghelp: loaded successfully - version: 4.0.5 - missing functions: none
symbol engine: initialized successfully - sym options: 0x614 - pdb path: .;C:\Program Files\Android\Android Studio\jre\bin;C:\WINDOWS\SYSTEM32;C:\WINDOWS\WinSxS\amd64_microsoft.windows.common-controls_6595b64144ccf1df_6.0.26100.8457_none_3e0b2faee331e92d;C:\Program Files\Android\Android Studio\jre\bin\server;C:\Users\mamal\.gradle\native\fdc75f09e3144964f2cf3f50f0aa648679c211496f362492102eb8c894070792\windows-amd64;C:\Users\mamal\.gradle\native\12488b8bf47d2d4c9fbf2f6322a914ad602e24e48041cd04a747c6da556b65c4\windows-amd64

VM Arguments:
jvm_args: --add-opens=java.base/java.util=ALL-UNNAMED --add-opens=java.base/java.lang=ALL-UNNAMED --add-opens=java.base/java.lang.invoke=ALL-UNNAMED --add-opens=java.prefs/java.util.prefs=ALL-UNNAMED -Xmx2048m -Dfile.encoding=UTF-8 -Duser.country=ES -Duser.language=es -Duser.variant 
java_command: org.gradle.launcher.daemon.bootstrap.GradleDaemon 6.7.1
java_class_path (initial): C:\Users\mamal\.gradle\wrapper\dists\gradle-6.7.1-bin\bwlcbys1h7rz3272sye1xwiv6\gradle-6.7.1\lib\gradle-launcher-6.7.1.jar
Launcher Type: SUN_STANDARD

[Global flags]
     intx CICompilerCount                          = 4                                         {product} {ergonomic}
     uint ConcGCThreads                            = 2                                         {product} {ergonomic}
     uint G1ConcRefinementThreads                  = 8                                         {product} {ergonomic}
   size_t G1HeapRegionSize                         = 1048576                                   {product} {ergonomic}
    uintx GCDrainStackTargetSize                   = 64                                        {product} {ergonomic}
   size_t InitialHeapSize                          = 264241152                                 {product} {ergonomic}
   size_t MarkStackSize                            = 4194304                                   {product} {ergonomic}
   size_t MaxHeapSize                              = 2147483648                                {product} {command line}
   size_t MaxNewSize                               = 1287651328                                {product} {ergonomic}
   size_t MinHeapDeltaBytes                        = 1048576                                   {product} {ergonomic}
    uintx NonNMethodCodeHeapSize                   = 5836300                                {pd product} {ergonomic}
    uintx NonProfiledCodeHeapSize                  = 122910970                              {pd product} {ergonomic}
    uintx ProfiledCodeHeapSize                     = 122910970                              {pd product} {ergonomic}
    uintx ReservedCodeCacheSize                    = 251658240                              {pd product} {ergonomic}
     bool SegmentedCodeCache                       = true                                      {product} {ergonomic}
     bool UseCompressedClassPointers               = true                                 {lp64_product} {ergonomic}
     bool UseCompressedOops                        = true                                 {lp64_product} {ergonomic}
     bool UseG1GC                                  = true                                      {product} {ergonomic}
     bool UseLargePagesIndividualAllocation        = false                                  {pd product} {ergonomic}

Logging:
Log output configuration:
 #0: stdout all=warning uptime,level,tags
 #1: stderr all=off uptime,level,tags

Environment Variables:
JAVA_HOME=C:\Program Files\java\jdk-11.0.2
PATH=C:\Program Files\java\jdk-11.0.2\bin;C:\WINDOWS\system32;C:\WINDOWS;C:\WINDOWS\System32\Wbem;C:\WINDOWS\System32\WindowsPowerShell\v1.0\;C:\WINDOWS\System32\OpenSSH\;C:\Program Files\dotnet\;C:\PROGRA~2\PICC;C:\Program Files\Git\cmd;C:\Program Files\nodejs\;C:\Users\mamal\AppData\Local\Microsoft\WindowsApps;C:\Users\mamal\AppData\Local\Programs\Microsoft VS Code\bin;C:\Users\mamal\AppData\Local\GitHubDesktop\bin;C:\Users\mamal\AppData\Roaming\npm
USERNAME=mamal
OS=Windows_NT
PROCESSOR_IDENTIFIER=Intel64 Family 6 Model 140 Stepping 2, GenuineIntel



---------------  S Y S T E M  ---------------

OS: Windows 10 , 64 bit Build 26100 (10.0.26100.8328)
OS uptime: 0 days 0:10 hours
HyperV virtualization detected

CPU:total 8 (initial active 8) (4 cores per cpu, 2 threads per core) family 6 model 140 stepping 2, cmov, cx8, fxsr, mmx, sse, sse2, sse3, ssse3, sse4.1, sse4.2, popcnt, avx, avx2, aes, clmul, erms, 3dnowpref, lzcnt, ht, tsc, tscinvbit, bmi1, bmi2, adx, evex, sha, fma

Memory: 4k page, system-wide physical 16122M (1860M free)
TotalPageFile size 16122M (AvailPageFile size 18M)
current process WorkingSet (physical memory assigned to process): 224M, peak: 224M
current process commit charge ("private bytes"): 404M, peak: 404M

vm_info: OpenJDK 64-Bit Server VM (11.0.8+10-b944.6842174) for windows-amd64 JRE (11.0.8+10-b944.6842174), built on Sep 19 2020 01:11:42 by "builder" with MS VC++ 14.0 (VS2015)

END.
