#
# There is insufficient memory for the Java Runtime Environment to continue.
# Native memory allocation (malloc) failed to allocate 2310576 bytes for Chunk::new
# Possible reasons:
#   The system is out of physical RAM or swap space
#   The process is running with CompressedOops enabled, and the Java Heap may be blocking the growth of the native heap
# Possible solutions:
#   Reduce memory load on the system
#   Increase physical memory or swap space
#   Check if swap backing store is full
#   Decrease Java heap size (-Xmx/-Xms)
#   Decrease number of Java threads
#   Decrease Java thread stack sizes (-Xss)
#   Set larger code cache with -XX:ReservedCodeCacheSize=
#   JVM is running with Unscaled Compressed Oops mode in which the Java heap is
#     placed in the first 4GB address space. The Java Heap base address is the
#     maximum limit for the native heap growth. Please use -XX:HeapBaseMinAddress
#     to set the Java Heap base and to place the Java Heap above 4GB virtual address.
# This output file may be truncated or incomplete.
#
#  Out of Memory Error (./src/hotspot/share/memory/arena.cpp:197), pid=3852, tid=22328
#
# JRE version: OpenJDK Runtime Environment (11.0.8+10) (build 11.0.8+10-b944.6842174)
# Java VM: OpenJDK 64-Bit Server VM (11.0.8+10-b944.6842174, mixed mode, tiered, compressed oops, g1 gc, windows-amd64)
# No core dump will be written. Minidumps are not enabled by default on client versions of Windows
#

---------------  S U M M A R Y ------------

Command Line: --add-opens=java.base/java.util=ALL-UNNAMED --add-opens=java.base/java.lang=ALL-UNNAMED --add-opens=java.base/java.lang.invoke=ALL-UNNAMED --add-opens=java.prefs/java.util.prefs=ALL-UNNAMED -Xmx2048m -Dfile.encoding=UTF-8 -Duser.country=ES -Duser.language=es -Duser.variant org.gradle.launcher.daemon.bootstrap.GradleDaemon 6.7.1

Host: 11th Gen Intel(R) Core(TM) i5-1155G7 @ 2.50GHz, 8 cores, 15G,  Windows 10 , 64 bit Build 26100 (10.0.26100.8521)
Time: Wed Jun  3 12:15:28 2026 Hora est嫕dar central (M憖ico) elapsed time: 7 seconds (0d 0h 0m 7s)

---------------  T H R E A D  ---------------

Current thread (0x000001a13d4c9800):  JavaThread "C2 CompilerThread2" daemon [_thread_in_native, id=22328, stack(0x0000001e22c00000,0x0000001e22d00000)]


Current CompileTask:
C2:   7068 4771   !   4       com.google.common.reflect.TypeVisitor::visit (225 bytes)

Stack: [0x0000001e22c00000,0x0000001e22d00000]
Native frames: (J=compiled Java code, j=interpreted, Vv=VM code, C=native code)
V  [jvm.dll+0x5de50a]
V  [jvm.dll+0x7122f5]
V  [jvm.dll+0x71384d]
V  [jvm.dll+0x713f03]
V  [jvm.dll+0x23e728]
V  [jvm.dll+0xb899c]
V  [jvm.dll+0xb8e9c]
V  [jvm.dll+0x35024d]
V  [jvm.dll+0x31dea3]
V  [jvm.dll+0x31d39a]
V  [jvm.dll+0x1f7702]
V  [jvm.dll+0x1f68d4]
V  [jvm.dll+0x17f32c]
V  [jvm.dll+0x205047]
V  [jvm.dll+0x203891]
V  [jvm.dll+0x6dad3f]
V  [jvm.dll+0x6d3895]
V  [jvm.dll+0x5dd4a6]
C  [ucrtbase.dll+0x2cd30]
C  [KERNEL32.DLL+0x2e957]
C  [ntdll.dll+0x87c1c]


---------------  P R O C E S S  ---------------

Threads class SMR info:
_java_thread_list=0x000001a13f9beba0, length=137, elements={
0x000001a11e3e2800, 0x000001a13871a000, 0x000001a13871c000, 0x000001a138ff9000,
0x000001a138ffc000, 0x000001a139000000, 0x000001a139002800, 0x000001a139007800,
0x000001a139170000, 0x000001a139197800, 0x000001a13ab99800, 0x000001a13abe5800,
0x000001a13ab69800, 0x000001a13ae34800, 0x000001a13ae35000, 0x000001a13ae4b800,
0x000001a13ab05800, 0x000001a13ab0b000, 0x000001a13ab10000, 0x000001a13ab10800,
0x000001a13aecd000, 0x000001a13aecc000, 0x000001a13aecb000, 0x000001a13aeca800,
0x000001a13aed0000, 0x000001a13aece800, 0x000001a13aecd800, 0x000001a13aed1000,
0x000001a13aecf000, 0x000001a13d8ba000, 0x000001a13d8bb000, 0x000001a13d8b8800,
0x000001a13d8be800, 0x000001a13d8bc000, 0x000001a13d8bd800, 0x000001a13d8bc800,
0x000001a13d8c1800, 0x000001a13d8c1000, 0x000001a13d8bf000, 0x000001a13d8c0000,
0x000001a13d8c5000, 0x000001a13d8c4000, 0x000001a13d8c3000, 0x000001a13d8c2800,
0x000001a13d8c6800, 0x000001a13d8c5800, 0x000001a13e10a000, 0x000001a13e108800,
0x000001a13e107800, 0x000001a13e10b800, 0x000001a13e10b000, 0x000001a13e109800,
0x000001a13e10c800, 0x000001a13e10f000, 0x000001a13e110000, 0x000001a13e10d800,
0x000001a13e110800, 0x000001a13e10e000, 0x000001a13e113000, 0x000001a13e111800,
0x000001a13e114800, 0x000001a13e114000, 0x000001a13e112000, 0x000001a13e116800,
0x000001a13e115800, 0x000001a13dd2e800, 0x000001a13dd2d000, 0x000001a13dd2e000,
0x000001a13dd2c000, 0x000001a13dd2f800, 0x000001a13dd31000, 0x000001a13dd30000,
0x000001a13dd32000, 0x000001a13dd34800, 0x000001a13dd35000, 0x000001a13dd32800,
0x000001a13dd36000, 0x000001a13dd33800, 0x000001a13dd36800, 0x000001a13dd37800,
0x000001a13dd38800, 0x000001a13dd39000, 0x000001a13dd3a000, 0x000001a13dd3b000,
0x000001a13e83e800, 0x000001a13e83d000, 0x000001a13e83d800, 0x000001a13e83c000,
0x000001a13e83f800, 0x000001a13e842800, 0x000001a13e841000, 0x000001a13e842000,
0x000001a13e840000, 0x000001a13e846000, 0x000001a13e843800, 0x000001a13e846800,
0x000001a13e844000, 0x000001a13e847800, 0x000001a13e845000, 0x000001a13e84a000,
0x000001a13e849000, 0x000001a13e84b000, 0x000001a13e848800, 0x000001a13db40000,
0x000001a13db3f000, 0x000001a13db3e000, 0x000001a13db43000, 0x000001a13db42800,
0x000001a13db40800, 0x000001a13db44000, 0x000001a13db41800, 0x000001a13db44800,
0x000001a13db46800, 0x000001a13db45800, 0x000001a13db48000, 0x000001a13db49000,
0x000001a13db47000, 0x000001a13db4a800, 0x000001a13db4b800, 0x000001a13db4c000,
0x000001a13db49800, 0x000001a13db4d000, 0x000001a13dd03000, 0x000001a13dd04000,
0x000001a13dd06800, 0x000001a13dd07000, 0x000001a13dd04800, 0x000001a13dd08000,
0x000001a13dd05800, 0x000001a13dd09800, 0x000001a13dd0a800, 0x000001a13dd0b000,
0x000001a13dd09000, 0x000001a13dd0c000, 0x000001a13dd0f800, 0x000001a13f7ef000,
0x000001a13d4c9800
}

Java Threads: ( => current thread )
  0x000001a11e3e2800 JavaThread "main" [_thread_blocked, id=23224, stack(0x0000001e20000000,0x0000001e20100000)]
  0x000001a13871a000 JavaThread "Reference Handler" daemon [_thread_blocked, id=16028, stack(0x0000001e20700000,0x0000001e20800000)]
  0x000001a13871c000 JavaThread "Finalizer" daemon [_thread_blocked, id=21656, stack(0x0000001e20800000,0x0000001e20900000)]
  0x000001a138ff9000 JavaThread "Signal Dispatcher" daemon [_thread_blocked, id=15496, stack(0x0000001e20900000,0x0000001e20a00000)]
  0x000001a138ffc000 JavaThread "Attach Listener" daemon [_thread_blocked, id=22124, stack(0x0000001e20a00000,0x0000001e20b00000)]
  0x000001a139000000 JavaThread "C2 CompilerThread0" daemon [_thread_in_native, id=18836, stack(0x0000001e20b00000,0x0000001e20c00000)]
  0x000001a139002800 JavaThread "C1 CompilerThread0" daemon [_thread_blocked, id=21664, stack(0x0000001e20c00000,0x0000001e20d00000)]
  0x000001a139007800 JavaThread "Sweeper thread" daemon [_thread_blocked, id=11456, stack(0x0000001e20d00000,0x0000001e20e00000)]
  0x000001a139170000 JavaThread "Common-Cleaner" daemon [_thread_blocked, id=6460, stack(0x0000001e20e00000,0x0000001e20f00000)]
  0x000001a139197800 JavaThread "Service Thread" daemon [_thread_blocked, id=18868, stack(0x0000001e20f00000,0x0000001e21000000)]
  0x000001a13ab99800 JavaThread "Daemon health stats" [_thread_blocked, id=11204, stack(0x0000001e21700000,0x0000001e21800000)]
  0x000001a13abe5800 JavaThread "Incoming local TCP Connector on port 56386" [_thread_in_native, id=22212, stack(0x0000001e21900000,0x0000001e21a00000)]
  0x000001a13ab69800 JavaThread "Daemon periodic checks" [_thread_blocked, id=22476, stack(0x0000001e21a00000,0x0000001e21b00000)]
  0x000001a13ae34800 JavaThread "Daemon" [_thread_blocked, id=15044, stack(0x0000001e21b00000,0x0000001e21c00000)]
  0x000001a13ae35000 JavaThread "Handler for socket connection from /127.0.0.1:56386 to /127.0.0.1:56387" [_thread_in_native, id=19464, stack(0x0000001e21c00000,0x0000001e21d00000)]
  0x000001a13ae4b800 JavaThread "Cancel handler" [_thread_blocked, id=2124, stack(0x0000001e21d00000,0x0000001e21e00000)]
  0x000001a13ab05800 JavaThread "Daemon worker" [_thread_in_Java, id=7680, stack(0x0000001e21e00000,0x0000001e21f00000)]
  0x000001a13ab0b000 JavaThread "Asynchronous log dispatcher for DefaultDaemonConnection: socket connection from /127.0.0.1:56386 to /127.0.0.1:56387" [_thread_blocked, id=10020, stack(0x0000001e21f00000,0x0000001e22000000)]
  0x000001a13ab10000 JavaThread "Stdin handler" [_thread_blocked, id=23052, stack(0x0000001e22000000,0x0000001e22100000)]
  0x000001a13ab10800 JavaThread "Thread-8" [_thread_blocked, id=2648, stack(0x0000001e22100000,0x0000001e22200000)]
  0x000001a13aecd000 JavaThread "Cache worker for file hash cache (C:\Users\mamal\.gradle\caches\6.7.1\fileHashes)" [_thread_blocked, id=3680, stack(0x0000001e22200000,0x0000001e22300000)]
  0x000001a13aecc000 JavaThread "File lock request listener" [_thread_in_native, id=23520, stack(0x0000001e22300000,0x0000001e22400000)]
  0x000001a13aecb000 JavaThread "Cache worker for journal cache (C:\Users\mamal\.gradle\caches\journal-1)" [_thread_blocked, id=1552, stack(0x0000001e22700000,0x0000001e22800000)]
  0x000001a13aeca800 JavaThread "Cache worker for file hash cache (C:\AndroidProjects\EasyCook\EasyCook\EasyCook\.gradle\6.7.1\fileHashes)" [_thread_blocked, id=15992, stack(0x0000001e22900000,0x0000001e22a00000)]
  0x000001a13aed0000 JavaThread "Cache worker for checksums cache (C:\AndroidProjects\EasyCook\EasyCook\EasyCook\.gradle\checksums)" [_thread_blocked, id=17328, stack(0x0000001e22a00000,0x0000001e22b00000)]
  0x000001a13aece800 JavaThread "Cache worker for cache directory md-supplier (C:\Users\mamal\.gradle\caches\6.7.1\md-supplier)" [_thread_blocked, id=11504, stack(0x0000001e22b00000,0x0000001e22c00000)]
  0x000001a13aecd800 JavaThread "Cache worker for cache directory md-rule (C:\Users\mamal\.gradle\caches\6.7.1\md-rule)" [_thread_blocked, id=2912, stack(0x0000001e22d00000,0x0000001e22e00000)]
  0x000001a13aed1000 JavaThread "Cache worker for execution history cache (C:\Users\mamal\.gradle\caches\6.7.1\executionHistory)" [_thread_blocked, id=18128, stack(0x0000001e22e00000,0x0000001e22f00000)]
  0x000001a13aecf000 JavaThread "jar transforms" [_thread_blocked, id=15960, stack(0x0000001e22f00000,0x0000001e23000000)]
  0x000001a13d8ba000 JavaThread "Cache worker for file content cache (C:\Users\mamal\.gradle\caches\6.7.1\fileContent)" [_thread_blocked, id=8184, stack(0x0000001e23000000,0x0000001e23100000)]
  0x000001a13d8bb000 JavaThread "Cache worker for Build Output Cleanup Cache (C:\AndroidProjects\EasyCook\EasyCook\EasyCook\.gradle\buildOutputCleanup)" [_thread_blocked, id=22976, stack(0x0000001e23100000,0x0000001e23200000)]
  0x000001a13d8b8800 JavaThread "Build operations" [_thread_blocked, id=5524, stack(0x0000001e23200000,0x0000001e23300000)]
  0x000001a13d8be800 JavaThread "Build operations Thread 2" [_thread_blocked, id=11076, stack(0x0000001e23300000,0x0000001e23400000)]
  0x000001a13d8bc000 JavaThread "Build operations Thread 3" [_thread_blocked, id=13736, stack(0x0000001e23400000,0x0000001e23500000)]
  0x000001a13d8bd800 JavaThread "Build operations Thread 4" [_thread_blocked, id=2836, stack(0x0000001e23500000,0x0000001e23600000)]
  0x000001a13d8bc800 JavaThread "Build operations Thread 5" [_thread_blocked, id=17000, stack(0x0000001e23600000,0x0000001e23700000)]
  0x000001a13d8c1800 JavaThread "Build operations Thread 6" [_thread_blocked, id=10532, stack(0x0000001e23700000,0x0000001e23800000)]
  0x000001a13d8c1000 JavaThread "Build operations Thread 7" [_thread_blocked, id=6980, stack(0x0000001e23800000,0x0000001e23900000)]
  0x000001a13d8bf000 JavaThread "Build operations Thread 8" [_thread_blocked, id=18844, stack(0x0000001e23900000,0x0000001e23a00000)]
  0x000001a13d8c0000 JavaThread "jar transforms Thread 2" [_thread_blocked, id=7920, stack(0x0000001e23a00000,0x0000001e23b00000)]
  0x000001a13d8c5000 JavaThread "jar transforms Thread 3" [_thread_blocked, id=13236, stack(0x0000001e23b00000,0x0000001e23c00000)]
  0x000001a13d8c4000 JavaThread "jar transforms Thread 4" [_thread_blocked, id=12584, stack(0x0000001e23c00000,0x0000001e23d00000)]
  0x000001a13d8c3000 JavaThread "jar transforms Thread 5" [_thread_blocked, id=20004, stack(0x0000001e23d00000,0x0000001e23e00000)]
  0x000001a13d8c2800 JavaThread "jar transforms Thread 6" [_thread_blocked, id=12160, stack(0x0000001e23e00000,0x0000001e23f00000)]
  0x000001a13d8c6800 JavaThread "jar transforms Thread 7" [_thread_blocked, id=7712, stack(0x0000001e23f00000,0x0000001e24000000)]
  0x000001a13d8c5800 JavaThread "jar transforms Thread 8" [_thread_blocked, id=12260, stack(0x0000001e24000000,0x0000001e24100000)]
  0x000001a13e10a000 JavaThread "jar transforms Thread 9" [_thread_blocked, id=2472, stack(0x0000001e24100000,0x0000001e24200000)]
  0x000001a13e108800 JavaThread "jar transforms Thread 10" [_thread_blocked, id=6856, stack(0x0000001e24200000,0x0000001e24300000)]
  0x000001a13e107800 JavaThread "jar transforms Thread 11" [_thread_blocked, id=7220, stack(0x0000001e24300000,0x0000001e24400000)]
  0x000001a13e10b800 JavaThread "jar transforms Thread 12" [_thread_blocked, id=18796, stack(0x0000001e24400000,0x0000001e24500000)]
  0x000001a13e10b000 JavaThread "jar transforms Thread 13" [_thread_blocked, id=10824, stack(0x0000001e24500000,0x0000001e24600000)]
  0x000001a13e109800 JavaThread "jar transforms Thread 14" [_thread_blocked, id=23312, stack(0x0000001e24600000,0x0000001e24700000)]
  0x000001a13e10c800 JavaThread "jar transforms Thread 15" [_thread_blocked, id=20908, stack(0x0000001e24700000,0x0000001e24800000)]
  0x000001a13e10f000 JavaThread "jar transforms Thread 16" [_thread_blocked, id=17128, stack(0x0000001e24800000,0x0000001e24900000)]
  0x000001a13e110000 JavaThread "jar transforms Thread 17" [_thread_blocked, id=17040, stack(0x0000001e24900000,0x0000001e24a00000)]
  0x000001a13e10d800 JavaThread "jar transforms Thread 18" [_thread_blocked, id=16348, stack(0x0000001e24a00000,0x0000001e24b00000)]
  0x000001a13e110800 JavaThread "jar transforms Thread 19" [_thread_blocked, id=9528, stack(0x0000001e24b00000,0x0000001e24c00000)]
  0x000001a13e10e000 JavaThread "jar transforms Thread 20" [_thread_blocked, id=6772, stack(0x0000001e24c00000,0x0000001e24d00000)]
  0x000001a13e113000 JavaThread "jar transforms Thread 21" [_thread_blocked, id=21624, stack(0x0000001e24d00000,0x0000001e24e00000)]
  0x000001a13e111800 JavaThread "jar transforms Thread 22" [_thread_blocked, id=8428, stack(0x0000001e24e00000,0x0000001e24f00000)]
  0x000001a13e114800 JavaThread "jar transforms Thread 23" [_thread_blocked, id=23248, stack(0x0000001e24f00000,0x0000001e25000000)]
  0x000001a13e114000 JavaThread "jar transforms Thread 24" [_thread_blocked, id=9000, stack(0x0000001e25000000,0x0000001e25100000)]
  0x000001a13e112000 JavaThread "jar transforms Thread 25" [_thread_blocked, id=11896, stack(0x0000001e25100000,0x0000001e25200000)]
  0x000001a13e116800 JavaThread "jar transforms Thread 26" [_thread_blocked, id=11524, stack(0x0000001e25200000,0x0000001e25300000)]
  0x000001a13e115800 JavaThread "jar transforms Thread 27" [_thread_blocked, id=4176, stack(0x0000001e25300000,0x0000001e25400000)]
  0x000001a13dd2e800 JavaThread "jar transforms Thread 28" [_thread_blocked, id=3416, stack(0x0000001e25400000,0x0000001e25500000)]
  0x000001a13dd2d000 JavaThread "jar transforms Thread 29" [_thread_blocked, id=20868, stack(0x0000001e25500000,0x0000001e25600000)]
  0x000001a13dd2e000 JavaThread "jar transforms Thread 30" [_thread_blocked, id=17184, stack(0x0000001e25600000,0x0000001e25700000)]
  0x000001a13dd2c000 JavaThread "jar transforms Thread 31" [_thread_blocked, id=6172, stack(0x0000001e25700000,0x0000001e25800000)]
  0x000001a13dd2f800 JavaThread "jar transforms Thread 32" [_thread_blocked, id=14504, stack(0x0000001e25800000,0x0000001e25900000)]
  0x000001a13dd31000 JavaThread "jar transforms Thread 33" [_thread_blocked, id=22080, stack(0x0000001e25900000,0x0000001e25a00000)]
  0x000001a13dd30000 JavaThread "jar transforms Thread 34" [_thread_blocked, id=6696, stack(0x0000001e25a00000,0x0000001e25b00000)]
  0x000001a13dd32000 JavaThread "jar transforms Thread 35" [_thread_blocked, id=22440, stack(0x0000001e25b00000,0x0000001e25c00000)]
  0x000001a13dd34800 JavaThread "jar transforms Thread 36" [_thread_blocked, id=9560, stack(0x0000001e25c00000,0x0000001e25d00000)]
  0x000001a13dd35000 JavaThread "jar transforms Thread 37" [_thread_blocked, id=13528, stack(0x0000001e25d00000,0x0000001e25e00000)]
  0x000001a13dd32800 JavaThread "jar transforms Thread 38" [_thread_blocked, id=1208, stack(0x0000001e25e00000,0x0000001e25f00000)]
  0x000001a13dd36000 JavaThread "jar transforms Thread 39" [_thread_blocked, id=21268, stack(0x0000001e25f00000,0x0000001e26000000)]
  0x000001a13dd33800 JavaThread "jar transforms Thread 40" [_thread_blocked, id=14852, stack(0x0000001e26000000,0x0000001e26100000)]
  0x000001a13dd36800 JavaThread "jar transforms Thread 41" [_thread_blocked, id=1500, stack(0x0000001e26100000,0x0000001e26200000)]
  0x000001a13dd37800 JavaThread "jar transforms Thread 42" [_thread_blocked, id=23344, stack(0x0000001e26200000,0x0000001e26300000)]
  0x000001a13dd38800 JavaThread "jar transforms Thread 43" [_thread_blocked, id=23324, stack(0x0000001e26300000,0x0000001e26400000)]
  0x000001a13dd39000 JavaThread "jar transforms Thread 44" [_thread_blocked, id=12752, stack(0x0000001e26400000,0x0000001e26500000)]
  0x000001a13dd3a000 JavaThread "jar transforms Thread 45" [_thread_blocked, id=8536, stack(0x0000001e26500000,0x0000001e26600000)]
  0x000001a13dd3b000 JavaThread "jar transforms Thread 46" [_thread_blocked, id=22736, stack(0x0000001e26600000,0x0000001e26700000)]
  0x000001a13e83e800 JavaThread "jar transforms Thread 47" [_thread_blocked, id=22372, stack(0x0000001e26700000,0x0000001e26800000)]
  0x000001a13e83d000 JavaThread "jar transforms Thread 48" [_thread_blocked, id=1272, stack(0x0000001e26800000,0x0000001e26900000)]
  0x000001a13e83d800 JavaThread "jar transforms Thread 49" [_thread_blocked, id=19612, stack(0x0000001e26900000,0x0000001e26a00000)]
  0x000001a13e83c000 JavaThread "jar transforms Thread 50" [_thread_blocked, id=6280, stack(0x0000001e26a00000,0x0000001e26b00000)]
  0x000001a13e83f800 JavaThread "jar transforms Thread 51" [_thread_blocked, id=3820, stack(0x0000001e26b00000,0x0000001e26c00000)]
  0x000001a13e842800 JavaThread "jar transforms Thread 52" [_thread_blocked, id=23404, stack(0x0000001e26c00000,0x0000001e26d00000)]
  0x000001a13e841000 JavaThread "jar transforms Thread 53" [_thread_blocked, id=6108, stack(0x0000001e26d00000,0x0000001e26e00000)]
  0x000001a13e842000 JavaThread "jar transforms Thread 54" [_thread_blocked, id=21688, stack(0x0000001e26e00000,0x0000001e26f00000)]
  0x000001a13e840000 JavaThread "jar transforms Thread 55" [_thread_blocked, id=18196, stack(0x0000001e26f00000,0x0000001e27000000)]
  0x000001a13e846000 JavaThread "jar transforms Thread 56" [_thread_blocked, id=3184, stack(0x0000001e27000000,0x0000001e27100000)]
  0x000001a13e843800 JavaThread "jar transforms Thread 57" [_thread_blocked, id=2872, stack(0x0000001e27100000,0x0000001e27200000)]
  0x000001a13e846800 JavaThread "jar transforms Thread 58" [_thread_blocked, id=6988, stack(0x0000001e27200000,0x0000001e27300000)]
  0x000001a13e844000 JavaThread "jar transforms Thread 59" [_thread_blocked, id=16484, stack(0x0000001e27300000,0x0000001e27400000)]
  0x000001a13e847800 JavaThread "jar transforms Thread 60" [_thread_blocked, id=12840, stack(0x0000001e27400000,0x0000001e27500000)]
  0x000001a13e845000 JavaThread "jar transforms Thread 61" [_thread_blocked, id=23380, stack(0x0000001e27500000,0x0000001e27600000)]
  0x000001a13e84a000 JavaThread "jar transforms Thread 62" [_thread_blocked, id=11536, stack(0x0000001e27600000,0x0000001e27700000)]
  0x000001a13e849000 JavaThread "jar transforms Thread 63" [_thread_blocked, id=5740, stack(0x0000001e27700000,0x0000001e27800000)]
  0x000001a13e84b000 JavaThread "jar transforms Thread 64" [_thread_blocked, id=15796, stack(0x0000001e27800000,0x0000001e27900000)]
  0x000001a13e848800 JavaThread "jar transforms Thread 65" [_thread_blocked, id=8760, stack(0x0000001e27900000,0x0000001e27a00000)]
  0x000001a13db40000 JavaThread "jar transforms Thread 66" [_thread_blocked, id=12104, stack(0x0000001e27a00000,0x0000001e27b00000)]
  0x000001a13db3f000 JavaThread "jar transforms Thread 67" [_thread_blocked, id=22024, stack(0x0000001e27b00000,0x0000001e27c00000)]
  0x000001a13db3e000 JavaThread "jar transforms Thread 68" [_thread_blocked, id=6004, stack(0x0000001e27c00000,0x0000001e27d00000)]
  0x000001a13db43000 JavaThread "jar transforms Thread 69" [_thread_blocked, id=9036, stack(0x0000001e27d00000,0x0000001e27e00000)]
  0x000001a13db42800 JavaThread "jar transforms Thread 70" [_thread_blocked, id=12268, stack(0x0000001e27e00000,0x0000001e27f00000)]
  0x000001a13db40800 JavaThread "jar transforms Thread 71" [_thread_blocked, id=5620, stack(0x0000001e27f00000,0x0000001e28000000)]
  0x000001a13db44000 JavaThread "jar transforms Thread 72" [_thread_blocked, id=15872, stack(0x0000001e28000000,0x0000001e28100000)]
  0x000001a13db41800 JavaThread "jar transforms Thread 73" [_thread_blocked, id=3648, stack(0x0000001e28100000,0x0000001e28200000)]
  0x000001a13db44800 JavaThread "jar transforms Thread 74" [_thread_blocked, id=2848, stack(0x0000001e28200000,0x0000001e28300000)]
  0x000001a13db46800 JavaThread "jar transforms Thread 75" [_thread_blocked, id=20096, stack(0x0000001e28300000,0x0000001e28400000)]
  0x000001a13db45800 JavaThread "jar transforms Thread 76" [_thread_blocked, id=10044, stack(0x0000001e28400000,0x0000001e28500000)]
  0x000001a13db48000 JavaThread "jar transforms Thread 77" [_thread_blocked, id=828, stack(0x0000001e28500000,0x0000001e28600000)]
  0x000001a13db49000 JavaThread "jar transforms Thread 78" [_thread_blocked, id=21672, stack(0x0000001e28600000,0x0000001e28700000)]
  0x000001a13db47000 JavaThread "jar transforms Thread 79" [_thread_blocked, id=17748, stack(0x0000001e28700000,0x0000001e28800000)]
  0x000001a13db4a800 JavaThread "jar transforms Thread 80" [_thread_blocked, id=16904, stack(0x0000001e28800000,0x0000001e28900000)]
  0x000001a13db4b800 JavaThread "jar transforms Thread 81" [_thread_blocked, id=1788, stack(0x0000001e28900000,0x0000001e28a00000)]
  0x000001a13db4c000 JavaThread "jar transforms Thread 82" [_thread_blocked, id=9180, stack(0x0000001e28a00000,0x0000001e28b00000)]
  0x000001a13db49800 JavaThread "jar transforms Thread 83" [_thread_blocked, id=5688, stack(0x0000001e28b00000,0x0000001e28c00000)]
  0x000001a13db4d000 JavaThread "jar transforms Thread 84" [_thread_blocked, id=21124, stack(0x0000001e28c00000,0x0000001e28d00000)]
  0x000001a13dd03000 JavaThread "jar transforms Thread 85" [_thread_blocked, id=14836, stack(0x0000001e28d00000,0x0000001e28e00000)]
  0x000001a13dd04000 JavaThread "jar transforms Thread 86" [_thread_blocked, id=9828, stack(0x0000001e28e00000,0x0000001e28f00000)]
  0x000001a13dd06800 JavaThread "jar transforms Thread 87" [_thread_blocked, id=11184, stack(0x0000001e28f00000,0x0000001e29000000)]
  0x000001a13dd07000 JavaThread "jar transforms Thread 88" [_thread_blocked, id=9852, stack(0x0000001e29000000,0x0000001e29100000)]
  0x000001a13dd04800 JavaThread "jar transforms Thread 89" [_thread_blocked, id=8628, stack(0x0000001e29100000,0x0000001e29200000)]
  0x000001a13dd08000 JavaThread "jar transforms Thread 90" [_thread_blocked, id=22108, stack(0x0000001e29200000,0x0000001e29300000)]
  0x000001a13dd05800 JavaThread "jar transforms Thread 91" [_thread_blocked, id=23244, stack(0x0000001e29300000,0x0000001e29400000)]
  0x000001a13dd09800 JavaThread "jar transforms Thread 92" [_thread_blocked, id=22664, stack(0x0000001e29400000,0x0000001e29500000)]
  0x000001a13dd0a800 JavaThread "jar transforms Thread 93" [_thread_blocked, id=22776, stack(0x0000001e29500000,0x0000001e29600000)]
  0x000001a13dd0b000 JavaThread "jar transforms Thread 94" [_thread_blocked, id=20796, stack(0x0000001e29600000,0x0000001e29700000)]
  0x000001a13dd09000 JavaThread "jar transforms Thread 95" [_thread_blocked, id=15524, stack(0x0000001e29700000,0x0000001e29800000)]
  0x000001a13dd0c000 JavaThread "jar transforms Thread 96" [_thread_blocked, id=18676, stack(0x0000001e29800000,0x0000001e29900000)]
  0x000001a13dd0f800 JavaThread "jar transforms Thread 97" [_thread_blocked, id=5116, stack(0x0000001e29900000,0x0000001e29a00000)]
  0x000001a13f7ef000 JavaThread "C2 CompilerThread1" daemon [_thread_in_native, id=16268, stack(0x0000001e22800000,0x0000001e22900000)]
=>0x000001a13d4c9800 JavaThread "C2 CompilerThread2" daemon [_thread_in_native, id=22328, stack(0x0000001e22c00000,0x0000001e22d00000)]

Other Threads:
  0x000001a138fa9800 VMThread "VM Thread" [stack: 0x0000001e20600000,0x0000001e20700000] [id=6636]
  0x000001a139198000 WatcherThread [stack: 0x0000001e21000000,0x0000001e21100000] [id=21112]
  0x000001a11e3fb000 GCTaskThread "GC Thread#0" [stack: 0x0000001e20100000,0x0000001e20200000] [id=8340]
  0x000001a139e4c800 GCTaskThread "GC Thread#1" [stack: 0x0000001e21200000,0x0000001e21300000] [id=20656]
  0x000001a139c7a800 GCTaskThread "GC Thread#2" [stack: 0x0000001e21300000,0x0000001e21400000] [id=12916]
  0x000001a139c7b800 GCTaskThread "GC Thread#3" [stack: 0x0000001e21400000,0x0000001e21500000] [id=6776]
  0x000001a139c8d000 GCTaskThread "GC Thread#4" [stack: 0x0000001e21500000,0x0000001e21600000] [id=5200]
  0x000001a139c8d800 GCTaskThread "GC Thread#5" [stack: 0x0000001e21600000,0x0000001e21700000] [id=23060]
  0x000001a13b02c000 GCTaskThread "GC Thread#6" [stack: 0x0000001e22400000,0x0000001e22500000] [id=6288]
  0x000001a13b0d5800 GCTaskThread "GC Thread#7" [stack: 0x0000001e22500000,0x0000001e22600000] [id=19024]
  0x000001a11e42e800 ConcurrentGCThread "G1 Main Marker" [stack: 0x0000001e20200000,0x0000001e20300000] [id=16300]
  0x000001a11e431800 ConcurrentGCThread "G1 Conc#0" [stack: 0x0000001e20300000,0x0000001e20400000] [id=15052]
  0x000001a139f89000 ConcurrentGCThread "G1 Conc#1" [stack: 0x0000001e22600000,0x0000001e22700000] [id=21776]
  0x000001a1385db000 ConcurrentGCThread "G1 Refine#0" [stack: 0x0000001e20400000,0x0000001e20500000] [id=17288]
  0x000001a1385de000 ConcurrentGCThread "G1 Young RemSet Sampling" [stack: 0x0000001e20500000,0x0000001e20600000] [id=19800]

Threads with active compile tasks:
C2 CompilerThread0   7116 4800       4       org.objectweb.asm.SymbolTable::addConstantMemberReference (147 bytes)
C2 CompilerThread1   7116 4840       4       org.objectweb.asm.Frame::execute (2318 bytes)
C2 CompilerThread2   7116 4771   !   4       com.google.common.reflect.TypeVisitor::visit (225 bytes)

VM state:not at safepoint (normal execution)

VM Mutex/Monitor currently owned by a thread: None

Heap address: 0x0000000080000000, size: 2048 MB, Compressed Oops mode: 32-bit
Narrow klass base: 0x0000000000000000, Narrow klass shift: 3
Compressed class space size: 1073741824 Address: 0x0000000100000000

Heap:
 garbage-first heap   total 258048K, used 130881K [0x0000000080000000, 0x0000000100000000)
  region size 1024K, 111 young (113664K), 11 survivors (11264K)
 Metaspace       used 53531K, capacity 54850K, committed 55116K, reserved 1097728K
  class space    used 6840K, capacity 7275K, committed 7296K, reserved 1048576K
Heap Regions: E=young(eden), S=young(survivor), O=old, HS=humongous(starts), HC=humongous(continues), CS=collection set, F=free, A=archive, TAMS=top-at-mark-start (previous, next)
|   0|0x0000000080000000, 0x0000000080100000, 0x0000000080100000|100%| O|  |TAMS 0x0000000080100000, 0x0000000080000000| Untracked 
|   1|0x0000000080100000, 0x0000000080200000, 0x0000000080200000|100%| O|  |TAMS 0x0000000080200000, 0x0000000080100000| Untracked 
|   2|0x0000000080200000, 0x0000000080300000, 0x0000000080300000|100%| O|  |TAMS 0x0000000080300000, 0x0000000080200000| Untracked 
|   3|0x0000000080300000, 0x0000000080400000, 0x0000000080400000|100%|HS|  |TAMS 0x0000000080400000, 0x0000000080300000| Complete 
|   4|0x0000000080400000, 0x0000000080500000, 0x0000000080500000|100%|HC|  |TAMS 0x0000000080500000, 0x0000000080400000| Complete 
|   5|0x0000000080500000, 0x0000000080600000, 0x0000000080600000|100%|HC|  |TAMS 0x0000000080600000, 0x0000000080500000| Complete 
|   6|0x0000000080600000, 0x0000000080700000, 0x0000000080700000|100%| O|  |TAMS 0x0000000080700000, 0x0000000080600000| Untracked 
|   7|0x0000000080700000, 0x0000000080800000, 0x0000000080800000|100%| O|  |TAMS 0x0000000080800000, 0x0000000080700000| Untracked 
|   8|0x0000000080800000, 0x0000000080900000, 0x0000000080900000|100%| O|  |TAMS 0x0000000080900000, 0x0000000080800000| Untracked 
|   9|0x0000000080900000, 0x0000000080a00000, 0x0000000080a00000|100%| O|  |TAMS 0x0000000080a00000, 0x0000000080900000| Untracked 
|  10|0x0000000080a00000, 0x0000000080b00000, 0x0000000080b00000|100%| O|  |TAMS 0x0000000080b00000, 0x0000000080a00000| Untracked 
|  11|0x0000000080b00000, 0x0000000080c00000, 0x0000000080c00000|100%| O|  |TAMS 0x0000000080c00000, 0x0000000080b00000| Untracked 
|  12|0x0000000080c00000, 0x0000000080d00000, 0x0000000080d00000|100%| O|  |TAMS 0x0000000080d00000, 0x0000000080c00000| Untracked 
|  13|0x0000000080d00000, 0x0000000080e00000, 0x0000000080e00000|100%| O|  |TAMS 0x0000000080e00000, 0x0000000080d00000| Untracked 
|  14|0x0000000080e00000, 0x0000000080f00000, 0x0000000080f00000|100%| O|  |TAMS 0x0000000080f00000, 0x0000000080e00000| Untracked 
|  15|0x0000000080f00000, 0x0000000080f42800, 0x0000000081000000| 25%| O|  |TAMS 0x0000000080f42800, 0x0000000080f00000| Untracked 
|  16|0x0000000081000000, 0x0000000081100000, 0x0000000081100000|100%|HS|  |TAMS 0x0000000081000000, 0x0000000081000000| Complete 
|  17|0x0000000081100000, 0x0000000081200000, 0x0000000081200000|100%|HS|  |TAMS 0x0000000081100000, 0x0000000081100000| Complete 
|  18|0x0000000081200000, 0x0000000081300000, 0x0000000081300000|100%|HC|  |TAMS 0x0000000081200000, 0x0000000081200000| Complete 
|  19|0x0000000081300000, 0x0000000081300000, 0x0000000081400000|  0%| F|  |TAMS 0x0000000081300000, 0x0000000081300000| Untracked 
|  20|0x0000000081400000, 0x0000000081400000, 0x0000000081500000|  0%| F|  |TAMS 0x0000000081400000, 0x0000000081400000| Untracked 
|  21|0x0000000081500000, 0x0000000081500000, 0x0000000081600000|  0%| F|  |TAMS 0x0000000081500000, 0x0000000081500000| Untracked 
|  22|0x0000000081600000, 0x0000000081600000, 0x0000000081700000|  0%| F|  |TAMS 0x0000000081600000, 0x0000000081600000| Untracked 
|  23|0x0000000081700000, 0x0000000081700000, 0x0000000081800000|  0%| F|  |TAMS 0x0000000081700000, 0x0000000081700000| Untracked 
|  24|0x0000000081800000, 0x0000000081800000, 0x0000000081900000|  0%| F|  |TAMS 0x0000000081800000, 0x0000000081800000| Untracked 
|  25|0x0000000081900000, 0x0000000081900000, 0x0000000081a00000|  0%| F|  |TAMS 0x0000000081900000, 0x0000000081900000| Untracked 
|  26|0x0000000081a00000, 0x0000000081a00000, 0x0000000081b00000|  0%| F|  |TAMS 0x0000000081a00000, 0x0000000081a00000| Untracked 
|  27|0x0000000081b00000, 0x0000000081b00000, 0x0000000081c00000|  0%| F|  |TAMS 0x0000000081b00000, 0x0000000081b00000| Untracked 
|  28|0x0000000081c00000, 0x0000000081c00000, 0x0000000081d00000|  0%| F|  |TAMS 0x0000000081c00000, 0x0000000081c00000| Untracked 
|  29|0x0000000081d00000, 0x0000000081d00000, 0x0000000081e00000|  0%| F|  |TAMS 0x0000000081d00000, 0x0000000081d00000| Untracked 
|  30|0x0000000081e00000, 0x0000000081e00000, 0x0000000081f00000|  0%| F|  |TAMS 0x0000000081e00000, 0x0000000081e00000| Untracked 
|  31|0x0000000081f00000, 0x0000000081f00000, 0x0000000082000000|  0%| F|  |TAMS 0x0000000081f00000, 0x0000000081f00000| Untracked 
|  32|0x0000000082000000, 0x0000000082000000, 0x0000000082100000|  0%| F|  |TAMS 0x0000000082000000, 0x0000000082000000| Untracked 
|  33|0x0000000082100000, 0x0000000082100000, 0x0000000082200000|  0%| F|  |TAMS 0x0000000082100000, 0x0000000082100000| Untracked 
|  34|0x0000000082200000, 0x0000000082200000, 0x0000000082300000|  0%| F|  |TAMS 0x0000000082200000, 0x0000000082200000| Untracked 
|  35|0x0000000082300000, 0x0000000082300000, 0x0000000082400000|  0%| F|  |TAMS 0x0000000082300000, 0x0000000082300000| Untracked 
|  36|0x0000000082400000, 0x0000000082400000, 0x0000000082500000|  0%| F|  |TAMS 0x0000000082400000, 0x0000000082400000| Untracked 
|  37|0x0000000082500000, 0x0000000082500000, 0x0000000082600000|  0%| F|  |TAMS 0x0000000082500000, 0x0000000082500000| Untracked 
|  38|0x0000000082600000, 0x0000000082600000, 0x0000000082700000|  0%| F|  |TAMS 0x0000000082600000, 0x0000000082600000| Untracked 
|  39|0x0000000082700000, 0x0000000082700000, 0x0000000082800000|  0%| F|  |TAMS 0x0000000082700000, 0x0000000082700000| Untracked 
|  40|0x0000000082800000, 0x0000000082800000, 0x0000000082900000|  0%| F|  |TAMS 0x0000000082800000, 0x0000000082800000| Untracked 
|  41|0x0000000082900000, 0x0000000082900000, 0x0000000082a00000|  0%| F|  |TAMS 0x0000000082900000, 0x0000000082900000| Untracked 
|  42|0x0000000082a00000, 0x0000000082a00000, 0x0000000082b00000|  0%| F|  |TAMS 0x0000000082a00000, 0x0000000082a00000| Untracked 
|  43|0x0000000082b00000, 0x0000000082b00000, 0x0000000082c00000|  0%| F|  |TAMS 0x0000000082b00000, 0x0000000082b00000| Untracked 
|  44|0x0000000082c00000, 0x0000000082c00000, 0x0000000082d00000|  0%| F|  |TAMS 0x0000000082c00000, 0x0000000082c00000| Untracked 
|  45|0x0000000082d00000, 0x0000000082d00000, 0x0000000082e00000|  0%| F|  |TAMS 0x0000000082d00000, 0x0000000082d00000| Untracked 
|  46|0x0000000082e00000, 0x0000000082e00000, 0x0000000082f00000|  0%| F|  |TAMS 0x0000000082e00000, 0x0000000082e00000| Untracked 
|  47|0x0000000082f00000, 0x0000000082f00000, 0x0000000083000000|  0%| F|  |TAMS 0x0000000082f00000, 0x0000000082f00000| Untracked 
|  48|0x0000000083000000, 0x0000000083000000, 0x0000000083100000|  0%| F|  |TAMS 0x0000000083000000, 0x0000000083000000| Untracked 
|  49|0x0000000083100000, 0x0000000083100000, 0x0000000083200000|  0%| F|  |TAMS 0x0000000083100000, 0x0000000083100000| Untracked 
|  50|0x0000000083200000, 0x0000000083200000, 0x0000000083300000|  0%| F|  |TAMS 0x0000000083200000, 0x0000000083200000| Untracked 
|  51|0x0000000083300000, 0x0000000083300000, 0x0000000083400000|  0%| F|  |TAMS 0x0000000083300000, 0x0000000083300000| Untracked 
|  52|0x0000000083400000, 0x0000000083400000, 0x0000000083500000|  0%| F|  |TAMS 0x0000000083400000, 0x0000000083400000| Untracked 
|  53|0x0000000083500000, 0x0000000083500000, 0x0000000083600000|  0%| F|  |TAMS 0x0000000083500000, 0x0000000083500000| Untracked 
|  54|0x0000000083600000, 0x0000000083600000, 0x0000000083700000|  0%| F|  |TAMS 0x0000000083600000, 0x0000000083600000| Untracked 
|  55|0x0000000083700000, 0x0000000083700000, 0x0000000083800000|  0%| F|  |TAMS 0x0000000083700000, 0x0000000083700000| Untracked 
|  56|0x0000000083800000, 0x0000000083800000, 0x0000000083900000|  0%| F|  |TAMS 0x0000000083800000, 0x0000000083800000| Untracked 
|  57|0x0000000083900000, 0x0000000083900000, 0x0000000083a00000|  0%| F|  |TAMS 0x0000000083900000, 0x0000000083900000| Untracked 
|  58|0x0000000083a00000, 0x0000000083a00000, 0x0000000083b00000|  0%| F|  |TAMS 0x0000000083a00000, 0x0000000083a00000| Untracked 
|  59|0x0000000083b00000, 0x0000000083b00000, 0x0000000083c00000|  0%| F|  |TAMS 0x0000000083b00000, 0x0000000083b00000| Untracked 
|  60|0x0000000083c00000, 0x0000000083c00000, 0x0000000083d00000|  0%| F|  |TAMS 0x0000000083c00000, 0x0000000083c00000| Untracked 
|  61|0x0000000083d00000, 0x0000000083d00000, 0x0000000083e00000|  0%| F|  |TAMS 0x0000000083d00000, 0x0000000083d00000| Untracked 
|  62|0x0000000083e00000, 0x0000000083e00000, 0x0000000083f00000|  0%| F|  |TAMS 0x0000000083e00000, 0x0000000083e00000| Untracked 
|  63|0x0000000083f00000, 0x0000000083f00000, 0x0000000084000000|  0%| F|  |TAMS 0x0000000083f00000, 0x0000000083f00000| Untracked 
|  64|0x0000000084000000, 0x0000000084000000, 0x0000000084100000|  0%| F|  |TAMS 0x0000000084000000, 0x0000000084000000| Untracked 
|  65|0x0000000084100000, 0x0000000084100000, 0x0000000084200000|  0%| F|  |TAMS 0x0000000084100000, 0x0000000084100000| Untracked 
|  66|0x0000000084200000, 0x0000000084200000, 0x0000000084300000|  0%| F|  |TAMS 0x0000000084200000, 0x0000000084200000| Untracked 
|  67|0x0000000084300000, 0x0000000084300000, 0x0000000084400000|  0%| F|  |TAMS 0x0000000084300000, 0x0000000084300000| Untracked 
|  68|0x0000000084400000, 0x0000000084400000, 0x0000000084500000|  0%| F|  |TAMS 0x0000000084400000, 0x0000000084400000| Untracked 
|  69|0x0000000084500000, 0x0000000084500000, 0x0000000084600000|  0%| F|  |TAMS 0x0000000084500000, 0x0000000084500000| Untracked 
|  70|0x0000000084600000, 0x0000000084600000, 0x0000000084700000|  0%| F|  |TAMS 0x0000000084600000, 0x0000000084600000| Untracked 
|  71|0x0000000084700000, 0x0000000084700000, 0x0000000084800000|  0%| F|  |TAMS 0x0000000084700000, 0x0000000084700000| Untracked 
|  72|0x0000000084800000, 0x0000000084800000, 0x0000000084900000|  0%| F|  |TAMS 0x0000000084800000, 0x0000000084800000| Untracked 
|  73|0x0000000084900000, 0x0000000084900000, 0x0000000084a00000|  0%| F|  |TAMS 0x0000000084900000, 0x0000000084900000| Untracked 
|  74|0x0000000084a00000, 0x0000000084a00000, 0x0000000084b00000|  0%| F|  |TAMS 0x0000000084a00000, 0x0000000084a00000| Untracked 
|  75|0x0000000084b00000, 0x0000000084b00000, 0x0000000084c00000|  0%| F|  |TAMS 0x0000000084b00000, 0x0000000084b00000| Untracked 
|  76|0x0000000084c00000, 0x0000000084c00000, 0x0000000084d00000|  0%| F|  |TAMS 0x0000000084c00000, 0x0000000084c00000| Untracked 
|  77|0x0000000084d00000, 0x0000000084d00000, 0x0000000084e00000|  0%| F|  |TAMS 0x0000000084d00000, 0x0000000084d00000| Untracked 
|  78|0x0000000084e00000, 0x0000000084e00000, 0x0000000084f00000|  0%| F|  |TAMS 0x0000000084e00000, 0x0000000084e00000| Untracked 
|  79|0x0000000084f00000, 0x0000000084f00000, 0x0000000085000000|  0%| F|  |TAMS 0x0000000084f00000, 0x0000000084f00000| Untracked 
|  80|0x0000000085000000, 0x0000000085000000, 0x0000000085100000|  0%| F|  |TAMS 0x0000000085000000, 0x0000000085000000| Untracked 
|  81|0x0000000085100000, 0x0000000085100000, 0x0000000085200000|  0%| F|  |TAMS 0x0000000085100000, 0x0000000085100000| Untracked 
|  82|0x0000000085200000, 0x0000000085200000, 0x0000000085300000|  0%| F|  |TAMS 0x0000000085200000, 0x0000000085200000| Untracked 
|  83|0x0000000085300000, 0x0000000085300000, 0x0000000085400000|  0%| F|  |TAMS 0x0000000085300000, 0x0000000085300000| Untracked 
|  84|0x0000000085400000, 0x0000000085400000, 0x0000000085500000|  0%| F|  |TAMS 0x0000000085400000, 0x0000000085400000| Untracked 
|  85|0x0000000085500000, 0x0000000085500000, 0x0000000085600000|  0%| F|  |TAMS 0x0000000085500000, 0x0000000085500000| Untracked 
|  86|0x0000000085600000, 0x0000000085600000, 0x0000000085700000|  0%| F|  |TAMS 0x0000000085600000, 0x0000000085600000| Untracked 
|  87|0x0000000085700000, 0x0000000085700000, 0x0000000085800000|  0%| F|  |TAMS 0x0000000085700000, 0x0000000085700000| Untracked 
|  88|0x0000000085800000, 0x0000000085800000, 0x0000000085900000|  0%| F|  |TAMS 0x0000000085800000, 0x0000000085800000| Untracked 
|  89|0x0000000085900000, 0x0000000085900000, 0x0000000085a00000|  0%| F|  |TAMS 0x0000000085900000, 0x0000000085900000| Untracked 
|  90|0x0000000085a00000, 0x0000000085a00000, 0x0000000085b00000|  0%| F|  |TAMS 0x0000000085a00000, 0x0000000085a00000| Untracked 
|  91|0x0000000085b00000, 0x0000000085b00000, 0x0000000085c00000|  0%| F|  |TAMS 0x0000000085b00000, 0x0000000085b00000| Untracked 
|  92|0x0000000085c00000, 0x0000000085c00000, 0x0000000085d00000|  0%| F|  |TAMS 0x0000000085c00000, 0x0000000085c00000| Untracked 
|  93|0x0000000085d00000, 0x0000000085d00000, 0x0000000085e00000|  0%| F|  |TAMS 0x0000000085d00000, 0x0000000085d00000| Untracked 
|  94|0x0000000085e00000, 0x0000000085e00000, 0x0000000085f00000|  0%| F|  |TAMS 0x0000000085e00000, 0x0000000085e00000| Untracked 
|  95|0x0000000085f00000, 0x0000000085f00000, 0x0000000086000000|  0%| F|  |TAMS 0x0000000085f00000, 0x0000000085f00000| Untracked 
|  96|0x0000000086000000, 0x0000000086000000, 0x0000000086100000|  0%| F|  |TAMS 0x0000000086000000, 0x0000000086000000| Untracked 
|  97|0x0000000086100000, 0x0000000086100000, 0x0000000086200000|  0%| F|  |TAMS 0x0000000086100000, 0x0000000086100000| Untracked 
|  98|0x0000000086200000, 0x0000000086200000, 0x0000000086300000|  0%| F|  |TAMS 0x0000000086200000, 0x0000000086200000| Untracked 
|  99|0x0000000086300000, 0x0000000086300000, 0x0000000086400000|  0%| F|  |TAMS 0x0000000086300000, 0x0000000086300000| Untracked 
| 100|0x0000000086400000, 0x0000000086400000, 0x0000000086500000|  0%| F|  |TAMS 0x0000000086400000, 0x0000000086400000| Untracked 
| 101|0x0000000086500000, 0x0000000086500000, 0x0000000086600000|  0%| F|  |TAMS 0x0000000086500000, 0x0000000086500000| Untracked 
| 102|0x0000000086600000, 0x0000000086600000, 0x0000000086700000|  0%| F|  |TAMS 0x0000000086600000, 0x0000000086600000| Untracked 
| 103|0x0000000086700000, 0x0000000086700000, 0x0000000086800000|  0%| F|  |TAMS 0x0000000086700000, 0x0000000086700000| Untracked 
| 104|0x0000000086800000, 0x0000000086800000, 0x0000000086900000|  0%| F|  |TAMS 0x0000000086800000, 0x0000000086800000| Untracked 
| 105|0x0000000086900000, 0x0000000086900000, 0x0000000086a00000|  0%| F|  |TAMS 0x0000000086900000, 0x0000000086900000| Untracked 
| 106|0x0000000086a00000, 0x0000000086a00000, 0x0000000086b00000|  0%| F|  |TAMS 0x0000000086a00000, 0x0000000086a00000| Untracked 
| 107|0x0000000086b00000, 0x0000000086b00000, 0x0000000086c00000|  0%| F|  |TAMS 0x0000000086b00000, 0x0000000086b00000| Untracked 
| 108|0x0000000086c00000, 0x0000000086c00000, 0x0000000086d00000|  0%| F|  |TAMS 0x0000000086c00000, 0x0000000086c00000| Untracked 
| 109|0x0000000086d00000, 0x0000000086d00000, 0x0000000086e00000|  0%| F|  |TAMS 0x0000000086d00000, 0x0000000086d00000| Untracked 
| 110|0x0000000086e00000, 0x0000000086e00000, 0x0000000086f00000|  0%| F|  |TAMS 0x0000000086e00000, 0x0000000086e00000| Untracked 
| 111|0x0000000086f00000, 0x0000000086f00000, 0x0000000087000000|  0%| F|  |TAMS 0x0000000086f00000, 0x0000000086f00000| Untracked 
| 112|0x0000000087000000, 0x0000000087000000, 0x0000000087100000|  0%| F|  |TAMS 0x0000000087000000, 0x0000000087000000| Untracked 
| 113|0x0000000087100000, 0x0000000087100000, 0x0000000087200000|  0%| F|  |TAMS 0x0000000087100000, 0x0000000087100000| Untracked 
| 114|0x0000000087200000, 0x0000000087200000, 0x0000000087300000|  0%| F|  |TAMS 0x0000000087200000, 0x0000000087200000| Untracked 
| 115|0x0000000087300000, 0x0000000087300000, 0x0000000087400000|  0%| F|  |TAMS 0x0000000087300000, 0x0000000087300000| Untracked 
| 116|0x0000000087400000, 0x0000000087400000, 0x0000000087500000|  0%| F|  |TAMS 0x0000000087400000, 0x0000000087400000| Untracked 
| 117|0x0000000087500000, 0x0000000087500000, 0x0000000087600000|  0%| F|  |TAMS 0x0000000087500000, 0x0000000087500000| Untracked 
| 118|0x0000000087600000, 0x0000000087600000, 0x0000000087700000|  0%| F|  |TAMS 0x0000000087600000, 0x0000000087600000| Untracked 
| 119|0x0000000087700000, 0x0000000087700000, 0x0000000087800000|  0%| F|  |TAMS 0x0000000087700000, 0x0000000087700000| Untracked 
| 120|0x0000000087800000, 0x0000000087800000, 0x0000000087900000|  0%| F|  |TAMS 0x0000000087800000, 0x0000000087800000| Untracked 
| 121|0x0000000087900000, 0x0000000087900000, 0x0000000087a00000|  0%| F|  |TAMS 0x0000000087900000, 0x0000000087900000| Untracked 
| 122|0x0000000087a00000, 0x0000000087a00000, 0x0000000087b00000|  0%| F|  |TAMS 0x0000000087a00000, 0x0000000087a00000| Untracked 
| 123|0x0000000087b00000, 0x0000000087b00000, 0x0000000087c00000|  0%| F|  |TAMS 0x0000000087b00000, 0x0000000087b00000| Untracked 
| 124|0x0000000087c00000, 0x0000000087c00000, 0x0000000087d00000|  0%| F|  |TAMS 0x0000000087c00000, 0x0000000087c00000| Untracked 
| 125|0x0000000087d00000, 0x0000000087d00000, 0x0000000087e00000|  0%| F|  |TAMS 0x0000000087d00000, 0x0000000087d00000| Untracked 
| 126|0x0000000087e00000, 0x0000000087e00000, 0x0000000087f00000|  0%| F|  |TAMS 0x0000000087e00000, 0x0000000087e00000| Untracked 
| 127|0x0000000087f00000, 0x0000000087f00000, 0x0000000088000000|  0%| F|  |TAMS 0x0000000087f00000, 0x0000000087f00000| Untracked 
| 128|0x0000000088000000, 0x0000000088000000, 0x0000000088100000|  0%| F|  |TAMS 0x0000000088000000, 0x0000000088000000| Untracked 
| 129|0x0000000088100000, 0x0000000088100000, 0x0000000088200000|  0%| F|  |TAMS 0x0000000088100000, 0x0000000088100000| Untracked 
| 130|0x0000000088200000, 0x0000000088200000, 0x0000000088300000|  0%| F|  |TAMS 0x0000000088200000, 0x0000000088200000| Untracked 
| 131|0x0000000088300000, 0x0000000088300000, 0x0000000088400000|  0%| F|  |TAMS 0x0000000088300000, 0x0000000088300000| Untracked 
| 132|0x0000000088400000, 0x0000000088400000, 0x0000000088500000|  0%| F|  |TAMS 0x0000000088400000, 0x0000000088400000| Untracked 
| 133|0x0000000088500000, 0x0000000088500000, 0x0000000088600000|  0%| F|  |TAMS 0x0000000088500000, 0x0000000088500000| Untracked 
| 134|0x0000000088600000, 0x000000008868dd38, 0x0000000088700000| 55%| S|CS|TAMS 0x0000000088600000, 0x0000000088600000| Complete 
| 135|0x0000000088700000, 0x0000000088800000, 0x0000000088800000|100%| S|CS|TAMS 0x0000000088700000, 0x0000000088700000| Complete 
| 136|0x0000000088800000, 0x0000000088900000, 0x0000000088900000|100%| S|CS|TAMS 0x0000000088800000, 0x0000000088800000| Complete 
| 137|0x0000000088900000, 0x0000000088a00000, 0x0000000088a00000|100%| S|CS|TAMS 0x0000000088900000, 0x0000000088900000| Complete 
| 138|0x0000000088a00000, 0x0000000088b00000, 0x0000000088b00000|100%| S|CS|TAMS 0x0000000088a00000, 0x0000000088a00000| Complete 
| 139|0x0000000088b00000, 0x0000000088c00000, 0x0000000088c00000|100%| S|CS|TAMS 0x0000000088b00000, 0x0000000088b00000| Complete 
| 140|0x0000000088c00000, 0x0000000088d00000, 0x0000000088d00000|100%| S|CS|TAMS 0x0000000088c00000, 0x0000000088c00000| Complete 
| 141|0x0000000088d00000, 0x0000000088e00000, 0x0000000088e00000|100%| S|CS|TAMS 0x0000000088d00000, 0x0000000088d00000| Complete 
| 142|0x0000000088e00000, 0x0000000088f00000, 0x0000000088f00000|100%| S|CS|TAMS 0x0000000088e00000, 0x0000000088e00000| Complete 
| 143|0x0000000088f00000, 0x0000000089000000, 0x0000000089000000|100%| S|CS|TAMS 0x0000000088f00000, 0x0000000088f00000| Complete 
| 144|0x0000000089000000, 0x0000000089100000, 0x0000000089100000|100%| S|CS|TAMS 0x0000000089000000, 0x0000000089000000| Complete 
| 145|0x0000000089100000, 0x0000000089100000, 0x0000000089200000|  0%| F|  |TAMS 0x0000000089100000, 0x0000000089100000| Untracked 
| 146|0x0000000089200000, 0x0000000089200000, 0x0000000089300000|  0%| F|  |TAMS 0x0000000089200000, 0x0000000089200000| Untracked 
| 147|0x0000000089300000, 0x0000000089300000, 0x0000000089400000|  0%| F|  |TAMS 0x0000000089300000, 0x0000000089300000| Untracked 
| 148|0x0000000089400000, 0x0000000089400000, 0x0000000089500000|  0%| F|  |TAMS 0x0000000089400000, 0x0000000089400000| Untracked 
| 149|0x0000000089500000, 0x0000000089500000, 0x0000000089600000|  0%| F|  |TAMS 0x0000000089500000, 0x0000000089500000| Untracked 
| 150|0x0000000089600000, 0x0000000089600000, 0x0000000089700000|  0%| F|  |TAMS 0x0000000089600000, 0x0000000089600000| Untracked 
| 151|0x0000000089700000, 0x0000000089700000, 0x0000000089800000|  0%| F|  |TAMS 0x0000000089700000, 0x0000000089700000| Untracked 
| 152|0x0000000089800000, 0x0000000089880800, 0x0000000089900000| 50%| E|  |TAMS 0x0000000089800000, 0x0000000089800000| Complete 
| 153|0x0000000089900000, 0x0000000089a00000, 0x0000000089a00000|100%| E|CS|TAMS 0x0000000089900000, 0x0000000089900000| Complete 
| 154|0x0000000089a00000, 0x0000000089b00000, 0x0000000089b00000|100%| E|CS|TAMS 0x0000000089a00000, 0x0000000089a00000| Complete 
| 155|0x0000000089b00000, 0x0000000089c00000, 0x0000000089c00000|100%| E|CS|TAMS 0x0000000089b00000, 0x0000000089b00000| Complete 
| 156|0x0000000089c00000, 0x0000000089d00000, 0x0000000089d00000|100%| E|CS|TAMS 0x0000000089c00000, 0x0000000089c00000| Complete 
| 157|0x0000000089d00000, 0x0000000089e00000, 0x0000000089e00000|100%| E|CS|TAMS 0x0000000089d00000, 0x0000000089d00000| Complete 
| 158|0x0000000089e00000, 0x0000000089f00000, 0x0000000089f00000|100%| E|CS|TAMS 0x0000000089e00000, 0x0000000089e00000| Complete 
| 159|0x0000000089f00000, 0x000000008a000000, 0x000000008a000000|100%| E|CS|TAMS 0x0000000089f00000, 0x0000000089f00000| Complete 
| 160|0x000000008a000000, 0x000000008a100000, 0x000000008a100000|100%| E|CS|TAMS 0x000000008a000000, 0x000000008a000000| Complete 
| 161|0x000000008a100000, 0x000000008a200000, 0x000000008a200000|100%| E|CS|TAMS 0x000000008a100000, 0x000000008a100000| Complete 
| 162|0x000000008a200000, 0x000000008a300000, 0x000000008a300000|100%| E|CS|TAMS 0x000000008a200000, 0x000000008a200000| Complete 
| 163|0x000000008a300000, 0x000000008a400000, 0x000000008a400000|100%| E|CS|TAMS 0x000000008a300000, 0x000000008a300000| Complete 
| 164|0x000000008a400000, 0x000000008a500000, 0x000000008a500000|100%| E|CS|TAMS 0x000000008a400000, 0x000000008a400000| Complete 
| 165|0x000000008a500000, 0x000000008a600000, 0x000000008a600000|100%| E|CS|TAMS 0x000000008a500000, 0x000000008a500000| Complete 
| 166|0x000000008a600000, 0x000000008a700000, 0x000000008a700000|100%| E|CS|TAMS 0x000000008a600000, 0x000000008a600000| Complete 
| 167|0x000000008a700000, 0x000000008a800000, 0x000000008a800000|100%| E|CS|TAMS 0x000000008a700000, 0x000000008a700000| Complete 
| 168|0x000000008a800000, 0x000000008a900000, 0x000000008a900000|100%| E|CS|TAMS 0x000000008a800000, 0x000000008a800000| Complete 
| 169|0x000000008a900000, 0x000000008aa00000, 0x000000008aa00000|100%| E|CS|TAMS 0x000000008a900000, 0x000000008a900000| Complete 
| 170|0x000000008aa00000, 0x000000008ab00000, 0x000000008ab00000|100%| E|CS|TAMS 0x000000008aa00000, 0x000000008aa00000| Complete 
| 171|0x000000008ab00000, 0x000000008ac00000, 0x000000008ac00000|100%| E|CS|TAMS 0x000000008ab00000, 0x000000008ab00000| Complete 
| 172|0x000000008ac00000, 0x000000008ad00000, 0x000000008ad00000|100%| E|CS|TAMS 0x000000008ac00000, 0x000000008ac00000| Complete 
| 173|0x000000008ad00000, 0x000000008ae00000, 0x000000008ae00000|100%| E|CS|TAMS 0x000000008ad00000, 0x000000008ad00000| Complete 
| 174|0x000000008ae00000, 0x000000008af00000, 0x000000008af00000|100%| E|CS|TAMS 0x000000008ae00000, 0x000000008ae00000| Complete 
| 175|0x000000008af00000, 0x000000008b000000, 0x000000008b000000|100%| E|CS|TAMS 0x000000008af00000, 0x000000008af00000| Complete 
| 176|0x000000008b000000, 0x000000008b100000, 0x000000008b100000|100%| E|CS|TAMS 0x000000008b000000, 0x000000008b000000| Complete 
| 177|0x000000008b100000, 0x000000008b200000, 0x000000008b200000|100%| E|CS|TAMS 0x000000008b100000, 0x000000008b100000| Complete 
| 178|0x000000008b200000, 0x000000008b300000, 0x000000008b300000|100%| E|CS|TAMS 0x000000008b200000, 0x000000008b200000| Complete 
| 179|0x000000008b300000, 0x000000008b400000, 0x000000008b400000|100%| E|CS|TAMS 0x000000008b300000, 0x000000008b300000| Complete 
| 180|0x000000008b400000, 0x000000008b500000, 0x000000008b500000|100%| E|CS|TAMS 0x000000008b400000, 0x000000008b400000| Complete 
| 181|0x000000008b500000, 0x000000008b600000, 0x000000008b600000|100%| E|CS|TAMS 0x000000008b500000, 0x000000008b500000| Complete 
| 182|0x000000008b600000, 0x000000008b700000, 0x000000008b700000|100%| E|CS|TAMS 0x000000008b600000, 0x000000008b600000| Complete 
| 183|0x000000008b700000, 0x000000008b800000, 0x000000008b800000|100%| E|CS|TAMS 0x000000008b700000, 0x000000008b700000| Complete 
| 184|0x000000008b800000, 0x000000008b900000, 0x000000008b900000|100%| E|CS|TAMS 0x000000008b800000, 0x000000008b800000| Complete 
| 185|0x000000008b900000, 0x000000008ba00000, 0x000000008ba00000|100%| E|CS|TAMS 0x000000008b900000, 0x000000008b900000| Complete 
| 186|0x000000008ba00000, 0x000000008bb00000, 0x000000008bb00000|100%| E|CS|TAMS 0x000000008ba00000, 0x000000008ba00000| Complete 
| 187|0x000000008bb00000, 0x000000008bc00000, 0x000000008bc00000|100%| E|CS|TAMS 0x000000008bb00000, 0x000000008bb00000| Complete 
| 188|0x000000008bc00000, 0x000000008bd00000, 0x000000008bd00000|100%| E|CS|TAMS 0x000000008bc00000, 0x000000008bc00000| Complete 
| 189|0x000000008bd00000, 0x000000008be00000, 0x000000008be00000|100%| E|CS|TAMS 0x000000008bd00000, 0x000000008bd00000| Complete 
| 190|0x000000008be00000, 0x000000008bf00000, 0x000000008bf00000|100%| E|CS|TAMS 0x000000008be00000, 0x000000008be00000| Complete 
| 191|0x000000008bf00000, 0x000000008c000000, 0x000000008c000000|100%| E|CS|TAMS 0x000000008bf00000, 0x000000008bf00000| Complete 
| 192|0x000000008c000000, 0x000000008c100000, 0x000000008c100000|100%| E|CS|TAMS 0x000000008c000000, 0x000000008c000000| Complete 
| 193|0x000000008c100000, 0x000000008c200000, 0x000000008c200000|100%| E|CS|TAMS 0x000000008c100000, 0x000000008c100000| Complete 
| 194|0x000000008c200000, 0x000000008c300000, 0x000000008c300000|100%| E|CS|TAMS 0x000000008c200000, 0x000000008c200000| Complete 
| 195|0x000000008c300000, 0x000000008c400000, 0x000000008c400000|100%| E|CS|TAMS 0x000000008c300000, 0x000000008c300000| Complete 
| 196|0x000000008c400000, 0x000000008c500000, 0x000000008c500000|100%| E|CS|TAMS 0x000000008c400000, 0x000000008c400000| Complete 
| 197|0x000000008c500000, 0x000000008c600000, 0x000000008c600000|100%| E|CS|TAMS 0x000000008c500000, 0x000000008c500000| Complete 
| 198|0x000000008c600000, 0x000000008c700000, 0x000000008c700000|100%| E|CS|TAMS 0x000000008c600000, 0x000000008c600000| Complete 
| 199|0x000000008c700000, 0x000000008c800000, 0x000000008c800000|100%| E|CS|TAMS 0x000000008c700000, 0x000000008c700000| Complete 
| 200|0x000000008c800000, 0x000000008c900000, 0x000000008c900000|100%| E|CS|TAMS 0x000000008c800000, 0x000000008c800000| Complete 
| 201|0x000000008c900000, 0x000000008ca00000, 0x000000008ca00000|100%| E|CS|TAMS 0x000000008c900000, 0x000000008c900000| Complete 
| 202|0x000000008ca00000, 0x000000008cb00000, 0x000000008cb00000|100%| E|CS|TAMS 0x000000008ca00000, 0x000000008ca00000| Complete 
| 203|0x000000008cb00000, 0x000000008cc00000, 0x000000008cc00000|100%| E|CS|TAMS 0x000000008cb00000, 0x000000008cb00000| Complete 
| 204|0x000000008cc00000, 0x000000008cd00000, 0x000000008cd00000|100%| E|CS|TAMS 0x000000008cc00000, 0x000000008cc00000| Complete 
| 205|0x000000008cd00000, 0x000000008ce00000, 0x000000008ce00000|100%| E|CS|TAMS 0x000000008cd00000, 0x000000008cd00000| Complete 
| 206|0x000000008ce00000, 0x000000008cf00000, 0x000000008cf00000|100%| E|CS|TAMS 0x000000008ce00000, 0x000000008ce00000| Complete 
| 207|0x000000008cf00000, 0x000000008d000000, 0x000000008d000000|100%| E|CS|TAMS 0x000000008cf00000, 0x000000008cf00000| Complete 
| 208|0x000000008d000000, 0x000000008d100000, 0x000000008d100000|100%| E|CS|TAMS 0x000000008d000000, 0x000000008d000000| Complete 
| 209|0x000000008d100000, 0x000000008d200000, 0x000000008d200000|100%| E|CS|TAMS 0x000000008d100000, 0x000000008d100000| Complete 
| 210|0x000000008d200000, 0x000000008d300000, 0x000000008d300000|100%| E|CS|TAMS 0x000000008d200000, 0x000000008d200000| Complete 
| 211|0x000000008d300000, 0x000000008d400000, 0x000000008d400000|100%| E|CS|TAMS 0x000000008d300000, 0x000000008d300000| Complete 
| 212|0x000000008d400000, 0x000000008d500000, 0x000000008d500000|100%| E|CS|TAMS 0x000000008d400000, 0x000000008d400000| Complete 
| 213|0x000000008d500000, 0x000000008d600000, 0x000000008d600000|100%| E|CS|TAMS 0x000000008d500000, 0x000000008d500000| Complete 
| 214|0x000000008d600000, 0x000000008d700000, 0x000000008d700000|100%| E|CS|TAMS 0x000000008d600000, 0x000000008d600000| Complete 
| 215|0x000000008d700000, 0x000000008d800000, 0x000000008d800000|100%| E|CS|TAMS 0x000000008d700000, 0x000000008d700000| Complete 
| 216|0x000000008d800000, 0x000000008d900000, 0x000000008d900000|100%| E|CS|TAMS 0x000000008d800000, 0x000000008d800000| Complete 
| 217|0x000000008d900000, 0x000000008da00000, 0x000000008da00000|100%| E|CS|TAMS 0x000000008d900000, 0x000000008d900000| Complete 
| 218|0x000000008da00000, 0x000000008db00000, 0x000000008db00000|100%| E|CS|TAMS 0x000000008da00000, 0x000000008da00000| Complete 
| 219|0x000000008db00000, 0x000000008dc00000, 0x000000008dc00000|100%| E|CS|TAMS 0x000000008db00000, 0x000000008db00000| Complete 
| 220|0x000000008dc00000, 0x000000008dd00000, 0x000000008dd00000|100%| E|CS|TAMS 0x000000008dc00000, 0x000000008dc00000| Complete 
| 221|0x000000008dd00000, 0x000000008de00000, 0x000000008de00000|100%| E|CS|TAMS 0x000000008dd00000, 0x000000008dd00000| Complete 
| 222|0x000000008de00000, 0x000000008df00000, 0x000000008df00000|100%| E|CS|TAMS 0x000000008de00000, 0x000000008de00000| Complete 
| 223|0x000000008df00000, 0x000000008e000000, 0x000000008e000000|100%| E|CS|TAMS 0x000000008df00000, 0x000000008df00000| Complete 
| 224|0x000000008e000000, 0x000000008e100000, 0x000000008e100000|100%| E|CS|TAMS 0x000000008e000000, 0x000000008e000000| Complete 
| 225|0x000000008e100000, 0x000000008e200000, 0x000000008e200000|100%| E|CS|TAMS 0x000000008e100000, 0x000000008e100000| Complete 
| 226|0x000000008e200000, 0x000000008e300000, 0x000000008e300000|100%| E|CS|TAMS 0x000000008e200000, 0x000000008e200000| Complete 
| 227|0x000000008e300000, 0x000000008e400000, 0x000000008e400000|100%| E|CS|TAMS 0x000000008e300000, 0x000000008e300000| Complete 
| 228|0x000000008e400000, 0x000000008e500000, 0x000000008e500000|100%| E|CS|TAMS 0x000000008e400000, 0x000000008e400000| Complete 
| 229|0x000000008e500000, 0x000000008e600000, 0x000000008e600000|100%| E|CS|TAMS 0x000000008e500000, 0x000000008e500000| Complete 
| 230|0x000000008e600000, 0x000000008e700000, 0x000000008e700000|100%| E|CS|TAMS 0x000000008e600000, 0x000000008e600000| Complete 
| 231|0x000000008e700000, 0x000000008e800000, 0x000000008e800000|100%| E|CS|TAMS 0x000000008e700000, 0x000000008e700000| Complete 
| 232|0x000000008e800000, 0x000000008e900000, 0x000000008e900000|100%| E|CS|TAMS 0x000000008e800000, 0x000000008e800000| Complete 
| 233|0x000000008e900000, 0x000000008ea00000, 0x000000008ea00000|100%| E|CS|TAMS 0x000000008e900000, 0x000000008e900000| Complete 
| 234|0x000000008ea00000, 0x000000008eb00000, 0x000000008eb00000|100%| E|CS|TAMS 0x000000008ea00000, 0x000000008ea00000| Complete 
| 235|0x000000008eb00000, 0x000000008ec00000, 0x000000008ec00000|100%| E|CS|TAMS 0x000000008eb00000, 0x000000008eb00000| Complete 
| 236|0x000000008ec00000, 0x000000008ed00000, 0x000000008ed00000|100%| E|CS|TAMS 0x000000008ec00000, 0x000000008ec00000| Complete 
| 237|0x000000008ed00000, 0x000000008ee00000, 0x000000008ee00000|100%| E|CS|TAMS 0x000000008ed00000, 0x000000008ed00000| Complete 
| 238|0x000000008ee00000, 0x000000008ef00000, 0x000000008ef00000|100%| E|CS|TAMS 0x000000008ee00000, 0x000000008ee00000| Complete 
| 239|0x000000008ef00000, 0x000000008f000000, 0x000000008f000000|100%| E|CS|TAMS 0x000000008ef00000, 0x000000008ef00000| Complete 
| 240|0x000000008f000000, 0x000000008f100000, 0x000000008f100000|100%| E|CS|TAMS 0x000000008f000000, 0x000000008f000000| Complete 
| 241|0x000000008f100000, 0x000000008f200000, 0x000000008f200000|100%| E|CS|TAMS 0x000000008f100000, 0x000000008f100000| Complete 
| 242|0x000000008f200000, 0x000000008f300000, 0x000000008f300000|100%| E|CS|TAMS 0x000000008f200000, 0x000000008f200000| Complete 
| 243|0x000000008f300000, 0x000000008f400000, 0x000000008f400000|100%| E|CS|TAMS 0x000000008f300000, 0x000000008f300000| Complete 
| 244|0x000000008f400000, 0x000000008f500000, 0x000000008f500000|100%| E|CS|TAMS 0x000000008f400000, 0x000000008f400000| Complete 
| 245|0x000000008f500000, 0x000000008f600000, 0x000000008f600000|100%| E|CS|TAMS 0x000000008f500000, 0x000000008f500000| Complete 
| 246|0x000000008f600000, 0x000000008f700000, 0x000000008f700000|100%| E|CS|TAMS 0x000000008f600000, 0x000000008f600000| Complete 
| 247|0x000000008f700000, 0x000000008f800000, 0x000000008f800000|100%| E|CS|TAMS 0x000000008f700000, 0x000000008f700000| Complete 
| 248|0x000000008f800000, 0x000000008f900000, 0x000000008f900000|100%| E|CS|TAMS 0x000000008f800000, 0x000000008f800000| Complete 
| 249|0x000000008f900000, 0x000000008fa00000, 0x000000008fa00000|100%| E|CS|TAMS 0x000000008f900000, 0x000000008f900000| Complete 
| 250|0x000000008fa00000, 0x000000008fb00000, 0x000000008fb00000|100%| E|CS|TAMS 0x000000008fa00000, 0x000000008fa00000| Complete 
| 251|0x000000008fb00000, 0x000000008fc00000, 0x000000008fc00000|100%| E|CS|TAMS 0x000000008fb00000, 0x000000008fb00000| Complete 

Card table byte_map: [0x000001a131480000,0x000001a131880000] _byte_map_base: 0x000001a131080000

Marking Bits (Prev, Next): (CMBitMap*) 0x000001a11e425ae8, (CMBitMap*) 0x000001a11e425b20
 Prev Bits: [0x000001a131c80000, 0x000001a133c80000)
 Next Bits: [0x000001a133c80000, 0x000001a135c80000)

Polling page: 0x000001a11c3c0000

Metaspace:

Usage:
  Non-class:     46.59 MB capacity,    45.73 MB ( 98%) used,   753.82 KB (  2%) free+waste,   121.63 KB ( <1%) overhead. 
      Class:      7.14 MB capacity,     6.70 MB ( 94%) used,   390.34 KB (  5%) free+waste,    58.25 KB ( <1%) overhead. 
       Both:     53.72 MB capacity,    52.43 MB ( 98%) used,     1.12 MB (  2%) free+waste,   179.88 KB ( <1%) overhead. 

Virtual space:
  Non-class space:       48.00 MB reserved,      46.70 MB ( 97%) committed 
      Class space:        1.00 GB reserved,       7.25 MB ( <1%) committed 
             Both:        1.05 GB reserved,      53.95 MB (  5%) committed 

Chunk freelists:
   Non-Class:  51.00 KB
       Class:  20.00 KB
        Both:  71.00 KB

MaxMetaspaceSize: 17179869184.00 GB
CompressedClassSpaceSize: 1.00 GB

CodeHeap 'non-profiled nmethods': size=120000Kb used=2462Kb max_used=2462Kb free=117537Kb
 bounds [0x000001a129820000, 0x000001a129a90000, 0x000001a130d50000]
CodeHeap 'profiled nmethods': size=120000Kb used=9599Kb max_used=9599Kb free=110400Kb
 bounds [0x000001a1222f0000, 0x000001a122c60000, 0x000001a129820000]
CodeHeap 'non-nmethods': size=5760Kb used=2224Kb max_used=2284Kb free=3535Kb
 bounds [0x000001a121d50000, 0x000001a121fc0000, 0x000001a1222f0000]
 total_blobs=5421 nmethods=4638 adapters=694
 compilation: enabled
              stopped_count=0, restarted_count=0
 full_count=0

Compilation events (20 events):
Event: 6.046 Thread 0x000001a139002800 nmethod 4845 0x000001a122c39610 code [0x000001a122c397c0, 0x000001a122c39948]
Event: 6.046 Thread 0x000001a139002800 4846       3       com.google.common.collect.LinkedHashMultimap::get (6 bytes)
Event: 6.047 Thread 0x000001a139002800 nmethod 4846 0x000001a122c39a10 code [0x000001a122c39c40, 0x000001a122c3a488]
Event: 6.047 Thread 0x000001a139002800 4847       3       sun.reflect.generics.tree.TypeVariableSignature::accept (8 bytes)
Event: 6.047 Thread 0x000001a139002800 nmethod 4847 0x000001a122c3a710 code [0x000001a122c3a900, 0x000001a122c3ad08]
Event: 6.047 Thread 0x000001a139002800 4848       3       sun.reflect.generics.visitor.Reifier::visitTypeVariableSignature (18 bytes)
Event: 6.047 Thread 0x000001a139002800 nmethod 4848 0x000001a122c3af10 code [0x000001a122c3b0e0, 0x000001a122c3b408]
Event: 6.053 Thread 0x000001a139002800 4849       3       com.google.common.base.Preconditions::checkArgument (17 bytes)
Event: 6.054 Thread 0x000001a139002800 nmethod 4849 0x000001a122c3b590 code [0x000001a122c3b780, 0x000001a122c3bad8]
Event: 6.159 Thread 0x000001a139002800 4850   !   3       java.util.concurrent.LinkedBlockingQueue::poll (128 bytes)
Event: 6.161 Thread 0x000001a139002800 nmethod 4850 0x000001a122c3bc10 code [0x000001a122c3bfc0, 0x000001a122c3d828]
Event: 6.174 Thread 0x000001a139002800 4851       3       org.gradle.launcher.daemon.server.exec.DaemonConnectionBackedEventConsumer$ForwardEvents::moreMessagesToSend (35 bytes)
Event: 6.174 Thread 0x000001a139002800 nmethod 4851 0x000001a122c3e490 code [0x000001a122c3e660, 0x000001a122c3e908]
Event: 6.174 Thread 0x000001a139002800 4852   !   3       org.gradle.launcher.daemon.server.exec.DaemonConnectionBackedEventConsumer$ForwardEvents::getNextEvent (27 bytes)
Event: 6.175 Thread 0x000001a139002800 nmethod 4852 0x000001a122c3ea10 code [0x000001a122c3ebe0, 0x000001a122c3ee28]
Event: 6.362 Thread 0x000001a139002800 4854       3       java.util.stream.AbstractPipeline::wrapSink (37 bytes)
Event: 6.362 Thread 0x000001a139002800 nmethod 4854 0x000001a122c3ef90 code [0x000001a122c3f180, 0x000001a122c3f578]
Event: 6.362 Thread 0x000001a139002800 4853       3       java.util.stream.AbstractPipeline::wrapAndCopyInto (18 bytes)
Event: 6.363 Thread 0x000001a139002800 nmethod 4853 0x000001a122c3f710 code [0x000001a122c3f900, 0x000001a122c3fce8]
Event: 6.363 Thread 0x000001a139002800 4855       3       java.util.stream.AbstractPipeline::copyInto (54 bytes)

GC Heap History (10 events):
Event: 0.726 GC heap before
{Heap before GC invocations=0 (full 0):
 garbage-first heap   total 258048K, used 29696K [0x0000000080000000, 0x0000000100000000)
  region size 1024K, 24 young (24576K), 0 survivors (0K)
 Metaspace       used 10650K, capacity 10948K, committed 11264K, reserved 1058816K
  class space    used 1128K, capacity 1200K, committed 1280K, reserved 1048576K
}
Event: 0.729 GC heap after
{Heap after GC invocations=1 (full 0):
 garbage-first heap   total 258048K, used 8574K [0x0000000080000000, 0x0000000100000000)
  region size 1024K, 3 young (3072K), 3 survivors (3072K)
 Metaspace       used 10650K, capacity 10948K, committed 11264K, reserved 1058816K
  class space    used 1128K, capacity 1200K, committed 1280K, reserved 1048576K
}
Event: 2.565 GC heap before
{Heap before GC invocations=1 (full 0):
 garbage-first heap   total 258048K, used 91518K [0x0000000080000000, 0x0000000100000000)
  region size 1024K, 86 young (88064K), 3 survivors (3072K)
 Metaspace       used 20556K, capacity 21111K, committed 21248K, reserved 1067008K
  class space    used 2526K, capacity 2712K, committed 2816K, reserved 1048576K
}
Event: 2.572 GC heap after
{Heap after GC invocations=2 (full 0):
 garbage-first heap   total 258048K, used 16061K [0x0000000080000000, 0x0000000100000000)
  region size 1024K, 11 young (11264K), 11 survivors (11264K)
 Metaspace       used 20556K, capacity 21111K, committed 21248K, reserved 1067008K
  class space    used 2526K, capacity 2712K, committed 2816K, reserved 1048576K
}
Event: 3.312 GC heap before
{Heap before GC invocations=3 (full 0):
 garbage-first heap   total 258048K, used 77501K [0x0000000080000000, 0x0000000100000000)
  region size 1024K, 71 young (72704K), 11 survivors (11264K)
 Metaspace       used 27298K, capacity 27943K, committed 28160K, reserved 1073152K
  class space    used 3602K, capacity 3823K, committed 3840K, reserved 1048576K
}
Event: 3.318 GC heap after
{Heap after GC invocations=4 (full 0):
 garbage-first heap   total 258048K, used 18637K [0x0000000080000000, 0x0000000100000000)
  region size 1024K, 3 young (3072K), 3 survivors (3072K)
 Metaspace       used 27298K, capacity 27943K, committed 28160K, reserved 1073152K
  class space    used 3602K, capacity 3823K, committed 3840K, reserved 1048576K
}
Event: 3.810 GC heap before
{Heap before GC invocations=4 (full 0):
 garbage-first heap   total 258048K, used 54477K [0x0000000080000000, 0x0000000100000000)
  region size 1024K, 40 young (40960K), 3 survivors (3072K)
 Metaspace       used 35001K, capacity 35761K, committed 35840K, reserved 1081344K
  class space    used 4563K, capacity 4856K, committed 4864K, reserved 1048576K
}
Event: 3.815 GC heap after
{Heap after GC invocations=5 (full 0):
 garbage-first heap   total 258048K, used 21104K [0x0000000080000000, 0x0000000100000000)
  region size 1024K, 6 young (6144K), 6 survivors (6144K)
 Metaspace       used 35001K, capacity 35761K, committed 35840K, reserved 1081344K
  class space    used 4563K, capacity 4856K, committed 4864K, reserved 1048576K
}
Event: 4.927 GC heap before
{Heap before GC invocations=6 (full 0):
 garbage-first heap   total 258048K, used 127600K [0x0000000080000000, 0x0000000100000000)
  region size 1024K, 107 young (109568K), 6 survivors (6144K)
 Metaspace       used 44040K, capacity 45095K, committed 45260K, reserved 1089536K
  class space    used 5671K, capacity 6024K, committed 6144K, reserved 1048576K
}
Event: 4.936 GC heap after
{Heap after GC invocations=7 (full 0):
 garbage-first heap   total 258048K, used 26433K [0x0000000080000000, 0x0000000100000000)
  region size 1024K, 11 young (11264K), 11 survivors (11264K)
 Metaspace       used 44040K, capacity 45095K, committed 45260K, reserved 1089536K
  class space    used 5671K, capacity 6024K, committed 6144K, reserved 1048576K
}

Deoptimization events (20 events):
Event: 5.741 Thread 0x000001a13ab05800 DEOPT PACKING pc=0x000001a122573097 sp=0x0000001e21ef6e40
Event: 5.741 Thread 0x000001a13ab05800 DEOPT UNPACKING pc=0x000001a121d78ade sp=0x0000001e21ef63c8 mode 0
Event: 5.743 Thread 0x000001a13ab05800 DEOPT PACKING pc=0x000001a122573097 sp=0x0000001e21ef7030
Event: 5.743 Thread 0x000001a13ab05800 DEOPT UNPACKING pc=0x000001a121d78ade sp=0x0000001e21ef65b8 mode 0
Event: 5.744 Thread 0x000001a13ab05800 DEOPT PACKING pc=0x000001a122573097 sp=0x0000001e21ef6f20
Event: 5.744 Thread 0x000001a13ab05800 DEOPT UNPACKING pc=0x000001a121d78ade sp=0x0000001e21ef64a8 mode 0
Event: 5.745 Thread 0x000001a13ab05800 DEOPT PACKING pc=0x000001a122573097 sp=0x0000001e21ef6f20
Event: 5.745 Thread 0x000001a13ab05800 DEOPT UNPACKING pc=0x000001a121d78ade sp=0x0000001e21ef64a8 mode 0
Event: 5.746 Thread 0x000001a13ab05800 DEOPT PACKING pc=0x000001a122573097 sp=0x0000001e21ef6f20
Event: 5.746 Thread 0x000001a13ab05800 DEOPT UNPACKING pc=0x000001a121d78ade sp=0x0000001e21ef64a8 mode 0
Event: 5.747 Thread 0x000001a13ab05800 DEOPT PACKING pc=0x000001a122573097 sp=0x0000001e21ef6f20
Event: 5.747 Thread 0x000001a13ab05800 DEOPT UNPACKING pc=0x000001a121d78ade sp=0x0000001e21ef64a8 mode 0
Event: 5.839 Thread 0x000001a13ab05800 Uncommon trap: trap_request=0xffffffc6 fr.pc=0x000001a129973dc0 relative=0x0000000000003a00
Event: 5.839 Thread 0x000001a13ab05800 Uncommon trap: reason=bimorphic_or_optimized_type_check action=maybe_recompile pc=0x000001a129973dc0 method=java.util.AbstractCollection.addAll(Ljava/util/Collection;)Z @ 29 c2
Event: 5.839 Thread 0x000001a13ab05800 DEOPT PACKING pc=0x000001a129973dc0 sp=0x0000001e21ef8d40
Event: 5.839 Thread 0x000001a13ab05800 DEOPT UNPACKING pc=0x000001a121d5822f sp=0x0000001e21ef8d40 mode 2
Event: 5.994 Thread 0x000001a13ab05800 Uncommon trap: trap_request=0xffffff4d fr.pc=0x000001a129950cd8 relative=0x0000000000000398
Event: 5.994 Thread 0x000001a13ab05800 Uncommon trap: reason=unstable_if action=reinterpret pc=0x000001a129950cd8 method=java.lang.String.equalsIgnoreCase(Ljava/lang/String;)Z @ 36 c2
Event: 5.994 Thread 0x000001a13ab05800 DEOPT PACKING pc=0x000001a129950cd8 sp=0x0000001e21ef8140
Event: 5.994 Thread 0x000001a13ab05800 DEOPT UNPACKING pc=0x000001a121d5822f sp=0x0000001e21ef8100 mode 2

Classes redefined (0 events):
No events

Internal exceptions (20 events):
Event: 5.249 Thread 0x000001a13ab10800 Exception <a 'java/lang/NoSuchMethodError'{0x000000008d68fa30}: <clinit>> (0x000000008d68fa30) thrown at [./src/hotspot/share/prims/jni.cpp, line 1362]
Event: 5.249 Thread 0x000001a13ab10800 Exception <a 'java/lang/NoSuchMethodError'{0x000000008d690d38}: <clinit>> (0x000000008d690d38) thrown at [./src/hotspot/share/prims/jni.cpp, line 1362]
Event: 5.249 Thread 0x000001a13ab10800 Exception <a 'java/lang/NoSuchMethodError'{0x000000008d691d58}: <clinit>> (0x000000008d691d58) thrown at [./src/hotspot/share/prims/jni.cpp, line 1362]
Event: 5.249 Thread 0x000001a13ab10800 Exception <a 'java/lang/NoSuchMethodError'{0x000000008d6c2848}: <clinit>> (0x000000008d6c2848) thrown at [./src/hotspot/share/prims/jni.cpp, line 1362]
Event: 5.250 Thread 0x000001a13ab10800 Exception <a 'java/lang/NoSuchMethodError'{0x000000008d6cca60}: <clinit>> (0x000000008d6cca60) thrown at [./src/hotspot/share/prims/jni.cpp, line 1362]
Event: 5.251 Thread 0x000001a13ab10800 Exception <a 'java/lang/NoSuchMethodError'{0x000000008d6e06b0}: <clinit>> (0x000000008d6e06b0) thrown at [./src/hotspot/share/prims/jni.cpp, line 1362]
Event: 5.262 Thread 0x000001a13ab05800 Exception <a 'java/lang/ClassNotFoundException'{0x000000008d5521e0}: build_5q887envt5xki888yn8yw3w0yBeanInfo> (0x000000008d5521e0) thrown at [./src/hotspot/share/classfile/systemDictionary.cpp, line 231]
Event: 5.262 Thread 0x000001a13ab05800 Exception <a 'java/lang/ClassNotFoundException'{0x000000008d55afe8}: build_5q887envt5xki888yn8yw3w0yCustomizer> (0x000000008d55afe8) thrown at [./src/hotspot/share/classfile/systemDictionary.cpp, line 231]
Event: 5.267 Thread 0x000001a13ab05800 Exception <a 'java/lang/ClassNotFoundException'{0x000000008d5ca0a8}: org/gradle/plugin/use/internal/PluginRequestCollector$PluginDependenciesSpecImplBeanInfo> (0x000000008d5ca0a8) thrown at [./src/hotspot/share/classfile/systemDictionary.cpp, line 231]
Event: 5.268 Thread 0x000001a13ab05800 Exception <a 'java/lang/ClassNotFoundException'{0x000000008d5efe18}: org/gradle/plugin/use/internal/PluginRequestCollector$PluginDependenciesSpecImplCustomizer> (0x000000008d5efe18) thrown at [./src/hotspot/share/classfile/systemDictionary.cpp, line 231]
Event: 5.273 Thread 0x000001a13ab05800 Exception <a 'java/lang/NoSuchMethodError'{0x000000008d461bf8}: 'void java.lang.invoke.DirectMethodHandle$Holder.invokeInterface(java.lang.Object, java.lang.Object)'> (0x000000008d461bf8) thrown at [./src/hotspot/share/interpreter/linkResolver.cpp, line 773]
Event: 5.293 Thread 0x000001a13ab05800 Exception <a 'java/lang/ClassNotFoundException'{0x000000008d21f920}: org/gradle/api/internal/plugins/DefaultObjectConfigurationActionBeanInfo> (0x000000008d21f920) thrown at [./src/hotspot/share/classfile/systemDictionary.cpp, line 231]
Event: 5.294 Thread 0x000001a13ab05800 Exception <a 'java/lang/ClassNotFoundException'{0x000000008d24b740}: org/gradle/api/internal/plugins/DefaultObjectConfigurationActionCustomizer> (0x000000008d24b740) thrown at [./src/hotspot/share/classfile/systemDictionary.cpp, line 231]
Event: 5.396 Thread 0x000001a13ab05800 Exception <a 'java/lang/NoSuchMethodError'{0x000000008c93bad8}: 'java.lang.Object java.lang.invoke.DirectMethodHandle$Holder.invokeStatic(java.lang.Object, java.lang.Object, java.lang.Object, java.lang.Object, int)'> (0x000000008c93bad8) thrown at [./src/hotspot/share/interpreter/linkResolver.cpp, line 773]
Event: 5.396 Thread 0x000001a13ab05800 Exception <a 'java/lang/NoSuchMethodError'{0x000000008c9404d0}: 'java.lang.Object java.lang.invoke.DirectMethodHandle$Holder.invokeSpecial(java.lang.Object, java.lang.Object, java.lang.Object, java.lang.Object, java.lang.Object, int)'> (0x000000008c9404d0) thrown at [./src/hotspot/share/interpreter/linkResolver.cpp, line 773]
Event: 5.396 Thread 0x000001a13ab05800 Exception <a 'java/lang/NoSuchMethodError'{0x000000008c944b10}: 'java.lang.Object java.lang.invoke.Invokers$Holder.linkToTargetMethod(java.lang.Object, java.lang.Object, java.lang.Object, int, java.lang.Object)'> (0x000000008c944b10) thrown at [./src/hotspot/share/interpreter/linkResolver.cpp, line 773]
Event: 5.622 Thread 0x000001a13ab05800 Exception <a 'java/lang/NoSuchMethodError'{0x000000008b6cd5c0}: 'java.lang.Object java.lang.invoke.DirectMethodHandle$Holder.invokeSpecial(java.lang.Object, java.lang.Object, int, int, java.lang.Object, java.lang.Object, java.lang.Object)'> (0x000000008b6cd5c0) thrown at [./src/hotspot/share/interpreter/linkResolver.cpp, line 773]
Event: 5.622 Thread 0x000001a13ab05800 Exception <a 'java/lang/NoSuchMethodError'{0x000000008b6d1b40}: 'java.lang.Object java.lang.invoke.DelegatingMethodHandle$Holder.reinvoke_L(java.lang.Object, int, int, java.lang.Object, java.lang.Object, java.lang.Object)'> (0x000000008b6d1b40) thrown at [./src/hotspot/share/interpreter/linkResolver.cpp, line 773]
Event: 5.811 Thread 0x000001a13ab05800 Exception <a 'java/lang/NoSuchMethodError'{0x000000008a937c70}: 'int java.lang.invoke.DirectMethodHandle$Holder.invokeInterface(java.lang.Object, java.lang.Object, java.lang.Object, java.lang.Object)'> (0x000000008a937c70) thrown at [./src/hotspot/share/interpreter/linkResolver.cpp, line 773]
Event: 5.991 Thread 0x000001a13ab05800 Exception <a 'java/lang/NoSuchMethodError'{0x000000008a0e2aa0}: 'void java.lang.invoke.DirectMethodHandle$Holder.invokeInterface(java.lang.Object, java.lang.Object, java.lang.Object, java.lang.Object)'> (0x000000008a0e2aa0) thrown at [./src/hotspot/share/interpreter/linkResolver.cpp, line 773]

Events (20 events):
Event: 6.055 loading class org/gradle/internal/deprecation/DeprecatableConfiguration done
Event: 6.055 loading class org/gradle/api/artifacts/Configuration
Event: 6.055 loading class org/gradle/api/artifacts/Configuration done
Event: 6.055 loading class org/gradle/internal/deprecation/DeprecatableConfiguration
Event: 6.055 loading class org/gradle/internal/deprecation/DeprecatableConfiguration done
Event: 6.056 loading class org/gradle/api/artifacts/Configuration
Event: 6.056 loading class org/gradle/api/artifacts/Configuration done
Event: 6.056 loading class org/gradle/api/artifacts/PublishArtifact
Event: 6.056 loading class org/gradle/api/artifacts/PublishArtifact done
Event: 6.056 loading class org/gradle/api/artifacts/Configuration
Event: 6.056 loading class org/gradle/api/artifacts/Configuration done
Event: 6.057 loading class org/gradle/api/Task
Event: 6.057 loading class org/gradle/api/Task done
Event: 6.057 loading class org/gradle/api/Task
Event: 6.057 loading class org/gradle/api/Task done
Event: 6.057 loading class org/gradle/api/Action
Event: 6.057 loading class org/gradle/api/Action done
Event: 6.057 loading class org/gradle/api/plugins/JvmEcosystemPlugin
Event: 6.057 loading class org/gradle/api/plugins/JvmEcosystemPlugin done
Event: 6.192 Loaded shared library C:\Program Files\Android\Android Studio\jre\bin\java.dll


Dynamic libraries:
0x00007ff6794c0000 - 0x00007ff6794ca000 	C:\Program Files\Android\Android Studio\jre\bin\java.exe
0x00007ffc11b60000 - 0x00007ffc11dc6000 	C:\WINDOWS\SYSTEM32\ntdll.dll
0x00007ffbe42c0000 - 0x00007ffbe42e1000 	C:\Program Files\Avast Software\Suite\aswhook.dll
0x00007ffc0f9c0000 - 0x00007ffc0fa89000 	C:\WINDOWS\System32\KERNEL32.DLL
0x00007ffc0f4d0000 - 0x00007ffc0f8ca000 	C:\WINDOWS\System32\KERNELBASE.dll
0x00007ffc0f070000 - 0x00007ffc0f1bc000 	C:\WINDOWS\System32\ucrtbase.dll
0x00007ffbf8430000 - 0x00007ffbf8449000 	C:\Program Files\Android\Android Studio\jre\bin\jli.dll
0x00007ffc10690000 - 0x00007ffc10857000 	C:\WINDOWS\System32\USER32.dll
0x00007ffc0f1c0000 - 0x00007ffc0f1e7000 	C:\WINDOWS\System32\win32u.dll
0x00007ffc0fba0000 - 0x00007ffc0fbcb000 	C:\WINDOWS\System32\GDI32.dll
0x00007ffc0ef40000 - 0x00007ffc0f06b000 	C:\WINDOWS\System32\gdi32full.dll
0x00007ffc0f370000 - 0x00007ffc0f413000 	C:\WINDOWS\System32\msvcp_win.dll
0x00007ffbe0ee0000 - 0x00007ffbe0ef7000 	C:\Program Files\Android\Android Studio\jre\bin\VCRUNTIME140.dll
0x00007ffbe7170000 - 0x00007ffbe7402000 	C:\WINDOWS\WinSxS\amd64_microsoft.windows.common-controls_6595b64144ccf1df_6.0.26100.8521_none_3e08b75ce33403b3\COMCTL32.dll
0x00007ffc0f910000 - 0x00007ffc0f9b9000 	C:\WINDOWS\System32\msvcrt.dll
0x00007ffc0f8d0000 - 0x00007ffc0f902000 	C:\WINDOWS\System32\IMM32.DLL
0x00007ffbabf60000 - 0x00007ffbabffd000 	C:\Program Files\Android\Android Studio\jre\bin\msvcp140.dll
0x00007ffb1fa40000 - 0x00007ffb204fc000 	C:\Program Files\Android\Android Studio\jre\bin\server\jvm.dll
0x00007ffc10b80000 - 0x00007ffc10c36000 	C:\WINDOWS\System32\ADVAPI32.dll
0x00007ffc10ad0000 - 0x00007ffc10b7a000 	C:\WINDOWS\System32\sechost.dll
0x00007ffc102e0000 - 0x00007ffc103f8000 	C:\WINDOWS\System32\RPCRT4.dll
0x00007ffc10680000 - 0x00007ffc10688000 	C:\WINDOWS\System32\PSAPI.DLL
0x00007ffc06b50000 - 0x00007ffc06b86000 	C:\WINDOWS\SYSTEM32\WINMM.dll
0x00007ffbffe80000 - 0x00007ffbffe8b000 	C:\WINDOWS\SYSTEM32\VERSION.dll
0x00007ffbfd1c0000 - 0x00007ffbfd1ca000 	C:\WINDOWS\SYSTEM32\WSOCK32.dll
0x00007ffc10860000 - 0x00007ffc108e0000 	C:\WINDOWS\System32\WS2_32.dll
0x00007ffc0db80000 - 0x00007ffc0db9b000 	C:\WINDOWS\SYSTEM32\kernel.appcore.dll
0x00007ffbdfb00000 - 0x00007ffbdfb11000 	C:\Program Files\Android\Android Studio\jre\bin\verify.dll
0x00007ffc0c3d0000 - 0x00007ffc0c612000 	C:\WINDOWS\SYSTEM32\DBGHELP.DLL
0x00007ffc11000000 - 0x00007ffc11383000 	C:\WINDOWS\System32\combase.dll
0x00007ffc10470000 - 0x00007ffc10549000 	C:\WINDOWS\System32\OLEAUT32.dll
0x00007ffbfd4d0000 - 0x00007ffbfd50b000 	C:\WINDOWS\SYSTEM32\dbgcore.DLL
0x00007ffc0f420000 - 0x00007ffc0f4c8000 	C:\WINDOWS\System32\bcryptPrimitives.dll
0x00007ffbdf500000 - 0x00007ffbdf529000 	C:\Program Files\Android\Android Studio\jre\bin\java.dll
0x00007ffc09810000 - 0x00007ffc0981b000 	C:\Program Files\Android\Android Studio\jre\bin\jimage.dll
0x00007ffbdf340000 - 0x00007ffbdf358000 	C:\Program Files\Android\Android Studio\jre\bin\zip.dll
0x00007ffc11390000 - 0x00007ffc11b14000 	C:\WINDOWS\System32\SHELL32.dll
0x00007ffc0c990000 - 0x00007ffc0d210000 	C:\WINDOWS\SYSTEM32\windows.storage.dll
0x00007ffc10070000 - 0x00007ffc10166000 	C:\WINDOWS\System32\SHCORE.dll
0x00007ffc10400000 - 0x00007ffc10467000 	C:\WINDOWS\System32\shlwapi.dll
0x00007ffc0ed10000 - 0x00007ffc0ed39000 	C:\WINDOWS\SYSTEM32\profapi.dll
0x00007ffbdf2b0000 - 0x00007ffbdf2ca000 	C:\Program Files\Android\Android Studio\jre\bin\net.dll
0x00007ffc00810000 - 0x00007ffc00939000 	C:\WINDOWS\SYSTEM32\WINHTTP.dll
0x00007ffc0e0f0000 - 0x00007ffc0e15c000 	C:\WINDOWS\system32\mswsock.dll
0x00007ffbd51e0000 - 0x00007ffbd51f4000 	C:\Program Files\Android\Android Studio\jre\bin\nio.dll
0x00007ffbe0e50000 - 0x00007ffbe0e77000 	C:\Users\mamal\.gradle\native\fdc75f09e3144964f2cf3f50f0aa648679c211496f362492102eb8c894070792\windows-amd64\native-platform.dll
0x00007ffb40af0000 - 0x00007ffb40c86000 	C:\Users\mamal\.gradle\native\12488b8bf47d2d4c9fbf2f6322a914ad602e24e48041cd04a747c6da556b65c4\windows-amd64\native-platform-file-events.dll
0x00007ffbf7660000 - 0x00007ffbf766a000 	C:\Program Files\Android\Android Studio\jre\bin\management.dll
0x00007ffbf7340000 - 0x00007ffbf734c000 	C:\Program Files\Android\Android Studio\jre\bin\management_ext.dll
0x00007ffc0e3d0000 - 0x00007ffc0e3eb000 	C:\WINDOWS\SYSTEM32\CRYPTSP.dll
0x00007ffc0dae0000 - 0x00007ffc0db19000 	C:\WINDOWS\system32\rsaenh.dll
0x00007ffc0e1a0000 - 0x00007ffc0e1d3000 	C:\WINDOWS\SYSTEM32\USERENV.dll
0x00007ffc0ece0000 - 0x00007ffc0ed0a000 	C:\WINDOWS\SYSTEM32\bcrypt.dll
0x00007ffc0e3f0000 - 0x00007ffc0e3fc000 	C:\WINDOWS\SYSTEM32\CRYPTBASE.dll
0x00007ffc0d600000 - 0x00007ffc0d633000 	C:\WINDOWS\SYSTEM32\IPHLPAPI.DLL
0x00007ffc0fa90000 - 0x00007ffc0fa9a000 	C:\WINDOWS\System32\NSI.dll
0x00007ffc090c0000 - 0x00007ffc090dd000 	C:\WINDOWS\SYSTEM32\dhcpcsvc6.DLL
0x00007ffc09090000 - 0x00007ffc090b5000 	C:\WINDOWS\SYSTEM32\dhcpcsvc.DLL
0x00007ffc0d640000 - 0x00007ffc0d78a000 	C:\WINDOWS\SYSTEM32\DNSAPI.dll
0x00007ffc0def0000 - 0x00007ffc0defd000 	C:\WINDOWS\SYSTEM32\DSPARSE.dll
0x00007ffc0bb10000 - 0x00007ffc0bb1e000 	C:\WINDOWS\SYSTEM32\WINNSI.DLL

dbghelp: loaded successfully - version: 4.0.5 - missing functions: none
symbol engine: initialized successfully - sym options: 0x614 - pdb path: .;C:\Program Files\Android\Android Studio\jre\bin;C:\WINDOWS\SYSTEM32;C:\Program Files\Avast Software\Suite;C:\WINDOWS\WinSxS\amd64_microsoft.windows.common-controls_6595b64144ccf1df_6.0.26100.8521_none_3e08b75ce33403b3;C:\Program Files\Android\Android Studio\jre\bin\server;C:\Users\mamal\.gradle\native\fdc75f09e3144964f2cf3f50f0aa648679c211496f362492102eb8c894070792\windows-amd64;C:\Users\mamal\.gradle\native\12488b8bf47d2d4c9fbf2f6322a914ad602e24e48041cd04a747c6da556b65c4\windows-amd64

VM Arguments:
jvm_args: --add-opens=java.base/java.util=ALL-UNNAMED --add-opens=java.base/java.lang=ALL-UNNAMED --add-opens=java.base/java.lang.invoke=ALL-UNNAMED --add-opens=java.prefs/java.util.prefs=ALL-UNNAMED -Xmx2048m -Dfile.encoding=UTF-8 -Duser.country=ES -Duser.language=es -Duser.variant 
java_command: org.gradle.launcher.daemon.bootstrap.GradleDaemon 6.7.1
java_class_path (initial): C:\Users\mamal\.gradle\wrapper\dists\gradle-6.7.1-bin\bwlcbys1h7rz3272sye1xwiv6\gradle-6.7.1\lib\gradle-launcher-6.7.1.jar
Launcher Type: SUN_STANDARD

[Global flags]
     intx CICompilerCount                          = 4                                         {product} {ergonomic}
     uint ConcGCThreads                            = 2                                         {product} {ergonomic}
     uint G1ConcRefinementThreads                  = 8                                         {product} {ergonomic}
   size_t G1HeapRegionSize                         = 1048576                                   {product} {ergonomic}
    uintx GCDrainStackTargetSize                   = 64                                        {product} {ergonomic}
   size_t InitialHeapSize                          = 264241152                                 {product} {ergonomic}
   size_t MarkStackSize                            = 4194304                                   {product} {ergonomic}
   size_t MaxHeapSize                              = 2147483648                                {product} {command line}
   size_t MaxNewSize                               = 1287651328                                {product} {ergonomic}
   size_t MinHeapDeltaBytes                        = 1048576                                   {product} {ergonomic}
    uintx NonNMethodCodeHeapSize                   = 5836300                                {pd product} {ergonomic}
    uintx NonProfiledCodeHeapSize                  = 122910970                              {pd product} {ergonomic}
    uintx ProfiledCodeHeapSize                     = 122910970                              {pd product} {ergonomic}
    uintx ReservedCodeCacheSize                    = 251658240                              {pd product} {ergonomic}
     bool SegmentedCodeCache                       = true                                      {product} {ergonomic}
     bool UseCompressedClassPointers               = true                                 {lp64_product} {ergonomic}
     bool UseCompressedOops                        = true                                 {lp64_product} {ergonomic}
     bool UseG1GC                                  = true                                      {product} {ergonomic}
     bool UseLargePagesIndividualAllocation        = false                                  {pd product} {ergonomic}

Logging:
Log output configuration:
 #0: stdout all=warning uptime,level,tags
 #1: stderr all=off uptime,level,tags

Environment Variables:
JAVA_HOME=C:\Program Files\java\jdk-11.0.2
PATH=C:\Program Files\java\jdk-11.0.2\bin;C:\WINDOWS\system32;C:\WINDOWS;C:\WINDOWS\System32\Wbem;C:\WINDOWS\System32\WindowsPowerShell\v1.0\;C:\WINDOWS\System32\OpenSSH\;C:\Program Files\dotnet\;C:\PROGRA~2\PICC;C:\Program Files\Git\cmd;C:\Program Files\nodejs\;C:\Users\mamal\AppData\Local\Microsoft\WindowsApps;C:\Users\mamal\AppData\Local\Programs\Microsoft VS Code\bin;C:\Users\mamal\AppData\Local\GitHubDesktop\bin;C:\Users\mamal\AppData\Roaming\npm
USERNAME=mamal
OS=Windows_NT
PROCESSOR_IDENTIFIER=Intel64 Family 6 Model 140 Stepping 2, GenuineIntel



---------------  S Y S T E M  ---------------

OS: Windows 10 , 64 bit Build 26100 (10.0.26100.8521)
OS uptime: 0 days 1:36 hours
HyperV virtualization detected

CPU:total 8 (initial active 8) (4 cores per cpu, 2 threads per core) family 6 model 140 stepping 2, cmov, cx8, fxsr, mmx, sse, sse2, sse3, ssse3, sse4.1, sse4.2, popcnt, avx, avx2, aes, clmul, erms, 3dnowpref, lzcnt, ht, tsc, tscinvbit, bmi1, bmi2, adx, evex, sha, fma

Memory: 4k page, system-wide physical 16122M (2982M free)
TotalPageFile size 16122M (AvailPageFile size 94M)
current process WorkingSet (physical memory assigned to process): 326M, peak: 327M
current process commit charge ("private bytes"): 482M, peak: 483M

vm_info: OpenJDK 64-Bit Server VM (11.0.8+10-b944.6842174) for windows-amd64 JRE (11.0.8+10-b944.6842174), built on Sep 19 2020 01:11:42 by "builder" with MS VC++ 14.0 (VS2015)

END.
