#
# There is insufficient memory for the Java Runtime Environment to continue.
# Native memory allocation (malloc) failed to allocate 1731376 bytes for Chunk::new
# Possible reasons:
#   The system is out of physical RAM or swap space
#   The process is running with CompressedOops enabled, and the Java Heap may be blocking the growth of the native heap
# Possible solutions:
#   Reduce memory load on the system
#   Increase physical memory or swap space
#   Check if swap backing store is full
#   Decrease Java heap size (-Xmx/-Xms)
#   Decrease number of Java threads
#   Decrease Java thread stack sizes (-Xss)
#   Set larger code cache with -XX:ReservedCodeCacheSize=
#   JVM is running with Unscaled Compressed Oops mode in which the Java heap is
#     placed in the first 4GB address space. The Java Heap base address is the
#     maximum limit for the native heap growth. Please use -XX:HeapBaseMinAddress
#     to set the Java Heap base and to place the Java Heap above 4GB virtual address.
# This output file may be truncated or incomplete.
#
#  Out of Memory Error (./src/hotspot/share/memory/arena.cpp:197), pid=22180, tid=21060
#
# JRE version: OpenJDK Runtime Environment (11.0.8+10) (build 11.0.8+10-b944.6842174)
# Java VM: OpenJDK 64-Bit Server VM (11.0.8+10-b944.6842174, mixed mode, tiered, compressed oops, g1 gc, windows-amd64)
# No core dump will be written. Minidumps are not enabled by default on client versions of Windows
#

---------------  S U M M A R Y ------------

Command Line: --add-opens=java.base/java.util=ALL-UNNAMED --add-opens=java.base/java.lang=ALL-UNNAMED --add-opens=java.base/java.lang.invoke=ALL-UNNAMED --add-opens=java.prefs/java.util.prefs=ALL-UNNAMED -Xmx2048m -Dfile.encoding=UTF-8 -Duser.country=ES -Duser.language=es -Duser.variant org.gradle.launcher.daemon.bootstrap.GradleDaemon 6.7.1

Host: 11th Gen Intel(R) Core(TM) i5-1155G7 @ 2.50GHz, 8 cores, 15G,  Windows 10 , 64 bit Build 26100 (10.0.26100.8328)
Time: Mon May 25 08:44:56 2026 Hora estándar central (México) elapsed time: 19 seconds (0d 0h 0m 19s)

---------------  T H R E A D  ---------------

Current thread (0x000001cc31251800):  JavaThread "C2 CompilerThread0" daemon [_thread_in_native, id=21060, stack(0x0000008c75100000,0x0000008c75200000)]


Current CompileTask:
C2:  19426 5119 % !   4       java.util.jar.Attributes::read @ 185 (388 bytes)

Stack: [0x0000008c75100000,0x0000008c75200000]
Native frames: (J=compiled Java code, j=interpreted, Vv=VM code, C=native code)
V  [jvm.dll+0x5de50a]
V  [jvm.dll+0x7122f5]
V  [jvm.dll+0x71384d]
V  [jvm.dll+0x713f03]
V  [jvm.dll+0x23e728]
V  [jvm.dll+0xb899c]
V  [jvm.dll+0xb8e9c]
V  [jvm.dll+0x35024d]
V  [jvm.dll+0x31dea3]
V  [jvm.dll+0x31d39a]
V  [jvm.dll+0x1f7702]
V  [jvm.dll+0x1f68d4]
V  [jvm.dll+0x17f32c]
V  [jvm.dll+0x205047]
V  [jvm.dll+0x203891]
V  [jvm.dll+0x6dad3f]
V  [jvm.dll+0x6d3895]
V  [jvm.dll+0x5dd4a6]
C  [ucrtbase.dll+0x37b0]
C  [KERNEL32.DLL+0x2e957]
C  [ntdll.dll+0x427c]


---------------  P R O C E S S  ---------------

Threads class SMR info:
_java_thread_list=0x000001cc3506c9f0, length=138, elements={
0x000001cc1469c000, 0x000001cc311e7800, 0x000001cc311f2800, 0x000001cc3124d800,
0x000001cc31250800, 0x000001cc31251800, 0x000001cc31253000, 0x000001cc31264800,
0x000001cc313d2800, 0x000001cc313ef000, 0x000001cc32e2a800, 0x000001cc31903000,
0x000001cc32656800, 0x000001cc32765800, 0x000001cc33766000, 0x000001cc3212c000,
0x000001cc3212c800, 0x000001cc33c9a800, 0x000001cc33c9b800, 0x000001cc33dd6000,
0x000001cc32c19800, 0x000001cc32c1a800, 0x000001cc32c1b800, 0x000001cc32c19000,
0x000001cc32c1d800, 0x000001cc32c1c000, 0x000001cc32c1d000, 0x000001cc32c1e800,
0x000001cc32c1f800, 0x000001cc336be000, 0x000001cc336bc000, 0x000001cc336bf800,
0x000001cc336bd000, 0x000001cc336c0000, 0x000001cc336c2000, 0x000001cc336c3800,
0x000001cc336c2800, 0x000001cc336c1000, 0x000001cc336c5000, 0x000001cc336c6000,
0x000001cc336c6800, 0x000001cc336c4800, 0x000001cc336ca000, 0x000001cc336c9000,
0x000001cc336c8800, 0x000001cc336c7800, 0x000001cc336cb000, 0x000001cc32354000,
0x000001cc32355000, 0x000001cc32356800, 0x000001cc32358000, 0x000001cc32355800,
0x000001cc32359000, 0x000001cc3235a000, 0x000001cc32357800, 0x000001cc3235d000,
0x000001cc3235c000, 0x000001cc3235a800, 0x000001cc3235e000, 0x000001cc3235b800,
0x000001cc3235e800, 0x000001cc32362000, 0x000001cc3235f800, 0x000001cc32360800,
0x000001cc32363000, 0x000001cc32361000, 0x000001cc33a9d000, 0x000001cc33a9a800,
0x000001cc33a9e000, 0x000001cc33a9b800, 0x000001cc33a9e800, 0x000001cc33a9c000,
0x000001cc33a9f800, 0x000001cc33aa1000, 0x000001cc33aa0000, 0x000001cc31977000,
0x000001cc31979800, 0x000001cc3197a000, 0x000001cc31978800, 0x000001cc31977800,
0x000001cc3197b000, 0x000001cc3197c800, 0x000001cc3197d800, 0x000001cc3197b800,
0x000001cc31980000, 0x000001cc3197f000, 0x000001cc3197e000, 0x000001cc31980800,
0x000001cc31981800, 0x000001cc31982000, 0x000001cc31984000, 0x000001cc31985800,
0x000001cc31983000, 0x000001cc31984800, 0x000001cc33e55800, 0x000001cc33e56800,
0x000001cc33e54000, 0x000001cc33e55000, 0x000001cc33e58000, 0x000001cc33e59800,
0x000001cc33e59000, 0x000001cc33e57000, 0x000001cc33e5b800, 0x000001cc33e5c000,
0x000001cc33e5d000, 0x000001cc33e5a800, 0x000001cc33e60000, 0x000001cc33e5e000,
0x000001cc33e5f800, 0x000001cc33e5e800, 0x000001cc33e61000, 0x000001cc33e62000,
0x000001cc33e62800, 0x000001cc33f0a000, 0x000001cc33f0c800, 0x000001cc33f0d000,
0x000001cc33f0a800, 0x000001cc33f0b800, 0x000001cc33f10800, 0x000001cc33f0e000,
0x000001cc33f0e800, 0x000001cc33f11000, 0x000001cc33f12000, 0x000001cc33f0f800,
0x000001cc33f13000, 0x000001cc33f15000, 0x000001cc33f13800, 0x000001cc33f14800,
0x000001cc33f17800, 0x000001cc33f16000, 0x000001cc33f18800, 0x000001cc33f17000,
0x000001cc33ac9800, 0x000001cc33acd000, 0x000001cc33aca800, 0x000001cc383c2800,
0x000001cc33acd800, 0x000001cc33715000
}

Java Threads: ( => current thread )
  0x000001cc1469c000 JavaThread "main" [_thread_blocked, id=13372, stack(0x0000008c74600000,0x0000008c74700000)]
  0x000001cc311e7800 JavaThread "Reference Handler" daemon [_thread_blocked, id=11200, stack(0x0000008c74d00000,0x0000008c74e00000)]
  0x000001cc311f2800 JavaThread "Finalizer" daemon [_thread_blocked, id=10156, stack(0x0000008c74e00000,0x0000008c74f00000)]
  0x000001cc3124d800 JavaThread "Signal Dispatcher" daemon [_thread_blocked, id=8512, stack(0x0000008c74f00000,0x0000008c75000000)]
  0x000001cc31250800 JavaThread "Attach Listener" daemon [_thread_blocked, id=17160, stack(0x0000008c75000000,0x0000008c75100000)]
=>0x000001cc31251800 JavaThread "C2 CompilerThread0" daemon [_thread_in_native, id=21060, stack(0x0000008c75100000,0x0000008c75200000)]
  0x000001cc31253000 JavaThread "C1 CompilerThread0" daemon [_thread_blocked, id=18112, stack(0x0000008c75200000,0x0000008c75300000)]
  0x000001cc31264800 JavaThread "Sweeper thread" daemon [_thread_blocked, id=17392, stack(0x0000008c75300000,0x0000008c75400000)]
  0x000001cc313d2800 JavaThread "Common-Cleaner" daemon [_thread_blocked, id=21248, stack(0x0000008c75400000,0x0000008c75500000)]
  0x000001cc313ef000 JavaThread "Service Thread" daemon [_thread_blocked, id=14584, stack(0x0000008c75500000,0x0000008c75600000)]
  0x000001cc32e2a800 JavaThread "Daemon health stats" [_thread_blocked, id=22468, stack(0x0000008c75d00000,0x0000008c75e00000)]
  0x000001cc31903000 JavaThread "Incoming local TCP Connector on port 54521" [_thread_in_native, id=21544, stack(0x0000008c75f00000,0x0000008c76000000)]
  0x000001cc32656800 JavaThread "Daemon periodic checks" [_thread_blocked, id=16960, stack(0x0000008c76000000,0x0000008c76100000)]
  0x000001cc32765800 JavaThread "Daemon" [_thread_blocked, id=20064, stack(0x0000008c76100000,0x0000008c76200000)]
  0x000001cc33766000 JavaThread "Handler for socket connection from /127.0.0.1:54521 to /127.0.0.1:54522" [_thread_in_native, id=1156, stack(0x0000008c76200000,0x0000008c76300000)]
  0x000001cc3212c000 JavaThread "Cancel handler" [_thread_blocked, id=2024, stack(0x0000008c76300000,0x0000008c76400000)]
  0x000001cc3212c800 JavaThread "Daemon worker" [_thread_in_Java, id=15236, stack(0x0000008c76400000,0x0000008c76500000)]
  0x000001cc33c9a800 JavaThread "Asynchronous log dispatcher for DefaultDaemonConnection: socket connection from /127.0.0.1:54521 to /127.0.0.1:54522" [_thread_blocked, id=2364, stack(0x0000008c76500000,0x0000008c76600000)]
  0x000001cc33c9b800 JavaThread "Stdin handler" [_thread_blocked, id=3924, stack(0x0000008c76600000,0x0000008c76700000)]
  0x000001cc33dd6000 JavaThread "Thread-8" [_thread_blocked, id=22404, stack(0x0000008c76700000,0x0000008c76800000)]
  0x000001cc32c19800 JavaThread "Cache worker for file hash cache (C:\Users\mamal\.gradle\caches\6.7.1\fileHashes)" [_thread_blocked, id=5528, stack(0x0000008c76800000,0x0000008c76900000)]
  0x000001cc32c1a800 JavaThread "File lock request listener" [_thread_in_native, id=1096, stack(0x0000008c76900000,0x0000008c76a00000)]
  0x000001cc32c1b800 JavaThread "Cache worker for journal cache (C:\Users\mamal\.gradle\caches\journal-1)" [_thread_blocked, id=2964, stack(0x0000008c76d00000,0x0000008c76e00000)]
  0x000001cc32c19000 JavaThread "Cache worker for file hash cache (C:\AndroidProjects\EasyCook\.gradle\6.7.1\fileHashes)" [_thread_blocked, id=4088, stack(0x0000008c76f00000,0x0000008c77000000)]
  0x000001cc32c1d800 JavaThread "Cache worker for checksums cache (C:\AndroidProjects\EasyCook\.gradle\checksums)" [_thread_blocked, id=3928, stack(0x0000008c77100000,0x0000008c77200000)]
  0x000001cc32c1c000 JavaThread "Cache worker for cache directory md-supplier (C:\Users\mamal\.gradle\caches\6.7.1\md-supplier)" [_thread_blocked, id=12504, stack(0x0000008c77000000,0x0000008c77100000)]
  0x000001cc32c1d000 JavaThread "Cache worker for cache directory md-rule (C:\Users\mamal\.gradle\caches\6.7.1\md-rule)" [_thread_blocked, id=3764, stack(0x0000008c77200000,0x0000008c77300000)]
  0x000001cc32c1e800 JavaThread "Cache worker for execution history cache (C:\Users\mamal\.gradle\caches\6.7.1\executionHistory)" [_thread_blocked, id=11836, stack(0x0000008c77300000,0x0000008c77400000)]
  0x000001cc32c1f800 JavaThread "jar transforms" [_thread_blocked, id=2660, stack(0x0000008c77400000,0x0000008c77500000)]
  0x000001cc336be000 JavaThread "Cache worker for file content cache (C:\Users\mamal\.gradle\caches\6.7.1\fileContent)" [_thread_blocked, id=2568, stack(0x0000008c77500000,0x0000008c77600000)]
  0x000001cc336bc000 JavaThread "Cache worker for Build Output Cleanup Cache (C:\AndroidProjects\EasyCook\.gradle\buildOutputCleanup)" [_thread_blocked, id=14920, stack(0x0000008c77700000,0x0000008c77800000)]
  0x000001cc336bf800 JavaThread "Build operations" [_thread_blocked, id=8472, stack(0x0000008c77800000,0x0000008c77900000)]
  0x000001cc336bd000 JavaThread "Build operations Thread 2" [_thread_blocked, id=6020, stack(0x0000008c77900000,0x0000008c77a00000)]
  0x000001cc336c0000 JavaThread "Build operations Thread 3" [_thread_blocked, id=3308, stack(0x0000008c77a00000,0x0000008c77b00000)]
  0x000001cc336c2000 JavaThread "Build operations Thread 4" [_thread_blocked, id=5188, stack(0x0000008c77b00000,0x0000008c77c00000)]
  0x000001cc336c3800 JavaThread "Build operations Thread 5" [_thread_blocked, id=4976, stack(0x0000008c77c00000,0x0000008c77d00000)]
  0x000001cc336c2800 JavaThread "Build operations Thread 6" [_thread_blocked, id=7264, stack(0x0000008c77d00000,0x0000008c77e00000)]
  0x000001cc336c1000 JavaThread "Build operations Thread 7" [_thread_blocked, id=12320, stack(0x0000008c77e00000,0x0000008c77f00000)]
  0x000001cc336c5000 JavaThread "Build operations Thread 8" [_thread_blocked, id=5256, stack(0x0000008c77f00000,0x0000008c78000000)]
  0x000001cc336c6000 JavaThread "jar transforms Thread 2" [_thread_blocked, id=3900, stack(0x0000008c77600000,0x0000008c77700000)]
  0x000001cc336c6800 JavaThread "jar transforms Thread 3" [_thread_blocked, id=3352, stack(0x0000008c78000000,0x0000008c78100000)]
  0x000001cc336c4800 JavaThread "jar transforms Thread 4" [_thread_blocked, id=18740, stack(0x0000008c78100000,0x0000008c78200000)]
  0x000001cc336ca000 JavaThread "jar transforms Thread 5" [_thread_blocked, id=12532, stack(0x0000008c78200000,0x0000008c78300000)]
  0x000001cc336c9000 JavaThread "jar transforms Thread 6" [_thread_blocked, id=17108, stack(0x0000008c78300000,0x0000008c78400000)]
  0x000001cc336c8800 JavaThread "jar transforms Thread 7" [_thread_blocked, id=12224, stack(0x0000008c78400000,0x0000008c78500000)]
  0x000001cc336c7800 JavaThread "jar transforms Thread 8" [_thread_blocked, id=21828, stack(0x0000008c78500000,0x0000008c78600000)]
  0x000001cc336cb000 JavaThread "jar transforms Thread 9" [_thread_blocked, id=11480, stack(0x0000008c78600000,0x0000008c78700000)]
  0x000001cc32354000 JavaThread "jar transforms Thread 10" [_thread_blocked, id=11464, stack(0x0000008c78700000,0x0000008c78800000)]
  0x000001cc32355000 JavaThread "jar transforms Thread 11" [_thread_blocked, id=17196, stack(0x0000008c78800000,0x0000008c78900000)]
  0x000001cc32356800 JavaThread "jar transforms Thread 12" [_thread_blocked, id=9428, stack(0x0000008c78900000,0x0000008c78a00000)]
  0x000001cc32358000 JavaThread "jar transforms Thread 13" [_thread_blocked, id=2908, stack(0x0000008c78a00000,0x0000008c78b00000)]
  0x000001cc32355800 JavaThread "jar transforms Thread 14" [_thread_blocked, id=13644, stack(0x0000008c78b00000,0x0000008c78c00000)]
  0x000001cc32359000 JavaThread "jar transforms Thread 15" [_thread_blocked, id=13664, stack(0x0000008c78c00000,0x0000008c78d00000)]
  0x000001cc3235a000 JavaThread "jar transforms Thread 16" [_thread_blocked, id=9360, stack(0x0000008c78d00000,0x0000008c78e00000)]
  0x000001cc32357800 JavaThread "jar transforms Thread 17" [_thread_blocked, id=18348, stack(0x0000008c78e00000,0x0000008c78f00000)]
  0x000001cc3235d000 JavaThread "jar transforms Thread 18" [_thread_blocked, id=22332, stack(0x0000008c78f00000,0x0000008c79000000)]
  0x000001cc3235c000 JavaThread "jar transforms Thread 19" [_thread_blocked, id=18332, stack(0x0000008c79000000,0x0000008c79100000)]
  0x000001cc3235a800 JavaThread "jar transforms Thread 20" [_thread_blocked, id=17084, stack(0x0000008c79100000,0x0000008c79200000)]
  0x000001cc3235e000 JavaThread "jar transforms Thread 21" [_thread_blocked, id=9364, stack(0x0000008c79200000,0x0000008c79300000)]
  0x000001cc3235b800 JavaThread "jar transforms Thread 22" [_thread_blocked, id=4456, stack(0x0000008c79300000,0x0000008c79400000)]
  0x000001cc3235e800 JavaThread "jar transforms Thread 23" [_thread_blocked, id=5100, stack(0x0000008c79400000,0x0000008c79500000)]
  0x000001cc32362000 JavaThread "jar transforms Thread 24" [_thread_blocked, id=16264, stack(0x0000008c79500000,0x0000008c79600000)]
  0x000001cc3235f800 JavaThread "jar transforms Thread 25" [_thread_blocked, id=2208, stack(0x0000008c79600000,0x0000008c79700000)]
  0x000001cc32360800 JavaThread "jar transforms Thread 26" [_thread_blocked, id=5252, stack(0x0000008c79700000,0x0000008c79800000)]
  0x000001cc32363000 JavaThread "jar transforms Thread 27" [_thread_blocked, id=22344, stack(0x0000008c79800000,0x0000008c79900000)]
  0x000001cc32361000 JavaThread "jar transforms Thread 28" [_thread_blocked, id=22408, stack(0x0000008c79900000,0x0000008c79a00000)]
  0x000001cc33a9d000 JavaThread "jar transforms Thread 29" [_thread_blocked, id=13580, stack(0x0000008c79a00000,0x0000008c79b00000)]
  0x000001cc33a9a800 JavaThread "jar transforms Thread 30" [_thread_blocked, id=13012, stack(0x0000008c79b00000,0x0000008c79c00000)]
  0x000001cc33a9e000 JavaThread "jar transforms Thread 31" [_thread_blocked, id=3992, stack(0x0000008c79c00000,0x0000008c79d00000)]
  0x000001cc33a9b800 JavaThread "jar transforms Thread 32" [_thread_blocked, id=10324, stack(0x0000008c79d00000,0x0000008c79e00000)]
  0x000001cc33a9e800 JavaThread "jar transforms Thread 33" [_thread_blocked, id=4812, stack(0x0000008c79e00000,0x0000008c79f00000)]
  0x000001cc33a9c000 JavaThread "jar transforms Thread 34" [_thread_blocked, id=17908, stack(0x0000008c79f00000,0x0000008c7a000000)]
  0x000001cc33a9f800 JavaThread "jar transforms Thread 35" [_thread_blocked, id=4512, stack(0x0000008c7a000000,0x0000008c7a100000)]
  0x000001cc33aa1000 JavaThread "jar transforms Thread 36" [_thread_blocked, id=14356, stack(0x0000008c7a100000,0x0000008c7a200000)]
  0x000001cc33aa0000 JavaThread "jar transforms Thread 37" [_thread_blocked, id=16984, stack(0x0000008c7a200000,0x0000008c7a300000)]
  0x000001cc31977000 JavaThread "jar transforms Thread 38" [_thread_blocked, id=7572, stack(0x0000008c7a300000,0x0000008c7a400000)]
  0x000001cc31979800 JavaThread "jar transforms Thread 39" [_thread_blocked, id=7148, stack(0x0000008c7a400000,0x0000008c7a500000)]
  0x000001cc3197a000 JavaThread "jar transforms Thread 40" [_thread_blocked, id=14544, stack(0x0000008c7a500000,0x0000008c7a600000)]
  0x000001cc31978800 JavaThread "jar transforms Thread 41" [_thread_blocked, id=12728, stack(0x0000008c7a600000,0x0000008c7a700000)]
  0x000001cc31977800 JavaThread "jar transforms Thread 42" [_thread_blocked, id=14548, stack(0x0000008c7a700000,0x0000008c7a800000)]
  0x000001cc3197b000 JavaThread "jar transforms Thread 43" [_thread_blocked, id=2016, stack(0x0000008c7a800000,0x0000008c7a900000)]
  0x000001cc3197c800 JavaThread "jar transforms Thread 44" [_thread_blocked, id=7020, stack(0x0000008c7a900000,0x0000008c7aa00000)]
  0x000001cc3197d800 JavaThread "jar transforms Thread 45" [_thread_blocked, id=2892, stack(0x0000008c7aa00000,0x0000008c7ab00000)]
  0x000001cc3197b800 JavaThread "jar transforms Thread 46" [_thread_blocked, id=14352, stack(0x0000008c7ab00000,0x0000008c7ac00000)]
  0x000001cc31980000 JavaThread "jar transforms Thread 47" [_thread_blocked, id=13944, stack(0x0000008c7ac00000,0x0000008c7ad00000)]
  0x000001cc3197f000 JavaThread "jar transforms Thread 48" [_thread_blocked, id=7336, stack(0x0000008c7ad00000,0x0000008c7ae00000)]
  0x000001cc3197e000 JavaThread "jar transforms Thread 49" [_thread_blocked, id=20680, stack(0x0000008c7ae00000,0x0000008c7af00000)]
  0x000001cc31980800 JavaThread "jar transforms Thread 50" [_thread_blocked, id=19896, stack(0x0000008c7af00000,0x0000008c7b000000)]
  0x000001cc31981800 JavaThread "jar transforms Thread 51" [_thread_blocked, id=17384, stack(0x0000008c7b000000,0x0000008c7b100000)]
  0x000001cc31982000 JavaThread "jar transforms Thread 52" [_thread_blocked, id=17400, stack(0x0000008c7b100000,0x0000008c7b200000)]
  0x000001cc31984000 JavaThread "jar transforms Thread 53" [_thread_blocked, id=17404, stack(0x0000008c7b200000,0x0000008c7b300000)]
  0x000001cc31985800 JavaThread "jar transforms Thread 54" [_thread_blocked, id=17360, stack(0x0000008c7b300000,0x0000008c7b400000)]
  0x000001cc31983000 JavaThread "jar transforms Thread 55" [_thread_blocked, id=17388, stack(0x0000008c7b400000,0x0000008c7b500000)]
  0x000001cc31984800 JavaThread "jar transforms Thread 56" [_thread_blocked, id=14212, stack(0x0000008c7b500000,0x0000008c7b600000)]
  0x000001cc33e55800 JavaThread "jar transforms Thread 57" [_thread_blocked, id=20604, stack(0x0000008c7b600000,0x0000008c7b700000)]
  0x000001cc33e56800 JavaThread "jar transforms Thread 58" [_thread_blocked, id=14928, stack(0x0000008c7b700000,0x0000008c7b800000)]
  0x000001cc33e54000 JavaThread "jar transforms Thread 59" [_thread_blocked, id=21440, stack(0x0000008c7b800000,0x0000008c7b900000)]
  0x000001cc33e55000 JavaThread "jar transforms Thread 60" [_thread_blocked, id=5784, stack(0x0000008c7b900000,0x0000008c7ba00000)]
  0x000001cc33e58000 JavaThread "jar transforms Thread 61" [_thread_blocked, id=14932, stack(0x0000008c7ba00000,0x0000008c7bb00000)]
  0x000001cc33e59800 JavaThread "jar transforms Thread 62" [_thread_blocked, id=7384, stack(0x0000008c7bb00000,0x0000008c7bc00000)]
  0x000001cc33e59000 JavaThread "jar transforms Thread 63" [_thread_blocked, id=20340, stack(0x0000008c7bc00000,0x0000008c7bd00000)]
  0x000001cc33e57000 JavaThread "jar transforms Thread 64" [_thread_blocked, id=20588, stack(0x0000008c7bd00000,0x0000008c7be00000)]
  0x000001cc33e5b800 JavaThread "jar transforms Thread 65" [_thread_blocked, id=6416, stack(0x0000008c7be00000,0x0000008c7bf00000)]
  0x000001cc33e5c000 JavaThread "jar transforms Thread 66" [_thread_blocked, id=9744, stack(0x0000008c7bf00000,0x0000008c7c000000)]
  0x000001cc33e5d000 JavaThread "jar transforms Thread 67" [_thread_blocked, id=17896, stack(0x0000008c7c000000,0x0000008c7c100000)]
  0x000001cc33e5a800 JavaThread "jar transforms Thread 68" [_thread_blocked, id=21792, stack(0x0000008c7c100000,0x0000008c7c200000)]
  0x000001cc33e60000 JavaThread "jar transforms Thread 69" [_thread_blocked, id=21436, stack(0x0000008c7c200000,0x0000008c7c300000)]
  0x000001cc33e5e000 JavaThread "jar transforms Thread 70" [_thread_blocked, id=17132, stack(0x0000008c7c300000,0x0000008c7c400000)]
  0x000001cc33e5f800 JavaThread "jar transforms Thread 71" [_thread_blocked, id=18312, stack(0x0000008c7c400000,0x0000008c7c500000)]
  0x000001cc33e5e800 JavaThread "jar transforms Thread 72" [_thread_blocked, id=13408, stack(0x0000008c7c500000,0x0000008c7c600000)]
  0x000001cc33e61000 JavaThread "jar transforms Thread 73" [_thread_blocked, id=6660, stack(0x0000008c7c600000,0x0000008c7c700000)]
  0x000001cc33e62000 JavaThread "jar transforms Thread 74" [_thread_blocked, id=5732, stack(0x0000008c7c700000,0x0000008c7c800000)]
  0x000001cc33e62800 JavaThread "jar transforms Thread 75" [_thread_blocked, id=2976, stack(0x0000008c7c800000,0x0000008c7c900000)]
  0x000001cc33f0a000 JavaThread "jar transforms Thread 76" [_thread_blocked, id=8344, stack(0x0000008c7c900000,0x0000008c7ca00000)]
  0x000001cc33f0c800 JavaThread "jar transforms Thread 77" [_thread_blocked, id=16204, stack(0x0000008c7ca00000,0x0000008c7cb00000)]
  0x000001cc33f0d000 JavaThread "jar transforms Thread 78" [_thread_blocked, id=1480, stack(0x0000008c7cb00000,0x0000008c7cc00000)]
  0x000001cc33f0a800 JavaThread "jar transforms Thread 79" [_thread_blocked, id=1804, stack(0x0000008c7cc00000,0x0000008c7cd00000)]
  0x000001cc33f0b800 JavaThread "jar transforms Thread 80" [_thread_blocked, id=13648, stack(0x0000008c7cd00000,0x0000008c7ce00000)]
  0x000001cc33f10800 JavaThread "jar transforms Thread 81" [_thread_blocked, id=7504, stack(0x0000008c7ce00000,0x0000008c7cf00000)]
  0x000001cc33f0e000 JavaThread "jar transforms Thread 82" [_thread_blocked, id=11580, stack(0x0000008c7cf00000,0x0000008c7d000000)]
  0x000001cc33f0e800 JavaThread "jar transforms Thread 83" [_thread_blocked, id=4472, stack(0x0000008c7d000000,0x0000008c7d100000)]
  0x000001cc33f11000 JavaThread "jar transforms Thread 84" [_thread_blocked, id=17168, stack(0x0000008c7d100000,0x0000008c7d200000)]
  0x000001cc33f12000 JavaThread "jar transforms Thread 85" [_thread_blocked, id=15200, stack(0x0000008c7d200000,0x0000008c7d300000)]
  0x000001cc33f0f800 JavaThread "jar transforms Thread 86" [_thread_blocked, id=17988, stack(0x0000008c7d300000,0x0000008c7d400000)]
  0x000001cc33f13000 JavaThread "jar transforms Thread 87" [_thread_blocked, id=16980, stack(0x0000008c7d400000,0x0000008c7d500000)]
  0x000001cc33f15000 JavaThread "jar transforms Thread 88" [_thread_blocked, id=9072, stack(0x0000008c7d500000,0x0000008c7d600000)]
  0x000001cc33f13800 JavaThread "jar transforms Thread 89" [_thread_blocked, id=17960, stack(0x0000008c7d600000,0x0000008c7d700000)]
  0x000001cc33f14800 JavaThread "jar transforms Thread 90" [_thread_blocked, id=19856, stack(0x0000008c7d700000,0x0000008c7d800000)]
  0x000001cc33f17800 JavaThread "jar transforms Thread 91" [_thread_blocked, id=11816, stack(0x0000008c7d800000,0x0000008c7d900000)]
  0x000001cc33f16000 JavaThread "jar transforms Thread 92" [_thread_blocked, id=18812, stack(0x0000008c7d900000,0x0000008c7da00000)]
  0x000001cc33f18800 JavaThread "jar transforms Thread 93" [_thread_blocked, id=6752, stack(0x0000008c7da00000,0x0000008c7db00000)]
  0x000001cc33f17000 JavaThread "jar transforms Thread 94" [_thread_blocked, id=22324, stack(0x0000008c7db00000,0x0000008c7dc00000)]
  0x000001cc33ac9800 JavaThread "jar transforms Thread 95" [_thread_blocked, id=21456, stack(0x0000008c7dc00000,0x0000008c7dd00000)]
  0x000001cc33acd000 JavaThread "jar transforms Thread 96" [_thread_blocked, id=13388, stack(0x0000008c7dd00000,0x0000008c7de00000)]
  0x000001cc33aca800 JavaThread "jar transforms Thread 97" [_thread_blocked, id=20636, stack(0x0000008c7de00000,0x0000008c7df00000)]
  0x000001cc383c2800 JavaThread "C2 CompilerThread1" daemon [_thread_in_native, id=14016, stack(0x0000008c76e00000,0x0000008c76f00000)]
  0x000001cc33acd800 JavaThread "Memory manager" [_thread_blocked, id=3144, stack(0x0000008c7df00000,0x0000008c7e000000)]
  0x000001cc33715000 JavaThread "C2 CompilerThread2" daemon [_thread_in_native, id=14432, stack(0x0000008c7e000000,0x0000008c7e100000)]

Other Threads:
  0x000001cc311e5000 VMThread "VM Thread" [stack: 0x0000008c74c00000,0x0000008c74d00000] [id=4308]
  0x000001cc313f0800 WatcherThread [stack: 0x0000008c75600000,0x0000008c75700000] [id=8724]
  0x000001cc146b6800 GCTaskThread "GC Thread#0" [stack: 0x0000008c74700000,0x0000008c74800000] [id=19848]
  0x000001cc3218c800 GCTaskThread "GC Thread#1" [stack: 0x0000008c75800000,0x0000008c75900000] [id=22420]
  0x000001cc31ec4800 GCTaskThread "GC Thread#2" [stack: 0x0000008c75900000,0x0000008c75a00000] [id=17204]
  0x000001cc317fa000 GCTaskThread "GC Thread#3" [stack: 0x0000008c75a00000,0x0000008c75b00000] [id=1604]
  0x000001cc32152800 GCTaskThread "GC Thread#4" [stack: 0x0000008c75b00000,0x0000008c75c00000] [id=14344]
  0x000001cc32332800 GCTaskThread "GC Thread#5" [stack: 0x0000008c75c00000,0x0000008c75d00000] [id=22500]
  0x000001cc32ce9000 GCTaskThread "GC Thread#6" [stack: 0x0000008c76a00000,0x0000008c76b00000] [id=1812]
  0x000001cc312ee000 GCTaskThread "GC Thread#7" [stack: 0x0000008c76b00000,0x0000008c76c00000] [id=5060]
  0x000001cc146e9800 ConcurrentGCThread "G1 Main Marker" [stack: 0x0000008c74800000,0x0000008c74900000] [id=22232]
  0x000001cc146f1000 ConcurrentGCThread "G1 Conc#0" [stack: 0x0000008c74900000,0x0000008c74a00000] [id=12840]
  0x000001cc31f8a000 ConcurrentGCThread "G1 Conc#1" [stack: 0x0000008c76c00000,0x0000008c76d00000] [id=2832]
  0x000001cc1476e000 ConcurrentGCThread "G1 Refine#0" [stack: 0x0000008c74a00000,0x0000008c74b00000] [id=20904]
  0x000001cc30836800 ConcurrentGCThread "G1 Young RemSet Sampling" [stack: 0x0000008c74b00000,0x0000008c74c00000] [id=20208]

Threads with active compile tasks:
C2 CompilerThread0  19484 5119 % !   4       java.util.jar.Attributes::read @ 185 (388 bytes)
C2 CompilerThread1  19484 5155       4       org.objectweb.asm.MethodWriter::visitMethodInsn (191 bytes)
C2 CompilerThread2  19485 5160       4       org.objectweb.asm.MethodWriter::computeAllFrames (510 bytes)

VM state:not at safepoint (normal execution)

VM Mutex/Monitor currently owned by a thread: None

Heap address: 0x0000000080000000, size: 2048 MB, Compressed Oops mode: 32-bit
Narrow klass base: 0x0000000000000000, Narrow klass shift: 3
Compressed class space size: 1073741824 Address: 0x0000000100000000

Heap:
 garbage-first heap   total 258048K, used 156578K [0x0000000080000000, 0x0000000100000000)
  region size 1024K, 137 young (140288K), 11 survivors (11264K)
 Metaspace       used 56603K, capacity 57992K, committed 58188K, reserved 1099776K
  class space    used 7208K, capacity 7677K, committed 7756K, reserved 1048576K
Heap Regions: E=young(eden), S=young(survivor), O=old, HS=humongous(starts), HC=humongous(continues), CS=collection set, F=free, A=archive, TAMS=top-at-mark-start (previous, next)
|   0|0x0000000080000000, 0x0000000080100000, 0x0000000080100000|100%| O|  |TAMS 0x0000000080100000, 0x0000000080000000| Untracked 
|   1|0x0000000080100000, 0x0000000080200000, 0x0000000080200000|100%| O|  |TAMS 0x0000000080200000, 0x0000000080100000| Untracked 
|   2|0x0000000080200000, 0x0000000080300000, 0x0000000080300000|100%| O|  |TAMS 0x0000000080300000, 0x0000000080200000| Untracked 
|   3|0x0000000080300000, 0x0000000080400000, 0x0000000080400000|100%|HS|  |TAMS 0x0000000080400000, 0x0000000080300000| Complete 
|   4|0x0000000080400000, 0x0000000080500000, 0x0000000080500000|100%|HC|  |TAMS 0x0000000080500000, 0x0000000080400000| Complete 
|   5|0x0000000080500000, 0x0000000080600000, 0x0000000080600000|100%|HC|  |TAMS 0x0000000080600000, 0x0000000080500000| Complete 
|   6|0x0000000080600000, 0x0000000080700000, 0x0000000080700000|100%| O|  |TAMS 0x0000000080700000, 0x0000000080600000| Untracked 
|   7|0x0000000080700000, 0x0000000080800000, 0x0000000080800000|100%| O|  |TAMS 0x0000000080800000, 0x0000000080700000| Untracked 
|   8|0x0000000080800000, 0x0000000080900000, 0x0000000080900000|100%| O|  |TAMS 0x0000000080900000, 0x0000000080800000| Untracked 
|   9|0x0000000080900000, 0x0000000080a00000, 0x0000000080a00000|100%| O|  |TAMS 0x0000000080a00000, 0x0000000080900000| Untracked 
|  10|0x0000000080a00000, 0x0000000080b00000, 0x0000000080b00000|100%| O|  |TAMS 0x0000000080b00000, 0x0000000080a00000| Untracked 
|  11|0x0000000080b00000, 0x0000000080c00000, 0x0000000080c00000|100%| O|  |TAMS 0x0000000080c00000, 0x0000000080b00000| Untracked 
|  12|0x0000000080c00000, 0x0000000080d00000, 0x0000000080d00000|100%| O|  |TAMS 0x0000000080d00000, 0x0000000080c00000| Untracked 
|  13|0x0000000080d00000, 0x0000000080e00000, 0x0000000080e00000|100%| O|  |TAMS 0x0000000080e00000, 0x0000000080d00000| Untracked 
|  14|0x0000000080e00000, 0x0000000080f00000, 0x0000000080f00000|100%| O|  |TAMS 0x0000000080f00000, 0x0000000080e00000| Untracked 
|  15|0x0000000080f00000, 0x0000000080f95e00, 0x0000000081000000| 58%| O|  |TAMS 0x0000000080f95e00, 0x0000000080f00000| Untracked 
|  16|0x0000000081000000, 0x0000000081100000, 0x0000000081100000|100%|HS|  |TAMS 0x0000000081000000, 0x0000000081000000| Complete 
|  17|0x0000000081100000, 0x0000000081200000, 0x0000000081200000|100%|HS|  |TAMS 0x0000000081100000, 0x0000000081100000| Complete 
|  18|0x0000000081200000, 0x0000000081300000, 0x0000000081300000|100%|HC|  |TAMS 0x0000000081200000, 0x0000000081200000| Complete 
|  19|0x0000000081300000, 0x0000000081300000, 0x0000000081400000|  0%| F|  |TAMS 0x0000000081300000, 0x0000000081300000| Untracked 
|  20|0x0000000081400000, 0x0000000081400000, 0x0000000081500000|  0%| F|  |TAMS 0x0000000081400000, 0x0000000081400000| Untracked 
|  21|0x0000000081500000, 0x0000000081500000, 0x0000000081600000|  0%| F|  |TAMS 0x0000000081500000, 0x0000000081500000| Untracked 
|  22|0x0000000081600000, 0x0000000081600000, 0x0000000081700000|  0%| F|  |TAMS 0x0000000081600000, 0x0000000081600000| Untracked 
|  23|0x0000000081700000, 0x0000000081700000, 0x0000000081800000|  0%| F|  |TAMS 0x0000000081700000, 0x0000000081700000| Untracked 
|  24|0x0000000081800000, 0x0000000081800000, 0x0000000081900000|  0%| F|  |TAMS 0x0000000081800000, 0x0000000081800000| Untracked 
|  25|0x0000000081900000, 0x0000000081900000, 0x0000000081a00000|  0%| F|  |TAMS 0x0000000081900000, 0x0000000081900000| Untracked 
|  26|0x0000000081a00000, 0x0000000081a00000, 0x0000000081b00000|  0%| F|  |TAMS 0x0000000081a00000, 0x0000000081a00000| Untracked 
|  27|0x0000000081b00000, 0x0000000081b00000, 0x0000000081c00000|  0%| F|  |TAMS 0x0000000081b00000, 0x0000000081b00000| Untracked 
|  28|0x0000000081c00000, 0x0000000081c00000, 0x0000000081d00000|  0%| F|  |TAMS 0x0000000081c00000, 0x0000000081c00000| Untracked 
|  29|0x0000000081d00000, 0x0000000081d00000, 0x0000000081e00000|  0%| F|  |TAMS 0x0000000081d00000, 0x0000000081d00000| Untracked 
|  30|0x0000000081e00000, 0x0000000081e00000, 0x0000000081f00000|  0%| F|  |TAMS 0x0000000081e00000, 0x0000000081e00000| Untracked 
|  31|0x0000000081f00000, 0x0000000081f00000, 0x0000000082000000|  0%| F|  |TAMS 0x0000000081f00000, 0x0000000081f00000| Untracked 
|  32|0x0000000082000000, 0x0000000082000000, 0x0000000082100000|  0%| F|  |TAMS 0x0000000082000000, 0x0000000082000000| Untracked 
|  33|0x0000000082100000, 0x0000000082100000, 0x0000000082200000|  0%| F|  |TAMS 0x0000000082100000, 0x0000000082100000| Untracked 
|  34|0x0000000082200000, 0x0000000082200000, 0x0000000082300000|  0%| F|  |TAMS 0x0000000082200000, 0x0000000082200000| Untracked 
|  35|0x0000000082300000, 0x0000000082300000, 0x0000000082400000|  0%| F|  |TAMS 0x0000000082300000, 0x0000000082300000| Untracked 
|  36|0x0000000082400000, 0x0000000082400000, 0x0000000082500000|  0%| F|  |TAMS 0x0000000082400000, 0x0000000082400000| Untracked 
|  37|0x0000000082500000, 0x0000000082500000, 0x0000000082600000|  0%| F|  |TAMS 0x0000000082500000, 0x0000000082500000| Untracked 
|  38|0x0000000082600000, 0x0000000082600000, 0x0000000082700000|  0%| F|  |TAMS 0x0000000082600000, 0x0000000082600000| Untracked 
|  39|0x0000000082700000, 0x0000000082700000, 0x0000000082800000|  0%| F|  |TAMS 0x0000000082700000, 0x0000000082700000| Untracked 
|  40|0x0000000082800000, 0x0000000082800000, 0x0000000082900000|  0%| F|  |TAMS 0x0000000082800000, 0x0000000082800000| Untracked 
|  41|0x0000000082900000, 0x0000000082900000, 0x0000000082a00000|  0%| F|  |TAMS 0x0000000082900000, 0x0000000082900000| Untracked 
|  42|0x0000000082a00000, 0x0000000082a00000, 0x0000000082b00000|  0%| F|  |TAMS 0x0000000082a00000, 0x0000000082a00000| Untracked 
|  43|0x0000000082b00000, 0x0000000082b00000, 0x0000000082c00000|  0%| F|  |TAMS 0x0000000082b00000, 0x0000000082b00000| Untracked 
|  44|0x0000000082c00000, 0x0000000082c00000, 0x0000000082d00000|  0%| F|  |TAMS 0x0000000082c00000, 0x0000000082c00000| Untracked 
|  45|0x0000000082d00000, 0x0000000082d00000, 0x0000000082e00000|  0%| F|  |TAMS 0x0000000082d00000, 0x0000000082d00000| Untracked 
|  46|0x0000000082e00000, 0x0000000082e00000, 0x0000000082f00000|  0%| F|  |TAMS 0x0000000082e00000, 0x0000000082e00000| Untracked 
|  47|0x0000000082f00000, 0x0000000082f00000, 0x0000000083000000|  0%| F|  |TAMS 0x0000000082f00000, 0x0000000082f00000| Untracked 
|  48|0x0000000083000000, 0x0000000083000000, 0x0000000083100000|  0%| F|  |TAMS 0x0000000083000000, 0x0000000083000000| Untracked 
|  49|0x0000000083100000, 0x0000000083100000, 0x0000000083200000|  0%| F|  |TAMS 0x0000000083100000, 0x0000000083100000| Untracked 
|  50|0x0000000083200000, 0x0000000083200000, 0x0000000083300000|  0%| F|  |TAMS 0x0000000083200000, 0x0000000083200000| Untracked 
|  51|0x0000000083300000, 0x0000000083300000, 0x0000000083400000|  0%| F|  |TAMS 0x0000000083300000, 0x0000000083300000| Untracked 
|  52|0x0000000083400000, 0x0000000083400000, 0x0000000083500000|  0%| F|  |TAMS 0x0000000083400000, 0x0000000083400000| Untracked 
|  53|0x0000000083500000, 0x0000000083500000, 0x0000000083600000|  0%| F|  |TAMS 0x0000000083500000, 0x0000000083500000| Untracked 
|  54|0x0000000083600000, 0x0000000083600000, 0x0000000083700000|  0%| F|  |TAMS 0x0000000083600000, 0x0000000083600000| Untracked 
|  55|0x0000000083700000, 0x0000000083700000, 0x0000000083800000|  0%| F|  |TAMS 0x0000000083700000, 0x0000000083700000| Untracked 
|  56|0x0000000083800000, 0x0000000083800000, 0x0000000083900000|  0%| F|  |TAMS 0x0000000083800000, 0x0000000083800000| Untracked 
|  57|0x0000000083900000, 0x0000000083900000, 0x0000000083a00000|  0%| F|  |TAMS 0x0000000083900000, 0x0000000083900000| Untracked 
|  58|0x0000000083a00000, 0x0000000083a00000, 0x0000000083b00000|  0%| F|  |TAMS 0x0000000083a00000, 0x0000000083a00000| Untracked 
|  59|0x0000000083b00000, 0x0000000083b00000, 0x0000000083c00000|  0%| F|  |TAMS 0x0000000083b00000, 0x0000000083b00000| Untracked 
|  60|0x0000000083c00000, 0x0000000083c00000, 0x0000000083d00000|  0%| F|  |TAMS 0x0000000083c00000, 0x0000000083c00000| Untracked 
|  61|0x0000000083d00000, 0x0000000083d00000, 0x0000000083e00000|  0%| F|  |TAMS 0x0000000083d00000, 0x0000000083d00000| Untracked 
|  62|0x0000000083e00000, 0x0000000083e00000, 0x0000000083f00000|  0%| F|  |TAMS 0x0000000083e00000, 0x0000000083e00000| Untracked 
|  63|0x0000000083f00000, 0x0000000083f00000, 0x0000000084000000|  0%| F|  |TAMS 0x0000000083f00000, 0x0000000083f00000| Untracked 
|  64|0x0000000084000000, 0x0000000084000000, 0x0000000084100000|  0%| F|  |TAMS 0x0000000084000000, 0x0000000084000000| Untracked 
|  65|0x0000000084100000, 0x0000000084100000, 0x0000000084200000|  0%| F|  |TAMS 0x0000000084100000, 0x0000000084100000| Untracked 
|  66|0x0000000084200000, 0x0000000084200000, 0x0000000084300000|  0%| F|  |TAMS 0x0000000084200000, 0x0000000084200000| Untracked 
|  67|0x0000000084300000, 0x0000000084300000, 0x0000000084400000|  0%| F|  |TAMS 0x0000000084300000, 0x0000000084300000| Untracked 
|  68|0x0000000084400000, 0x0000000084400000, 0x0000000084500000|  0%| F|  |TAMS 0x0000000084400000, 0x0000000084400000| Untracked 
|  69|0x0000000084500000, 0x0000000084500000, 0x0000000084600000|  0%| F|  |TAMS 0x0000000084500000, 0x0000000084500000| Untracked 
|  70|0x0000000084600000, 0x0000000084600000, 0x0000000084700000|  0%| F|  |TAMS 0x0000000084600000, 0x0000000084600000| Untracked 
|  71|0x0000000084700000, 0x0000000084700000, 0x0000000084800000|  0%| F|  |TAMS 0x0000000084700000, 0x0000000084700000| Untracked 
|  72|0x0000000084800000, 0x0000000084800000, 0x0000000084900000|  0%| F|  |TAMS 0x0000000084800000, 0x0000000084800000| Untracked 
|  73|0x0000000084900000, 0x0000000084900000, 0x0000000084a00000|  0%| F|  |TAMS 0x0000000084900000, 0x0000000084900000| Untracked 
|  74|0x0000000084a00000, 0x0000000084a00000, 0x0000000084b00000|  0%| F|  |TAMS 0x0000000084a00000, 0x0000000084a00000| Untracked 
|  75|0x0000000084b00000, 0x0000000084b00000, 0x0000000084c00000|  0%| F|  |TAMS 0x0000000084b00000, 0x0000000084b00000| Untracked 
|  76|0x0000000084c00000, 0x0000000084c00000, 0x0000000084d00000|  0%| F|  |TAMS 0x0000000084c00000, 0x0000000084c00000| Untracked 
|  77|0x0000000084d00000, 0x0000000084d00000, 0x0000000084e00000|  0%| F|  |TAMS 0x0000000084d00000, 0x0000000084d00000| Untracked 
|  78|0x0000000084e00000, 0x0000000084e00000, 0x0000000084f00000|  0%| F|  |TAMS 0x0000000084e00000, 0x0000000084e00000| Untracked 
|  79|0x0000000084f00000, 0x0000000084f00000, 0x0000000085000000|  0%| F|  |TAMS 0x0000000084f00000, 0x0000000084f00000| Untracked 
|  80|0x0000000085000000, 0x0000000085000000, 0x0000000085100000|  0%| F|  |TAMS 0x0000000085000000, 0x0000000085000000| Untracked 
|  81|0x0000000085100000, 0x0000000085100000, 0x0000000085200000|  0%| F|  |TAMS 0x0000000085100000, 0x0000000085100000| Untracked 
|  82|0x0000000085200000, 0x0000000085200000, 0x0000000085300000|  0%| F|  |TAMS 0x0000000085200000, 0x0000000085200000| Untracked 
|  83|0x0000000085300000, 0x0000000085300000, 0x0000000085400000|  0%| F|  |TAMS 0x0000000085300000, 0x0000000085300000| Untracked 
|  84|0x0000000085400000, 0x0000000085400000, 0x0000000085500000|  0%| F|  |TAMS 0x0000000085400000, 0x0000000085400000| Untracked 
|  85|0x0000000085500000, 0x0000000085500000, 0x0000000085600000|  0%| F|  |TAMS 0x0000000085500000, 0x0000000085500000| Untracked 
|  86|0x0000000085600000, 0x0000000085600000, 0x0000000085700000|  0%| F|  |TAMS 0x0000000085600000, 0x0000000085600000| Untracked 
|  87|0x0000000085700000, 0x0000000085700000, 0x0000000085800000|  0%| F|  |TAMS 0x0000000085700000, 0x0000000085700000| Untracked 
|  88|0x0000000085800000, 0x0000000085800000, 0x0000000085900000|  0%| F|  |TAMS 0x0000000085800000, 0x0000000085800000| Untracked 
|  89|0x0000000085900000, 0x0000000085900000, 0x0000000085a00000|  0%| F|  |TAMS 0x0000000085900000, 0x0000000085900000| Untracked 
|  90|0x0000000085a00000, 0x0000000085a00000, 0x0000000085b00000|  0%| F|  |TAMS 0x0000000085a00000, 0x0000000085a00000| Untracked 
|  91|0x0000000085b00000, 0x0000000085b00000, 0x0000000085c00000|  0%| F|  |TAMS 0x0000000085b00000, 0x0000000085b00000| Untracked 
|  92|0x0000000085c00000, 0x0000000085c00000, 0x0000000085d00000|  0%| F|  |TAMS 0x0000000085c00000, 0x0000000085c00000| Untracked 
|  93|0x0000000085d00000, 0x0000000085d00000, 0x0000000085e00000|  0%| F|  |TAMS 0x0000000085d00000, 0x0000000085d00000| Untracked 
|  94|0x0000000085e00000, 0x0000000085e00000, 0x0000000085f00000|  0%| F|  |TAMS 0x0000000085e00000, 0x0000000085e00000| Untracked 
|  95|0x0000000085f00000, 0x0000000085f00000, 0x0000000086000000|  0%| F|  |TAMS 0x0000000085f00000, 0x0000000085f00000| Untracked 
|  96|0x0000000086000000, 0x0000000086000000, 0x0000000086100000|  0%| F|  |TAMS 0x0000000086000000, 0x0000000086000000| Untracked 
|  97|0x0000000086100000, 0x0000000086100000, 0x0000000086200000|  0%| F|  |TAMS 0x0000000086100000, 0x0000000086100000| Untracked 
|  98|0x0000000086200000, 0x0000000086200000, 0x0000000086300000|  0%| F|  |TAMS 0x0000000086200000, 0x0000000086200000| Untracked 
|  99|0x0000000086300000, 0x0000000086300000, 0x0000000086400000|  0%| F|  |TAMS 0x0000000086300000, 0x0000000086300000| Untracked 
| 100|0x0000000086400000, 0x0000000086400000, 0x0000000086500000|  0%| F|  |TAMS 0x0000000086400000, 0x0000000086400000| Untracked 
| 101|0x0000000086500000, 0x0000000086500000, 0x0000000086600000|  0%| F|  |TAMS 0x0000000086500000, 0x0000000086500000| Untracked 
| 102|0x0000000086600000, 0x0000000086600000, 0x0000000086700000|  0%| F|  |TAMS 0x0000000086600000, 0x0000000086600000| Untracked 
| 103|0x0000000086700000, 0x0000000086700000, 0x0000000086800000|  0%| F|  |TAMS 0x0000000086700000, 0x0000000086700000| Untracked 
| 104|0x0000000086800000, 0x0000000086800000, 0x0000000086900000|  0%| F|  |TAMS 0x0000000086800000, 0x0000000086800000| Untracked 
| 105|0x0000000086900000, 0x0000000086900000, 0x0000000086a00000|  0%| F|  |TAMS 0x0000000086900000, 0x0000000086900000| Untracked 
| 106|0x0000000086a00000, 0x0000000086a00000, 0x0000000086b00000|  0%| F|  |TAMS 0x0000000086a00000, 0x0000000086a00000| Untracked 
| 107|0x0000000086b00000, 0x0000000086b00000, 0x0000000086c00000|  0%| F|  |TAMS 0x0000000086b00000, 0x0000000086b00000| Untracked 
| 108|0x0000000086c00000, 0x0000000086c00000, 0x0000000086d00000|  0%| F|  |TAMS 0x0000000086c00000, 0x0000000086c00000| Untracked 
| 109|0x0000000086d00000, 0x0000000086d00000, 0x0000000086e00000|  0%| F|  |TAMS 0x0000000086d00000, 0x0000000086d00000| Untracked 
| 110|0x0000000086e00000, 0x0000000086e00000, 0x0000000086f00000|  0%| F|  |TAMS 0x0000000086e00000, 0x0000000086e00000| Untracked 
| 111|0x0000000086f00000, 0x0000000086f00000, 0x0000000087000000|  0%| F|  |TAMS 0x0000000086f00000, 0x0000000086f00000| Untracked 
| 112|0x0000000087000000, 0x0000000087000000, 0x0000000087100000|  0%| F|  |TAMS 0x0000000087000000, 0x0000000087000000| Untracked 
| 113|0x0000000087100000, 0x0000000087100000, 0x0000000087200000|  0%| F|  |TAMS 0x0000000087100000, 0x0000000087100000| Untracked 
| 114|0x0000000087200000, 0x0000000087200000, 0x0000000087300000|  0%| F|  |TAMS 0x0000000087200000, 0x0000000087200000| Untracked 
| 115|0x0000000087300000, 0x0000000087400000, 0x0000000087400000|100%| E|  |TAMS 0x0000000087300000, 0x0000000087300000| Complete 
| 116|0x0000000087400000, 0x0000000087500000, 0x0000000087500000|100%| E|CS|TAMS 0x0000000087400000, 0x0000000087400000| Complete 
| 117|0x0000000087500000, 0x0000000087600000, 0x0000000087600000|100%| E|CS|TAMS 0x0000000087500000, 0x0000000087500000| Complete 
| 118|0x0000000087600000, 0x0000000087700000, 0x0000000087700000|100%| E|CS|TAMS 0x0000000087600000, 0x0000000087600000| Complete 
| 119|0x0000000087700000, 0x0000000087800000, 0x0000000087800000|100%| E|CS|TAMS 0x0000000087700000, 0x0000000087700000| Complete 
| 120|0x0000000087800000, 0x0000000087900000, 0x0000000087900000|100%| E|CS|TAMS 0x0000000087800000, 0x0000000087800000| Complete 
| 121|0x0000000087900000, 0x0000000087a00000, 0x0000000087a00000|100%| E|CS|TAMS 0x0000000087900000, 0x0000000087900000| Complete 
| 122|0x0000000087a00000, 0x0000000087b00000, 0x0000000087b00000|100%| E|CS|TAMS 0x0000000087a00000, 0x0000000087a00000| Complete 
| 123|0x0000000087b00000, 0x0000000087c00000, 0x0000000087c00000|100%| E|CS|TAMS 0x0000000087b00000, 0x0000000087b00000| Complete 
| 124|0x0000000087c00000, 0x0000000087d00000, 0x0000000087d00000|100%| E|CS|TAMS 0x0000000087c00000, 0x0000000087c00000| Complete 
| 125|0x0000000087d00000, 0x0000000087e00000, 0x0000000087e00000|100%| E|  |TAMS 0x0000000087d00000, 0x0000000087d00000| Complete 
| 126|0x0000000087e00000, 0x0000000087f00000, 0x0000000087f00000|100%| E|CS|TAMS 0x0000000087e00000, 0x0000000087e00000| Complete 
| 127|0x0000000087f00000, 0x0000000088000000, 0x0000000088000000|100%| E|CS|TAMS 0x0000000087f00000, 0x0000000087f00000| Complete 
| 128|0x0000000088000000, 0x0000000088100000, 0x0000000088100000|100%| E|CS|TAMS 0x0000000088000000, 0x0000000088000000| Complete 
| 129|0x0000000088100000, 0x0000000088200000, 0x0000000088200000|100%| E|CS|TAMS 0x0000000088100000, 0x0000000088100000| Complete 
| 130|0x0000000088200000, 0x0000000088300000, 0x0000000088300000|100%| E|CS|TAMS 0x0000000088200000, 0x0000000088200000| Complete 
| 131|0x0000000088300000, 0x0000000088400000, 0x0000000088400000|100%| E|CS|TAMS 0x0000000088300000, 0x0000000088300000| Complete 
| 132|0x0000000088400000, 0x0000000088500000, 0x0000000088500000|100%| E|CS|TAMS 0x0000000088400000, 0x0000000088400000| Complete 
| 133|0x0000000088500000, 0x0000000088600000, 0x0000000088600000|100%| E|CS|TAMS 0x0000000088500000, 0x0000000088500000| Complete 
| 134|0x0000000088600000, 0x0000000088700000, 0x0000000088700000|100%| E|CS|TAMS 0x0000000088600000, 0x0000000088600000| Complete 
| 135|0x0000000088700000, 0x0000000088800000, 0x0000000088800000|100%| E|CS|TAMS 0x0000000088700000, 0x0000000088700000| Complete 
| 136|0x0000000088800000, 0x0000000088900000, 0x0000000088900000|100%| E|CS|TAMS 0x0000000088800000, 0x0000000088800000| Complete 
| 137|0x0000000088900000, 0x0000000088952c38, 0x0000000088a00000| 32%| S|CS|TAMS 0x0000000088900000, 0x0000000088900000| Complete 
| 138|0x0000000088a00000, 0x0000000088b00000, 0x0000000088b00000|100%| S|CS|TAMS 0x0000000088a00000, 0x0000000088a00000| Complete 
| 139|0x0000000088b00000, 0x0000000088c00000, 0x0000000088c00000|100%| S|CS|TAMS 0x0000000088b00000, 0x0000000088b00000| Complete 
| 140|0x0000000088c00000, 0x0000000088d00000, 0x0000000088d00000|100%| S|CS|TAMS 0x0000000088c00000, 0x0000000088c00000| Complete 
| 141|0x0000000088d00000, 0x0000000088e00000, 0x0000000088e00000|100%| S|CS|TAMS 0x0000000088d00000, 0x0000000088d00000| Complete 
| 142|0x0000000088e00000, 0x0000000088f00000, 0x0000000088f00000|100%| S|CS|TAMS 0x0000000088e00000, 0x0000000088e00000| Complete 
| 143|0x0000000088f00000, 0x0000000089000000, 0x0000000089000000|100%| S|CS|TAMS 0x0000000088f00000, 0x0000000088f00000| Complete 
| 144|0x0000000089000000, 0x0000000089100000, 0x0000000089100000|100%| S|CS|TAMS 0x0000000089000000, 0x0000000089000000| Complete 
| 145|0x0000000089100000, 0x0000000089200000, 0x0000000089200000|100%| S|CS|TAMS 0x0000000089100000, 0x0000000089100000| Complete 
| 146|0x0000000089200000, 0x0000000089300000, 0x0000000089300000|100%| S|CS|TAMS 0x0000000089200000, 0x0000000089200000| Complete 
| 147|0x0000000089300000, 0x0000000089400000, 0x0000000089400000|100%| S|CS|TAMS 0x0000000089300000, 0x0000000089300000| Complete 
| 148|0x0000000089400000, 0x0000000089500000, 0x0000000089500000|100%| E|CS|TAMS 0x0000000089400000, 0x0000000089400000| Complete 
| 149|0x0000000089500000, 0x0000000089600000, 0x0000000089600000|100%| E|CS|TAMS 0x0000000089500000, 0x0000000089500000| Complete 
| 150|0x0000000089600000, 0x0000000089700000, 0x0000000089700000|100%| E|CS|TAMS 0x0000000089600000, 0x0000000089600000| Complete 
| 151|0x0000000089700000, 0x0000000089800000, 0x0000000089800000|100%| E|CS|TAMS 0x0000000089700000, 0x0000000089700000| Complete 
| 152|0x0000000089800000, 0x0000000089900000, 0x0000000089900000|100%| E|CS|TAMS 0x0000000089800000, 0x0000000089800000| Complete 
| 153|0x0000000089900000, 0x0000000089a00000, 0x0000000089a00000|100%| E|CS|TAMS 0x0000000089900000, 0x0000000089900000| Complete 
| 154|0x0000000089a00000, 0x0000000089b00000, 0x0000000089b00000|100%| E|CS|TAMS 0x0000000089a00000, 0x0000000089a00000| Complete 
| 155|0x0000000089b00000, 0x0000000089c00000, 0x0000000089c00000|100%| E|CS|TAMS 0x0000000089b00000, 0x0000000089b00000| Complete 
| 156|0x0000000089c00000, 0x0000000089d00000, 0x0000000089d00000|100%| E|CS|TAMS 0x0000000089c00000, 0x0000000089c00000| Complete 
| 157|0x0000000089d00000, 0x0000000089e00000, 0x0000000089e00000|100%| E|CS|TAMS 0x0000000089d00000, 0x0000000089d00000| Complete 
| 158|0x0000000089e00000, 0x0000000089f00000, 0x0000000089f00000|100%| E|CS|TAMS 0x0000000089e00000, 0x0000000089e00000| Complete 
| 159|0x0000000089f00000, 0x000000008a000000, 0x000000008a000000|100%| E|CS|TAMS 0x0000000089f00000, 0x0000000089f00000| Complete 
| 160|0x000000008a000000, 0x000000008a100000, 0x000000008a100000|100%| E|CS|TAMS 0x000000008a000000, 0x000000008a000000| Complete 
| 161|0x000000008a100000, 0x000000008a200000, 0x000000008a200000|100%| E|CS|TAMS 0x000000008a100000, 0x000000008a100000| Complete 
| 162|0x000000008a200000, 0x000000008a300000, 0x000000008a300000|100%| E|CS|TAMS 0x000000008a200000, 0x000000008a200000| Complete 
| 163|0x000000008a300000, 0x000000008a400000, 0x000000008a400000|100%| E|CS|TAMS 0x000000008a300000, 0x000000008a300000| Complete 
| 164|0x000000008a400000, 0x000000008a500000, 0x000000008a500000|100%| E|CS|TAMS 0x000000008a400000, 0x000000008a400000| Complete 
| 165|0x000000008a500000, 0x000000008a600000, 0x000000008a600000|100%| E|CS|TAMS 0x000000008a500000, 0x000000008a500000| Complete 
| 166|0x000000008a600000, 0x000000008a700000, 0x000000008a700000|100%| E|CS|TAMS 0x000000008a600000, 0x000000008a600000| Complete 
| 167|0x000000008a700000, 0x000000008a800000, 0x000000008a800000|100%| E|CS|TAMS 0x000000008a700000, 0x000000008a700000| Complete 
| 168|0x000000008a800000, 0x000000008a900000, 0x000000008a900000|100%| E|CS|TAMS 0x000000008a800000, 0x000000008a800000| Complete 
| 169|0x000000008a900000, 0x000000008aa00000, 0x000000008aa00000|100%| E|CS|TAMS 0x000000008a900000, 0x000000008a900000| Complete 
| 170|0x000000008aa00000, 0x000000008ab00000, 0x000000008ab00000|100%| E|CS|TAMS 0x000000008aa00000, 0x000000008aa00000| Complete 
| 171|0x000000008ab00000, 0x000000008ac00000, 0x000000008ac00000|100%| E|CS|TAMS 0x000000008ab00000, 0x000000008ab00000| Complete 
| 172|0x000000008ac00000, 0x000000008ad00000, 0x000000008ad00000|100%| E|CS|TAMS 0x000000008ac00000, 0x000000008ac00000| Complete 
| 173|0x000000008ad00000, 0x000000008ae00000, 0x000000008ae00000|100%| E|CS|TAMS 0x000000008ad00000, 0x000000008ad00000| Complete 
| 174|0x000000008ae00000, 0x000000008af00000, 0x000000008af00000|100%| E|CS|TAMS 0x000000008ae00000, 0x000000008ae00000| Complete 
| 175|0x000000008af00000, 0x000000008b000000, 0x000000008b000000|100%| E|CS|TAMS 0x000000008af00000, 0x000000008af00000| Complete 
| 176|0x000000008b000000, 0x000000008b100000, 0x000000008b100000|100%| E|CS|TAMS 0x000000008b000000, 0x000000008b000000| Complete 
| 177|0x000000008b100000, 0x000000008b200000, 0x000000008b200000|100%| E|CS|TAMS 0x000000008b100000, 0x000000008b100000| Complete 
| 178|0x000000008b200000, 0x000000008b300000, 0x000000008b300000|100%| E|CS|TAMS 0x000000008b200000, 0x000000008b200000| Complete 
| 179|0x000000008b300000, 0x000000008b400000, 0x000000008b400000|100%| E|CS|TAMS 0x000000008b300000, 0x000000008b300000| Complete 
| 180|0x000000008b400000, 0x000000008b500000, 0x000000008b500000|100%| E|CS|TAMS 0x000000008b400000, 0x000000008b400000| Complete 
| 181|0x000000008b500000, 0x000000008b600000, 0x000000008b600000|100%| E|CS|TAMS 0x000000008b500000, 0x000000008b500000| Complete 
| 182|0x000000008b600000, 0x000000008b700000, 0x000000008b700000|100%| E|CS|TAMS 0x000000008b600000, 0x000000008b600000| Complete 
| 183|0x000000008b700000, 0x000000008b800000, 0x000000008b800000|100%| E|CS|TAMS 0x000000008b700000, 0x000000008b700000| Complete 
| 184|0x000000008b800000, 0x000000008b900000, 0x000000008b900000|100%| E|CS|TAMS 0x000000008b800000, 0x000000008b800000| Complete 
| 185|0x000000008b900000, 0x000000008ba00000, 0x000000008ba00000|100%| E|CS|TAMS 0x000000008b900000, 0x000000008b900000| Complete 
| 186|0x000000008ba00000, 0x000000008bb00000, 0x000000008bb00000|100%| E|CS|TAMS 0x000000008ba00000, 0x000000008ba00000| Complete 
| 187|0x000000008bb00000, 0x000000008bc00000, 0x000000008bc00000|100%| E|CS|TAMS 0x000000008bb00000, 0x000000008bb00000| Complete 
| 188|0x000000008bc00000, 0x000000008bd00000, 0x000000008bd00000|100%| E|CS|TAMS 0x000000008bc00000, 0x000000008bc00000| Complete 
| 189|0x000000008bd00000, 0x000000008be00000, 0x000000008be00000|100%| E|CS|TAMS 0x000000008bd00000, 0x000000008bd00000| Complete 
| 190|0x000000008be00000, 0x000000008bf00000, 0x000000008bf00000|100%| E|CS|TAMS 0x000000008be00000, 0x000000008be00000| Complete 
| 191|0x000000008bf00000, 0x000000008c000000, 0x000000008c000000|100%| E|CS|TAMS 0x000000008bf00000, 0x000000008bf00000| Complete 
| 192|0x000000008c000000, 0x000000008c100000, 0x000000008c100000|100%| E|CS|TAMS 0x000000008c000000, 0x000000008c000000| Complete 
| 193|0x000000008c100000, 0x000000008c200000, 0x000000008c200000|100%| E|CS|TAMS 0x000000008c100000, 0x000000008c100000| Complete 
| 194|0x000000008c200000, 0x000000008c300000, 0x000000008c300000|100%| E|CS|TAMS 0x000000008c200000, 0x000000008c200000| Complete 
| 195|0x000000008c300000, 0x000000008c400000, 0x000000008c400000|100%| E|CS|TAMS 0x000000008c300000, 0x000000008c300000| Complete 
| 196|0x000000008c400000, 0x000000008c500000, 0x000000008c500000|100%| E|CS|TAMS 0x000000008c400000, 0x000000008c400000| Complete 
| 197|0x000000008c500000, 0x000000008c600000, 0x000000008c600000|100%| E|CS|TAMS 0x000000008c500000, 0x000000008c500000| Complete 
| 198|0x000000008c600000, 0x000000008c700000, 0x000000008c700000|100%| E|CS|TAMS 0x000000008c600000, 0x000000008c600000| Complete 
| 199|0x000000008c700000, 0x000000008c800000, 0x000000008c800000|100%| E|CS|TAMS 0x000000008c700000, 0x000000008c700000| Complete 
| 200|0x000000008c800000, 0x000000008c900000, 0x000000008c900000|100%| E|CS|TAMS 0x000000008c800000, 0x000000008c800000| Complete 
| 201|0x000000008c900000, 0x000000008ca00000, 0x000000008ca00000|100%| E|CS|TAMS 0x000000008c900000, 0x000000008c900000| Complete 
| 202|0x000000008ca00000, 0x000000008cb00000, 0x000000008cb00000|100%| E|CS|TAMS 0x000000008ca00000, 0x000000008ca00000| Complete 
| 203|0x000000008cb00000, 0x000000008cc00000, 0x000000008cc00000|100%| E|CS|TAMS 0x000000008cb00000, 0x000000008cb00000| Complete 
| 204|0x000000008cc00000, 0x000000008cd00000, 0x000000008cd00000|100%| E|CS|TAMS 0x000000008cc00000, 0x000000008cc00000| Complete 
| 205|0x000000008cd00000, 0x000000008ce00000, 0x000000008ce00000|100%| E|CS|TAMS 0x000000008cd00000, 0x000000008cd00000| Complete 
| 206|0x000000008ce00000, 0x000000008cf00000, 0x000000008cf00000|100%| E|CS|TAMS 0x000000008ce00000, 0x000000008ce00000| Complete 
| 207|0x000000008cf00000, 0x000000008d000000, 0x000000008d000000|100%| E|CS|TAMS 0x000000008cf00000, 0x000000008cf00000| Complete 
| 208|0x000000008d000000, 0x000000008d100000, 0x000000008d100000|100%| E|CS|TAMS 0x000000008d000000, 0x000000008d000000| Complete 
| 209|0x000000008d100000, 0x000000008d200000, 0x000000008d200000|100%| E|CS|TAMS 0x000000008d100000, 0x000000008d100000| Complete 
| 210|0x000000008d200000, 0x000000008d300000, 0x000000008d300000|100%| E|CS|TAMS 0x000000008d200000, 0x000000008d200000| Complete 
| 211|0x000000008d300000, 0x000000008d400000, 0x000000008d400000|100%| E|CS|TAMS 0x000000008d300000, 0x000000008d300000| Complete 
| 212|0x000000008d400000, 0x000000008d500000, 0x000000008d500000|100%| E|CS|TAMS 0x000000008d400000, 0x000000008d400000| Complete 
| 213|0x000000008d500000, 0x000000008d600000, 0x000000008d600000|100%| E|CS|TAMS 0x000000008d500000, 0x000000008d500000| Complete 
| 214|0x000000008d600000, 0x000000008d700000, 0x000000008d700000|100%| E|CS|TAMS 0x000000008d600000, 0x000000008d600000| Complete 
| 215|0x000000008d700000, 0x000000008d800000, 0x000000008d800000|100%| E|CS|TAMS 0x000000008d700000, 0x000000008d700000| Complete 
| 216|0x000000008d800000, 0x000000008d900000, 0x000000008d900000|100%| E|CS|TAMS 0x000000008d800000, 0x000000008d800000| Complete 
| 217|0x000000008d900000, 0x000000008da00000, 0x000000008da00000|100%| E|CS|TAMS 0x000000008d900000, 0x000000008d900000| Complete 
| 218|0x000000008da00000, 0x000000008db00000, 0x000000008db00000|100%| E|CS|TAMS 0x000000008da00000, 0x000000008da00000| Complete 
| 219|0x000000008db00000, 0x000000008dc00000, 0x000000008dc00000|100%| E|CS|TAMS 0x000000008db00000, 0x000000008db00000| Complete 
| 220|0x000000008dc00000, 0x000000008dd00000, 0x000000008dd00000|100%| E|CS|TAMS 0x000000008dc00000, 0x000000008dc00000| Complete 
| 221|0x000000008dd00000, 0x000000008de00000, 0x000000008de00000|100%| E|CS|TAMS 0x000000008dd00000, 0x000000008dd00000| Complete 
| 222|0x000000008de00000, 0x000000008df00000, 0x000000008df00000|100%| E|CS|TAMS 0x000000008de00000, 0x000000008de00000| Complete 
| 223|0x000000008df00000, 0x000000008e000000, 0x000000008e000000|100%| E|CS|TAMS 0x000000008df00000, 0x000000008df00000| Complete 
| 224|0x000000008e000000, 0x000000008e100000, 0x000000008e100000|100%| E|CS|TAMS 0x000000008e000000, 0x000000008e000000| Complete 
| 225|0x000000008e100000, 0x000000008e200000, 0x000000008e200000|100%| E|CS|TAMS 0x000000008e100000, 0x000000008e100000| Complete 
| 226|0x000000008e200000, 0x000000008e300000, 0x000000008e300000|100%| E|CS|TAMS 0x000000008e200000, 0x000000008e200000| Complete 
| 227|0x000000008e300000, 0x000000008e400000, 0x000000008e400000|100%| E|CS|TAMS 0x000000008e300000, 0x000000008e300000| Complete 
| 228|0x000000008e400000, 0x000000008e500000, 0x000000008e500000|100%| E|CS|TAMS 0x000000008e400000, 0x000000008e400000| Complete 
| 229|0x000000008e500000, 0x000000008e600000, 0x000000008e600000|100%| E|CS|TAMS 0x000000008e500000, 0x000000008e500000| Complete 
| 230|0x000000008e600000, 0x000000008e700000, 0x000000008e700000|100%| E|CS|TAMS 0x000000008e600000, 0x000000008e600000| Complete 
| 231|0x000000008e700000, 0x000000008e800000, 0x000000008e800000|100%| E|CS|TAMS 0x000000008e700000, 0x000000008e700000| Complete 
| 232|0x000000008e800000, 0x000000008e900000, 0x000000008e900000|100%| E|CS|TAMS 0x000000008e800000, 0x000000008e800000| Complete 
| 233|0x000000008e900000, 0x000000008ea00000, 0x000000008ea00000|100%| E|CS|TAMS 0x000000008e900000, 0x000000008e900000| Complete 
| 234|0x000000008ea00000, 0x000000008eb00000, 0x000000008eb00000|100%| E|CS|TAMS 0x000000008ea00000, 0x000000008ea00000| Complete 
| 235|0x000000008eb00000, 0x000000008ec00000, 0x000000008ec00000|100%| E|CS|TAMS 0x000000008eb00000, 0x000000008eb00000| Complete 
| 236|0x000000008ec00000, 0x000000008ed00000, 0x000000008ed00000|100%| E|CS|TAMS 0x000000008ec00000, 0x000000008ec00000| Complete 
| 237|0x000000008ed00000, 0x000000008ee00000, 0x000000008ee00000|100%| E|CS|TAMS 0x000000008ed00000, 0x000000008ed00000| Complete 
| 238|0x000000008ee00000, 0x000000008ef00000, 0x000000008ef00000|100%| E|CS|TAMS 0x000000008ee00000, 0x000000008ee00000| Complete 
| 239|0x000000008ef00000, 0x000000008f000000, 0x000000008f000000|100%| E|CS|TAMS 0x000000008ef00000, 0x000000008ef00000| Complete 
| 240|0x000000008f000000, 0x000000008f100000, 0x000000008f100000|100%| E|CS|TAMS 0x000000008f000000, 0x000000008f000000| Complete 
| 241|0x000000008f100000, 0x000000008f200000, 0x000000008f200000|100%| E|CS|TAMS 0x000000008f100000, 0x000000008f100000| Complete 
| 242|0x000000008f200000, 0x000000008f300000, 0x000000008f300000|100%| E|CS|TAMS 0x000000008f200000, 0x000000008f200000| Complete 
| 243|0x000000008f300000, 0x000000008f400000, 0x000000008f400000|100%| E|CS|TAMS 0x000000008f300000, 0x000000008f300000| Complete 
| 244|0x000000008f400000, 0x000000008f500000, 0x000000008f500000|100%| E|CS|TAMS 0x000000008f400000, 0x000000008f400000| Complete 
| 245|0x000000008f500000, 0x000000008f600000, 0x000000008f600000|100%| E|CS|TAMS 0x000000008f500000, 0x000000008f500000| Complete 
| 246|0x000000008f600000, 0x000000008f700000, 0x000000008f700000|100%| E|CS|TAMS 0x000000008f600000, 0x000000008f600000| Complete 
| 247|0x000000008f700000, 0x000000008f800000, 0x000000008f800000|100%| E|CS|TAMS 0x000000008f700000, 0x000000008f700000| Complete 
| 248|0x000000008f800000, 0x000000008f900000, 0x000000008f900000|100%| E|CS|TAMS 0x000000008f800000, 0x000000008f800000| Complete 
| 249|0x000000008f900000, 0x000000008fa00000, 0x000000008fa00000|100%| E|CS|TAMS 0x000000008f900000, 0x000000008f900000| Complete 
| 250|0x000000008fa00000, 0x000000008fb00000, 0x000000008fb00000|100%| E|CS|TAMS 0x000000008fa00000, 0x000000008fa00000| Complete 
| 251|0x000000008fb00000, 0x000000008fc00000, 0x000000008fc00000|100%| E|CS|TAMS 0x000000008fb00000, 0x000000008fb00000| Complete 

Card table byte_map: [0x000001cc29680000,0x000001cc29a80000] _byte_map_base: 0x000001cc29280000

Marking Bits (Prev, Next): (CMBitMap*) 0x000001cc146def98, (CMBitMap*) 0x000001cc146defd0
 Prev Bits: [0x000001cc29e80000, 0x000001cc2be80000)
 Next Bits: [0x000001cc2be80000, 0x000001cc2de80000)

Polling page: 0x000001cc14650000

Metaspace:

Usage:
  Non-class:     49.14 MB capacity,    48.25 MB ( 98%) used,   774.18 KB (  2%) free+waste,   130.00 KB ( <1%) overhead. 
      Class:      7.50 MB capacity,     7.04 MB ( 94%) used,   403.19 KB (  5%) free+waste,    61.88 KB ( <1%) overhead. 
       Both:     56.63 MB capacity,    55.30 MB ( 98%) used,     1.15 MB (  2%) free+waste,   191.88 KB ( <1%) overhead. 

Virtual space:
  Non-class space:       50.00 MB reserved,      49.25 MB ( 99%) committed 
      Class space:        1.00 GB reserved,       7.57 MB ( <1%) committed 
             Both:        1.05 GB reserved,      56.82 MB (  5%) committed 

Chunk freelists:
   Non-Class:  0 bytes
       Class:  3.00 KB
        Both:  3.00 KB

MaxMetaspaceSize: 17179869184.00 GB
CompressedClassSpaceSize: 1.00 GB

CodeHeap 'non-profiled nmethods': size=120000Kb used=2934Kb max_used=2934Kb free=117065Kb
 bounds [0x000001cc212f0000, 0x000001cc215d0000, 0x000001cc28820000]
CodeHeap 'profiled nmethods': size=120000Kb used=10522Kb max_used=10522Kb free=109477Kb
 bounds [0x000001cc19dc0000, 0x000001cc1a810000, 0x000001cc212f0000]
CodeHeap 'non-nmethods': size=5760Kb used=2236Kb max_used=2270Kb free=3523Kb
 bounds [0x000001cc19820000, 0x000001cc19a90000, 0x000001cc19dc0000]
 total_blobs=5760 nmethods=4959 adapters=711
 compilation: enabled
              stopped_count=0, restarted_count=0
 full_count=0

Compilation events (20 events):
Event: 18.363 Thread 0x000001cc383c2800 nmethod 5147 0x000001cc215c8810 code [0x000001cc215c89c0, 0x000001cc215c8c68]
Event: 18.363 Thread 0x000001cc383c2800 5151       4       org.gradle.internal.instantiation.generator.AbstractClassGenerator$ClassGenerationHandler::visitProperty (1 bytes)
Event: 18.364 Thread 0x000001cc383c2800 nmethod 5151 0x000001cc215c8e90 code [0x000001cc215c9020, 0x000001cc215c9078]
Event: 18.364 Thread 0x000001cc383c2800 5152       4       com.google.common.collect.MapMakerInternalMap$1::clear (1 bytes)
Event: 18.364 Thread 0x000001cc383c2800 nmethod 5152 0x000001cc215c9110 code [0x000001cc215c92a0, 0x000001cc215c92f8]
Event: 18.368 Thread 0x000001cc383c2800 5155       4       org.objectweb.asm.MethodWriter::visitMethodInsn (191 bytes)
Event: 18.381 Thread 0x000001cc31253000 5158       3       sun.reflect.annotation.AnnotationParser::parseArray (226 bytes)
Event: 18.384 Thread 0x000001cc31253000 nmethod 5158 0x000001cc1a7f8090 code [0x000001cc1a7f8480, 0x000001cc1a7f9df8]
Event: 18.384 Thread 0x000001cc33715000 nmethod 5148 0x000001cc215c9390 code [0x000001cc215c9640, 0x000001cc215ca7e0]
Event: 18.384 Thread 0x000001cc33715000 5156       4       org.objectweb.asm.Frame::accept (264 bytes)
Event: 18.387 Thread 0x000001cc31253000 5159       3       org.objectweb.asm.Frame::getInitializedType (153 bytes)
Event: 18.388 Thread 0x000001cc31253000 nmethod 5159 0x000001cc1a7fa610 code [0x000001cc1a7fa820, 0x000001cc1a7fad58]
Event: 18.402 Thread 0x000001cc31253000 5161  s    3       org.gradle.internal.classloader.VisitableURLClassLoader::getUserData (48 bytes)
Event: 18.402 Thread 0x000001cc31253000 nmethod 5161 0x000001cc1a7fb010 code [0x000001cc1a7fb220, 0x000001cc1a7fb8b8]
Event: 18.412 Thread 0x000001cc33715000 nmethod 5156 0x000001cc215cb610 code [0x000001cc215cb800, 0x000001cc215cc4c8]
Event: 18.413 Thread 0x000001cc33715000 5160       4       org.objectweb.asm.MethodWriter::computeAllFrames (510 bytes)
Event: 18.430 Thread 0x000001cc31253000 5163       3       java.lang.management.ManagementFactory$$Lambda$61/0x0000000100174840::apply (12 bytes)
Event: 18.430 Thread 0x000001cc31253000 nmethod 5163 0x000001cc1a7fba90 code [0x000001cc1a7fbc80, 0x000001cc1a7fc058]
Event: 18.430 Thread 0x000001cc31253000 5164       3       java.lang.management.ManagementFactory::lambda$getPlatformMXBeans$3 (13 bytes)
Event: 18.430 Thread 0x000001cc31253000 nmethod 5164 0x000001cc1a7fc190 code [0x000001cc1a7fc360, 0x000001cc1a7fc5b8]

GC Heap History (10 events):
Event: 2.025 GC heap before
{Heap before GC invocations=0 (full 0):
 garbage-first heap   total 258048K, used 29696K [0x0000000080000000, 0x0000000100000000)
  region size 1024K, 24 young (24576K), 0 survivors (0K)
 Metaspace       used 10711K, capacity 11012K, committed 11264K, reserved 1058816K
  class space    used 1129K, capacity 1200K, committed 1280K, reserved 1048576K
}
Event: 2.031 GC heap after
{Heap after GC invocations=1 (full 0):
 garbage-first heap   total 258048K, used 9107K [0x0000000080000000, 0x0000000100000000)
  region size 1024K, 3 young (3072K), 3 survivors (3072K)
 Metaspace       used 10711K, capacity 11012K, committed 11264K, reserved 1058816K
  class space    used 1129K, capacity 1200K, committed 1280K, reserved 1048576K
}
Event: 6.155 GC heap before
{Heap before GC invocations=1 (full 0):
 garbage-first heap   total 258048K, used 92051K [0x0000000080000000, 0x0000000100000000)
  region size 1024K, 86 young (88064K), 3 survivors (3072K)
 Metaspace       used 20594K, capacity 21111K, committed 21248K, reserved 1067008K
  class space    used 2526K, capacity 2712K, committed 2816K, reserved 1048576K
}
Event: 6.172 GC heap after
{Heap after GC invocations=2 (full 0):
 garbage-first heap   total 258048K, used 16150K [0x0000000080000000, 0x0000000100000000)
  region size 1024K, 10 young (10240K), 10 survivors (10240K)
 Metaspace       used 20594K, capacity 21111K, committed 21248K, reserved 1067008K
  class space    used 2526K, capacity 2712K, committed 2816K, reserved 1048576K
}
Event: 8.032 GC heap before
{Heap before GC invocations=3 (full 0):
 garbage-first heap   total 258048K, used 74518K [0x0000000080000000, 0x0000000100000000)
  region size 1024K, 67 young (68608K), 10 survivors (10240K)
 Metaspace       used 26868K, capacity 27480K, committed 27648K, reserved 1073152K
  class space    used 3539K, capacity 3755K, committed 3840K, reserved 1048576K
}
Event: 8.045 GC heap after
{Heap after GC invocations=4 (full 0):
 garbage-first heap   total 258048K, used 18576K [0x0000000080000000, 0x0000000100000000)
  region size 1024K, 3 young (3072K), 3 survivors (3072K)
 Metaspace       used 26868K, capacity 27480K, committed 27648K, reserved 1073152K
  class space    used 3539K, capacity 3755K, committed 3840K, reserved 1048576K
}
Event: 9.497 GC heap before
{Heap before GC invocations=4 (full 0):
 garbage-first heap   total 258048K, used 57488K [0x0000000080000000, 0x0000000100000000)
  region size 1024K, 43 young (44032K), 3 survivors (3072K)
 Metaspace       used 35068K, capacity 35819K, committed 35840K, reserved 1081344K
  class space    used 4559K, capacity 4854K, committed 4864K, reserved 1048576K
}
Event: 9.508 GC heap after
{Heap after GC invocations=5 (full 0):
 garbage-first heap   total 258048K, used 21410K [0x0000000080000000, 0x0000000100000000)
  region size 1024K, 6 young (6144K), 6 survivors (6144K)
 Metaspace       used 35068K, capacity 35819K, committed 35840K, reserved 1081344K
  class space    used 4559K, capacity 4854K, committed 4864K, reserved 1048576K
}
Event: 13.144 GC heap before
{Heap before GC invocations=6 (full 0):
 garbage-first heap   total 258048K, used 124834K [0x0000000080000000, 0x0000000100000000)
  region size 1024K, 104 young (106496K), 6 survivors (6144K)
 Metaspace       used 44084K, capacity 45075K, committed 45260K, reserved 1089536K
  class space    used 5659K, capacity 6017K, committed 6092K, reserved 1048576K
}
Event: 13.160 GC heap after
{Heap after GC invocations=7 (full 0):
 garbage-first heap   total 258048K, used 26530K [0x0000000080000000, 0x0000000100000000)
  region size 1024K, 11 young (11264K), 11 survivors (11264K)
 Metaspace       used 44084K, capacity 45075K, committed 45260K, reserved 1089536K
  class space    used 5659K, capacity 6017K, committed 6092K, reserved 1048576K
}

Deoptimization events (20 events):
Event: 18.251 Thread 0x000001cc3212c800 DEOPT PACKING pc=0x000001cc1a7d1372 sp=0x0000008c764f4020
Event: 18.251 Thread 0x000001cc3212c800 DEOPT UNPACKING pc=0x000001cc19848ade sp=0x0000008c764f3498 mode 0
Event: 18.251 Thread 0x000001cc3212c800 DEOPT PACKING pc=0x000001cc1a7d1372 sp=0x0000008c764f4020
Event: 18.251 Thread 0x000001cc3212c800 DEOPT UNPACKING pc=0x000001cc19848ade sp=0x0000008c764f3498 mode 0
Event: 18.251 Thread 0x000001cc3212c800 DEOPT PACKING pc=0x000001cc1a7d1372 sp=0x0000008c764f4020
Event: 18.251 Thread 0x000001cc3212c800 DEOPT UNPACKING pc=0x000001cc19848ade sp=0x0000008c764f3498 mode 0
Event: 18.251 Thread 0x000001cc3212c800 DEOPT PACKING pc=0x000001cc1a7d1372 sp=0x0000008c764f4020
Event: 18.251 Thread 0x000001cc3212c800 DEOPT UNPACKING pc=0x000001cc19848ade sp=0x0000008c764f3498 mode 0
Event: 18.252 Thread 0x000001cc3212c800 DEOPT PACKING pc=0x000001cc1a7d1372 sp=0x0000008c764f4020
Event: 18.252 Thread 0x000001cc3212c800 DEOPT UNPACKING pc=0x000001cc19848ade sp=0x0000008c764f3498 mode 0
Event: 18.252 Thread 0x000001cc3212c800 DEOPT PACKING pc=0x000001cc1a7d1372 sp=0x0000008c764f4020
Event: 18.252 Thread 0x000001cc3212c800 DEOPT UNPACKING pc=0x000001cc19848ade sp=0x0000008c764f3498 mode 0
Event: 18.252 Thread 0x000001cc3212c800 DEOPT PACKING pc=0x000001cc1a7d1372 sp=0x0000008c764f4020
Event: 18.252 Thread 0x000001cc3212c800 DEOPT UNPACKING pc=0x000001cc19848ade sp=0x0000008c764f3498 mode 0
Event: 18.252 Thread 0x000001cc3212c800 DEOPT PACKING pc=0x000001cc1a7d1372 sp=0x0000008c764f4020
Event: 18.252 Thread 0x000001cc3212c800 DEOPT UNPACKING pc=0x000001cc19848ade sp=0x0000008c764f3498 mode 0
Event: 18.253 Thread 0x000001cc3212c800 Uncommon trap: trap_request=0xffffff4d fr.pc=0x000001cc214c00b0 relative=0x0000000000000270
Event: 18.253 Thread 0x000001cc3212c800 Uncommon trap: reason=unstable_if action=reinterpret pc=0x000001cc214c00b0 method=java.util.LinkedHashMap.get(Ljava/lang/Object;)Ljava/lang/Object; @ 20 c2
Event: 18.253 Thread 0x000001cc3212c800 DEOPT PACKING pc=0x000001cc214c00b0 sp=0x0000008c764f3bf0
Event: 18.253 Thread 0x000001cc3212c800 DEOPT UNPACKING pc=0x000001cc1982822f sp=0x0000008c764f3ba8 mode 2

Classes redefined (0 events):
No events

Internal exceptions (20 events):
Event: 14.086 Thread 0x000001cc33dd6000 Exception <a 'java/lang/NoSuchMethodError'{0x000000008d008c00}: <clinit>> (0x000000008d008c00) thrown at [./src/hotspot/share/prims/jni.cpp, line 1362]
Event: 14.203 Thread 0x000001cc3212c800 Exception <a 'java/lang/ClassNotFoundException'{0x000000008d075ed8}: build_1yszox4cd74a0j8f5n2fmydp7BeanInfo> (0x000000008d075ed8) thrown at [./src/hotspot/share/classfile/systemDictionary.cpp, line 231]
Event: 14.203 Thread 0x000001cc3212c800 Exception <a 'java/lang/ClassNotFoundException'{0x000000008d07ece0}: build_1yszox4cd74a0j8f5n2fmydp7Customizer> (0x000000008d07ece0) thrown at [./src/hotspot/share/classfile/systemDictionary.cpp, line 231]
Event: 14.229 Thread 0x000001cc3212c800 Exception <a 'java/lang/ClassNotFoundException'{0x000000008d0eddc8}: org/gradle/plugin/use/internal/PluginRequestCollector$PluginDependenciesSpecImplBeanInfo> (0x000000008d0eddc8) thrown at [./src/hotspot/share/classfile/systemDictionary.cpp, line 231]
Event: 14.233 Thread 0x000001cc3212c800 Exception <a 'java/lang/ClassNotFoundException'{0x000000008cf13ff0}: org/gradle/plugin/use/internal/PluginRequestCollector$PluginDependenciesSpecImplCustomizer> (0x000000008cf13ff0) thrown at [./src/hotspot/share/classfile/systemDictionary.cpp, line 231]
Event: 14.264 Thread 0x000001cc3212c800 Exception <a 'java/lang/NoSuchMethodError'{0x000000008cf85b28}: 'void java.lang.invoke.DirectMethodHandle$Holder.invokeInterface(java.lang.Object, java.lang.Object)'> (0x000000008cf85b28) thrown at [./src/hotspot/share/interpreter/linkResolver.cpp, line 773]
Event: 14.470 Thread 0x000001cc3212c800 Exception <a 'java/lang/ClassNotFoundException'{0x000000008cd435d0}: org/gradle/api/internal/plugins/DefaultObjectConfigurationActionBeanInfo> (0x000000008cd435d0) thrown at [./src/hotspot/share/classfile/systemDictionary.cpp, line 231]
Event: 14.474 Thread 0x000001cc3212c800 Exception <a 'java/lang/ClassNotFoundException'{0x000000008cd6f3f0}: org/gradle/api/internal/plugins/DefaultObjectConfigurationActionCustomizer> (0x000000008cd6f3f0) thrown at [./src/hotspot/share/classfile/systemDictionary.cpp, line 231]
Event: 14.867 Thread 0x000001cc3212c800 Exception <a 'java/lang/NoSuchMethodError'{0x000000008c433ec8}: 'java.lang.Object java.lang.invoke.DirectMethodHandle$Holder.invokeStatic(java.lang.Object, java.lang.Object, java.lang.Object, java.lang.Object, int)'> (0x000000008c433ec8) thrown at [./src/hotspot/share/interpreter/linkResolver.cpp, line 773]
Event: 14.868 Thread 0x000001cc3212c800 Exception <a 'java/lang/NoSuchMethodError'{0x000000008c4388c0}: 'java.lang.Object java.lang.invoke.DirectMethodHandle$Holder.invokeSpecial(java.lang.Object, java.lang.Object, java.lang.Object, java.lang.Object, java.lang.Object, int)'> (0x000000008c4388c0) thrown at [./src/hotspot/share/interpreter/linkResolver.cpp, line 773]
Event: 14.868 Thread 0x000001cc3212c800 Exception <a 'java/lang/NoSuchMethodError'{0x000000008c43cf00}: 'java.lang.Object java.lang.invoke.Invokers$Holder.linkToTargetMethod(java.lang.Object, java.lang.Object, java.lang.Object, int, java.lang.Object)'> (0x000000008c43cf00) thrown at [./src/hotspot/share/interpreter/linkResolver.cpp, line 773]
Event: 15.806 Thread 0x000001cc3212c800 Exception <a 'java/lang/NoSuchMethodError'{0x000000008b1fec88}: 'java.lang.Object java.lang.invoke.DirectMethodHandle$Holder.invokeSpecial(java.lang.Object, java.lang.Object, int, int, java.lang.Object, java.lang.Object, java.lang.Object)'> (0x000000008b1fec88) thrown at [./src/hotspot/share/interpreter/linkResolver.cpp, line 773]
Event: 15.806 Thread 0x000001cc3212c800 Exception <a 'java/lang/NoSuchMethodError'{0x000000008b0036e8}: 'java.lang.Object java.lang.invoke.DelegatingMethodHandle$Holder.reinvoke_L(java.lang.Object, int, int, java.lang.Object, java.lang.Object, java.lang.Object)'> (0x000000008b0036e8) thrown at [./src/hotspot/share/interpreter/linkResolver.cpp, line 773]
Event: 16.505 Thread 0x000001cc3212c800 Exception <a 'java/lang/NoSuchMethodError'{0x000000008a468f08}: 'int java.lang.invoke.DirectMethodHandle$Holder.invokeInterface(java.lang.Object, java.lang.Object, java.lang.Object, java.lang.Object)'> (0x000000008a468f08) thrown at [./src/hotspot/share/interpreter/linkResolver.cpp, line 773]
Event: 17.305 Thread 0x000001cc3212c800 Exception <a 'java/lang/NoSuchMethodError'{0x0000000089a580e8}: 'void java.lang.invoke.DirectMethodHandle$Holder.invokeInterface(java.lang.Object, java.lang.Object, java.lang.Object, java.lang.Object)'> (0x0000000089a580e8) thrown at [./src/hotspot/share/interpreter/linkResolver.cpp, line 773]
Event: 17.806 Thread 0x000001cc3212c800 Exception <a 'java/lang/IncompatibleClassChangeError'{0x00000000888dd570}: Found class java.lang.Object, but interface was expected> (0x00000000888dd570) thrown at [./src/hotspot/share/interpreter/linkResolver.cpp, line 839]
Event: 17.936 Thread 0x000001cc3212c800 Exception <a 'java/lang/NoSuchMethodError'{0x0000000088779470}: 'void java.lang.invoke.DirectMethodHandle$Holder.invokeStatic(java.lang.Object, java.lang.Object, java.lang.Object, java.lang.Object, java.lang.Object)'> (0x0000000088779470) thrown at [./src/hotspot/share/interpreter/linkResolver.cpp, line 773]
Event: 18.001 Thread 0x000001cc3212c800 Implicit null exception at 0x000001cc214812e2 to 0x000001cc2148346c
Event: 18.001 Thread 0x000001cc3212c800 Implicit null exception at 0x000001cc2155e351 to 0x000001cc2155e540
Event: 18.166 Thread 0x000001cc3212c800 Implicit null exception at 0x000001cc2150c62d to 0x000001cc2150c8e4

Events (20 events):
Event: 18.352 loading class com/android/build/api/dsl/ExternalNativeCmakeOptions
Event: 18.352 loading class com/android/build/api/dsl/ExternalNativeCmakeOptions done
Event: 18.352 loading class com/android/build/gradle/internal/dsl/ExternalNativeCmakeOptions
Event: 18.352 loading class com/android/build/gradle/internal/dsl/ExternalNativeCmakeOptions done
Event: 18.355 loading class com/android/build/gradle/internal/dsl/CoreExternalNativeCmakeOptions
Event: 18.355 loading class com/android/build/gradle/internal/dsl/CoreExternalNativeCmakeOptions done
Event: 18.363 loading class com/google/common/annotations/VisibleForTesting
Event: 18.363 loading class com/google/common/annotations/VisibleForTesting done
Event: 18.378 loading class com/android/build/gradle/internal/dsl/AnnotationProcessorOptions
Event: 18.378 loading class com/android/build/gradle/internal/dsl/AnnotationProcessorOptions done
Event: 18.379 loading class com/android/build/gradle/api/AnnotationProcessorOptions
Event: 18.379 loading class com/android/build/gradle/api/AnnotationProcessorOptions done
Event: 18.380 loading class com/android/build/api/dsl/AnnotationProcessorOptions
Event: 18.380 loading class com/android/build/api/dsl/AnnotationProcessorOptions done
Event: 18.391 loading class org/gradle/process/CommandLineArgumentProvider
Event: 18.391 loading class org/gradle/process/CommandLineArgumentProvider done
Event: 18.393 loading class org/gradle/process/CommandLineArgumentProvider
Event: 18.393 loading class org/gradle/process/CommandLineArgumentProvider done
Event: 18.406 loading class com/android/resources/Density
Event: 18.406 loading class com/android/resources/Density done


Dynamic libraries:
0x00007ff649950000 - 0x00007ff64995a000 	C:\Program Files\Android\Android Studio\jre\bin\java.exe
0x00007ff9c1300000 - 0x00007ff9c1567000 	C:\WINDOWS\SYSTEM32\ntdll.dll
0x00007ff9c02d0000 - 0x00007ff9c0399000 	C:\WINDOWS\System32\KERNEL32.DLL
0x00007ff9bddf0000 - 0x00007ff9be1e7000 	C:\WINDOWS\System32\KERNELBASE.dll
0x00007ff9be1f0000 - 0x00007ff9be33b000 	C:\WINDOWS\System32\ucrtbase.dll
0x00007ff9824e0000 - 0x00007ff9824f7000 	C:\Program Files\Android\Android Studio\jre\bin\VCRUNTIME140.dll
0x00007ff8f9c30000 - 0x00007ff8f9c49000 	C:\Program Files\Android\Android Studio\jre\bin\jli.dll
0x00007ff9c10c0000 - 0x00007ff9c1286000 	C:\WINDOWS\System32\USER32.dll
0x00007ff9bddc0000 - 0x00007ff9bdde7000 	C:\WINDOWS\System32\win32u.dll
0x00007ff9a2700000 - 0x00007ff9a2992000 	C:\WINDOWS\WinSxS\amd64_microsoft.windows.common-controls_6595b64144ccf1df_6.0.26100.8457_none_3e0b2faee331e92d\COMCTL32.dll
0x00007ff9c1290000 - 0x00007ff9c12bb000 	C:\WINDOWS\System32\GDI32.dll
0x00007ff9bf190000 - 0x00007ff9bf239000 	C:\WINDOWS\System32\msvcrt.dll
0x00007ff9be3f0000 - 0x00007ff9be51c000 	C:\WINDOWS\System32\gdi32full.dll
0x00007ff9bed90000 - 0x00007ff9bee33000 	C:\WINDOWS\System32\msvcp_win.dll
0x00007ff9c0170000 - 0x00007ff9c01a2000 	C:\WINDOWS\System32\IMM32.DLL
0x00007ff8f9b90000 - 0x00007ff8f9c2d000 	C:\Program Files\Android\Android Studio\jre\bin\msvcp140.dll
0x00007ff8fbc30000 - 0x00007ff8fc6ec000 	C:\Program Files\Android\Android Studio\jre\bin\server\jvm.dll
0x00007ff9c0430000 - 0x00007ff9c04e6000 	C:\WINDOWS\System32\ADVAPI32.dll
0x00007ff9c04f0000 - 0x00007ff9c0597000 	C:\WINDOWS\System32\sechost.dll
0x00007ff9c0600000 - 0x00007ff9c0718000 	C:\WINDOWS\System32\RPCRT4.dll
0x00007ff9c0b40000 - 0x00007ff9c0b48000 	C:\WINDOWS\System32\PSAPI.DLL
0x00007ff9824b0000 - 0x00007ff9824ba000 	C:\WINDOWS\SYSTEM32\WSOCK32.dll
0x00007ff9b5390000 - 0x00007ff9b53c6000 	C:\WINDOWS\SYSTEM32\WINMM.dll
0x00007ff9c03a0000 - 0x00007ff9c0420000 	C:\WINDOWS\System32\WS2_32.dll
0x00007ff9ac520000 - 0x00007ff9ac52b000 	C:\WINDOWS\SYSTEM32\VERSION.dll
0x00007ff9bcac0000 - 0x00007ff9bcadb000 	C:\WINDOWS\SYSTEM32\kernel.appcore.dll
0x00007ff980660000 - 0x00007ff980671000 	C:\Program Files\Android\Android Studio\jre\bin\verify.dll
0x00007ff9bba40000 - 0x00007ff9bbc82000 	C:\WINDOWS\SYSTEM32\DBGHELP.DLL
0x00007ff9c0bd0000 - 0x00007ff9c0f53000 	C:\WINDOWS\System32\combase.dll
0x00007ff9c01f0000 - 0x00007ff9c02c9000 	C:\WINDOWS\System32\OLEAUT32.dll
0x00007ff9a0aa0000 - 0x00007ff9a0adb000 	C:\WINDOWS\SYSTEM32\dbgcore.DLL
0x00007ff9be340000 - 0x00007ff9be3e8000 	C:\WINDOWS\System32\bcryptPrimitives.dll
0x00007ff979640000 - 0x00007ff979669000 	C:\Program Files\Android\Android Studio\jre\bin\java.dll
0x00007ff9821d0000 - 0x00007ff9821db000 	C:\Program Files\Android\Android Studio\jre\bin\jimage.dll
0x00007ff979620000 - 0x00007ff979638000 	C:\Program Files\Android\Android Studio\jre\bin\zip.dll
0x00007ff9bf9f0000 - 0x00007ff9c015e000 	C:\WINDOWS\System32\SHELL32.dll
0x00007ff9be520000 - 0x00007ff9bed8c000 	C:\WINDOWS\System32\windows.storage.dll
0x00007ff9bf090000 - 0x00007ff9bf186000 	C:\WINDOWS\System32\SHCORE.dll
0x00007ff9bf2c0000 - 0x00007ff9bf326000 	C:\WINDOWS\System32\shlwapi.dll
0x00007ff9bdc50000 - 0x00007ff9bdc79000 	C:\WINDOWS\SYSTEM32\profapi.dll
0x00007ff970c00000 - 0x00007ff970c1a000 	C:\Program Files\Android\Android Studio\jre\bin\net.dll
0x00007ff9aedb0000 - 0x00007ff9aeed9000 	C:\WINDOWS\SYSTEM32\WINHTTP.dll
0x00007ff9bd030000 - 0x00007ff9bd09c000 	C:\WINDOWS\system32\mswsock.dll
0x00007ff96e1c0000 - 0x00007ff96e1d4000 	C:\Program Files\Android\Android Studio\jre\bin\nio.dll
0x00007ff91c8c0000 - 0x00007ff91c8e7000 	C:\Users\mamal\.gradle\native\fdc75f09e3144964f2cf3f50f0aa648679c211496f362492102eb8c894070792\windows-amd64\native-platform.dll
0x00007ff8fb630000 - 0x00007ff8fb7c6000 	C:\Users\mamal\.gradle\native\12488b8bf47d2d4c9fbf2f6322a914ad602e24e48041cd04a747c6da556b65c4\windows-amd64\native-platform-file-events.dll
0x00007ff979610000 - 0x00007ff97961a000 	C:\Program Files\Android\Android Studio\jre\bin\management.dll
0x00007ff96e1b0000 - 0x00007ff96e1bc000 	C:\Program Files\Android\Android Studio\jre\bin\management_ext.dll
0x00007ff9bd310000 - 0x00007ff9bd32b000 	C:\WINDOWS\SYSTEM32\CRYPTSP.dll
0x00007ff9bca20000 - 0x00007ff9bca59000 	C:\WINDOWS\system32\rsaenh.dll
0x00007ff9bd0e0000 - 0x00007ff9bd113000 	C:\WINDOWS\SYSTEM32\USERENV.dll
0x00007ff9bdc20000 - 0x00007ff9bdc4a000 	C:\WINDOWS\SYSTEM32\bcrypt.dll
0x00007ff9bd330000 - 0x00007ff9bd33c000 	C:\WINDOWS\SYSTEM32\CRYPTBASE.dll
0x00007ff9bc500000 - 0x00007ff9bc532000 	C:\WINDOWS\SYSTEM32\IPHLPAPI.DLL
0x00007ff9c01b0000 - 0x00007ff9c01ba000 	C:\WINDOWS\System32\NSI.dll
0x00007ff9af3a0000 - 0x00007ff9af3bd000 	C:\WINDOWS\SYSTEM32\dhcpcsvc6.DLL
0x00007ff9af300000 - 0x00007ff9af325000 	C:\WINDOWS\SYSTEM32\dhcpcsvc.DLL
0x00007ff9bc5a0000 - 0x00007ff9bc6d2000 	C:\WINDOWS\SYSTEM32\DNSAPI.dll
0x00007ff9bb3f0000 - 0x00007ff9bb3fe000 	C:\WINDOWS\SYSTEM32\WINNSI.DLL

dbghelp: loaded successfully - version: 4.0.5 - missing functions: none
symbol engine: initialized successfully - sym options: 0x614 - pdb path: .;C:\Program Files\Android\Android Studio\jre\bin;C:\WINDOWS\SYSTEM32;C:\WINDOWS\WinSxS\amd64_microsoft.windows.common-controls_6595b64144ccf1df_6.0.26100.8457_none_3e0b2faee331e92d;C:\Program Files\Android\Android Studio\jre\bin\server;C:\Users\mamal\.gradle\native\fdc75f09e3144964f2cf3f50f0aa648679c211496f362492102eb8c894070792\windows-amd64;C:\Users\mamal\.gradle\native\12488b8bf47d2d4c9fbf2f6322a914ad602e24e48041cd04a747c6da556b65c4\windows-amd64

VM Arguments:
jvm_args: --add-opens=java.base/java.util=ALL-UNNAMED --add-opens=java.base/java.lang=ALL-UNNAMED --add-opens=java.base/java.lang.invoke=ALL-UNNAMED --add-opens=java.prefs/java.util.prefs=ALL-UNNAMED -Xmx2048m -Dfile.encoding=UTF-8 -Duser.country=ES -Duser.language=es -Duser.variant 
java_command: org.gradle.launcher.daemon.bootstrap.GradleDaemon 6.7.1
java_class_path (initial): C:\Users\mamal\.gradle\wrapper\dists\gradle-6.7.1-bin\bwlcbys1h7rz3272sye1xwiv6\gradle-6.7.1\lib\gradle-launcher-6.7.1.jar
Launcher Type: SUN_STANDARD

[Global flags]
     intx CICompilerCount                          = 4                                         {product} {ergonomic}
     uint ConcGCThreads                            = 2                                         {product} {ergonomic}
     uint G1ConcRefinementThreads                  = 8                                         {product} {ergonomic}
   size_t G1HeapRegionSize                         = 1048576                                   {product} {ergonomic}
    uintx GCDrainStackTargetSize                   = 64                                        {product} {ergonomic}
   size_t InitialHeapSize                          = 264241152                                 {product} {ergonomic}
   size_t MarkStackSize                            = 4194304                                   {product} {ergonomic}
   size_t MaxHeapSize                              = 2147483648                                {product} {command line}
   size_t MaxNewSize                               = 1287651328                                {product} {ergonomic}
   size_t MinHeapDeltaBytes                        = 1048576                                   {product} {ergonomic}
    uintx NonNMethodCodeHeapSize                   = 5836300                                {pd product} {ergonomic}
    uintx NonProfiledCodeHeapSize                  = 122910970                              {pd product} {ergonomic}
    uintx ProfiledCodeHeapSize                     = 122910970                              {pd product} {ergonomic}
    uintx ReservedCodeCacheSize                    = 251658240                              {pd product} {ergonomic}
     bool SegmentedCodeCache                       = true                                      {product} {ergonomic}
     bool UseCompressedClassPointers               = true                                 {lp64_product} {ergonomic}
     bool UseCompressedOops                        = true                                 {lp64_product} {ergonomic}
     bool UseG1GC                                  = true                                      {product} {ergonomic}
     bool UseLargePagesIndividualAllocation        = false                                  {pd product} {ergonomic}

Logging:
Log output configuration:
 #0: stdout all=warning uptime,level,tags
 #1: stderr all=off uptime,level,tags

Environment Variables:
JAVA_HOME=C:\Program Files\java\jdk-11.0.2
PATH=C:\Program Files\java\jdk-11.0.2\bin;C:\WINDOWS\system32;C:\WINDOWS;C:\WINDOWS\System32\Wbem;C:\WINDOWS\System32\WindowsPowerShell\v1.0\;C:\WINDOWS\System32\OpenSSH\;C:\Program Files\dotnet\;C:\PROGRA~2\PICC;C:\Program Files\Git\cmd;C:\Program Files\nodejs\;C:\Users\mamal\AppData\Local\Microsoft\WindowsApps;C:\Users\mamal\AppData\Local\Programs\Microsoft VS Code\bin;C:\Users\mamal\AppData\Local\GitHubDesktop\bin;C:\Users\mamal\AppData\Roaming\npm
USERNAME=mamal
OS=Windows_NT
PROCESSOR_IDENTIFIER=Intel64 Family 6 Model 140 Stepping 2, GenuineIntel



---------------  S Y S T E M  ---------------

OS: Windows 10 , 64 bit Build 26100 (10.0.26100.8328)
OS uptime: 0 days 0:07 hours
HyperV virtualization detected

CPU:total 8 (initial active 8) (4 cores per cpu, 2 threads per core) family 6 model 140 stepping 2, cmov, cx8, fxsr, mmx, sse, sse2, sse3, ssse3, sse4.1, sse4.2, popcnt, avx, avx2, aes, clmul, erms, 3dnowpref, lzcnt, ht, tsc, tscinvbit, bmi1, bmi2, adx, evex, sha, fma

Memory: 4k page, system-wide physical 16122M (1798M free)
TotalPageFile size 16122M (AvailPageFile size 10M)
current process WorkingSet (physical memory assigned to process): 354M, peak: 354M
current process commit charge ("private bytes"): 488M, peak: 488M

vm_info: OpenJDK 64-Bit Server VM (11.0.8+10-b944.6842174) for windows-amd64 JRE (11.0.8+10-b944.6842174), built on Sep 19 2020 01:11:42 by "builder" with MS VC++ 14.0 (VS2015)

END.
