#
# There is insufficient memory for the Java Runtime Environment to continue.
# Native memory allocation (malloc) failed to allocate 1870736 bytes for Chunk::new
# Possible reasons:
#   The system is out of physical RAM or swap space
#   The process is running with CompressedOops enabled, and the Java Heap may be blocking the growth of the native heap
# Possible solutions:
#   Reduce memory load on the system
#   Increase physical memory or swap space
#   Check if swap backing store is full
#   Decrease Java heap size (-Xmx/-Xms)
#   Decrease number of Java threads
#   Decrease Java thread stack sizes (-Xss)
#   Set larger code cache with -XX:ReservedCodeCacheSize=
#   JVM is running with Unscaled Compressed Oops mode in which the Java heap is
#     placed in the first 4GB address space. The Java Heap base address is the
#     maximum limit for the native heap growth. Please use -XX:HeapBaseMinAddress
#     to set the Java Heap base and to place the Java Heap above 4GB virtual address.
# This output file may be truncated or incomplete.
#
#  Out of Memory Error (./src/hotspot/share/memory/arena.cpp:197), pid=21796, tid=23216
#
# JRE version: OpenJDK Runtime Environment (11.0.8+10) (build 11.0.8+10-b944.6842174)
# Java VM: OpenJDK 64-Bit Server VM (11.0.8+10-b944.6842174, mixed mode, tiered, compressed oops, g1 gc, windows-amd64)
# No core dump will be written. Minidumps are not enabled by default on client versions of Windows
#

---------------  S U M M A R Y ------------

Command Line: --add-opens=java.base/java.util=ALL-UNNAMED --add-opens=java.base/java.lang=ALL-UNNAMED --add-opens=java.base/java.lang.invoke=ALL-UNNAMED --add-opens=java.prefs/java.util.prefs=ALL-UNNAMED -Xmx2048m -Dfile.encoding=UTF-8 -Duser.country=ES -Duser.language=es -Duser.variant org.gradle.launcher.daemon.bootstrap.GradleDaemon 6.7.1

Host: 11th Gen Intel(R) Core(TM) i5-1155G7 @ 2.50GHz, 8 cores, 15G,  Windows 10 , 64 bit Build 26100 (10.0.26100.8521)
Time: Wed Jun  3 12:27:34 2026 Hora est嫕dar central (M憖ico) elapsed time: 5 seconds (0d 0h 0m 5s)

---------------  T H R E A D  ---------------

Current thread (0x00000197a0e88800):  JavaThread "C2 CompilerThread0" daemon [_thread_in_native, id=23216, stack(0x000000834ed00000,0x000000834ee00000)]


Current CompileTask:
C2:   5594 3072       4       org.objectweb.asm.Frame::execute (2318 bytes)

Stack: [0x000000834ed00000,0x000000834ee00000]
Native frames: (J=compiled Java code, j=interpreted, Vv=VM code, C=native code)
V  [jvm.dll+0x5de50a]
V  [jvm.dll+0x7122f5]
V  [jvm.dll+0x71384d]
V  [jvm.dll+0x713f03]
V  [jvm.dll+0x23e728]
V  [jvm.dll+0xb899c]
V  [jvm.dll+0xb8e9c]
V  [jvm.dll+0x35020b]
V  [jvm.dll+0x31dea3]
V  [jvm.dll+0x31d39a]
V  [jvm.dll+0x1f7702]
V  [jvm.dll+0x1f68d4]
V  [jvm.dll+0x17f32c]
V  [jvm.dll+0x205047]
V  [jvm.dll+0x203891]
V  [jvm.dll+0x6dad3f]
V  [jvm.dll+0x6d3895]
V  [jvm.dll+0x5dd4a6]
C  [ucrtbase.dll+0x2cd30]
C  [KERNEL32.DLL+0x2e957]
C  [ntdll.dll+0x87c1c]


---------------  P R O C E S S  ---------------

Threads class SMR info:
_java_thread_list=0x00000197a2e33d20, length=32, elements={
0x00000197842d4800, 0x00000197a0e1f800, 0x00000197a0e21800, 0x00000197a0e84800,
0x00000197a0e85800, 0x00000197a0e88800, 0x00000197a0e8a000, 0x00000197a0e8f800,
0x00000197a100c800, 0x00000197a1052800, 0x00000197a2a31000, 0x00000197a20c7000,
0x00000197a2479000, 0x00000197a29d8000, 0x00000197a29d9000, 0x00000197a1c9a000,
0x00000197a2a24800, 0x00000197a2aca000, 0x00000197a2f82000, 0x00000197a2a1b000,
0x00000197a2a66000, 0x00000197a2a65000, 0x00000197a2a67000, 0x00000197a3160800,
0x00000197a2a64800, 0x00000197a2a6a000, 0x00000197a2a68800, 0x00000197a2a67800,
0x00000197a2a6b000, 0x00000197a2a69800, 0x00000197a33b3800, 0x00000197a33fa000
}

Java Threads: ( => current thread )
  0x00000197842d4800 JavaThread "main" [_thread_blocked, id=18672, stack(0x000000834e200000,0x000000834e300000)]
  0x00000197a0e1f800 JavaThread "Reference Handler" daemon [_thread_blocked, id=18200, stack(0x000000834e900000,0x000000834ea00000)]
  0x00000197a0e21800 JavaThread "Finalizer" daemon [_thread_blocked, id=3696, stack(0x000000834ea00000,0x000000834eb00000)]
  0x00000197a0e84800 JavaThread "Signal Dispatcher" daemon [_thread_blocked, id=18896, stack(0x000000834eb00000,0x000000834ec00000)]
  0x00000197a0e85800 JavaThread "Attach Listener" daemon [_thread_blocked, id=22632, stack(0x000000834ec00000,0x000000834ed00000)]
=>0x00000197a0e88800 JavaThread "C2 CompilerThread0" daemon [_thread_in_native, id=23216, stack(0x000000834ed00000,0x000000834ee00000)]
  0x00000197a0e8a000 JavaThread "C1 CompilerThread0" daemon [_thread_blocked, id=20776, stack(0x000000834ee00000,0x000000834ef00000)]
  0x00000197a0e8f800 JavaThread "Sweeper thread" daemon [_thread_blocked, id=23780, stack(0x000000834ef00000,0x000000834f000000)]
  0x00000197a100c800 JavaThread "Common-Cleaner" daemon [_thread_blocked, id=23560, stack(0x000000834f000000,0x000000834f100000)]
  0x00000197a1052800 JavaThread "Service Thread" daemon [_thread_blocked, id=14264, stack(0x000000834f100000,0x000000834f200000)]
  0x00000197a2a31000 JavaThread "Daemon health stats" [_thread_blocked, id=19060, stack(0x000000834f900000,0x000000834fa00000)]
  0x00000197a20c7000 JavaThread "Incoming local TCP Connector on port 55790" [_thread_in_native, id=10496, stack(0x000000834fb00000,0x000000834fc00000)]
  0x00000197a2479000 JavaThread "Daemon periodic checks" [_thread_blocked, id=23212, stack(0x000000834fc00000,0x000000834fd00000)]
  0x00000197a29d8000 JavaThread "Daemon" [_thread_blocked, id=3784, stack(0x000000834fd00000,0x000000834fe00000)]
  0x00000197a29d9000 JavaThread "Handler for socket connection from /127.0.0.1:55790 to /127.0.0.1:55791" [_thread_in_native, id=23412, stack(0x000000834fe00000,0x000000834ff00000)]
  0x00000197a1c9a000 JavaThread "Cancel handler" [_thread_blocked, id=6308, stack(0x000000834ff00000,0x0000008350000000)]
  0x00000197a2a24800 JavaThread "Daemon worker" [_thread_in_vm, id=16140, stack(0x0000008350000000,0x0000008350100000)]
  0x00000197a2aca000 JavaThread "Asynchronous log dispatcher for DefaultDaemonConnection: socket connection from /127.0.0.1:55790 to /127.0.0.1:55791" [_thread_blocked, id=23376, stack(0x0000008350100000,0x0000008350200000)]
  0x00000197a2f82000 JavaThread "Stdin handler" [_thread_blocked, id=6776, stack(0x0000008350200000,0x0000008350300000)]
  0x00000197a2a1b000 JavaThread "Thread-8" [_thread_blocked, id=22504, stack(0x0000008350300000,0x0000008350400000)]
  0x00000197a2a66000 JavaThread "Cache worker for file hash cache (C:\Users\mamal\.gradle\caches\6.7.1\fileHashes)" [_thread_blocked, id=6808, stack(0x0000008350400000,0x0000008350500000)]
  0x00000197a2a65000 JavaThread "File lock request listener" [_thread_in_native, id=22240, stack(0x0000008350500000,0x0000008350600000)]
  0x00000197a2a67000 JavaThread "Cache worker for journal cache (C:\Users\mamal\.gradle\caches\journal-1)" [_thread_blocked, id=23072, stack(0x0000008350900000,0x0000008350a00000)]
  0x00000197a3160800 JavaThread "C2 CompilerThread1" daemon [_thread_blocked, id=24552, stack(0x0000008350a00000,0x0000008350b00000)]
  0x00000197a2a64800 JavaThread "Cache worker for file hash cache (C:\AndroidProjects\EasyCook\EasyCook\EasyCook\.gradle\6.7.1\fileHashes)" [_thread_blocked, id=23336, stack(0x0000008350c00000,0x0000008350d00000)]
  0x00000197a2a6a000 JavaThread "Cache worker for checksums cache (C:\AndroidProjects\EasyCook\EasyCook\EasyCook\.gradle\checksums)" [_thread_blocked, id=19368, stack(0x0000008350b00000,0x0000008350c00000)]
  0x00000197a2a68800 JavaThread "Cache worker for cache directory md-supplier (C:\Users\mamal\.gradle\caches\6.7.1\md-supplier)" [_thread_blocked, id=2836, stack(0x0000008350d00000,0x0000008350e00000)]
  0x00000197a2a67800 JavaThread "Cache worker for cache directory md-rule (C:\Users\mamal\.gradle\caches\6.7.1\md-rule)" [_thread_blocked, id=23312, stack(0x0000008350e00000,0x0000008350f00000)]
  0x00000197a2a6b000 JavaThread "Cache worker for execution history cache (C:\Users\mamal\.gradle\caches\6.7.1\executionHistory)" [_thread_blocked, id=18840, stack(0x0000008350f00000,0x0000008351000000)]
  0x00000197a2a69800 JavaThread "jar transforms" [_thread_blocked, id=20276, stack(0x0000008351000000,0x0000008351100000)]
  0x00000197a33b3800 JavaThread "Cache worker for file content cache (C:\Users\mamal\.gradle\caches\6.7.1\fileContent)" [_thread_blocked, id=21832, stack(0x0000008351100000,0x0000008351200000)]
  0x00000197a33fa000 JavaThread "C2 CompilerThread2" daemon [_thread_in_native, id=3932, stack(0x0000008351200000,0x0000008351300000)]

Other Threads:
  0x00000197a0e1d800 VMThread "VM Thread" [stack: 0x000000834e800000,0x000000834e900000] [id=23748]
  0x00000197a1047800 WatcherThread [stack: 0x000000834f200000,0x000000834f300000] [id=21872]
  0x00000197842ec800 GCTaskThread "GC Thread#0" [stack: 0x000000834e300000,0x000000834e400000] [id=14252]
  0x00000197a1dc5800 GCTaskThread "GC Thread#1" [stack: 0x000000834f400000,0x000000834f500000] [id=11712]
  0x00000197a1ef8000 GCTaskThread "GC Thread#2" [stack: 0x000000834f500000,0x000000834f600000] [id=7908]
  0x00000197a1ae0800 GCTaskThread "GC Thread#3" [stack: 0x000000834f600000,0x000000834f700000] [id=6780]
  0x00000197a1ae1000 GCTaskThread "GC Thread#4" [stack: 0x000000834f700000,0x000000834f800000] [id=23580]
  0x00000197a1b70800 GCTaskThread "GC Thread#5" [stack: 0x000000834f800000,0x000000834f900000] [id=14904]
  0x00000197a2e4f800 GCTaskThread "GC Thread#6" [stack: 0x0000008350600000,0x0000008350700000] [id=7728]
  0x00000197a2a73000 GCTaskThread "GC Thread#7" [stack: 0x0000008350700000,0x0000008350800000] [id=16724]
  0x000001978431f800 ConcurrentGCThread "G1 Main Marker" [stack: 0x000000834e400000,0x000000834e500000] [id=17160]
  0x0000019784329000 ConcurrentGCThread "G1 Conc#0" [stack: 0x000000834e500000,0x000000834e600000] [id=2968]
  0x00000197a2e09800 ConcurrentGCThread "G1 Conc#1" [stack: 0x0000008350800000,0x0000008350900000] [id=19820]
  0x00000197a0470800 ConcurrentGCThread "G1 Refine#0" [stack: 0x000000834e600000,0x000000834e700000] [id=8824]
  0x00000197a0473800 ConcurrentGCThread "G1 Young RemSet Sampling" [stack: 0x000000834e700000,0x000000834e800000] [id=7600]

Threads with active compile tasks:
C2 CompilerThread0   5623 3072       4       org.objectweb.asm.Frame::execute (2318 bytes)
C2 CompilerThread2   5623 3130       4       groovy.lang.MetaClassImpl$1MOPIter::methodNameAction (325 bytes)

VM state:not at safepoint (normal execution)

VM Mutex/Monitor currently owned by a thread: None

Heap address: 0x0000000080000000, size: 2048 MB, Compressed Oops mode: 32-bit
Narrow klass base: 0x0000000000000000, Narrow klass shift: 3
Compressed class space size: 1073741824 Address: 0x0000000100000000

Heap:
 garbage-first heap   total 258048K, used 84546K [0x0000000080000000, 0x0000000100000000)
  region size 1024K, 66 young (67584K), 6 survivors (6144K)
 Metaspace       used 40963K, capacity 41854K, committed 41932K, reserved 1085440K
  class space    used 5244K, capacity 5536K, committed 5580K, reserved 1048576K
Heap Regions: E=young(eden), S=young(survivor), O=old, HS=humongous(starts), HC=humongous(continues), CS=collection set, F=free, A=archive, TAMS=top-at-mark-start (previous, next)
|   0|0x0000000080000000, 0x0000000080100000, 0x0000000080100000|100%| O|  |TAMS 0x0000000080100000, 0x0000000080000000| Untracked 
|   1|0x0000000080100000, 0x0000000080200000, 0x0000000080200000|100%| O|  |TAMS 0x0000000080200000, 0x0000000080100000| Untracked 
|   2|0x0000000080200000, 0x0000000080300000, 0x0000000080300000|100%| O|  |TAMS 0x0000000080300000, 0x0000000080200000| Untracked 
|   3|0x0000000080300000, 0x0000000080400000, 0x0000000080400000|100%|HS|  |TAMS 0x0000000080400000, 0x0000000080300000| Complete 
|   4|0x0000000080400000, 0x0000000080500000, 0x0000000080500000|100%|HC|  |TAMS 0x0000000080500000, 0x0000000080400000| Complete 
|   5|0x0000000080500000, 0x0000000080600000, 0x0000000080600000|100%|HC|  |TAMS 0x0000000080600000, 0x0000000080500000| Complete 
|   6|0x0000000080600000, 0x0000000080700000, 0x0000000080700000|100%| O|  |TAMS 0x0000000080700000, 0x0000000080600000| Untracked 
|   7|0x0000000080700000, 0x0000000080800000, 0x0000000080800000|100%| O|  |TAMS 0x0000000080800000, 0x0000000080700000| Untracked 
|   8|0x0000000080800000, 0x0000000080900000, 0x0000000080900000|100%| O|  |TAMS 0x0000000080900000, 0x0000000080800000| Untracked 
|   9|0x0000000080900000, 0x0000000080a00000, 0x0000000080a00000|100%| O|  |TAMS 0x0000000080a00000, 0x0000000080900000| Untracked 
|  10|0x0000000080a00000, 0x0000000080b00000, 0x0000000080b00000|100%| O|  |TAMS 0x0000000080b00000, 0x0000000080a00000| Untracked 
|  11|0x0000000080b00000, 0x0000000080c00000, 0x0000000080c00000|100%| O|  |TAMS 0x0000000080c00000, 0x0000000080b00000| Untracked 
|  12|0x0000000080c00000, 0x0000000080d00000, 0x0000000080d00000|100%| O|  |TAMS 0x0000000080d00000, 0x0000000080c00000| Untracked 
|  13|0x0000000080d00000, 0x0000000080e00000, 0x0000000080e00000|100%| O|  |TAMS 0x0000000080e00000, 0x0000000080d00000| Untracked 
|  14|0x0000000080e00000, 0x0000000080f00000, 0x0000000080f00000|100%| O|  |TAMS 0x0000000080f00000, 0x0000000080e00000| Untracked 
|  15|0x0000000080f00000, 0x0000000080f36400, 0x0000000081000000| 21%| O|  |TAMS 0x0000000080f36400, 0x0000000080f00000| Untracked 
|  16|0x0000000081000000, 0x0000000081100000, 0x0000000081100000|100%|HS|  |TAMS 0x0000000081000000, 0x0000000081000000| Complete 
|  17|0x0000000081100000, 0x0000000081200000, 0x0000000081200000|100%|HS|  |TAMS 0x0000000081100000, 0x0000000081100000| Complete 
|  18|0x0000000081200000, 0x0000000081300000, 0x0000000081300000|100%|HC|  |TAMS 0x0000000081200000, 0x0000000081200000| Complete 
|  19|0x0000000081300000, 0x0000000081400000, 0x0000000081400000|100%|HS|  |TAMS 0x0000000081300000, 0x0000000081300000| Complete 
|  20|0x0000000081400000, 0x0000000081400000, 0x0000000081500000|  0%| F|  |TAMS 0x0000000081400000, 0x0000000081400000| Untracked 
|  21|0x0000000081500000, 0x0000000081500000, 0x0000000081600000|  0%| F|  |TAMS 0x0000000081500000, 0x0000000081500000| Untracked 
|  22|0x0000000081600000, 0x0000000081600000, 0x0000000081700000|  0%| F|  |TAMS 0x0000000081600000, 0x0000000081600000| Untracked 
|  23|0x0000000081700000, 0x0000000081700000, 0x0000000081800000|  0%| F|  |TAMS 0x0000000081700000, 0x0000000081700000| Untracked 
|  24|0x0000000081800000, 0x0000000081800000, 0x0000000081900000|  0%| F|  |TAMS 0x0000000081800000, 0x0000000081800000| Untracked 
|  25|0x0000000081900000, 0x0000000081900000, 0x0000000081a00000|  0%| F|  |TAMS 0x0000000081900000, 0x0000000081900000| Untracked 
|  26|0x0000000081a00000, 0x0000000081a00000, 0x0000000081b00000|  0%| F|  |TAMS 0x0000000081a00000, 0x0000000081a00000| Untracked 
|  27|0x0000000081b00000, 0x0000000081b00000, 0x0000000081c00000|  0%| F|  |TAMS 0x0000000081b00000, 0x0000000081b00000| Untracked 
|  28|0x0000000081c00000, 0x0000000081c00000, 0x0000000081d00000|  0%| F|  |TAMS 0x0000000081c00000, 0x0000000081c00000| Untracked 
|  29|0x0000000081d00000, 0x0000000081d00000, 0x0000000081e00000|  0%| F|  |TAMS 0x0000000081d00000, 0x0000000081d00000| Untracked 
|  30|0x0000000081e00000, 0x0000000081e00000, 0x0000000081f00000|  0%| F|  |TAMS 0x0000000081e00000, 0x0000000081e00000| Untracked 
|  31|0x0000000081f00000, 0x0000000081f00000, 0x0000000082000000|  0%| F|  |TAMS 0x0000000081f00000, 0x0000000081f00000| Untracked 
|  32|0x0000000082000000, 0x0000000082000000, 0x0000000082100000|  0%| F|  |TAMS 0x0000000082000000, 0x0000000082000000| Untracked 
|  33|0x0000000082100000, 0x0000000082100000, 0x0000000082200000|  0%| F|  |TAMS 0x0000000082100000, 0x0000000082100000| Untracked 
|  34|0x0000000082200000, 0x0000000082200000, 0x0000000082300000|  0%| F|  |TAMS 0x0000000082200000, 0x0000000082200000| Untracked 
|  35|0x0000000082300000, 0x0000000082300000, 0x0000000082400000|  0%| F|  |TAMS 0x0000000082300000, 0x0000000082300000| Untracked 
|  36|0x0000000082400000, 0x0000000082400000, 0x0000000082500000|  0%| F|  |TAMS 0x0000000082400000, 0x0000000082400000| Untracked 
|  37|0x0000000082500000, 0x0000000082500000, 0x0000000082600000|  0%| F|  |TAMS 0x0000000082500000, 0x0000000082500000| Untracked 
|  38|0x0000000082600000, 0x0000000082600000, 0x0000000082700000|  0%| F|  |TAMS 0x0000000082600000, 0x0000000082600000| Untracked 
|  39|0x0000000082700000, 0x0000000082700000, 0x0000000082800000|  0%| F|  |TAMS 0x0000000082700000, 0x0000000082700000| Untracked 
|  40|0x0000000082800000, 0x0000000082800000, 0x0000000082900000|  0%| F|  |TAMS 0x0000000082800000, 0x0000000082800000| Untracked 
|  41|0x0000000082900000, 0x0000000082900000, 0x0000000082a00000|  0%| F|  |TAMS 0x0000000082900000, 0x0000000082900000| Untracked 
|  42|0x0000000082a00000, 0x0000000082a00000, 0x0000000082b00000|  0%| F|  |TAMS 0x0000000082a00000, 0x0000000082a00000| Untracked 
|  43|0x0000000082b00000, 0x0000000082b00000, 0x0000000082c00000|  0%| F|  |TAMS 0x0000000082b00000, 0x0000000082b00000| Untracked 
|  44|0x0000000082c00000, 0x0000000082c00000, 0x0000000082d00000|  0%| F|  |TAMS 0x0000000082c00000, 0x0000000082c00000| Untracked 
|  45|0x0000000082d00000, 0x0000000082d00000, 0x0000000082e00000|  0%| F|  |TAMS 0x0000000082d00000, 0x0000000082d00000| Untracked 
|  46|0x0000000082e00000, 0x0000000082e00000, 0x0000000082f00000|  0%| F|  |TAMS 0x0000000082e00000, 0x0000000082e00000| Untracked 
|  47|0x0000000082f00000, 0x0000000082f00000, 0x0000000083000000|  0%| F|  |TAMS 0x0000000082f00000, 0x0000000082f00000| Untracked 
|  48|0x0000000083000000, 0x0000000083000000, 0x0000000083100000|  0%| F|  |TAMS 0x0000000083000000, 0x0000000083000000| Untracked 
|  49|0x0000000083100000, 0x0000000083100000, 0x0000000083200000|  0%| F|  |TAMS 0x0000000083100000, 0x0000000083100000| Untracked 
|  50|0x0000000083200000, 0x0000000083200000, 0x0000000083300000|  0%| F|  |TAMS 0x0000000083200000, 0x0000000083200000| Untracked 
|  51|0x0000000083300000, 0x0000000083300000, 0x0000000083400000|  0%| F|  |TAMS 0x0000000083300000, 0x0000000083300000| Untracked 
|  52|0x0000000083400000, 0x0000000083400000, 0x0000000083500000|  0%| F|  |TAMS 0x0000000083400000, 0x0000000083400000| Untracked 
|  53|0x0000000083500000, 0x0000000083500000, 0x0000000083600000|  0%| F|  |TAMS 0x0000000083500000, 0x0000000083500000| Untracked 
|  54|0x0000000083600000, 0x0000000083600000, 0x0000000083700000|  0%| F|  |TAMS 0x0000000083600000, 0x0000000083600000| Untracked 
|  55|0x0000000083700000, 0x0000000083700000, 0x0000000083800000|  0%| F|  |TAMS 0x0000000083700000, 0x0000000083700000| Untracked 
|  56|0x0000000083800000, 0x0000000083800000, 0x0000000083900000|  0%| F|  |TAMS 0x0000000083800000, 0x0000000083800000| Untracked 
|  57|0x0000000083900000, 0x0000000083900000, 0x0000000083a00000|  0%| F|  |TAMS 0x0000000083900000, 0x0000000083900000| Untracked 
|  58|0x0000000083a00000, 0x0000000083a00000, 0x0000000083b00000|  0%| F|  |TAMS 0x0000000083a00000, 0x0000000083a00000| Untracked 
|  59|0x0000000083b00000, 0x0000000083b00000, 0x0000000083c00000|  0%| F|  |TAMS 0x0000000083b00000, 0x0000000083b00000| Untracked 
|  60|0x0000000083c00000, 0x0000000083c00000, 0x0000000083d00000|  0%| F|  |TAMS 0x0000000083c00000, 0x0000000083c00000| Untracked 
|  61|0x0000000083d00000, 0x0000000083d00000, 0x0000000083e00000|  0%| F|  |TAMS 0x0000000083d00000, 0x0000000083d00000| Untracked 
|  62|0x0000000083e00000, 0x0000000083e00000, 0x0000000083f00000|  0%| F|  |TAMS 0x0000000083e00000, 0x0000000083e00000| Untracked 
|  63|0x0000000083f00000, 0x0000000083f00000, 0x0000000084000000|  0%| F|  |TAMS 0x0000000083f00000, 0x0000000083f00000| Untracked 
|  64|0x0000000084000000, 0x0000000084000000, 0x0000000084100000|  0%| F|  |TAMS 0x0000000084000000, 0x0000000084000000| Untracked 
|  65|0x0000000084100000, 0x0000000084100000, 0x0000000084200000|  0%| F|  |TAMS 0x0000000084100000, 0x0000000084100000| Untracked 
|  66|0x0000000084200000, 0x0000000084200000, 0x0000000084300000|  0%| F|  |TAMS 0x0000000084200000, 0x0000000084200000| Untracked 
|  67|0x0000000084300000, 0x0000000084300000, 0x0000000084400000|  0%| F|  |TAMS 0x0000000084300000, 0x0000000084300000| Untracked 
|  68|0x0000000084400000, 0x0000000084400000, 0x0000000084500000|  0%| F|  |TAMS 0x0000000084400000, 0x0000000084400000| Untracked 
|  69|0x0000000084500000, 0x0000000084500000, 0x0000000084600000|  0%| F|  |TAMS 0x0000000084500000, 0x0000000084500000| Untracked 
|  70|0x0000000084600000, 0x0000000084600000, 0x0000000084700000|  0%| F|  |TAMS 0x0000000084600000, 0x0000000084600000| Untracked 
|  71|0x0000000084700000, 0x0000000084700000, 0x0000000084800000|  0%| F|  |TAMS 0x0000000084700000, 0x0000000084700000| Untracked 
|  72|0x0000000084800000, 0x0000000084800000, 0x0000000084900000|  0%| F|  |TAMS 0x0000000084800000, 0x0000000084800000| Untracked 
|  73|0x0000000084900000, 0x0000000084900000, 0x0000000084a00000|  0%| F|  |TAMS 0x0000000084900000, 0x0000000084900000| Untracked 
|  74|0x0000000084a00000, 0x0000000084a00000, 0x0000000084b00000|  0%| F|  |TAMS 0x0000000084a00000, 0x0000000084a00000| Untracked 
|  75|0x0000000084b00000, 0x0000000084b00000, 0x0000000084c00000|  0%| F|  |TAMS 0x0000000084b00000, 0x0000000084b00000| Untracked 
|  76|0x0000000084c00000, 0x0000000084c00000, 0x0000000084d00000|  0%| F|  |TAMS 0x0000000084c00000, 0x0000000084c00000| Untracked 
|  77|0x0000000084d00000, 0x0000000084d00000, 0x0000000084e00000|  0%| F|  |TAMS 0x0000000084d00000, 0x0000000084d00000| Untracked 
|  78|0x0000000084e00000, 0x0000000084e00000, 0x0000000084f00000|  0%| F|  |TAMS 0x0000000084e00000, 0x0000000084e00000| Untracked 
|  79|0x0000000084f00000, 0x0000000084f00000, 0x0000000085000000|  0%| F|  |TAMS 0x0000000084f00000, 0x0000000084f00000| Untracked 
|  80|0x0000000085000000, 0x0000000085000000, 0x0000000085100000|  0%| F|  |TAMS 0x0000000085000000, 0x0000000085000000| Untracked 
|  81|0x0000000085100000, 0x0000000085100000, 0x0000000085200000|  0%| F|  |TAMS 0x0000000085100000, 0x0000000085100000| Untracked 
|  82|0x0000000085200000, 0x0000000085200000, 0x0000000085300000|  0%| F|  |TAMS 0x0000000085200000, 0x0000000085200000| Untracked 
|  83|0x0000000085300000, 0x0000000085300000, 0x0000000085400000|  0%| F|  |TAMS 0x0000000085300000, 0x0000000085300000| Untracked 
|  84|0x0000000085400000, 0x0000000085400000, 0x0000000085500000|  0%| F|  |TAMS 0x0000000085400000, 0x0000000085400000| Untracked 
|  85|0x0000000085500000, 0x0000000085500000, 0x0000000085600000|  0%| F|  |TAMS 0x0000000085500000, 0x0000000085500000| Untracked 
|  86|0x0000000085600000, 0x0000000085600000, 0x0000000085700000|  0%| F|  |TAMS 0x0000000085600000, 0x0000000085600000| Untracked 
|  87|0x0000000085700000, 0x0000000085700000, 0x0000000085800000|  0%| F|  |TAMS 0x0000000085700000, 0x0000000085700000| Untracked 
|  88|0x0000000085800000, 0x0000000085800000, 0x0000000085900000|  0%| F|  |TAMS 0x0000000085800000, 0x0000000085800000| Untracked 
|  89|0x0000000085900000, 0x0000000085900000, 0x0000000085a00000|  0%| F|  |TAMS 0x0000000085900000, 0x0000000085900000| Untracked 
|  90|0x0000000085a00000, 0x0000000085a00000, 0x0000000085b00000|  0%| F|  |TAMS 0x0000000085a00000, 0x0000000085a00000| Untracked 
|  91|0x0000000085b00000, 0x0000000085b00000, 0x0000000085c00000|  0%| F|  |TAMS 0x0000000085b00000, 0x0000000085b00000| Untracked 
|  92|0x0000000085c00000, 0x0000000085c00000, 0x0000000085d00000|  0%| F|  |TAMS 0x0000000085c00000, 0x0000000085c00000| Untracked 
|  93|0x0000000085d00000, 0x0000000085d00000, 0x0000000085e00000|  0%| F|  |TAMS 0x0000000085d00000, 0x0000000085d00000| Untracked 
|  94|0x0000000085e00000, 0x0000000085e00000, 0x0000000085f00000|  0%| F|  |TAMS 0x0000000085e00000, 0x0000000085e00000| Untracked 
|  95|0x0000000085f00000, 0x0000000085f00000, 0x0000000086000000|  0%| F|  |TAMS 0x0000000085f00000, 0x0000000085f00000| Untracked 
|  96|0x0000000086000000, 0x0000000086000000, 0x0000000086100000|  0%| F|  |TAMS 0x0000000086000000, 0x0000000086000000| Untracked 
|  97|0x0000000086100000, 0x0000000086100000, 0x0000000086200000|  0%| F|  |TAMS 0x0000000086100000, 0x0000000086100000| Untracked 
|  98|0x0000000086200000, 0x0000000086200000, 0x0000000086300000|  0%| F|  |TAMS 0x0000000086200000, 0x0000000086200000| Untracked 
|  99|0x0000000086300000, 0x0000000086300000, 0x0000000086400000|  0%| F|  |TAMS 0x0000000086300000, 0x0000000086300000| Untracked 
| 100|0x0000000086400000, 0x0000000086400000, 0x0000000086500000|  0%| F|  |TAMS 0x0000000086400000, 0x0000000086400000| Untracked 
| 101|0x0000000086500000, 0x0000000086500000, 0x0000000086600000|  0%| F|  |TAMS 0x0000000086500000, 0x0000000086500000| Untracked 
| 102|0x0000000086600000, 0x0000000086600000, 0x0000000086700000|  0%| F|  |TAMS 0x0000000086600000, 0x0000000086600000| Untracked 
| 103|0x0000000086700000, 0x0000000086700000, 0x0000000086800000|  0%| F|  |TAMS 0x0000000086700000, 0x0000000086700000| Untracked 
| 104|0x0000000086800000, 0x0000000086800000, 0x0000000086900000|  0%| F|  |TAMS 0x0000000086800000, 0x0000000086800000| Untracked 
| 105|0x0000000086900000, 0x0000000086900000, 0x0000000086a00000|  0%| F|  |TAMS 0x0000000086900000, 0x0000000086900000| Untracked 
| 106|0x0000000086a00000, 0x0000000086a00000, 0x0000000086b00000|  0%| F|  |TAMS 0x0000000086a00000, 0x0000000086a00000| Untracked 
| 107|0x0000000086b00000, 0x0000000086b00000, 0x0000000086c00000|  0%| F|  |TAMS 0x0000000086b00000, 0x0000000086b00000| Untracked 
| 108|0x0000000086c00000, 0x0000000086c00000, 0x0000000086d00000|  0%| F|  |TAMS 0x0000000086c00000, 0x0000000086c00000| Untracked 
| 109|0x0000000086d00000, 0x0000000086d00000, 0x0000000086e00000|  0%| F|  |TAMS 0x0000000086d00000, 0x0000000086d00000| Untracked 
| 110|0x0000000086e00000, 0x0000000086e00000, 0x0000000086f00000|  0%| F|  |TAMS 0x0000000086e00000, 0x0000000086e00000| Untracked 
| 111|0x0000000086f00000, 0x0000000086f00000, 0x0000000087000000|  0%| F|  |TAMS 0x0000000086f00000, 0x0000000086f00000| Untracked 
| 112|0x0000000087000000, 0x0000000087000000, 0x0000000087100000|  0%| F|  |TAMS 0x0000000087000000, 0x0000000087000000| Untracked 
| 113|0x0000000087100000, 0x0000000087100000, 0x0000000087200000|  0%| F|  |TAMS 0x0000000087100000, 0x0000000087100000| Untracked 
| 114|0x0000000087200000, 0x0000000087200000, 0x0000000087300000|  0%| F|  |TAMS 0x0000000087200000, 0x0000000087200000| Untracked 
| 115|0x0000000087300000, 0x0000000087300000, 0x0000000087400000|  0%| F|  |TAMS 0x0000000087300000, 0x0000000087300000| Untracked 
| 116|0x0000000087400000, 0x0000000087400000, 0x0000000087500000|  0%| F|  |TAMS 0x0000000087400000, 0x0000000087400000| Untracked 
| 117|0x0000000087500000, 0x0000000087500000, 0x0000000087600000|  0%| F|  |TAMS 0x0000000087500000, 0x0000000087500000| Untracked 
| 118|0x0000000087600000, 0x0000000087600000, 0x0000000087700000|  0%| F|  |TAMS 0x0000000087600000, 0x0000000087600000| Untracked 
| 119|0x0000000087700000, 0x0000000087700000, 0x0000000087800000|  0%| F|  |TAMS 0x0000000087700000, 0x0000000087700000| Untracked 
| 120|0x0000000087800000, 0x0000000087800000, 0x0000000087900000|  0%| F|  |TAMS 0x0000000087800000, 0x0000000087800000| Untracked 
| 121|0x0000000087900000, 0x0000000087900000, 0x0000000087a00000|  0%| F|  |TAMS 0x0000000087900000, 0x0000000087900000| Untracked 
| 122|0x0000000087a00000, 0x0000000087a00000, 0x0000000087b00000|  0%| F|  |TAMS 0x0000000087a00000, 0x0000000087a00000| Untracked 
| 123|0x0000000087b00000, 0x0000000087b00000, 0x0000000087c00000|  0%| F|  |TAMS 0x0000000087b00000, 0x0000000087b00000| Untracked 
| 124|0x0000000087c00000, 0x0000000087c00000, 0x0000000087d00000|  0%| F|  |TAMS 0x0000000087c00000, 0x0000000087c00000| Untracked 
| 125|0x0000000087d00000, 0x0000000087d00000, 0x0000000087e00000|  0%| F|  |TAMS 0x0000000087d00000, 0x0000000087d00000| Untracked 
| 126|0x0000000087e00000, 0x0000000087e00000, 0x0000000087f00000|  0%| F|  |TAMS 0x0000000087e00000, 0x0000000087e00000| Untracked 
| 127|0x0000000087f00000, 0x0000000087f00000, 0x0000000088000000|  0%| F|  |TAMS 0x0000000087f00000, 0x0000000087f00000| Untracked 
| 128|0x0000000088000000, 0x0000000088000000, 0x0000000088100000|  0%| F|  |TAMS 0x0000000088000000, 0x0000000088000000| Untracked 
| 129|0x0000000088100000, 0x0000000088100000, 0x0000000088200000|  0%| F|  |TAMS 0x0000000088100000, 0x0000000088100000| Untracked 
| 130|0x0000000088200000, 0x0000000088200000, 0x0000000088300000|  0%| F|  |TAMS 0x0000000088200000, 0x0000000088200000| Untracked 
| 131|0x0000000088300000, 0x0000000088300000, 0x0000000088400000|  0%| F|  |TAMS 0x0000000088300000, 0x0000000088300000| Untracked 
| 132|0x0000000088400000, 0x0000000088400000, 0x0000000088500000|  0%| F|  |TAMS 0x0000000088400000, 0x0000000088400000| Untracked 
| 133|0x0000000088500000, 0x0000000088500000, 0x0000000088600000|  0%| F|  |TAMS 0x0000000088500000, 0x0000000088500000| Untracked 
| 134|0x0000000088600000, 0x0000000088600000, 0x0000000088700000|  0%| F|  |TAMS 0x0000000088600000, 0x0000000088600000| Untracked 
| 135|0x0000000088700000, 0x0000000088700000, 0x0000000088800000|  0%| F|  |TAMS 0x0000000088700000, 0x0000000088700000| Untracked 
| 136|0x0000000088800000, 0x0000000088800000, 0x0000000088900000|  0%| F|  |TAMS 0x0000000088800000, 0x0000000088800000| Untracked 
| 137|0x0000000088900000, 0x0000000088900000, 0x0000000088a00000|  0%| F|  |TAMS 0x0000000088900000, 0x0000000088900000| Untracked 
| 138|0x0000000088a00000, 0x0000000088a00000, 0x0000000088b00000|  0%| F|  |TAMS 0x0000000088a00000, 0x0000000088a00000| Untracked 
| 139|0x0000000088b00000, 0x0000000088b00000, 0x0000000088c00000|  0%| F|  |TAMS 0x0000000088b00000, 0x0000000088b00000| Untracked 
| 140|0x0000000088c00000, 0x0000000088c00000, 0x0000000088d00000|  0%| F|  |TAMS 0x0000000088c00000, 0x0000000088c00000| Untracked 
| 141|0x0000000088d00000, 0x0000000088d00000, 0x0000000088e00000|  0%| F|  |TAMS 0x0000000088d00000, 0x0000000088d00000| Untracked 
| 142|0x0000000088e00000, 0x0000000088e00000, 0x0000000088f00000|  0%| F|  |TAMS 0x0000000088e00000, 0x0000000088e00000| Untracked 
| 143|0x0000000088f00000, 0x0000000088f00000, 0x0000000089000000|  0%| F|  |TAMS 0x0000000088f00000, 0x0000000088f00000| Untracked 
| 144|0x0000000089000000, 0x0000000089000000, 0x0000000089100000|  0%| F|  |TAMS 0x0000000089000000, 0x0000000089000000| Untracked 
| 145|0x0000000089100000, 0x0000000089100000, 0x0000000089200000|  0%| F|  |TAMS 0x0000000089100000, 0x0000000089100000| Untracked 
| 146|0x0000000089200000, 0x0000000089200000, 0x0000000089300000|  0%| F|  |TAMS 0x0000000089200000, 0x0000000089200000| Untracked 
| 147|0x0000000089300000, 0x0000000089300000, 0x0000000089400000|  0%| F|  |TAMS 0x0000000089300000, 0x0000000089300000| Untracked 
| 148|0x0000000089400000, 0x0000000089400000, 0x0000000089500000|  0%| F|  |TAMS 0x0000000089400000, 0x0000000089400000| Untracked 
| 149|0x0000000089500000, 0x0000000089500000, 0x0000000089600000|  0%| F|  |TAMS 0x0000000089500000, 0x0000000089500000| Untracked 
| 150|0x0000000089600000, 0x0000000089600000, 0x0000000089700000|  0%| F|  |TAMS 0x0000000089600000, 0x0000000089600000| Untracked 
| 151|0x0000000089700000, 0x0000000089700000, 0x0000000089800000|  0%| F|  |TAMS 0x0000000089700000, 0x0000000089700000| Untracked 
| 152|0x0000000089800000, 0x0000000089800000, 0x0000000089900000|  0%| F|  |TAMS 0x0000000089800000, 0x0000000089800000| Untracked 
| 153|0x0000000089900000, 0x0000000089900000, 0x0000000089a00000|  0%| F|  |TAMS 0x0000000089900000, 0x0000000089900000| Untracked 
| 154|0x0000000089a00000, 0x0000000089a00000, 0x0000000089b00000|  0%| F|  |TAMS 0x0000000089a00000, 0x0000000089a00000| Untracked 
| 155|0x0000000089b00000, 0x0000000089b00000, 0x0000000089c00000|  0%| F|  |TAMS 0x0000000089b00000, 0x0000000089b00000| Untracked 
| 156|0x0000000089c00000, 0x0000000089c00000, 0x0000000089d00000|  0%| F|  |TAMS 0x0000000089c00000, 0x0000000089c00000| Untracked 
| 157|0x0000000089d00000, 0x0000000089d00000, 0x0000000089e00000|  0%| F|  |TAMS 0x0000000089d00000, 0x0000000089d00000| Untracked 
| 158|0x0000000089e00000, 0x0000000089e00000, 0x0000000089f00000|  0%| F|  |TAMS 0x0000000089e00000, 0x0000000089e00000| Untracked 
| 159|0x0000000089f00000, 0x0000000089f00000, 0x000000008a000000|  0%| F|  |TAMS 0x0000000089f00000, 0x0000000089f00000| Untracked 
| 160|0x000000008a000000, 0x000000008a000000, 0x000000008a100000|  0%| F|  |TAMS 0x000000008a000000, 0x000000008a000000| Untracked 
| 161|0x000000008a100000, 0x000000008a100000, 0x000000008a200000|  0%| F|  |TAMS 0x000000008a100000, 0x000000008a100000| Untracked 
| 162|0x000000008a200000, 0x000000008a200000, 0x000000008a300000|  0%| F|  |TAMS 0x000000008a200000, 0x000000008a200000| Untracked 
| 163|0x000000008a300000, 0x000000008a300000, 0x000000008a400000|  0%| F|  |TAMS 0x000000008a300000, 0x000000008a300000| Untracked 
| 164|0x000000008a400000, 0x000000008a400000, 0x000000008a500000|  0%| F|  |TAMS 0x000000008a400000, 0x000000008a400000| Untracked 
| 165|0x000000008a500000, 0x000000008a500000, 0x000000008a600000|  0%| F|  |TAMS 0x000000008a500000, 0x000000008a500000| Untracked 
| 166|0x000000008a600000, 0x000000008a600000, 0x000000008a700000|  0%| F|  |TAMS 0x000000008a600000, 0x000000008a600000| Untracked 
| 167|0x000000008a700000, 0x000000008a700000, 0x000000008a800000|  0%| F|  |TAMS 0x000000008a700000, 0x000000008a700000| Untracked 
| 168|0x000000008a800000, 0x000000008a800000, 0x000000008a900000|  0%| F|  |TAMS 0x000000008a800000, 0x000000008a800000| Untracked 
| 169|0x000000008a900000, 0x000000008a900000, 0x000000008aa00000|  0%| F|  |TAMS 0x000000008a900000, 0x000000008a900000| Untracked 
| 170|0x000000008aa00000, 0x000000008aa00000, 0x000000008ab00000|  0%| F|  |TAMS 0x000000008aa00000, 0x000000008aa00000| Untracked 
| 171|0x000000008ab00000, 0x000000008ab00000, 0x000000008ac00000|  0%| F|  |TAMS 0x000000008ab00000, 0x000000008ab00000| Untracked 
| 172|0x000000008ac00000, 0x000000008ac00000, 0x000000008ad00000|  0%| F|  |TAMS 0x000000008ac00000, 0x000000008ac00000| Untracked 
| 173|0x000000008ad00000, 0x000000008ad00000, 0x000000008ae00000|  0%| F|  |TAMS 0x000000008ad00000, 0x000000008ad00000| Untracked 
| 174|0x000000008ae00000, 0x000000008ae00000, 0x000000008af00000|  0%| F|  |TAMS 0x000000008ae00000, 0x000000008ae00000| Untracked 
| 175|0x000000008af00000, 0x000000008af00000, 0x000000008b000000|  0%| F|  |TAMS 0x000000008af00000, 0x000000008af00000| Untracked 
| 176|0x000000008b000000, 0x000000008b000000, 0x000000008b100000|  0%| F|  |TAMS 0x000000008b000000, 0x000000008b000000| Untracked 
| 177|0x000000008b100000, 0x000000008b100000, 0x000000008b200000|  0%| F|  |TAMS 0x000000008b100000, 0x000000008b100000| Untracked 
| 178|0x000000008b200000, 0x000000008b200000, 0x000000008b300000|  0%| F|  |TAMS 0x000000008b200000, 0x000000008b200000| Untracked 
| 179|0x000000008b300000, 0x000000008b300000, 0x000000008b400000|  0%| F|  |TAMS 0x000000008b300000, 0x000000008b300000| Untracked 
| 180|0x000000008b400000, 0x000000008b400000, 0x000000008b500000|  0%| F|  |TAMS 0x000000008b400000, 0x000000008b400000| Untracked 
| 181|0x000000008b500000, 0x000000008b500000, 0x000000008b600000|  0%| F|  |TAMS 0x000000008b500000, 0x000000008b500000| Untracked 
| 182|0x000000008b600000, 0x000000008b600000, 0x000000008b700000|  0%| F|  |TAMS 0x000000008b600000, 0x000000008b600000| Untracked 
| 183|0x000000008b700000, 0x000000008b700000, 0x000000008b800000|  0%| F|  |TAMS 0x000000008b700000, 0x000000008b700000| Untracked 
| 184|0x000000008b800000, 0x000000008b800000, 0x000000008b900000|  0%| F|  |TAMS 0x000000008b800000, 0x000000008b800000| Untracked 
| 185|0x000000008b900000, 0x000000008b980800, 0x000000008ba00000| 50%| E|  |TAMS 0x000000008b900000, 0x000000008b900000| Complete 
| 186|0x000000008ba00000, 0x000000008bb00000, 0x000000008bb00000|100%| E|CS|TAMS 0x000000008ba00000, 0x000000008ba00000| Complete 
| 187|0x000000008bb00000, 0x000000008bc00000, 0x000000008bc00000|100%| E|CS|TAMS 0x000000008bb00000, 0x000000008bb00000| Complete 
| 188|0x000000008bc00000, 0x000000008bd00000, 0x000000008bd00000|100%| E|CS|TAMS 0x000000008bc00000, 0x000000008bc00000| Complete 
| 189|0x000000008bd00000, 0x000000008be00000, 0x000000008be00000|100%| E|CS|TAMS 0x000000008bd00000, 0x000000008bd00000| Complete 
| 190|0x000000008be00000, 0x000000008bf00000, 0x000000008bf00000|100%| E|CS|TAMS 0x000000008be00000, 0x000000008be00000| Complete 
| 191|0x000000008bf00000, 0x000000008c000000, 0x000000008c000000|100%| E|CS|TAMS 0x000000008bf00000, 0x000000008bf00000| Complete 
| 192|0x000000008c000000, 0x000000008c100000, 0x000000008c100000|100%| E|CS|TAMS 0x000000008c000000, 0x000000008c000000| Complete 
| 193|0x000000008c100000, 0x000000008c200000, 0x000000008c200000|100%| E|CS|TAMS 0x000000008c100000, 0x000000008c100000| Complete 
| 194|0x000000008c200000, 0x000000008c300000, 0x000000008c300000|100%| E|CS|TAMS 0x000000008c200000, 0x000000008c200000| Complete 
| 195|0x000000008c300000, 0x000000008c400000, 0x000000008c400000|100%| E|CS|TAMS 0x000000008c300000, 0x000000008c300000| Complete 
| 196|0x000000008c400000, 0x000000008c500000, 0x000000008c500000|100%| E|CS|TAMS 0x000000008c400000, 0x000000008c400000| Complete 
| 197|0x000000008c500000, 0x000000008c600000, 0x000000008c600000|100%| E|CS|TAMS 0x000000008c500000, 0x000000008c500000| Complete 
| 198|0x000000008c600000, 0x000000008c700000, 0x000000008c700000|100%| E|CS|TAMS 0x000000008c600000, 0x000000008c600000| Complete 
| 199|0x000000008c700000, 0x000000008c800000, 0x000000008c800000|100%| E|CS|TAMS 0x000000008c700000, 0x000000008c700000| Complete 
| 200|0x000000008c800000, 0x000000008c900000, 0x000000008c900000|100%| E|CS|TAMS 0x000000008c800000, 0x000000008c800000| Complete 
| 201|0x000000008c900000, 0x000000008ca00000, 0x000000008ca00000|100%| E|CS|TAMS 0x000000008c900000, 0x000000008c900000| Complete 
| 202|0x000000008ca00000, 0x000000008cb00000, 0x000000008cb00000|100%| E|CS|TAMS 0x000000008ca00000, 0x000000008ca00000| Complete 
| 203|0x000000008cb00000, 0x000000008cc00000, 0x000000008cc00000|100%| E|CS|TAMS 0x000000008cb00000, 0x000000008cb00000| Complete 
| 204|0x000000008cc00000, 0x000000008cd00000, 0x000000008cd00000|100%| E|CS|TAMS 0x000000008cc00000, 0x000000008cc00000| Complete 
| 205|0x000000008cd00000, 0x000000008ce00000, 0x000000008ce00000|100%| E|CS|TAMS 0x000000008cd00000, 0x000000008cd00000| Complete 
| 206|0x000000008ce00000, 0x000000008cf00000, 0x000000008cf00000|100%| E|CS|TAMS 0x000000008ce00000, 0x000000008ce00000| Complete 
| 207|0x000000008cf00000, 0x000000008cf5a510, 0x000000008d000000| 35%| S|CS|TAMS 0x000000008cf00000, 0x000000008cf00000| Complete 
| 208|0x000000008d000000, 0x000000008d100000, 0x000000008d100000|100%| S|CS|TAMS 0x000000008d000000, 0x000000008d000000| Complete 
| 209|0x000000008d100000, 0x000000008d200000, 0x000000008d200000|100%| S|CS|TAMS 0x000000008d100000, 0x000000008d100000| Complete 
| 210|0x000000008d200000, 0x000000008d300000, 0x000000008d300000|100%| S|CS|TAMS 0x000000008d200000, 0x000000008d200000| Complete 
| 211|0x000000008d300000, 0x000000008d400000, 0x000000008d400000|100%| S|CS|TAMS 0x000000008d300000, 0x000000008d300000| Complete 
| 212|0x000000008d400000, 0x000000008d500000, 0x000000008d500000|100%| S|CS|TAMS 0x000000008d400000, 0x000000008d400000| Complete 
| 213|0x000000008d500000, 0x000000008d600000, 0x000000008d600000|100%| E|CS|TAMS 0x000000008d500000, 0x000000008d500000| Complete 
| 214|0x000000008d600000, 0x000000008d700000, 0x000000008d700000|100%| E|CS|TAMS 0x000000008d600000, 0x000000008d600000| Complete 
| 215|0x000000008d700000, 0x000000008d800000, 0x000000008d800000|100%| E|CS|TAMS 0x000000008d700000, 0x000000008d700000| Complete 
| 216|0x000000008d800000, 0x000000008d900000, 0x000000008d900000|100%| E|CS|TAMS 0x000000008d800000, 0x000000008d800000| Complete 
| 217|0x000000008d900000, 0x000000008da00000, 0x000000008da00000|100%| E|CS|TAMS 0x000000008d900000, 0x000000008d900000| Complete 
| 218|0x000000008da00000, 0x000000008db00000, 0x000000008db00000|100%| E|CS|TAMS 0x000000008da00000, 0x000000008da00000| Complete 
| 219|0x000000008db00000, 0x000000008dc00000, 0x000000008dc00000|100%| E|CS|TAMS 0x000000008db00000, 0x000000008db00000| Complete 
| 220|0x000000008dc00000, 0x000000008dd00000, 0x000000008dd00000|100%| E|CS|TAMS 0x000000008dc00000, 0x000000008dc00000| Complete 
| 221|0x000000008dd00000, 0x000000008de00000, 0x000000008de00000|100%| E|CS|TAMS 0x000000008dd00000, 0x000000008dd00000| Complete 
| 222|0x000000008de00000, 0x000000008df00000, 0x000000008df00000|100%| E|CS|TAMS 0x000000008de00000, 0x000000008de00000| Complete 
| 223|0x000000008df00000, 0x000000008e000000, 0x000000008e000000|100%| E|CS|TAMS 0x000000008df00000, 0x000000008df00000| Complete 
| 224|0x000000008e000000, 0x000000008e100000, 0x000000008e100000|100%| E|CS|TAMS 0x000000008e000000, 0x000000008e000000| Complete 
| 225|0x000000008e100000, 0x000000008e200000, 0x000000008e200000|100%| E|CS|TAMS 0x000000008e100000, 0x000000008e100000| Complete 
| 226|0x000000008e200000, 0x000000008e300000, 0x000000008e300000|100%| E|CS|TAMS 0x000000008e200000, 0x000000008e200000| Complete 
| 227|0x000000008e300000, 0x000000008e400000, 0x000000008e400000|100%| E|CS|TAMS 0x000000008e300000, 0x000000008e300000| Complete 
| 228|0x000000008e400000, 0x000000008e500000, 0x000000008e500000|100%| E|CS|TAMS 0x000000008e400000, 0x000000008e400000| Complete 
| 229|0x000000008e500000, 0x000000008e600000, 0x000000008e600000|100%| E|CS|TAMS 0x000000008e500000, 0x000000008e500000| Complete 
| 230|0x000000008e600000, 0x000000008e700000, 0x000000008e700000|100%| E|CS|TAMS 0x000000008e600000, 0x000000008e600000| Complete 
| 231|0x000000008e700000, 0x000000008e800000, 0x000000008e800000|100%| E|CS|TAMS 0x000000008e700000, 0x000000008e700000| Complete 
| 232|0x000000008e800000, 0x000000008e900000, 0x000000008e900000|100%| E|CS|TAMS 0x000000008e800000, 0x000000008e800000| Complete 
| 233|0x000000008e900000, 0x000000008ea00000, 0x000000008ea00000|100%| E|CS|TAMS 0x000000008e900000, 0x000000008e900000| Complete 
| 234|0x000000008ea00000, 0x000000008eb00000, 0x000000008eb00000|100%| E|CS|TAMS 0x000000008ea00000, 0x000000008ea00000| Complete 
| 235|0x000000008eb00000, 0x000000008ec00000, 0x000000008ec00000|100%| E|CS|TAMS 0x000000008eb00000, 0x000000008eb00000| Complete 
| 236|0x000000008ec00000, 0x000000008ed00000, 0x000000008ed00000|100%| E|CS|TAMS 0x000000008ec00000, 0x000000008ec00000| Complete 
| 237|0x000000008ed00000, 0x000000008ee00000, 0x000000008ee00000|100%| E|CS|TAMS 0x000000008ed00000, 0x000000008ed00000| Complete 
| 238|0x000000008ee00000, 0x000000008ef00000, 0x000000008ef00000|100%| E|CS|TAMS 0x000000008ee00000, 0x000000008ee00000| Complete 
| 239|0x000000008ef00000, 0x000000008f000000, 0x000000008f000000|100%| E|CS|TAMS 0x000000008ef00000, 0x000000008ef00000| Complete 
| 240|0x000000008f000000, 0x000000008f100000, 0x000000008f100000|100%| E|CS|TAMS 0x000000008f000000, 0x000000008f000000| Complete 
| 241|0x000000008f100000, 0x000000008f200000, 0x000000008f200000|100%| E|CS|TAMS 0x000000008f100000, 0x000000008f100000| Complete 
| 242|0x000000008f200000, 0x000000008f300000, 0x000000008f300000|100%| E|CS|TAMS 0x000000008f200000, 0x000000008f200000| Complete 
| 243|0x000000008f300000, 0x000000008f400000, 0x000000008f400000|100%| E|  |TAMS 0x000000008f300000, 0x000000008f300000| Complete 
| 244|0x000000008f400000, 0x000000008f500000, 0x000000008f500000|100%| E|CS|TAMS 0x000000008f400000, 0x000000008f400000| Complete 
| 245|0x000000008f500000, 0x000000008f600000, 0x000000008f600000|100%| E|CS|TAMS 0x000000008f500000, 0x000000008f500000| Complete 
| 246|0x000000008f600000, 0x000000008f700000, 0x000000008f700000|100%| E|CS|TAMS 0x000000008f600000, 0x000000008f600000| Complete 
| 247|0x000000008f700000, 0x000000008f800000, 0x000000008f800000|100%| E|CS|TAMS 0x000000008f700000, 0x000000008f700000| Complete 
| 248|0x000000008f800000, 0x000000008f900000, 0x000000008f900000|100%| E|CS|TAMS 0x000000008f800000, 0x000000008f800000| Complete 
| 249|0x000000008f900000, 0x000000008fa00000, 0x000000008fa00000|100%| E|CS|TAMS 0x000000008f900000, 0x000000008f900000| Complete 
| 250|0x000000008fa00000, 0x000000008fb00000, 0x000000008fb00000|100%| E|CS|TAMS 0x000000008fa00000, 0x000000008fa00000| Complete 
| 251|0x000000008fb00000, 0x000000008fc00000, 0x000000008fc00000|100%| E|CS|TAMS 0x000000008fb00000, 0x000000008fb00000| Complete 

Card table byte_map: [0x00000197992b0000,0x00000197996b0000] _byte_map_base: 0x0000019798eb0000

Marking Bits (Prev, Next): (CMBitMap*) 0x00000197843160c8, (CMBitMap*) 0x0000019784316100
 Prev Bits: [0x0000019799ab0000, 0x000001979bab0000)
 Next Bits: [0x000001979bab0000, 0x000001979dab0000)

Polling page: 0x0000019784230000

Metaspace:

Usage:
  Non-class:     35.53 MB capacity,    34.94 MB ( 98%) used,   525.84 KB (  1%) free+waste,    78.25 KB ( <1%) overhead. 
      Class:      5.44 MB capacity,     5.13 MB ( 94%) used,   278.75 KB (  5%) free+waste,    37.38 KB ( <1%) overhead. 
       Both:     40.97 MB capacity,    40.07 MB ( 98%) used,   804.59 KB (  2%) free+waste,   115.63 KB ( <1%) overhead. 

Virtual space:
  Non-class space:       36.00 MB reserved,      35.75 MB (>99%) committed 
      Class space:        1.00 GB reserved,       5.45 MB ( <1%) committed 
             Both:        1.04 GB reserved,      41.20 MB (  4%) committed 

Chunk freelists:
   Non-Class:  34.00 KB
       Class:  0 bytes
        Both:  34.00 KB

MaxMetaspaceSize: 17179869184.00 GB
CompressedClassSpaceSize: 1.00 GB

CodeHeap 'non-profiled nmethods': size=120000Kb used=1578Kb max_used=1578Kb free=118421Kb
 bounds [0x0000019790f20000, 0x0000019791190000, 0x0000019798450000]
CodeHeap 'profiled nmethods': size=120000Kb used=6201Kb max_used=6201Kb free=113798Kb
 bounds [0x00000197899f0000, 0x000001978a000000, 0x0000019790f20000]
CodeHeap 'non-nmethods': size=5760Kb used=2196Kb max_used=2236Kb free=3563Kb
 bounds [0x0000019789450000, 0x00000197896c0000, 0x00000197899f0000]
 total_blobs=3702 nmethods=2960 adapters=653
 compilation: enabled
              stopped_count=0, restarted_count=0
 full_count=0

Compilation events (20 events):
Event: 4.555 Thread 0x00000197a0e8a000 3139       3       java.lang.Class::createAnnotationData (195 bytes)
Event: 4.556 Thread 0x00000197a0e8a000 nmethod 3139 0x0000019789ff2490 code [0x0000019789ff2800, 0x0000019789ff3cf8]
Event: 4.556 Thread 0x00000197a0e8a000 3142       3       org.gradle.internal.instantiation.generator.AbstractClassGenerator::access$1400 (5 bytes)
Event: 4.556 Thread 0x00000197a0e8a000 nmethod 3142 0x0000019789ff4410 code [0x0000019789ff45c0, 0x0000019789ff46c8]
Event: 4.556 Thread 0x00000197a0e8a000 3143       3       org.gradle.internal.instantiation.generator.AbstractClassGenerator::isLazyAttachProperty (46 bytes)
Event: 4.557 Thread 0x00000197a0e8a000 nmethod 3143 0x0000019789ff4790 code [0x0000019789ff4a00, 0x0000019789ff5418]
Event: 4.557 Thread 0x00000197a0e8a000 3140       3       sun.reflect.annotation.AnnotationParser$1::run (5 bytes)
Event: 4.557 Thread 0x00000197a0e8a000 nmethod 3140 0x0000019789ff5790 code [0x0000019789ff5940, 0x0000019789ff5a88]
Event: 4.557 Thread 0x00000197a0e8a000 3141       3       sun.reflect.annotation.AnnotationParser$1::run (40 bytes)
Event: 4.558 Thread 0x00000197a0e8a000 nmethod 3141 0x0000019789ff5b10 code [0x0000019789ff5dc0, 0x0000019789ff6c98]
Event: 4.559 Thread 0x00000197a0e8a000 3144       3       org.objectweb.asm.Type::getSize (86 bytes)
Event: 4.559 Thread 0x00000197a0e8a000 nmethod 3144 0x0000019789ff7110 code [0x0000019789ff72e0, 0x0000019789ff7648]
Event: 4.567 Thread 0x00000197a3160800 nmethod 3129 0x00000197910a8390 code [0x00000197910a8560, 0x00000197910a9178]
Event: 4.567 Thread 0x00000197a3160800 3137       4       java.lang.Class::copyMethods (36 bytes)
Event: 4.572 Thread 0x00000197a0e8a000 3145       3       java.net.URI::match (56 bytes)
Event: 4.572 Thread 0x00000197a0e8a000 nmethod 3145 0x0000019789ff7710 code [0x0000019789ff78c0, 0x0000019789ff7b78]
Event: 4.578 Thread 0x00000197a3160800 nmethod 3137 0x00000197910a9610 code [0x00000197910a97c0, 0x00000197910a9db8]
Event: 4.578 Thread 0x00000197a3160800 3146       4       org.gradle.internal.Cast::uncheckedNonnullCast (2 bytes)
Event: 4.578 Thread 0x00000197a3160800 nmethod 3146 0x00000197910aa090 code [0x00000197910aa220, 0x00000197910aa258]
Event: 4.857 Thread 0x00000197a0e8a000 3147       3       java.util.concurrent.ConcurrentLinkedQueue::poll (84 bytes)

GC Heap History (8 events):
Event: 0.893 GC heap before
{Heap before GC invocations=0 (full 0):
 garbage-first heap   total 258048K, used 29696K [0x0000000080000000, 0x0000000100000000)
  region size 1024K, 24 young (24576K), 0 survivors (0K)
 Metaspace       used 10656K, capacity 10948K, committed 11264K, reserved 1058816K
  class space    used 1128K, capacity 1200K, committed 1280K, reserved 1048576K
}
Event: 0.896 GC heap after
{Heap after GC invocations=1 (full 0):
 garbage-first heap   total 258048K, used 8515K [0x0000000080000000, 0x0000000100000000)
  region size 1024K, 3 young (3072K), 3 survivors (3072K)
 Metaspace       used 10656K, capacity 10948K, committed 11264K, reserved 1058816K
  class space    used 1128K, capacity 1200K, committed 1280K, reserved 1048576K
}
Event: 2.726 GC heap before
{Heap before GC invocations=1 (full 0):
 garbage-first heap   total 258048K, used 92483K [0x0000000080000000, 0x0000000100000000)
  region size 1024K, 87 young (89088K), 3 survivors (3072K)
 Metaspace       used 20570K, capacity 21111K, committed 21248K, reserved 1067008K
  class space    used 2527K, capacity 2712K, committed 2816K, reserved 1048576K
}
Event: 2.735 GC heap after
{Heap after GC invocations=2 (full 0):
 garbage-first heap   total 258048K, used 15955K [0x0000000080000000, 0x0000000100000000)
  region size 1024K, 11 young (11264K), 11 survivors (11264K)
 Metaspace       used 20570K, capacity 21111K, committed 21248K, reserved 1067008K
  class space    used 2527K, capacity 2712K, committed 2816K, reserved 1048576K
}
Event: 3.441 GC heap before
{Heap before GC invocations=3 (full 0):
 garbage-first heap   total 258048K, used 74323K [0x0000000080000000, 0x0000000100000000)
  region size 1024K, 68 young (69632K), 11 survivors (11264K)
 Metaspace       used 26938K, capacity 27617K, committed 27904K, reserved 1073152K
  class space    used 3551K, capacity 3758K, committed 3840K, reserved 1048576K
}
Event: 3.448 GC heap after
{Heap after GC invocations=4 (full 0):
 garbage-first heap   total 258048K, used 18211K [0x0000000080000000, 0x0000000100000000)
  region size 1024K, 3 young (3072K), 3 survivors (3072K)
 Metaspace       used 26938K, capacity 27617K, committed 27904K, reserved 1073152K
  class space    used 3551K, capacity 3758K, committed 3840K, reserved 1048576K
}
Event: 3.988 GC heap before
{Heap before GC invocations=4 (full 0):
 garbage-first heap   total 258048K, used 57123K [0x0000000080000000, 0x0000000100000000)
  region size 1024K, 42 young (43008K), 3 survivors (3072K)
 Metaspace       used 35018K, capacity 35819K, committed 35840K, reserved 1081344K
  class space    used 4559K, capacity 4854K, committed 4864K, reserved 1048576K
}
Event: 3.993 GC heap after
{Heap after GC invocations=5 (full 0):
 garbage-first heap   total 258048K, used 21058K [0x0000000080000000, 0x0000000100000000)
  region size 1024K, 6 young (6144K), 6 survivors (6144K)
 Metaspace       used 35018K, capacity 35819K, committed 35840K, reserved 1081344K
  class space    used 4559K, capacity 4854K, committed 4864K, reserved 1048576K
}

Deoptimization events (20 events):
Event: 4.292 Thread 0x00000197a2a24800 DEOPT PACKING pc=0x000001979102fd88 sp=0x00000083500f94b0
Event: 4.292 Thread 0x00000197a2a24800 DEOPT UNPACKING pc=0x000001978945822f sp=0x00000083500f9448 mode 2
Event: 4.316 Thread 0x00000197a2a24800 DEOPT PACKING pc=0x0000019789b60334 sp=0x00000083500f76d0
Event: 4.316 Thread 0x00000197a2a24800 DEOPT UNPACKING pc=0x0000019789478ade sp=0x00000083500f6c20 mode 0
Event: 4.370 Thread 0x00000197a2a24800 Uncommon trap: trap_request=0xffffff4d fr.pc=0x000001979100f3f4 relative=0x0000000000005d34
Event: 4.370 Thread 0x00000197a2a24800 Uncommon trap: reason=unstable_if action=reinterpret pc=0x000001979100f3f4 method=java.net.URLClassLoader.defineClass(Ljava/lang/String;Ljdk/internal/loader/Resource;)Ljava/lang/Class; @ 21 c2
Event: 4.370 Thread 0x00000197a2a24800 DEOPT PACKING pc=0x000001979100f3f4 sp=0x00000083500f8cc0
Event: 4.370 Thread 0x00000197a2a24800 DEOPT UNPACKING pc=0x000001978945822f sp=0x00000083500f8c78 mode 2
Event: 4.572 Thread 0x00000197a2a24800 Uncommon trap: trap_request=0xffffff4d fr.pc=0x0000019790f8a30c relative=0x00000000000001cc
Event: 4.572 Thread 0x00000197a2a24800 Uncommon trap: reason=unstable_if action=reinterpret pc=0x0000019790f8a30c method=java.net.URI$Parser.scan(IILjava/lang/String;)I @ 26 c2
Event: 4.572 Thread 0x00000197a2a24800 DEOPT PACKING pc=0x0000019790f8a30c sp=0x00000083500f9280
Event: 4.572 Thread 0x00000197a2a24800 DEOPT UNPACKING pc=0x000001978945822f sp=0x00000083500f9210 mode 2
Event: 4.572 Thread 0x00000197a2a24800 Uncommon trap: trap_request=0xffffff4d fr.pc=0x0000019790f69ed4 relative=0x0000000000000114
Event: 4.572 Thread 0x00000197a2a24800 Uncommon trap: reason=unstable_if action=reinterpret pc=0x0000019790f69ed4 method=java.net.URI.match(CJJ)Z @ 45 c2
Event: 4.572 Thread 0x00000197a2a24800 DEOPT PACKING pc=0x0000019790f69ed4 sp=0x00000083500f8ff0
Event: 4.572 Thread 0x00000197a2a24800 DEOPT UNPACKING pc=0x000001978945822f sp=0x00000083500f8f28 mode 2
Event: 4.572 Thread 0x00000197a2a24800 Uncommon trap: trap_request=0xffffff4d fr.pc=0x0000019790f3b1e8 relative=0x0000000000000048
Event: 4.572 Thread 0x00000197a2a24800 Uncommon trap: reason=unstable_if action=reinterpret pc=0x0000019790f3b1e8 method=java.net.URI.match(CJJ)Z @ 19 c2
Event: 4.572 Thread 0x00000197a2a24800 DEOPT PACKING pc=0x0000019790f3b1e8 sp=0x00000083500f9000
Event: 4.572 Thread 0x00000197a2a24800 DEOPT UNPACKING pc=0x000001978945822f sp=0x00000083500f8fb0 mode 2

Classes redefined (0 events):
No events

Internal exceptions (20 events):
Event: 4.423 Thread 0x00000197a2a24800 Exception <a 'java/lang/ClassNotFoundException'{0x000000008d59fcc8}: org/gradle/api/internal/initialization/DefaultScriptHandlerCustomizer> (0x000000008d59fcc8) thrown at [./src/hotspot/share/classfile/systemDictionary.cpp, line 231]
Event: 4.437 Thread 0x00000197a2a24800 Exception <a 'java/lang/ClassNotFoundException'{0x000000008cbcce28}: org/gradle/api/internal/artifacts/dsl/DefaultRepositoryHandler_DecoratedBeanInfo> (0x000000008cbcce28) thrown at [./src/hotspot/share/classfile/systemDictionary.cpp, line 231]
Event: 4.438 Thread 0x00000197a2a24800 Exception <a 'java/lang/ClassNotFoundException'{0x000000008cbfd540}: org/gradle/api/internal/artifacts/dsl/DefaultRepositoryHandlerBeanInfo> (0x000000008cbfd540) thrown at [./src/hotspot/share/classfile/systemDictionary.cpp, line 231]
Event: 4.438 Thread 0x00000197a2a24800 Exception <a 'java/lang/ClassNotFoundException'{0x000000008ca30460}: org/gradle/api/internal/artifacts/DefaultArtifactRepositoryContainerBeanInfo> (0x000000008ca30460) thrown at [./src/hotspot/share/classfile/systemDictionary.cpp, line 231]
Event: 4.439 Thread 0x00000197a2a24800 Exception <a 'java/lang/ClassNotFoundException'{0x000000008ca53290}: org/gradle/api/internal/DefaultNamedDomainObjectListBeanInfo> (0x000000008ca53290) thrown at [./src/hotspot/share/classfile/systemDictionary.cpp, line 231]
Event: 4.439 Thread 0x00000197a2a24800 Exception <a 'java/lang/ClassNotFoundException'{0x000000008ca76e58}: org/gradle/api/internal/DefaultNamedDomainObjectCollectionBeanInfo> (0x000000008ca76e58) thrown at [./src/hotspot/share/classfile/systemDictionary.cpp, line 231]
Event: 4.440 Thread 0x00000197a2a24800 Exception <a 'java/lang/ClassNotFoundException'{0x000000008ca99f88}: org/gradle/api/internal/DefaultDomainObjectCollectionBeanInfo> (0x000000008ca99f88) thrown at [./src/hotspot/share/classfile/systemDictionary.cpp, line 231]
Event: 4.440 Thread 0x00000197a2a24800 Exception <a 'java/lang/ClassNotFoundException'{0x000000008ca9fa30}: java/util/AbstractCollectionBeanInfo> (0x000000008ca9fa30) thrown at [./src/hotspot/share/classfile/systemDictionary.cpp, line 231]
Event: 4.440 Thread 0x00000197a2a24800 Exception <a 'java/lang/ClassNotFoundException'{0x000000008caa5440}: java/util/AbstractCollectionCustomizer> (0x000000008caa5440) thrown at [./src/hotspot/share/classfile/systemDictionary.cpp, line 231]
Event: 4.441 Thread 0x00000197a2a24800 Exception <a 'java/lang/ClassNotFoundException'{0x000000008cad1648}: org/gradle/api/internal/DefaultDomainObjectCollectionCustomizer> (0x000000008cad1648) thrown at [./src/hotspot/share/classfile/systemDictionary.cpp, line 231]
Event: 4.443 Thread 0x00000197a2a24800 Exception <a 'java/lang/ClassNotFoundException'{0x000000008c912b90}: org/gradle/api/internal/DefaultNamedDomainObjectCollectionCustomizer> (0x000000008c912b90) thrown at [./src/hotspot/share/classfile/systemDictionary.cpp, line 231]
Event: 4.446 Thread 0x00000197a2a24800 Exception <a 'java/lang/ClassNotFoundException'{0x000000008c967430}: org/gradle/api/internal/DefaultNamedDomainObjectListCustomizer> (0x000000008c967430) thrown at [./src/hotspot/share/classfile/systemDictionary.cpp, line 231]
Event: 4.447 Thread 0x00000197a2a24800 Exception <a 'java/lang/ClassNotFoundException'{0x000000008c9b3600}: org/gradle/api/internal/artifacts/DefaultArtifactRepositoryContainerCustomizer> (0x000000008c9b3600) thrown at [./src/hotspot/share/classfile/systemDictionary.cpp, line 231]
Event: 4.448 Thread 0x00000197a2a24800 Exception <a 'java/lang/ClassNotFoundException'{0x000000008c9f5118}: org/gradle/api/internal/artifacts/dsl/DefaultRepositoryHandlerCustomizer> (0x000000008c9f5118) thrown at [./src/hotspot/share/classfile/systemDictionary.cpp, line 231]
Event: 4.449 Thread 0x00000197a2a24800 Exception <a 'java/lang/ClassNotFoundException'{0x000000008c848bf8}: org/gradle/api/internal/artifacts/dsl/DefaultRepositoryHandler_DecoratedCustomizer> (0x000000008c848bf8) thrown at [./src/hotspot/share/classfile/systemDictionary.cpp, line 231]
Event: 4.473 Thread 0x00000197a2a24800 Exception <a 'java/lang/NoSuchMethodError'{0x000000008c5a2230}: 'int java.lang.invoke.DirectMethodHandle$Holder.invokeStaticInit(java.lang.Object, java.lang.Object, java.lang.Object, java.lang.Object)'> (0x000000008c5a2230) thrown at [./src/hotspot/share/interpreter/linkResolver.cpp, line 773]
Event: 4.543 Thread 0x00000197a2a24800 Exception <a 'java/lang/ClassNotFoundException'{0x000000008be23930}: org/gradle/api/internal/artifacts/dsl/dependencies/DefaultDependencyHandler_DecoratedBeanInfo> (0x000000008be23930) thrown at [./src/hotspot/share/classfile/systemDictionary.cpp, line 231]
Event: 4.543 Thread 0x00000197a2a24800 Exception <a 'java/lang/ClassNotFoundException'{0x000000008be58720}: org/gradle/api/internal/artifacts/dsl/dependencies/DefaultDependencyHandlerBeanInfo> (0x000000008be58720) thrown at [./src/hotspot/share/classfile/systemDictionary.cpp, line 231]
Event: 4.544 Thread 0x00000197a2a24800 Exception <a 'java/lang/ClassNotFoundException'{0x000000008be8dd28}: org/gradle/api/internal/artifacts/dsl/dependencies/DefaultDependencyHandlerCustomizer> (0x000000008be8dd28) thrown at [./src/hotspot/share/classfile/systemDictionary.cpp, line 231]
Event: 4.546 Thread 0x00000197a2a24800 Exception <a 'java/lang/ClassNotFoundException'{0x000000008bee1b88}: org/gradle/api/internal/artifacts/dsl/dependencies/DefaultDependencyHandler_DecoratedCustomizer> (0x000000008bee1b88) thrown at [./src/hotspot/share/classfile/systemDictionary.cpp, line 231]

Events (20 events):
Event: 4.573 loading class org/gradle/authentication/Authentication
Event: 4.573 loading class org/gradle/authentication/Authentication done
Event: 4.573 loading class org/gradle/authentication/Authentication
Event: 4.573 loading class org/gradle/authentication/Authentication done
Event: 4.573 loading class org/gradle/api/Transformer
Event: 4.573 loading class org/gradle/api/Transformer done
Event: 4.574 loading class org/gradle/api/internal/attributes/ImmutableAttributeContainerWithErrorMessage
Event: 4.574 loading class org/gradle/api/internal/attributes/ImmutableAttributeContainerWithErrorMessage done
Event: 4.576 loading class org/gradle/api/internal/artifacts/DefaultResolverResults
Event: 4.576 loading class org/gradle/api/internal/artifacts/DefaultResolverResults done
Event: 4.577 loading class org/gradle/api/internal/CompositeDomainObjectSet$DomainObjectCompositeCollection
Event: 4.577 loading class org/gradle/api/internal/CompositeDomainObjectSet$DomainObjectCompositeCollection done
Event: 4.578 loading class org/gradle/api/internal/CompositeDomainObjectSet$ItemIsUniqueInCompositeSpec
Event: 4.578 loading class org/gradle/api/internal/CompositeDomainObjectSet$ItemIsUniqueInCompositeSpec done
Event: 4.578 loading class org/gradle/api/internal/CompositeDomainObjectSet$ItemNotInCompositeSpec
Event: 4.578 loading class org/gradle/api/internal/CompositeDomainObjectSet$ItemNotInCompositeSpec done
Event: 4.578 loading class org/gradle/api/internal/CompositeDomainObjectSet$1
Event: 4.578 loading class org/gradle/api/internal/CompositeDomainObjectSet$1 done
Event: 4.579 loading class org/gradle/api/internal/CompositeDomainObjectSet$2
Event: 4.579 loading class org/gradle/api/internal/CompositeDomainObjectSet$2 done


Dynamic libraries:
0x00007ff6b2cb0000 - 0x00007ff6b2cba000 	C:\Program Files\Android\Android Studio\jre\bin\java.exe
0x00007ffc11b60000 - 0x00007ffc11dc6000 	C:\WINDOWS\SYSTEM32\ntdll.dll
0x00007ffbe42c0000 - 0x00007ffbe42e1000 	C:\Program Files\Avast Software\Suite\aswhook.dll
0x00007ffc0f9c0000 - 0x00007ffc0fa89000 	C:\WINDOWS\System32\KERNEL32.DLL
0x00007ffc0f4d0000 - 0x00007ffc0f8ca000 	C:\WINDOWS\System32\KERNELBASE.dll
0x00007ffc0f070000 - 0x00007ffc0f1bc000 	C:\WINDOWS\System32\ucrtbase.dll
0x00007ffbf8450000 - 0x00007ffbf8467000 	C:\Program Files\Android\Android Studio\jre\bin\VCRUNTIME140.dll
0x00007ffbf8400000 - 0x00007ffbf8419000 	C:\Program Files\Android\Android Studio\jre\bin\jli.dll
0x00007ffc10690000 - 0x00007ffc10857000 	C:\WINDOWS\System32\USER32.dll
0x00007ffc0f1c0000 - 0x00007ffc0f1e7000 	C:\WINDOWS\System32\win32u.dll
0x00007ffc0fba0000 - 0x00007ffc0fbcb000 	C:\WINDOWS\System32\GDI32.dll
0x00007ffc0ef40000 - 0x00007ffc0f06b000 	C:\WINDOWS\System32\gdi32full.dll
0x00007ffc0f370000 - 0x00007ffc0f413000 	C:\WINDOWS\System32\msvcp_win.dll
0x00007ffbe7170000 - 0x00007ffbe7402000 	C:\WINDOWS\WinSxS\amd64_microsoft.windows.common-controls_6595b64144ccf1df_6.0.26100.8521_none_3e08b75ce33403b3\COMCTL32.dll
0x00007ffc0f910000 - 0x00007ffc0f9b9000 	C:\WINDOWS\System32\msvcrt.dll
0x00007ffc0f8d0000 - 0x00007ffc0f902000 	C:\WINDOWS\System32\IMM32.DLL
0x00007ffbe0f40000 - 0x00007ffbe0fdd000 	C:\Program Files\Android\Android Studio\jre\bin\msvcp140.dll
0x00007ffb1fa40000 - 0x00007ffb204fc000 	C:\Program Files\Android\Android Studio\jre\bin\server\jvm.dll
0x00007ffc10b80000 - 0x00007ffc10c36000 	C:\WINDOWS\System32\ADVAPI32.dll
0x00007ffc10ad0000 - 0x00007ffc10b7a000 	C:\WINDOWS\System32\sechost.dll
0x00007ffc102e0000 - 0x00007ffc103f8000 	C:\WINDOWS\System32\RPCRT4.dll
0x00007ffc10680000 - 0x00007ffc10688000 	C:\WINDOWS\System32\PSAPI.DLL
0x00007ffbffe80000 - 0x00007ffbffe8b000 	C:\WINDOWS\SYSTEM32\VERSION.dll
0x00007ffc06b50000 - 0x00007ffc06b86000 	C:\WINDOWS\SYSTEM32\WINMM.dll
0x00007ffbfd1c0000 - 0x00007ffbfd1ca000 	C:\WINDOWS\SYSTEM32\WSOCK32.dll
0x00007ffc10860000 - 0x00007ffc108e0000 	C:\WINDOWS\System32\WS2_32.dll
0x00007ffc0db80000 - 0x00007ffc0db9b000 	C:\WINDOWS\SYSTEM32\kernel.appcore.dll
0x00007ffbdfb00000 - 0x00007ffbdfb11000 	C:\Program Files\Android\Android Studio\jre\bin\verify.dll
0x00007ffc0c3d0000 - 0x00007ffc0c612000 	C:\WINDOWS\SYSTEM32\DBGHELP.DLL
0x00007ffc11000000 - 0x00007ffc11383000 	C:\WINDOWS\System32\combase.dll
0x00007ffc10470000 - 0x00007ffc10549000 	C:\WINDOWS\System32\OLEAUT32.dll
0x00007ffbfd4d0000 - 0x00007ffbfd50b000 	C:\WINDOWS\SYSTEM32\dbgcore.DLL
0x00007ffc0f420000 - 0x00007ffc0f4c8000 	C:\WINDOWS\System32\bcryptPrimitives.dll
0x00007ffbdf500000 - 0x00007ffbdf529000 	C:\Program Files\Android\Android Studio\jre\bin\java.dll
0x00007ffc09810000 - 0x00007ffc0981b000 	C:\Program Files\Android\Android Studio\jre\bin\jimage.dll
0x00007ffbdf340000 - 0x00007ffbdf358000 	C:\Program Files\Android\Android Studio\jre\bin\zip.dll
0x00007ffc11390000 - 0x00007ffc11b14000 	C:\WINDOWS\System32\SHELL32.dll
0x00007ffc0c990000 - 0x00007ffc0d210000 	C:\WINDOWS\SYSTEM32\windows.storage.dll
0x00007ffc10070000 - 0x00007ffc10166000 	C:\WINDOWS\System32\SHCORE.dll
0x00007ffc10400000 - 0x00007ffc10467000 	C:\WINDOWS\System32\shlwapi.dll
0x00007ffc0ed10000 - 0x00007ffc0ed39000 	C:\WINDOWS\SYSTEM32\profapi.dll
0x00007ffbdf2b0000 - 0x00007ffbdf2ca000 	C:\Program Files\Android\Android Studio\jre\bin\net.dll
0x00007ffc00810000 - 0x00007ffc00939000 	C:\WINDOWS\SYSTEM32\WINHTTP.dll
0x00007ffc0e0f0000 - 0x00007ffc0e15c000 	C:\WINDOWS\system32\mswsock.dll
0x00007ffbd51e0000 - 0x00007ffbd51f4000 	C:\Program Files\Android\Android Studio\jre\bin\nio.dll
0x00007ffbe0e50000 - 0x00007ffbe0e77000 	C:\Users\mamal\.gradle\native\fdc75f09e3144964f2cf3f50f0aa648679c211496f362492102eb8c894070792\windows-amd64\native-platform.dll
0x00007ffb40af0000 - 0x00007ffb40c86000 	C:\Users\mamal\.gradle\native\12488b8bf47d2d4c9fbf2f6322a914ad602e24e48041cd04a747c6da556b65c4\windows-amd64\native-platform-file-events.dll
0x00007ffbf7660000 - 0x00007ffbf766a000 	C:\Program Files\Android\Android Studio\jre\bin\management.dll
0x00007ffbf7340000 - 0x00007ffbf734c000 	C:\Program Files\Android\Android Studio\jre\bin\management_ext.dll
0x00007ffc0e3d0000 - 0x00007ffc0e3eb000 	C:\WINDOWS\SYSTEM32\CRYPTSP.dll
0x00007ffc0dae0000 - 0x00007ffc0db19000 	C:\WINDOWS\system32\rsaenh.dll
0x00007ffc0e1a0000 - 0x00007ffc0e1d3000 	C:\WINDOWS\SYSTEM32\USERENV.dll
0x00007ffc0ece0000 - 0x00007ffc0ed0a000 	C:\WINDOWS\SYSTEM32\bcrypt.dll
0x00007ffc0e3f0000 - 0x00007ffc0e3fc000 	C:\WINDOWS\SYSTEM32\CRYPTBASE.dll
0x00007ffc0d600000 - 0x00007ffc0d633000 	C:\WINDOWS\SYSTEM32\IPHLPAPI.DLL
0x00007ffc0fa90000 - 0x00007ffc0fa9a000 	C:\WINDOWS\System32\NSI.dll
0x00007ffc090c0000 - 0x00007ffc090dd000 	C:\WINDOWS\SYSTEM32\dhcpcsvc6.DLL
0x00007ffc09090000 - 0x00007ffc090b5000 	C:\WINDOWS\SYSTEM32\dhcpcsvc.DLL
0x00007ffc0d640000 - 0x00007ffc0d78a000 	C:\WINDOWS\SYSTEM32\DNSAPI.dll
0x00007ffc0def0000 - 0x00007ffc0defd000 	C:\WINDOWS\SYSTEM32\DSPARSE.dll
0x00007ffc0bb10000 - 0x00007ffc0bb1e000 	C:\WINDOWS\SYSTEM32\WINNSI.DLL

dbghelp: loaded successfully - version: 4.0.5 - missing functions: none
symbol engine: initialized successfully - sym options: 0x614 - pdb path: .;C:\Program Files\Android\Android Studio\jre\bin;C:\WINDOWS\SYSTEM32;C:\Program Files\Avast Software\Suite;C:\WINDOWS\WinSxS\amd64_microsoft.windows.common-controls_6595b64144ccf1df_6.0.26100.8521_none_3e08b75ce33403b3;C:\Program Files\Android\Android Studio\jre\bin\server;C:\Users\mamal\.gradle\native\fdc75f09e3144964f2cf3f50f0aa648679c211496f362492102eb8c894070792\windows-amd64;C:\Users\mamal\.gradle\native\12488b8bf47d2d4c9fbf2f6322a914ad602e24e48041cd04a747c6da556b65c4\windows-amd64

VM Arguments:
jvm_args: --add-opens=java.base/java.util=ALL-UNNAMED --add-opens=java.base/java.lang=ALL-UNNAMED --add-opens=java.base/java.lang.invoke=ALL-UNNAMED --add-opens=java.prefs/java.util.prefs=ALL-UNNAMED -Xmx2048m -Dfile.encoding=UTF-8 -Duser.country=ES -Duser.language=es -Duser.variant 
java_command: org.gradle.launcher.daemon.bootstrap.GradleDaemon 6.7.1
java_class_path (initial): C:\Users\mamal\.gradle\wrapper\dists\gradle-6.7.1-bin\bwlcbys1h7rz3272sye1xwiv6\gradle-6.7.1\lib\gradle-launcher-6.7.1.jar
Launcher Type: SUN_STANDARD

[Global flags]
     intx CICompilerCount                          = 4                                         {product} {ergonomic}
     uint ConcGCThreads                            = 2                                         {product} {ergonomic}
     uint G1ConcRefinementThreads                  = 8                                         {product} {ergonomic}
   size_t G1HeapRegionSize                         = 1048576                                   {product} {ergonomic}
    uintx GCDrainStackTargetSize                   = 64                                        {product} {ergonomic}
   size_t InitialHeapSize                          = 264241152                                 {product} {ergonomic}
   size_t MarkStackSize                            = 4194304                                   {product} {ergonomic}
   size_t MaxHeapSize                              = 2147483648                                {product} {command line}
   size_t MaxNewSize                               = 1287651328                                {product} {ergonomic}
   size_t MinHeapDeltaBytes                        = 1048576                                   {product} {ergonomic}
    uintx NonNMethodCodeHeapSize                   = 5836300                                {pd product} {ergonomic}
    uintx NonProfiledCodeHeapSize                  = 122910970                              {pd product} {ergonomic}
    uintx ProfiledCodeHeapSize                     = 122910970                              {pd product} {ergonomic}
    uintx ReservedCodeCacheSize                    = 251658240                              {pd product} {ergonomic}
     bool SegmentedCodeCache                       = true                                      {product} {ergonomic}
     bool UseCompressedClassPointers               = true                                 {lp64_product} {ergonomic}
     bool UseCompressedOops                        = true                                 {lp64_product} {ergonomic}
     bool UseG1GC                                  = true                                      {product} {ergonomic}
     bool UseLargePagesIndividualAllocation        = false                                  {pd product} {ergonomic}

Logging:
Log output configuration:
 #0: stdout all=warning uptime,level,tags
 #1: stderr all=off uptime,level,tags

Environment Variables:
JAVA_HOME=C:\Program Files\java\jdk-11.0.2
PATH=C:\Program Files\java\jdk-11.0.2\bin;C:\WINDOWS\system32;C:\WINDOWS;C:\WINDOWS\System32\Wbem;C:\WINDOWS\System32\WindowsPowerShell\v1.0\;C:\WINDOWS\System32\OpenSSH\;C:\Program Files\dotnet\;C:\PROGRA~2\PICC;C:\Program Files\Git\cmd;C:\Program Files\nodejs\;C:\Users\mamal\AppData\Local\Microsoft\WindowsApps;C:\Users\mamal\AppData\Local\Programs\Microsoft VS Code\bin;C:\Users\mamal\AppData\Local\GitHubDesktop\bin;C:\Users\mamal\AppData\Roaming\npm
USERNAME=mamal
OS=Windows_NT
PROCESSOR_IDENTIFIER=Intel64 Family 6 Model 140 Stepping 2, GenuineIntel



---------------  S Y S T E M  ---------------

OS: Windows 10 , 64 bit Build 26100 (10.0.26100.8521)
OS uptime: 0 days 1:48 hours
HyperV virtualization detected

CPU:total 8 (initial active 8) (4 cores per cpu, 2 threads per core) family 6 model 140 stepping 2, cmov, cx8, fxsr, mmx, sse, sse2, sse3, ssse3, sse4.1, sse4.2, popcnt, avx, avx2, aes, clmul, erms, 3dnowpref, lzcnt, ht, tsc, tscinvbit, bmi1, bmi2, adx, evex, sha, fma

Memory: 4k page, system-wide physical 16122M (2621M free)
TotalPageFile size 16122M (AvailPageFile size 15M)
current process WorkingSet (physical memory assigned to process): 264M, peak: 276M
current process commit charge ("private bytes"): 435M, peak: 449M

vm_info: OpenJDK 64-Bit Server VM (11.0.8+10-b944.6842174) for windows-amd64 JRE (11.0.8+10-b944.6842174), built on Sep 19 2020 01:11:42 by "builder" with MS VC++ 14.0 (VS2015)

END.
